2021-07-12 12:05:07 [DEBUG] src.utils.config: Logger initialized
2021-07-12 12:05:07 [INFO] __main__: Training epoch 0
2021-07-12 12:05:09 [INFO] __main__: Epoch_loss: 5.587395191192627
2021-07-12 12:05:09 [INFO] __main__: Epoch_loss_reconstr: 5.198520660400391
2021-07-12 12:05:09 [INFO] __main__: Epoch_loss_border: 77.77477264404297
2021-07-12 12:05:09 [INFO] __main__: Epoch_loss_fct: 0
2021-07-12 12:05:09 [INFO] __main__: Duration: 0:00:02.017452
2021-07-12 12:05:09 [INFO] __main__: Training epoch 1
2021-07-12 12:05:11 [INFO] __main__: Epoch_loss: 5.008787155151367
2021-07-12 12:05:11 [INFO] __main__: Epoch_loss_reconstr: 4.655807971954346
2021-07-12 12:05:11 [INFO] __main__: Epoch_loss_border: 70.59588623046875
2021-07-12 12:05:11 [INFO] __main__: Epoch_loss_fct: 0
2021-07-12 12:05:11 [INFO] __main__: Duration: 0:00:02.058889
2021-07-12 12:05:11 [INFO] __main__: Training epoch 2
2021-07-12 12:05:13 [INFO] __main__: Epoch_loss: 4.876787185668945
2021-07-12 12:05:13 [INFO] __main__: Epoch_loss_reconstr: 4.553633213043213
2021-07-12 12:05:13 [INFO] __main__: Epoch_loss_border: 64.63098907470703
2021-07-12 12:05:13 [INFO] __main__: Epoch_loss_fct: 0
2021-07-12 12:05:13 [INFO] __main__: Duration: 0:00:02.031161
2021-07-12 12:05:13 [INFO] __main__: Training epoch 3
2021-07-12 12:05:15 [INFO] __main__: Epoch_loss: 4.816568851470947
2021-07-12 12:05:15 [INFO] __main__: Epoch_loss_reconstr: 4.4861741065979
2021-07-12 12:05:15 [INFO] __main__: Epoch_loss_border: 66.07904052734375
2021-07-12 12:05:15 [INFO] __main__: Epoch_loss_fct: 0
2021-07-12 12:05:15 [INFO] __main__: Duration: 0:00:02.024836
2021-07-12 12:05:15 [INFO] __main__: Training epoch 4
2021-07-12 12:05:17 [INFO] __main__: Epoch_loss: 4.691764831542969
2021-07-12 12:05:17 [INFO] __main__: Epoch_loss_reconstr: 4.373629570007324
2021-07-12 12:05:17 [INFO] __main__: Epoch_loss_border: 63.62709045410156
2021-07-12 12:05:17 [INFO] __main__: Epoch_loss_fct: 0
2021-07-12 12:05:17 [INFO] __main__: Duration: 0:00:02.028884
2021-07-12 12:05:17 [INFO] __main__: Training epoch 5
2021-07-12 12:05:19 [INFO] __main__: Epoch_loss: 4.524514675140381
2021-07-12 12:05:19 [INFO] __main__: Epoch_loss_reconstr: 4.218692779541016
2021-07-12 12:05:19 [INFO] __main__: Epoch_loss_border: 61.16432189941406
2021-07-12 12:05:19 [INFO] __main__: Epoch_loss_fct: 0
2021-07-12 12:05:19 [INFO] __main__: Duration: 0:00:02.027331
2021-07-12 12:05:19 [INFO] __main__: Training epoch 6
2021-07-12 12:05:21 [INFO] __main__: Epoch_loss: 4.299605846405029
2021-07-12 12:05:21 [INFO] __main__: Epoch_loss_reconstr: 4.008222579956055
2021-07-12 12:05:21 [INFO] __main__: Epoch_loss_border: 58.27641677856445
2021-07-12 12:05:21 [INFO] __main__: Epoch_loss_fct: 0
2021-07-12 12:05:21 [INFO] __main__: Duration: 0:00:02.026424
2021-07-12 12:05:21 [INFO] __main__: Training epoch 7
2021-07-12 12:05:23 [INFO] __main__: Epoch_loss: 4.127313137054443
2021-07-12 12:05:23 [INFO] __main__: Epoch_loss_reconstr: 3.834866523742676
2021-07-12 12:05:23 [INFO] __main__: Epoch_loss_border: 58.48932647705078
2021-07-12 12:05:23 [INFO] __main__: Epoch_loss_fct: 0
2021-07-12 12:05:23 [INFO] __main__: Duration: 0:00:02.032746
2021-07-12 12:05:23 [INFO] __main__: Training epoch 8
2021-07-12 12:05:25 [INFO] __main__: Epoch_loss: 3.9277610778808594
2021-07-12 12:05:25 [INFO] __main__: Epoch_loss_reconstr: 3.644317388534546
2021-07-12 12:05:25 [INFO] __main__: Epoch_loss_border: 56.68861389160156
2021-07-12 12:05:25 [INFO] __main__: Epoch_loss_fct: 0
2021-07-12 12:05:25 [INFO] __main__: Duration: 0:00:02.023530
2021-07-12 12:05:25 [INFO] __main__: Training epoch 9
2021-07-12 12:05:27 [INFO] __main__: Epoch_loss: 3.788372039794922
2021-07-12 12:05:27 [INFO] __main__: Epoch_loss_reconstr: 3.5111067295074463
2021-07-12 12:05:27 [INFO] __main__: Epoch_loss_border: 55.452919006347656
2021-07-12 12:05:27 [INFO] __main__: Epoch_loss_fct: 0
2021-07-12 12:05:27 [INFO] __main__: Duration: 0:00:02.036058
2021-07-12 12:05:27 [INFO] __main__: Training epoch 10
2021-07-12 12:05:29 [INFO] __main__: Epoch_loss: 3.6296982765197754
2021-07-12 12:05:29 [INFO] __main__: Epoch_loss_reconstr: 3.3650403022766113
2021-07-12 12:05:29 [INFO] __main__: Epoch_loss_border: 52.931697845458984
2021-07-12 12:05:29 [INFO] __main__: Epoch_loss_fct: 0
2021-07-12 12:05:29 [INFO] __main__: Duration: 0:00:02.042146
2021-07-12 12:05:29 [INFO] __main__: Training epoch 11
2021-07-12 12:05:31 [INFO] __main__: Epoch_loss: 3.484978199005127
2021-07-12 12:05:31 [INFO] __main__: Epoch_loss_reconstr: 3.2071871757507324
2021-07-12 12:05:31 [INFO] __main__: Epoch_loss_border: 55.55824279785156
2021-07-12 12:05:31 [INFO] __main__: Epoch_loss_fct: 0
2021-07-12 12:05:31 [INFO] __main__: Duration: 0:00:02.034174
2021-07-12 12:05:31 [INFO] __main__: Training epoch 12
2021-07-12 12:05:33 [INFO] __main__: Epoch_loss: 3.4066762924194336
2021-07-12 12:05:33 [INFO] __main__: Epoch_loss_reconstr: 3.1213974952697754
2021-07-12 12:05:33 [INFO] __main__: Epoch_loss_border: 57.05571746826172
2021-07-12 12:05:33 [INFO] __main__: Epoch_loss_fct: 0
2021-07-12 12:05:33 [INFO] __main__: Duration: 0:00:02.031756
2021-07-12 12:05:33 [INFO] __main__: Training epoch 13
2021-07-12 12:05:35 [INFO] __main__: Epoch_loss: 3.315595865249634
2021-07-12 12:05:35 [INFO] __main__: Epoch_loss_reconstr: 3.0498363971710205
2021-07-12 12:05:35 [INFO] __main__: Epoch_loss_border: 53.151920318603516
2021-07-12 12:05:35 [INFO] __main__: Epoch_loss_fct: 0
2021-07-12 12:05:35 [INFO] __main__: Duration: 0:00:02.034153
2021-07-12 12:05:35 [INFO] __main__: Training epoch 14
2021-07-12 12:05:37 [INFO] __main__: Epoch_loss: 3.2357850074768066
2021-07-12 12:05:37 [INFO] __main__: Epoch_loss_reconstr: 2.9774582386016846
2021-07-12 12:05:37 [INFO] __main__: Epoch_loss_border: 51.66532897949219
2021-07-12 12:05:37 [INFO] __main__: Epoch_loss_fct: 0
2021-07-12 12:05:37 [INFO] __main__: Duration: 0:00:02.043665
2021-07-12 12:05:37 [INFO] __main__: Training epoch 15
2021-07-12 12:05:39 [INFO] __main__: Epoch_loss: 3.1233720779418945
2021-07-12 12:05:39 [INFO] __main__: Epoch_loss_reconstr: 2.866617202758789
2021-07-12 12:05:39 [INFO] __main__: Epoch_loss_border: 51.35096740722656
2021-07-12 12:05:39 [INFO] __main__: Epoch_loss_fct: 0
2021-07-12 12:05:39 [INFO] __main__: Duration: 0:00:02.032166
2021-07-12 12:05:39 [INFO] __main__: Training epoch 16
2021-07-12 12:05:41 [INFO] __main__: Epoch_loss: 3.0894393920898438
2021-07-12 12:05:41 [INFO] __main__: Epoch_loss_reconstr: 2.8194620609283447
2021-07-12 12:05:41 [INFO] __main__: Epoch_loss_border: 53.99546813964844
2021-07-12 12:05:41 [INFO] __main__: Epoch_loss_fct: 0
2021-07-12 12:05:41 [INFO] __main__: Duration: 0:00:02.030865
2021-07-12 12:05:41 [INFO] __main__: Training epoch 17
2021-07-12 12:05:43 [INFO] __main__: Epoch_loss: 3.0188746452331543
2021-07-12 12:05:43 [INFO] __main__: Epoch_loss_reconstr: 2.752249002456665
2021-07-12 12:05:43 [INFO] __main__: Epoch_loss_border: 53.32512664794922
2021-07-12 12:05:43 [INFO] __main__: Epoch_loss_fct: 0
2021-07-12 12:05:43 [INFO] __main__: Duration: 0:00:02.031739
2021-07-12 12:05:43 [INFO] __main__: Training epoch 18
2021-07-12 12:05:45 [INFO] __main__: Epoch_loss: 3.0710487365722656
2021-07-12 12:05:45 [INFO] __main__: Epoch_loss_reconstr: 2.7828333377838135
2021-07-12 12:05:45 [INFO] __main__: Epoch_loss_border: 57.64310073852539
2021-07-12 12:05:45 [INFO] __main__: Epoch_loss_fct: 0
2021-07-12 12:05:45 [INFO] __main__: Duration: 0:00:02.027219
2021-07-12 12:05:45 [INFO] __main__: Training epoch 19
2021-07-12 12:05:47 [INFO] __main__: Epoch_loss: 3.0174875259399414
2021-07-12 12:05:47 [INFO] __main__: Epoch_loss_reconstr: 2.7529919147491455
2021-07-12 12:05:47 [INFO] __main__: Epoch_loss_border: 52.899173736572266
2021-07-12 12:05:47 [INFO] __main__: Epoch_loss_fct: 0
2021-07-12 12:05:47 [INFO] __main__: Duration: 0:00:02.032084
2021-07-12 12:05:47 [INFO] __main__: Training epoch 20
2021-07-12 12:05:49 [INFO] __main__: Epoch_loss: 2.9277544021606445
2021-07-12 12:05:49 [INFO] __main__: Epoch_loss_reconstr: 2.6719701290130615
2021-07-12 12:05:49 [INFO] __main__: Epoch_loss_border: 51.156761169433594
2021-07-12 12:05:49 [INFO] __main__: Epoch_loss_fct: 0
2021-07-12 12:05:49 [INFO] __main__: Duration: 0:00:02.034962
2021-07-12 12:05:49 [INFO] __main__: Training epoch 21
2021-07-12 12:05:51 [INFO] __main__: Epoch_loss: 2.9292500019073486
2021-07-12 12:05:51 [INFO] __main__: Epoch_loss_reconstr: 2.672913074493408
2021-07-12 12:05:51 [INFO] __main__: Epoch_loss_border: 51.267486572265625
2021-07-12 12:05:51 [INFO] __main__: Epoch_loss_fct: 0
2021-07-12 12:05:51 [INFO] __main__: Duration: 0:00:02.045689
2021-07-12 12:05:51 [INFO] __main__: Training epoch 22
2021-07-12 12:05:53 [INFO] __main__: Epoch_loss: 2.854581594467163
2021-07-12 12:05:53 [INFO] __main__: Epoch_loss_reconstr: 2.6293838024139404
2021-07-12 12:05:53 [INFO] __main__: Epoch_loss_border: 45.03960037231445
2021-07-12 12:05:53 [INFO] __main__: Epoch_loss_fct: 0
2021-07-12 12:05:53 [INFO] __main__: Duration: 0:00:02.037706
2021-07-12 12:05:53 [INFO] __main__: Training epoch 23
2021-07-12 12:05:56 [INFO] __main__: Epoch_loss: 2.800373077392578
2021-07-12 12:05:56 [INFO] __main__: Epoch_loss_reconstr: 2.5731964111328125
2021-07-12 12:05:56 [INFO] __main__: Epoch_loss_border: 45.435245513916016
2021-07-12 12:05:56 [INFO] __main__: Epoch_loss_fct: 0
2021-07-12 12:05:56 [INFO] __main__: Duration: 0:00:02.033616
2021-07-12 12:05:56 [INFO] __main__: Training epoch 24
2021-07-12 12:05:58 [INFO] __main__: Epoch_loss: 2.787907838821411
2021-07-12 12:05:58 [INFO] __main__: Epoch_loss_reconstr: 2.5502424240112305
2021-07-12 12:05:58 [INFO] __main__: Epoch_loss_border: 47.53297424316406
2021-07-12 12:05:58 [INFO] __main__: Epoch_loss_fct: 0
2021-07-12 12:05:58 [INFO] __main__: Duration: 0:00:02.033742
2021-07-12 12:05:58 [INFO] __main__: Training epoch 25
2021-07-12 12:06:00 [INFO] __main__: Epoch_loss: 2.7918190956115723
2021-07-12 12:06:00 [INFO] __main__: Epoch_loss_reconstr: 2.561462879180908
2021-07-12 12:06:00 [INFO] __main__: Epoch_loss_border: 46.071266174316406
2021-07-12 12:06:00 [INFO] __main__: Epoch_loss_fct: 0
2021-07-12 12:06:00 [INFO] __main__: Duration: 0:00:02.036781
2021-07-12 12:06:00 [INFO] __main__: Training epoch 26
2021-07-12 12:06:02 [INFO] __main__: Epoch_loss: 2.693570852279663
2021-07-12 12:06:02 [INFO] __main__: Epoch_loss_reconstr: 2.4430246353149414
2021-07-12 12:06:02 [INFO] __main__: Epoch_loss_border: 50.109249114990234
2021-07-12 12:06:02 [INFO] __main__: Epoch_loss_fct: 0
2021-07-12 12:06:02 [INFO] __main__: Duration: 0:00:02.039913
2021-07-12 12:06:02 [INFO] __main__: Training epoch 27
2021-07-12 12:06:04 [INFO] __main__: Epoch_loss: 2.639775276184082
2021-07-12 12:06:04 [INFO] __main__: Epoch_loss_reconstr: 2.396366596221924
2021-07-12 12:06:04 [INFO] __main__: Epoch_loss_border: 48.68165588378906
2021-07-12 12:06:04 [INFO] __main__: Epoch_loss_fct: 0
2021-07-12 12:06:04 [INFO] __main__: Duration: 0:00:02.034475
2021-07-12 12:06:04 [INFO] __main__: Training epoch 28
2021-07-12 12:06:06 [INFO] __main__: Epoch_loss: 2.5901236534118652
2021-07-12 12:06:06 [INFO] __main__: Epoch_loss_reconstr: 2.338841676712036
2021-07-12 12:06:06 [INFO] __main__: Epoch_loss_border: 50.25630187988281
2021-07-12 12:06:06 [INFO] __main__: Epoch_loss_fct: 0
2021-07-12 12:06:06 [INFO] __main__: Duration: 0:00:02.034206
2021-07-12 12:06:06 [INFO] __main__: Training epoch 29
2021-07-12 12:06:08 [INFO] __main__: Epoch_loss: 2.5325281620025635
2021-07-12 12:06:08 [INFO] __main__: Epoch_loss_reconstr: 2.3006489276885986
2021-07-12 12:06:08 [INFO] __main__: Epoch_loss_border: 46.3757438659668
2021-07-12 12:06:08 [INFO] __main__: Epoch_loss_fct: 0
2021-07-12 12:06:08 [INFO] __main__: Duration: 0:00:02.034416
2021-07-12 12:06:08 [INFO] __main__: Training epoch 30
2021-07-12 12:06:10 [INFO] __main__: Epoch_loss: 2.4484827518463135
2021-07-12 12:06:10 [INFO] __main__: Epoch_loss_reconstr: 2.195448875427246
2021-07-12 12:06:10 [INFO] __main__: Epoch_loss_border: 50.60685729980469
2021-07-12 12:06:10 [INFO] __main__: Epoch_loss_fct: 0
2021-07-12 12:06:10 [INFO] __main__: Duration: 0:00:02.033908
2021-07-12 12:06:10 [INFO] __main__: Training epoch 31
2021-07-12 12:06:12 [INFO] __main__: Epoch_loss: 2.379157304763794
2021-07-12 12:06:12 [INFO] __main__: Epoch_loss_reconstr: 2.14663028717041
2021-07-12 12:06:12 [INFO] __main__: Epoch_loss_border: 46.505435943603516
2021-07-12 12:06:12 [INFO] __main__: Epoch_loss_fct: 0
2021-07-12 12:06:12 [INFO] __main__: Duration: 0:00:02.035922
2021-07-12 12:06:12 [INFO] __main__: Training epoch 32
2021-07-12 12:06:14 [INFO] __main__: Epoch_loss: 2.2843191623687744
2021-07-12 12:06:14 [INFO] __main__: Epoch_loss_reconstr: 2.0453460216522217
2021-07-12 12:06:14 [INFO] __main__: Epoch_loss_border: 47.794639587402344
2021-07-12 12:06:14 [INFO] __main__: Epoch_loss_fct: 0
2021-07-12 12:06:14 [INFO] __main__: Duration: 0:00:02.035453
2021-07-12 12:06:14 [INFO] __main__: Training epoch 33
2021-07-12 12:06:16 [INFO] __main__: Epoch_loss: 2.1385746002197266
2021-07-12 12:06:16 [INFO] __main__: Epoch_loss_reconstr: 1.8850966691970825
2021-07-12 12:06:16 [INFO] __main__: Epoch_loss_border: 50.69557571411133
2021-07-12 12:06:16 [INFO] __main__: Epoch_loss_fct: 0
2021-07-12 12:06:16 [INFO] __main__: Duration: 0:00:02.033710
2021-07-12 12:06:16 [INFO] __main__: Training epoch 34
2021-07-12 12:06:18 [INFO] __main__: Epoch_loss: 2.0819218158721924
2021-07-12 12:06:18 [INFO] __main__: Epoch_loss_reconstr: 1.8261513710021973
2021-07-12 12:06:18 [INFO] __main__: Epoch_loss_border: 51.15411376953125
2021-07-12 12:06:18 [INFO] __main__: Epoch_loss_fct: 0
2021-07-12 12:06:18 [INFO] __main__: Duration: 0:00:02.034279
2021-07-12 12:06:18 [INFO] __main__: Training epoch 35
2021-07-12 12:06:20 [INFO] __main__: Epoch_loss: 2.0718750953674316
2021-07-12 12:06:20 [INFO] __main__: Epoch_loss_reconstr: 1.8344531059265137
2021-07-12 12:06:20 [INFO] __main__: Epoch_loss_border: 47.48447799682617
2021-07-12 12:06:20 [INFO] __main__: Epoch_loss_fct: 0
2021-07-12 12:06:20 [INFO] __main__: Duration: 0:00:02.033991
2021-07-12 12:06:20 [INFO] __main__: Training epoch 36
2021-07-12 12:06:22 [INFO] __main__: Epoch_loss: 2.0732667446136475
2021-07-12 12:06:22 [INFO] __main__: Epoch_loss_reconstr: 1.8516231775283813
2021-07-12 12:06:22 [INFO] __main__: Epoch_loss_border: 44.328651428222656
2021-07-12 12:06:22 [INFO] __main__: Epoch_loss_fct: 0
2021-07-12 12:06:22 [INFO] __main__: Duration: 0:00:02.048455
2021-07-12 12:06:22 [INFO] __main__: Training epoch 37
2021-07-12 12:06:24 [INFO] __main__: Epoch_loss: 2.053467273712158
2021-07-12 12:06:24 [INFO] __main__: Epoch_loss_reconstr: 1.8120192289352417
2021-07-12 12:06:24 [INFO] __main__: Epoch_loss_border: 48.289615631103516
2021-07-12 12:06:24 [INFO] __main__: Epoch_loss_fct: 0
2021-07-12 12:06:24 [INFO] __main__: Duration: 0:00:02.034375
2021-07-12 12:06:24 [INFO] __main__: Training epoch 38
2021-07-12 12:06:26 [INFO] __main__: Epoch_loss: 2.0418405532836914
2021-07-12 12:06:26 [INFO] __main__: Epoch_loss_reconstr: 1.8098474740982056
2021-07-12 12:06:26 [INFO] __main__: Epoch_loss_border: 46.398582458496094
2021-07-12 12:06:26 [INFO] __main__: Epoch_loss_fct: 0
2021-07-12 12:06:26 [INFO] __main__: Duration: 0:00:02.031934
2021-07-12 12:06:26 [INFO] __main__: Training epoch 39
2021-07-12 12:06:28 [INFO] __main__: Epoch_loss: 1.9773221015930176
2021-07-12 12:06:28 [INFO] __main__: Epoch_loss_reconstr: 1.761523962020874
2021-07-12 12:06:28 [INFO] __main__: Epoch_loss_border: 43.15960693359375
2021-07-12 12:06:28 [INFO] __main__: Epoch_loss_fct: 0
2021-07-12 12:06:28 [INFO] __main__: Duration: 0:00:02.032745
2021-07-12 12:06:28 [INFO] __main__: Training epoch 40
2021-07-12 12:06:30 [INFO] __main__: Epoch_loss: 1.965229868888855
2021-07-12 12:06:30 [INFO] __main__: Epoch_loss_reconstr: 1.7556135654449463
2021-07-12 12:06:30 [INFO] __main__: Epoch_loss_border: 41.9232292175293
2021-07-12 12:06:30 [INFO] __main__: Epoch_loss_fct: 0
2021-07-12 12:06:30 [INFO] __main__: Duration: 0:00:02.034142
2021-07-12 12:06:30 [INFO] __main__: Training epoch 41
2021-07-12 12:06:32 [INFO] __main__: Epoch_loss: 2.0077121257781982
2021-07-12 12:06:32 [INFO] __main__: Epoch_loss_reconstr: 1.7711397409439087
2021-07-12 12:06:32 [INFO] __main__: Epoch_loss_border: 47.31460189819336
2021-07-12 12:06:32 [INFO] __main__: Epoch_loss_fct: 0
2021-07-12 12:06:32 [INFO] __main__: Duration: 0:00:02.034742
2021-07-12 12:06:32 [INFO] __main__: Training epoch 42
2021-07-12 12:06:34 [INFO] __main__: Epoch_loss: 2.02376127243042
2021-07-12 12:06:34 [INFO] __main__: Epoch_loss_reconstr: 1.8011177778244019
2021-07-12 12:06:34 [INFO] __main__: Epoch_loss_border: 44.52872085571289
2021-07-12 12:06:34 [INFO] __main__: Epoch_loss_fct: 0
2021-07-12 12:06:34 [INFO] __main__: Duration: 0:00:02.034924
2021-07-12 12:06:34 [INFO] __main__: Training epoch 43
2021-07-12 12:06:36 [INFO] __main__: Epoch_loss: 2.02201509475708
2021-07-12 12:06:36 [INFO] __main__: Epoch_loss_reconstr: 1.8122718334197998
2021-07-12 12:06:36 [INFO] __main__: Epoch_loss_border: 41.94861602783203
2021-07-12 12:06:36 [INFO] __main__: Epoch_loss_fct: 0
2021-07-12 12:06:36 [INFO] __main__: Duration: 0:00:02.034154
2021-07-12 12:06:36 [INFO] __main__: Training epoch 44
2021-07-12 12:06:38 [INFO] __main__: Epoch_loss: 2.045762538909912
2021-07-12 12:06:38 [INFO] __main__: Epoch_loss_reconstr: 1.8029747009277344
2021-07-12 12:06:38 [INFO] __main__: Epoch_loss_border: 48.557708740234375
2021-07-12 12:06:38 [INFO] __main__: Epoch_loss_fct: 0
2021-07-12 12:06:38 [INFO] __main__: Duration: 0:00:02.034696
2021-07-12 12:06:38 [INFO] __main__: Training epoch 45
2021-07-12 12:06:40 [INFO] __main__: Epoch_loss: 2.046678066253662
2021-07-12 12:06:40 [INFO] __main__: Epoch_loss_reconstr: 1.824431300163269
2021-07-12 12:06:40 [INFO] __main__: Epoch_loss_border: 44.44938659667969
2021-07-12 12:06:40 [INFO] __main__: Epoch_loss_fct: 0
2021-07-12 12:06:40 [INFO] __main__: Duration: 0:00:02.033475
2021-07-12 12:06:40 [INFO] __main__: Training epoch 46
2021-07-12 12:06:42 [INFO] __main__: Epoch_loss: 2.0334010124206543
2021-07-12 12:06:42 [INFO] __main__: Epoch_loss_reconstr: 1.82291841506958
2021-07-12 12:06:42 [INFO] __main__: Epoch_loss_border: 42.096561431884766
2021-07-12 12:06:42 [INFO] __main__: Epoch_loss_fct: 0
2021-07-12 12:06:42 [INFO] __main__: Duration: 0:00:02.034041
2021-07-12 12:06:42 [INFO] __main__: Training epoch 47
2021-07-12 12:06:44 [INFO] __main__: Epoch_loss: 1.9962431192398071
2021-07-12 12:06:44 [INFO] __main__: Epoch_loss_reconstr: 1.7892358303070068
2021-07-12 12:06:44 [INFO] __main__: Epoch_loss_border: 41.40147399902344
2021-07-12 12:06:44 [INFO] __main__: Epoch_loss_fct: 0
2021-07-12 12:06:44 [INFO] __main__: Duration: 0:00:02.034816
2021-07-12 12:06:44 [INFO] __main__: Training epoch 48
2021-07-12 12:06:46 [INFO] __main__: Epoch_loss: 1.9558477401733398
2021-07-12 12:06:46 [INFO] __main__: Epoch_loss_reconstr: 1.7426210641860962
2021-07-12 12:06:46 [INFO] __main__: Epoch_loss_border: 42.645389556884766
2021-07-12 12:06:46 [INFO] __main__: Epoch_loss_fct: 0
2021-07-12 12:06:46 [INFO] __main__: Duration: 0:00:02.035443
2021-07-12 12:06:46 [INFO] __main__: Training epoch 49
2021-07-12 12:06:48 [INFO] __main__: Epoch_loss: 1.9529838562011719
2021-07-12 12:06:48 [INFO] __main__: Epoch_loss_reconstr: 1.7200332880020142
2021-07-12 12:06:48 [INFO] __main__: Epoch_loss_border: 46.590091705322266
2021-07-12 12:06:48 [INFO] __main__: Epoch_loss_fct: 0
2021-07-12 12:06:48 [INFO] __main__: Duration: 0:00:02.035987
