2021-07-12 12:18:29 [DEBUG] src.utils.config: Logger initialized
2021-07-12 12:18:29 [INFO] __main__: Training epoch 0
2021-07-12 12:18:39 [INFO] __main__: Epoch_loss: 8.005561828613281
2021-07-12 12:18:39 [INFO] __main__: Epoch_loss_reconstr: 5.281065940856934
2021-07-12 12:18:39 [INFO] __main__: Epoch_loss_border: 0
2021-07-12 12:18:39 [INFO] __main__: Epoch_loss_fct: 54.48989486694336
2021-07-12 12:18:39 [INFO] __main__: Duration: 0:00:09.871649
2021-07-12 12:18:39 [INFO] __main__: Training epoch 1
2021-07-12 12:18:48 [INFO] __main__: Epoch_loss: 5.323224067687988
2021-07-12 12:18:48 [INFO] __main__: Epoch_loss_reconstr: 4.740900993347168
2021-07-12 12:18:48 [INFO] __main__: Epoch_loss_border: 0
2021-07-12 12:18:48 [INFO] __main__: Epoch_loss_fct: 11.646432876586914
2021-07-12 12:18:48 [INFO] __main__: Duration: 0:00:09.941228
2021-07-12 12:18:48 [INFO] __main__: Training epoch 2
2021-07-12 12:18:58 [INFO] __main__: Epoch_loss: 4.850975513458252
2021-07-12 12:18:58 [INFO] __main__: Epoch_loss_reconstr: 4.64976692199707
2021-07-12 12:18:58 [INFO] __main__: Epoch_loss_border: 0
2021-07-12 12:18:58 [INFO] __main__: Epoch_loss_fct: 4.024190902709961
2021-07-12 12:18:58 [INFO] __main__: Duration: 0:00:09.939824
2021-07-12 12:18:58 [INFO] __main__: Training epoch 3
2021-07-12 12:19:06 [INFO] __main__: Epoch_loss: 4.722316741943359
2021-07-12 12:19:06 [INFO] __main__: Epoch_loss_reconstr: 4.638672828674316
2021-07-12 12:19:06 [INFO] __main__: Epoch_loss_border: 0
2021-07-12 12:19:06 [INFO] __main__: Epoch_loss_fct: 1.6728745698928833
2021-07-12 12:19:06 [INFO] __main__: Duration: 0:00:07.617428
2021-07-12 12:19:06 [INFO] __main__: Training epoch 4
2021-07-12 12:19:14 [INFO] __main__: Epoch_loss: 4.6825947761535645
2021-07-12 12:19:14 [INFO] __main__: Epoch_loss_reconstr: 4.638255596160889
2021-07-12 12:19:14 [INFO] __main__: Epoch_loss_border: 0
2021-07-12 12:19:14 [INFO] __main__: Epoch_loss_fct: 0.8867851495742798
2021-07-12 12:19:14 [INFO] __main__: Duration: 0:00:07.496339
2021-07-12 12:19:14 [INFO] __main__: Training epoch 5
2021-07-12 12:19:21 [INFO] __main__: Epoch_loss: 4.66402006149292
2021-07-12 12:19:21 [INFO] __main__: Epoch_loss_reconstr: 4.638854503631592
2021-07-12 12:19:21 [INFO] __main__: Epoch_loss_border: 0
2021-07-12 12:19:21 [INFO] __main__: Epoch_loss_fct: 0.5033197999000549
2021-07-12 12:19:21 [INFO] __main__: Duration: 0:00:07.752289
2021-07-12 12:19:21 [INFO] __main__: Training epoch 6
2021-07-12 12:19:29 [INFO] __main__: Epoch_loss: 4.65422248840332
2021-07-12 12:19:29 [INFO] __main__: Epoch_loss_reconstr: 4.639510154724121
2021-07-12 12:19:29 [INFO] __main__: Epoch_loss_border: 0
2021-07-12 12:19:29 [INFO] __main__: Epoch_loss_fct: 0.294233500957489
2021-07-12 12:19:29 [INFO] __main__: Duration: 0:00:07.510987
2021-07-12 12:19:29 [INFO] __main__: Training epoch 7
2021-07-12 12:19:36 [INFO] __main__: Epoch_loss: 4.650888442993164
2021-07-12 12:19:36 [INFO] __main__: Epoch_loss_reconstr: 4.639893054962158
2021-07-12 12:19:36 [INFO] __main__: Epoch_loss_border: 0
2021-07-12 12:19:36 [INFO] __main__: Epoch_loss_fct: 0.21990887820720673
2021-07-12 12:19:36 [INFO] __main__: Duration: 0:00:07.467199
2021-07-12 12:19:36 [INFO] __main__: Training epoch 8
2021-07-12 12:19:45 [INFO] __main__: Epoch_loss: 4.644640922546387
2021-07-12 12:19:45 [INFO] __main__: Epoch_loss_reconstr: 4.640197277069092
2021-07-12 12:19:45 [INFO] __main__: Epoch_loss_border: 0
2021-07-12 12:19:45 [INFO] __main__: Epoch_loss_fct: 0.08885819464921951
2021-07-12 12:19:45 [INFO] __main__: Duration: 0:00:08.297390
2021-07-12 12:19:45 [INFO] __main__: Training epoch 9
2021-07-12 12:19:54 [INFO] __main__: Epoch_loss: 4.643942832946777
2021-07-12 12:19:54 [INFO] __main__: Epoch_loss_reconstr: 4.640514850616455
2021-07-12 12:19:54 [INFO] __main__: Epoch_loss_border: 0
2021-07-12 12:19:54 [INFO] __main__: Epoch_loss_fct: 0.0685550794005394
2021-07-12 12:19:54 [INFO] __main__: Duration: 0:00:09.942099
2021-07-12 12:19:54 [INFO] __main__: Training epoch 10
2021-07-12 12:20:02 [INFO] __main__: Epoch_loss: 4.643309116363525
2021-07-12 12:20:02 [INFO] __main__: Epoch_loss_reconstr: 4.640502452850342
2021-07-12 12:20:02 [INFO] __main__: Epoch_loss_border: 0
2021-07-12 12:20:02 [INFO] __main__: Epoch_loss_fct: 0.056105032563209534
2021-07-12 12:20:02 [INFO] __main__: Duration: 0:00:07.552218
2021-07-12 12:20:02 [INFO] __main__: Training epoch 11
2021-07-12 12:20:09 [INFO] __main__: Epoch_loss: 4.641822338104248
2021-07-12 12:20:09 [INFO] __main__: Epoch_loss_reconstr: 4.6407084465026855
2021-07-12 12:20:09 [INFO] __main__: Epoch_loss_border: 0
2021-07-12 12:20:09 [INFO] __main__: Epoch_loss_fct: 0.0222464669495821
2021-07-12 12:20:09 [INFO] __main__: Duration: 0:00:07.458102
2021-07-12 12:20:09 [INFO] __main__: Training epoch 12
2021-07-12 12:20:17 [INFO] __main__: Epoch_loss: 4.641199111938477
2021-07-12 12:20:17 [INFO] __main__: Epoch_loss_reconstr: 4.64082145690918
2021-07-12 12:20:17 [INFO] __main__: Epoch_loss_border: 0
2021-07-12 12:20:17 [INFO] __main__: Epoch_loss_fct: 0.007526352070271969
2021-07-12 12:20:17 [INFO] __main__: Duration: 0:00:07.590295
2021-07-12 12:20:17 [INFO] __main__: Training epoch 13
2021-07-12 12:20:25 [INFO] __main__: Epoch_loss: 4.641182899475098
2021-07-12 12:20:25 [INFO] __main__: Epoch_loss_reconstr: 4.64084529876709
2021-07-12 12:20:25 [INFO] __main__: Epoch_loss_border: 0
2021-07-12 12:20:25 [INFO] __main__: Epoch_loss_fct: 0.0067491536028683186
2021-07-12 12:20:25 [INFO] __main__: Duration: 0:00:07.586815
2021-07-12 12:20:25 [INFO] __main__: Training epoch 14
2021-07-12 12:20:32 [INFO] __main__: Epoch_loss: 4.641190528869629
2021-07-12 12:20:32 [INFO] __main__: Epoch_loss_reconstr: 4.640843868255615
2021-07-12 12:20:32 [INFO] __main__: Epoch_loss_border: 0
2021-07-12 12:20:32 [INFO] __main__: Epoch_loss_fct: 0.006913679651916027
2021-07-12 12:20:32 [INFO] __main__: Duration: 0:00:07.496158
2021-07-12 12:20:32 [INFO] __main__: Training epoch 15
2021-07-12 12:20:40 [INFO] __main__: Epoch_loss: 4.641179084777832
2021-07-12 12:20:40 [INFO] __main__: Epoch_loss_reconstr: 4.640833377838135
2021-07-12 12:20:40 [INFO] __main__: Epoch_loss_border: 0
2021-07-12 12:20:40 [INFO] __main__: Epoch_loss_fct: 0.006920604035258293
2021-07-12 12:20:40 [INFO] __main__: Duration: 0:00:07.475927
2021-07-12 12:20:40 [INFO] __main__: Training epoch 16
2021-07-12 12:20:47 [INFO] __main__: Epoch_loss: 4.641157150268555
2021-07-12 12:20:47 [INFO] __main__: Epoch_loss_reconstr: 4.640814304351807
2021-07-12 12:20:47 [INFO] __main__: Epoch_loss_border: 0
2021-07-12 12:20:47 [INFO] __main__: Epoch_loss_fct: 0.006859567016363144
2021-07-12 12:20:47 [INFO] __main__: Duration: 0:00:07.473383
2021-07-12 12:20:47 [INFO] __main__: Training epoch 17
2021-07-12 12:20:55 [INFO] __main__: Epoch_loss: 4.641139507293701
2021-07-12 12:20:55 [INFO] __main__: Epoch_loss_reconstr: 4.640785217285156
2021-07-12 12:20:55 [INFO] __main__: Epoch_loss_border: 0
2021-07-12 12:20:55 [INFO] __main__: Epoch_loss_fct: 0.007094542495906353
2021-07-12 12:20:55 [INFO] __main__: Duration: 0:00:07.586051
2021-07-12 12:20:55 [INFO] __main__: Training epoch 18
2021-07-12 12:21:02 [INFO] __main__: Epoch_loss: 4.641703128814697
2021-07-12 12:21:02 [INFO] __main__: Epoch_loss_reconstr: 4.640701770782471
2021-07-12 12:21:02 [INFO] __main__: Epoch_loss_border: 0
2021-07-12 12:21:02 [INFO] __main__: Epoch_loss_fct: 0.020030373707413673
2021-07-12 12:21:02 [INFO] __main__: Duration: 0:00:07.562525
2021-07-12 12:21:02 [INFO] __main__: Training epoch 19
2021-07-12 12:21:10 [INFO] __main__: Epoch_loss: 4.641734600067139
2021-07-12 12:21:10 [INFO] __main__: Epoch_loss_reconstr: 4.640635013580322
2021-07-12 12:21:10 [INFO] __main__: Epoch_loss_border: 0
2021-07-12 12:21:10 [INFO] __main__: Epoch_loss_fct: 0.02199518494307995
2021-07-12 12:21:10 [INFO] __main__: Duration: 0:00:07.526626
2021-07-12 12:21:10 [INFO] __main__: Training epoch 20
2021-07-12 12:21:17 [INFO] __main__: Epoch_loss: 4.641551971435547
2021-07-12 12:21:17 [INFO] __main__: Epoch_loss_reconstr: 4.640598773956299
2021-07-12 12:21:17 [INFO] __main__: Epoch_loss_border: 0
2021-07-12 12:21:17 [INFO] __main__: Epoch_loss_fct: 0.01907500810921192
2021-07-12 12:21:17 [INFO] __main__: Duration: 0:00:07.520110
2021-07-12 12:21:17 [INFO] __main__: Training epoch 21
2021-07-12 12:21:25 [INFO] __main__: Epoch_loss: 4.641010284423828
2021-07-12 12:21:25 [INFO] __main__: Epoch_loss_reconstr: 4.640613079071045
2021-07-12 12:21:25 [INFO] __main__: Epoch_loss_border: 0
2021-07-12 12:21:25 [INFO] __main__: Epoch_loss_fct: 0.00793775450438261
2021-07-12 12:21:25 [INFO] __main__: Duration: 0:00:07.470002
2021-07-12 12:21:25 [INFO] __main__: Training epoch 22
2021-07-12 12:21:32 [INFO] __main__: Epoch_loss: 4.640904426574707
2021-07-12 12:21:32 [INFO] __main__: Epoch_loss_reconstr: 4.64057731628418
2021-07-12 12:21:32 [INFO] __main__: Epoch_loss_border: 0
2021-07-12 12:21:32 [INFO] __main__: Epoch_loss_fct: 0.006521811243146658
2021-07-12 12:21:32 [INFO] __main__: Duration: 0:00:07.502432
2021-07-12 12:21:32 [INFO] __main__: Training epoch 23
2021-07-12 12:21:40 [INFO] __main__: Epoch_loss: 4.640848636627197
2021-07-12 12:21:40 [INFO] __main__: Epoch_loss_reconstr: 4.640520095825195
2021-07-12 12:21:40 [INFO] __main__: Epoch_loss_border: 0
2021-07-12 12:21:40 [INFO] __main__: Epoch_loss_fct: 0.006552385166287422
2021-07-12 12:21:40 [INFO] __main__: Duration: 0:00:07.433372
2021-07-12 12:21:40 [INFO] __main__: Training epoch 24
2021-07-12 12:21:47 [INFO] __main__: Epoch_loss: 4.640791893005371
2021-07-12 12:21:47 [INFO] __main__: Epoch_loss_reconstr: 4.640459060668945
2021-07-12 12:21:47 [INFO] __main__: Epoch_loss_border: 0
2021-07-12 12:21:47 [INFO] __main__: Epoch_loss_fct: 0.006647647358477116
2021-07-12 12:21:47 [INFO] __main__: Duration: 0:00:07.503696
2021-07-12 12:21:47 [INFO] __main__: Training epoch 25
2021-07-12 12:21:55 [INFO] __main__: Epoch_loss: 4.640810966491699
2021-07-12 12:21:55 [INFO] __main__: Epoch_loss_reconstr: 4.64038610458374
2021-07-12 12:21:55 [INFO] __main__: Epoch_loss_border: 0
2021-07-12 12:21:55 [INFO] __main__: Epoch_loss_fct: 0.008515911176800728
2021-07-12 12:21:55 [INFO] __main__: Duration: 0:00:07.555861
2021-07-12 12:21:55 [INFO] __main__: Training epoch 26
2021-07-12 12:22:02 [INFO] __main__: Epoch_loss: 4.640882968902588
2021-07-12 12:22:02 [INFO] __main__: Epoch_loss_reconstr: 4.640325546264648
2021-07-12 12:22:02 [INFO] __main__: Epoch_loss_border: 0
2021-07-12 12:22:02 [INFO] __main__: Epoch_loss_fct: 0.011139800772070885
2021-07-12 12:22:02 [INFO] __main__: Duration: 0:00:07.449272
2021-07-12 12:22:02 [INFO] __main__: Training epoch 27
2021-07-12 12:22:10 [INFO] __main__: Epoch_loss: 4.640590667724609
2021-07-12 12:22:10 [INFO] __main__: Epoch_loss_reconstr: 4.640259742736816
2021-07-12 12:22:10 [INFO] __main__: Epoch_loss_border: 0
2021-07-12 12:22:10 [INFO] __main__: Epoch_loss_fct: 0.006616372149437666
2021-07-12 12:22:10 [INFO] __main__: Duration: 0:00:07.509888
2021-07-12 12:22:10 [INFO] __main__: Training epoch 28
2021-07-12 12:22:17 [INFO] __main__: Epoch_loss: 4.640499591827393
2021-07-12 12:22:17 [INFO] __main__: Epoch_loss_reconstr: 4.640201568603516
2021-07-12 12:22:17 [INFO] __main__: Epoch_loss_border: 0
2021-07-12 12:22:17 [INFO] __main__: Epoch_loss_fct: 0.005954764783382416
2021-07-12 12:22:17 [INFO] __main__: Duration: 0:00:07.560035
2021-07-12 12:22:17 [INFO] __main__: Training epoch 29
2021-07-12 12:22:25 [INFO] __main__: Epoch_loss: 4.640438556671143
2021-07-12 12:22:25 [INFO] __main__: Epoch_loss_reconstr: 4.640111923217773
2021-07-12 12:22:25 [INFO] __main__: Epoch_loss_border: 0
2021-07-12 12:22:25 [INFO] __main__: Epoch_loss_fct: 0.006548294797539711
2021-07-12 12:22:25 [INFO] __main__: Duration: 0:00:07.588633
2021-07-12 12:22:25 [INFO] __main__: Training epoch 30
2021-07-12 12:22:32 [INFO] __main__: Epoch_loss: 4.640406131744385
2021-07-12 12:22:32 [INFO] __main__: Epoch_loss_reconstr: 4.6400251388549805
2021-07-12 12:22:32 [INFO] __main__: Epoch_loss_border: 0
2021-07-12 12:22:32 [INFO] __main__: Epoch_loss_fct: 0.00760321831330657
2021-07-12 12:22:32 [INFO] __main__: Duration: 0:00:07.448562
2021-07-12 12:22:32 [INFO] __main__: Training epoch 31
2021-07-12 12:22:40 [INFO] __main__: Epoch_loss: 4.640647888183594
2021-07-12 12:22:40 [INFO] __main__: Epoch_loss_reconstr: 4.639951229095459
2021-07-12 12:22:40 [INFO] __main__: Epoch_loss_border: 0
2021-07-12 12:22:40 [INFO] __main__: Epoch_loss_fct: 0.013903345912694931
2021-07-12 12:22:40 [INFO] __main__: Duration: 0:00:07.431826
2021-07-12 12:22:40 [INFO] __main__: Training epoch 32
2021-07-12 12:22:47 [INFO] __main__: Epoch_loss: 4.640249252319336
2021-07-12 12:22:47 [INFO] __main__: Epoch_loss_reconstr: 4.639886856079102
2021-07-12 12:22:47 [INFO] __main__: Epoch_loss_border: 0
2021-07-12 12:22:47 [INFO] __main__: Epoch_loss_fct: 0.007255204953253269
2021-07-12 12:22:47 [INFO] __main__: Duration: 0:00:07.514316
2021-07-12 12:22:47 [INFO] __main__: Training epoch 33
2021-07-12 12:22:55 [INFO] __main__: Epoch_loss: 4.640134811401367
2021-07-12 12:22:55 [INFO] __main__: Epoch_loss_reconstr: 4.6397881507873535
2021-07-12 12:22:55 [INFO] __main__: Epoch_loss_border: 0
2021-07-12 12:22:55 [INFO] __main__: Epoch_loss_fct: 0.006938439328223467
2021-07-12 12:22:55 [INFO] __main__: Duration: 0:00:07.465406
2021-07-12 12:22:55 [INFO] __main__: Training epoch 34
2021-07-12 12:23:02 [INFO] __main__: Epoch_loss: 4.6403350830078125
2021-07-12 12:23:02 [INFO] __main__: Epoch_loss_reconstr: 4.6396803855896
2021-07-12 12:23:02 [INFO] __main__: Epoch_loss_border: 0
2021-07-12 12:23:02 [INFO] __main__: Epoch_loss_fct: 0.01310897246003151
2021-07-12 12:23:02 [INFO] __main__: Duration: 0:00:07.499201
2021-07-12 12:23:02 [INFO] __main__: Training epoch 35
2021-07-12 12:23:10 [INFO] __main__: Epoch_loss: 4.640426158905029
2021-07-12 12:23:10 [INFO] __main__: Epoch_loss_reconstr: 4.639565944671631
2021-07-12 12:23:10 [INFO] __main__: Epoch_loss_border: 0
2021-07-12 12:23:10 [INFO] __main__: Epoch_loss_fct: 0.01719917356967926
2021-07-12 12:23:10 [INFO] __main__: Duration: 0:00:07.539807
2021-07-12 12:23:10 [INFO] __main__: Training epoch 36
2021-07-12 12:23:17 [INFO] __main__: Epoch_loss: 4.640374183654785
2021-07-12 12:23:17 [INFO] __main__: Epoch_loss_reconstr: 4.639434814453125
2021-07-12 12:23:17 [INFO] __main__: Epoch_loss_border: 0
2021-07-12 12:23:17 [INFO] __main__: Epoch_loss_fct: 0.018806083127856255
2021-07-12 12:23:17 [INFO] __main__: Duration: 0:00:07.467810
2021-07-12 12:23:17 [INFO] __main__: Training epoch 37
2021-07-12 12:23:25 [INFO] __main__: Epoch_loss: 4.640278339385986
2021-07-12 12:23:25 [INFO] __main__: Epoch_loss_reconstr: 4.638985633850098
2021-07-12 12:23:25 [INFO] __main__: Epoch_loss_border: 0
2021-07-12 12:23:25 [INFO] __main__: Epoch_loss_fct: 0.025837332010269165
2021-07-12 12:23:25 [INFO] __main__: Duration: 0:00:07.457220
2021-07-12 12:23:25 [INFO] __main__: Training epoch 38
2021-07-12 12:23:32 [INFO] __main__: Epoch_loss: 4.639724254608154
2021-07-12 12:23:32 [INFO] __main__: Epoch_loss_reconstr: 4.638669013977051
2021-07-12 12:23:32 [INFO] __main__: Epoch_loss_border: 0
2021-07-12 12:23:32 [INFO] __main__: Epoch_loss_fct: 0.021100077778100967
2021-07-12 12:23:32 [INFO] __main__: Duration: 0:00:07.648806
2021-07-12 12:23:32 [INFO] __main__: Training epoch 39
2021-07-12 12:23:42 [INFO] __main__: Epoch_loss: 4.639251708984375
2021-07-12 12:23:42 [INFO] __main__: Epoch_loss_reconstr: 4.63693380355835
2021-07-12 12:23:42 [INFO] __main__: Epoch_loss_border: 0
2021-07-12 12:23:42 [INFO] __main__: Epoch_loss_fct: 0.04635416716337204
2021-07-12 12:23:42 [INFO] __main__: Duration: 0:00:09.730039
2021-07-12 12:23:42 [INFO] __main__: Training epoch 40
2021-07-12 12:23:52 [INFO] __main__: Epoch_loss: 4.652554512023926
2021-07-12 12:23:52 [INFO] __main__: Epoch_loss_reconstr: 4.6283183097839355
2021-07-12 12:23:52 [INFO] __main__: Epoch_loss_border: 0
2021-07-12 12:23:52 [INFO] __main__: Epoch_loss_fct: 0.4847143888473511
2021-07-12 12:23:52 [INFO] __main__: Duration: 0:00:09.953563
2021-07-12 12:23:52 [INFO] __main__: Training epoch 41
2021-07-12 12:24:02 [INFO] __main__: Epoch_loss: 4.665565013885498
2021-07-12 12:24:02 [INFO] __main__: Epoch_loss_reconstr: 4.620170593261719
2021-07-12 12:24:02 [INFO] __main__: Epoch_loss_border: 0
2021-07-12 12:24:02 [INFO] __main__: Epoch_loss_fct: 0.9079079627990723
2021-07-12 12:24:02 [INFO] __main__: Duration: 0:00:10.005256
2021-07-12 12:24:02 [INFO] __main__: Training epoch 42
2021-07-12 12:24:12 [INFO] __main__: Epoch_loss: 4.649089813232422
2021-07-12 12:24:12 [INFO] __main__: Epoch_loss_reconstr: 4.616727352142334
2021-07-12 12:24:12 [INFO] __main__: Epoch_loss_border: 0
2021-07-12 12:24:12 [INFO] __main__: Epoch_loss_fct: 0.647257387638092
2021-07-12 12:24:12 [INFO] __main__: Duration: 0:00:09.955451
2021-07-12 12:24:12 [INFO] __main__: Training epoch 43
2021-07-12 12:24:22 [INFO] __main__: Epoch_loss: 4.642463207244873
2021-07-12 12:24:22 [INFO] __main__: Epoch_loss_reconstr: 4.603803634643555
2021-07-12 12:24:22 [INFO] __main__: Epoch_loss_border: 0
2021-07-12 12:24:22 [INFO] __main__: Epoch_loss_fct: 0.7731752991676331
2021-07-12 12:24:22 [INFO] __main__: Duration: 0:00:09.950527
2021-07-12 12:24:22 [INFO] __main__: Training epoch 44
2021-07-12 12:24:32 [INFO] __main__: Epoch_loss: 4.662571907043457
2021-07-12 12:24:32 [INFO] __main__: Epoch_loss_reconstr: 4.570738792419434
2021-07-12 12:24:32 [INFO] __main__: Epoch_loss_border: 0
2021-07-12 12:24:32 [INFO] __main__: Epoch_loss_fct: 1.8366552591323853
2021-07-12 12:24:32 [INFO] __main__: Duration: 0:00:09.769566
2021-07-12 12:24:32 [INFO] __main__: Training epoch 45
2021-07-12 12:24:41 [INFO] __main__: Epoch_loss: 4.7442626953125
2021-07-12 12:24:41 [INFO] __main__: Epoch_loss_reconstr: 4.4952006340026855
2021-07-12 12:24:41 [INFO] __main__: Epoch_loss_border: 0
2021-07-12 12:24:41 [INFO] __main__: Epoch_loss_fct: 4.98124361038208
2021-07-12 12:24:41 [INFO] __main__: Duration: 0:00:09.723593
2021-07-12 12:24:41 [INFO] __main__: Training epoch 46
2021-07-12 12:24:51 [INFO] __main__: Epoch_loss: 4.630476474761963
2021-07-12 12:24:51 [INFO] __main__: Epoch_loss_reconstr: 4.361381530761719
2021-07-12 12:24:51 [INFO] __main__: Epoch_loss_border: 0
2021-07-12 12:24:51 [INFO] __main__: Epoch_loss_fct: 5.381874084472656
2021-07-12 12:24:51 [INFO] __main__: Duration: 0:00:09.595773
2021-07-12 12:24:51 [INFO] __main__: Training epoch 47
2021-07-12 12:25:01 [INFO] __main__: Epoch_loss: 4.396517276763916
2021-07-12 12:25:01 [INFO] __main__: Epoch_loss_reconstr: 3.984288454055786
2021-07-12 12:25:01 [INFO] __main__: Epoch_loss_border: 0
2021-07-12 12:25:01 [INFO] __main__: Epoch_loss_fct: 8.244551658630371
2021-07-12 12:25:01 [INFO] __main__: Duration: 0:00:09.908687
2021-07-12 12:25:01 [INFO] __main__: Training epoch 48
2021-07-12 12:25:11 [INFO] __main__: Epoch_loss: 4.345187187194824
2021-07-12 12:25:11 [INFO] __main__: Epoch_loss_reconstr: 3.866331100463867
2021-07-12 12:25:11 [INFO] __main__: Epoch_loss_border: 0
2021-07-12 12:25:11 [INFO] __main__: Epoch_loss_fct: 9.577122688293457
2021-07-12 12:25:11 [INFO] __main__: Duration: 0:00:09.714885
2021-07-12 12:25:11 [INFO] __main__: Training epoch 49
2021-07-12 12:25:20 [INFO] __main__: Epoch_loss: 4.410536766052246
2021-07-12 12:25:20 [INFO] __main__: Epoch_loss_reconstr: 3.8952629566192627
2021-07-12 12:25:20 [INFO] __main__: Epoch_loss_border: 0
2021-07-12 12:25:20 [INFO] __main__: Epoch_loss_fct: 10.30548095703125
2021-07-12 12:25:20 [INFO] __main__: Duration: 0:00:09.351915
