2021-07-05 14:51:54 [DEBUG] src.utils.config: Logger initialized
2021-07-05 14:51:54 [INFO] __main__: Training epoch 0
2021-07-05 14:52:05 [INFO] __main__: Epoch_loss: 5.836953639984131
2021-07-05 14:52:05 [INFO] __main__: Epoch_loss_reconstr: 4.941701412200928
2021-07-05 14:52:05 [INFO] __main__: Epoch_loss_border: 106.74999237060547
2021-07-05 14:52:05 [INFO] __main__: Epoch_loss_fct: 72.3004379272461
2021-07-05 14:52:05 [INFO] __main__: Duration: 0:00:10.972384
2021-07-05 14:52:05 [INFO] __main__: Training epoch 1
2021-07-05 14:52:17 [INFO] __main__: Epoch_loss: 5.1966423988342285
2021-07-05 14:52:17 [INFO] __main__: Epoch_loss_reconstr: 4.415937423706055
2021-07-05 14:52:17 [INFO] __main__: Epoch_loss_border: 100.15687561035156
2021-07-05 14:52:17 [INFO] __main__: Epoch_loss_fct: 55.98434829711914
2021-07-05 14:52:17 [INFO] __main__: Duration: 0:00:12.398908
2021-07-05 14:52:17 [INFO] __main__: Training epoch 2
2021-07-05 14:52:29 [INFO] __main__: Epoch_loss: 4.941292762756348
2021-07-05 14:52:29 [INFO] __main__: Epoch_loss_reconstr: 4.260628700256348
2021-07-05 14:52:29 [INFO] __main__: Epoch_loss_border: 91.95362091064453
2021-07-05 14:52:29 [INFO] __main__: Epoch_loss_fct: 44.17927932739258
2021-07-05 14:52:29 [INFO] __main__: Duration: 0:00:11.865653
2021-07-05 14:52:29 [INFO] __main__: Training epoch 3
2021-07-05 14:52:41 [INFO] __main__: Epoch_loss: 4.773853302001953
2021-07-05 14:52:41 [INFO] __main__: Epoch_loss_reconstr: 4.220706939697266
2021-07-05 14:52:41 [INFO] __main__: Epoch_loss_border: 79.22440338134766
2021-07-05 14:52:41 [INFO] __main__: Epoch_loss_fct: 31.40486717224121
2021-07-05 14:52:41 [INFO] __main__: Duration: 0:00:11.632610
2021-07-05 14:52:41 [INFO] __main__: Training epoch 4
2021-07-05 14:52:53 [INFO] __main__: Epoch_loss: 4.6916985511779785
2021-07-05 14:52:53 [INFO] __main__: Epoch_loss_reconstr: 4.212481498718262
2021-07-05 14:52:53 [INFO] __main__: Epoch_loss_border: 76.39166259765625
2021-07-05 14:52:53 [INFO] __main__: Epoch_loss_fct: 19.451705932617188
2021-07-05 14:52:53 [INFO] __main__: Duration: 0:00:12.315635
2021-07-05 14:52:53 [INFO] __main__: Training epoch 5
2021-07-05 14:53:05 [INFO] __main__: Epoch_loss: 4.642165660858154
2021-07-05 14:53:05 [INFO] __main__: Epoch_loss_reconstr: 4.210172176361084
2021-07-05 14:53:05 [INFO] __main__: Epoch_loss_border: 73.22987365722656
2021-07-05 14:53:05 [INFO] __main__: Epoch_loss_fct: 13.168787956237793
2021-07-05 14:53:05 [INFO] __main__: Duration: 0:00:11.581764
2021-07-05 14:53:05 [INFO] __main__: Training epoch 6
2021-07-05 14:53:17 [INFO] __main__: Epoch_loss: 4.609999656677246
2021-07-05 14:53:17 [INFO] __main__: Epoch_loss_reconstr: 4.209232807159424
2021-07-05 14:53:17 [INFO] __main__: Epoch_loss_border: 71.18184661865234
2021-07-05 14:53:17 [INFO] __main__: Epoch_loss_fct: 8.971362113952637
2021-07-05 14:53:17 [INFO] __main__: Duration: 0:00:11.693670
2021-07-05 14:53:17 [INFO] __main__: Training epoch 7
2021-07-05 14:53:28 [INFO] __main__: Epoch_loss: 4.567442893981934
2021-07-05 14:53:28 [INFO] __main__: Epoch_loss_reconstr: 4.209670066833496
2021-07-05 14:53:28 [INFO] __main__: Epoch_loss_border: 65.52007293701172
2021-07-05 14:53:28 [INFO] __main__: Epoch_loss_fct: 6.034240245819092
2021-07-05 14:53:28 [INFO] __main__: Duration: 0:00:11.784741
2021-07-05 14:53:28 [INFO] __main__: Training epoch 8
2021-07-05 14:53:40 [INFO] __main__: Epoch_loss: 4.566461563110352
2021-07-05 14:53:40 [INFO] __main__: Epoch_loss_reconstr: 4.209506511688232
2021-07-05 14:53:40 [INFO] __main__: Epoch_loss_border: 67.34662628173828
2021-07-05 14:53:40 [INFO] __main__: Epoch_loss_fct: 4.044596195220947
2021-07-05 14:53:40 [INFO] __main__: Duration: 0:00:11.478513
2021-07-05 14:53:40 [INFO] __main__: Training epoch 9
2021-07-05 14:53:51 [INFO] __main__: Epoch_loss: 4.543356895446777
2021-07-05 14:53:51 [INFO] __main__: Epoch_loss_reconstr: 4.208280563354492
2021-07-05 14:53:51 [INFO] __main__: Epoch_loss_border: 63.20442581176758
2021-07-05 14:53:51 [INFO] __main__: Epoch_loss_fct: 3.8110766410827637
2021-07-05 14:53:51 [INFO] __main__: Duration: 0:00:11.573703
2021-07-05 14:53:51 [INFO] __main__: Training epoch 10
2021-07-05 14:54:03 [INFO] __main__: Epoch_loss: 4.524796009063721
2021-07-05 14:54:03 [INFO] __main__: Epoch_loss_reconstr: 4.207330226898193
2021-07-05 14:54:03 [INFO] __main__: Epoch_loss_border: 60.079586029052734
2021-07-05 14:54:03 [INFO] __main__: Epoch_loss_fct: 3.4133973121643066
2021-07-05 14:54:03 [INFO] __main__: Duration: 0:00:11.567495
2021-07-05 14:54:03 [INFO] __main__: Training epoch 11
2021-07-05 14:54:14 [INFO] __main__: Epoch_loss: 4.515984058380127
2021-07-05 14:54:14 [INFO] __main__: Epoch_loss_reconstr: 4.205406188964844
2021-07-05 14:54:14 [INFO] __main__: Epoch_loss_border: 58.85586929321289
2021-07-05 14:54:14 [INFO] __main__: Epoch_loss_fct: 3.259917974472046
2021-07-05 14:54:14 [INFO] __main__: Duration: 0:00:11.508854
2021-07-05 14:54:14 [INFO] __main__: Training epoch 12
2021-07-05 14:54:26 [INFO] __main__: Epoch_loss: 4.520615100860596
2021-07-05 14:54:26 [INFO] __main__: Epoch_loss_reconstr: 4.2037153244018555
2021-07-05 14:54:26 [INFO] __main__: Epoch_loss_border: 59.60541534423828
2021-07-05 14:54:26 [INFO] __main__: Epoch_loss_fct: 3.7745468616485596
2021-07-05 14:54:26 [INFO] __main__: Duration: 0:00:11.592676
2021-07-05 14:54:26 [INFO] __main__: Training epoch 13
2021-07-05 14:54:38 [INFO] __main__: Epoch_loss: 4.507516384124756
2021-07-05 14:54:38 [INFO] __main__: Epoch_loss_reconstr: 4.203413486480713
2021-07-05 14:54:38 [INFO] __main__: Epoch_loss_border: 57.18488311767578
2021-07-05 14:54:38 [INFO] __main__: Epoch_loss_fct: 3.635659694671631
2021-07-05 14:54:38 [INFO] __main__: Duration: 0:00:11.492853
2021-07-05 14:54:38 [INFO] __main__: Training epoch 14
2021-07-05 14:54:49 [INFO] __main__: Epoch_loss: 4.544965744018555
2021-07-05 14:54:49 [INFO] __main__: Epoch_loss_reconstr: 4.201713562011719
2021-07-05 14:54:49 [INFO] __main__: Epoch_loss_border: 63.34600067138672
2021-07-05 14:54:49 [INFO] __main__: Epoch_loss_fct: 5.304344654083252
2021-07-05 14:54:49 [INFO] __main__: Duration: 0:00:11.465062
2021-07-05 14:54:49 [INFO] __main__: Training epoch 15
2021-07-05 14:55:01 [INFO] __main__: Epoch_loss: 4.503403663635254
2021-07-05 14:55:01 [INFO] __main__: Epoch_loss_reconstr: 4.19773530960083
2021-07-05 14:55:01 [INFO] __main__: Epoch_loss_border: 55.76873779296875
2021-07-05 14:55:01 [INFO] __main__: Epoch_loss_fct: 5.36489200592041
2021-07-05 14:55:01 [INFO] __main__: Duration: 0:00:11.524914
2021-07-05 14:55:01 [INFO] __main__: Training epoch 16
2021-07-05 14:55:12 [INFO] __main__: Epoch_loss: 4.500895023345947
2021-07-05 14:55:12 [INFO] __main__: Epoch_loss_reconstr: 4.200782775878906
2021-07-05 14:55:12 [INFO] __main__: Epoch_loss_border: 54.96327590942383
2021-07-05 14:55:12 [INFO] __main__: Epoch_loss_fct: 5.059207439422607
2021-07-05 14:55:12 [INFO] __main__: Duration: 0:00:11.508342
2021-07-05 14:55:12 [INFO] __main__: Training epoch 17
2021-07-05 14:55:25 [INFO] __main__: Epoch_loss: 4.497781753540039
2021-07-05 14:55:25 [INFO] __main__: Epoch_loss_reconstr: 4.198884963989258
2021-07-05 14:55:25 [INFO] __main__: Epoch_loss_border: 55.462520599365234
2021-07-05 14:55:25 [INFO] __main__: Epoch_loss_fct: 4.316890716552734
2021-07-05 14:55:25 [INFO] __main__: Duration: 0:00:12.759112
2021-07-05 14:55:25 [INFO] __main__: Training epoch 18
2021-07-05 14:55:36 [INFO] __main__: Epoch_loss: 4.511510372161865
2021-07-05 14:55:36 [INFO] __main__: Epoch_loss_reconstr: 4.198049545288086
2021-07-05 14:55:36 [INFO] __main__: Epoch_loss_border: 58.82325744628906
2021-07-05 14:55:36 [INFO] __main__: Epoch_loss_fct: 3.868803024291992
2021-07-05 14:55:36 [INFO] __main__: Duration: 0:00:11.490650
2021-07-05 14:55:36 [INFO] __main__: Training epoch 19
2021-07-05 14:55:50 [INFO] __main__: Epoch_loss: 4.4821929931640625
2021-07-05 14:55:50 [INFO] __main__: Epoch_loss_reconstr: 4.197514057159424
2021-07-05 14:55:50 [INFO] __main__: Epoch_loss_border: 52.64937210083008
2021-07-05 14:55:50 [INFO] __main__: Epoch_loss_fct: 4.286753177642822
2021-07-05 14:55:50 [INFO] __main__: Duration: 0:00:13.274849
2021-07-05 14:55:50 [INFO] __main__: Training epoch 20
2021-07-05 14:56:02 [INFO] __main__: Epoch_loss: 4.477707386016846
2021-07-05 14:56:02 [INFO] __main__: Epoch_loss_reconstr: 4.198718547821045
2021-07-05 14:56:02 [INFO] __main__: Epoch_loss_border: 51.46411895751953
2021-07-05 14:56:02 [INFO] __main__: Epoch_loss_fct: 4.333446979522705
2021-07-05 14:56:02 [INFO] __main__: Duration: 0:00:11.998325
2021-07-05 14:56:02 [INFO] __main__: Training epoch 21
2021-07-05 14:56:13 [INFO] __main__: Epoch_loss: 4.462740421295166
2021-07-05 14:56:13 [INFO] __main__: Epoch_loss_reconstr: 4.196927070617676
2021-07-05 14:56:13 [INFO] __main__: Epoch_loss_border: 48.387474060058594
2021-07-05 14:56:13 [INFO] __main__: Epoch_loss_fct: 4.775144100189209
2021-07-05 14:56:13 [INFO] __main__: Duration: 0:00:11.662103
2021-07-05 14:56:13 [INFO] __main__: Training epoch 22
2021-07-05 14:56:25 [INFO] __main__: Epoch_loss: 4.4815993309021
2021-07-05 14:56:25 [INFO] __main__: Epoch_loss_reconstr: 4.200189113616943
2021-07-05 14:56:25 [INFO] __main__: Epoch_loss_border: 51.10159683227539
2021-07-05 14:56:25 [INFO] __main__: Epoch_loss_fct: 5.180388450622559
2021-07-05 14:56:25 [INFO] __main__: Duration: 0:00:11.668005
2021-07-05 14:56:25 [INFO] __main__: Training epoch 23
2021-07-05 14:56:36 [INFO] __main__: Epoch_loss: 4.488391399383545
2021-07-05 14:56:36 [INFO] __main__: Epoch_loss_reconstr: 4.200951099395752
2021-07-05 14:56:36 [INFO] __main__: Epoch_loss_border: 53.68327713012695
2021-07-05 14:56:36 [INFO] __main__: Epoch_loss_fct: 3.804853677749634
2021-07-05 14:56:36 [INFO] __main__: Duration: 0:00:11.594486
2021-07-05 14:56:36 [INFO] __main__: Training epoch 24
2021-07-05 14:56:48 [INFO] __main__: Epoch_loss: 4.481600761413574
2021-07-05 14:56:48 [INFO] __main__: Epoch_loss_reconstr: 4.198849201202393
2021-07-05 14:56:48 [INFO] __main__: Epoch_loss_border: 52.10255432128906
2021-07-05 14:56:48 [INFO] __main__: Epoch_loss_fct: 4.447744846343994
2021-07-05 14:56:48 [INFO] __main__: Duration: 0:00:11.677838
2021-07-05 14:56:48 [INFO] __main__: Training epoch 25
2021-07-05 14:57:00 [INFO] __main__: Epoch_loss: 4.4910688400268555
2021-07-05 14:57:00 [INFO] __main__: Epoch_loss_reconstr: 4.199645042419434
2021-07-05 14:57:00 [INFO] __main__: Epoch_loss_border: 51.772987365722656
2021-07-05 14:57:00 [INFO] __main__: Epoch_loss_fct: 6.511612415313721
2021-07-05 14:57:00 [INFO] __main__: Duration: 0:00:11.623301
2021-07-05 14:57:00 [INFO] __main__: Training epoch 26
2021-07-05 14:57:12 [INFO] __main__: Epoch_loss: 4.514698028564453
2021-07-05 14:57:12 [INFO] __main__: Epoch_loss_reconstr: 4.201595306396484
2021-07-05 14:57:12 [INFO] __main__: Epoch_loss_border: 50.472251892089844
2021-07-05 14:57:12 [INFO] __main__: Epoch_loss_fct: 12.148184776306152
2021-07-05 14:57:12 [INFO] __main__: Duration: 0:00:12.652486
2021-07-05 14:57:12 [INFO] __main__: Training epoch 27
2021-07-05 14:57:24 [INFO] __main__: Epoch_loss: 4.502296447753906
2021-07-05 14:57:24 [INFO] __main__: Epoch_loss_reconstr: 4.197155952453613
2021-07-05 14:57:24 [INFO] __main__: Epoch_loss_border: 52.418922424316406
2021-07-05 14:57:24 [INFO] __main__: Epoch_loss_fct: 8.609259605407715
2021-07-05 14:57:24 [INFO] __main__: Duration: 0:00:11.638108
2021-07-05 14:57:24 [INFO] __main__: Training epoch 28
2021-07-05 14:57:36 [INFO] __main__: Epoch_loss: 4.461870193481445
2021-07-05 14:57:36 [INFO] __main__: Epoch_loss_reconstr: 4.19757080078125
2021-07-05 14:57:36 [INFO] __main__: Epoch_loss_border: 47.058956146240234
2021-07-05 14:57:36 [INFO] __main__: Epoch_loss_fct: 5.800934314727783
2021-07-05 14:57:36 [INFO] __main__: Duration: 0:00:12.200019
2021-07-05 14:57:36 [INFO] __main__: Training epoch 29
2021-07-05 14:57:48 [INFO] __main__: Epoch_loss: 4.44780158996582
2021-07-05 14:57:48 [INFO] __main__: Epoch_loss_reconstr: 4.196633815765381
2021-07-05 14:57:48 [INFO] __main__: Epoch_loss_border: 45.271270751953125
2021-07-05 14:57:48 [INFO] __main__: Epoch_loss_fct: 4.962210178375244
2021-07-05 14:57:48 [INFO] __main__: Duration: 0:00:12.030320
2021-07-05 14:57:48 [INFO] __main__: Training epoch 30
2021-07-05 14:58:00 [INFO] __main__: Epoch_loss: 4.439109802246094
2021-07-05 14:58:00 [INFO] __main__: Epoch_loss_reconstr: 4.196437835693359
2021-07-05 14:58:00 [INFO] __main__: Epoch_loss_border: 44.332763671875
2021-07-05 14:58:00 [INFO] __main__: Epoch_loss_fct: 4.201609134674072
2021-07-05 14:58:00 [INFO] __main__: Duration: 0:00:11.758099
2021-07-05 14:58:00 [INFO] __main__: Training epoch 31
2021-07-05 14:58:13 [INFO] __main__: Epoch_loss: 4.4634246826171875
2021-07-05 14:58:13 [INFO] __main__: Epoch_loss_reconstr: 4.196108341217041
2021-07-05 14:58:13 [INFO] __main__: Epoch_loss_border: 48.88764190673828
2021-07-05 14:58:13 [INFO] __main__: Epoch_loss_fct: 4.575573444366455
2021-07-05 14:58:13 [INFO] __main__: Duration: 0:00:12.547331
2021-07-05 14:58:13 [INFO] __main__: Training epoch 32
2021-07-05 14:58:24 [INFO] __main__: Epoch_loss: 4.457545757293701
2021-07-05 14:58:24 [INFO] __main__: Epoch_loss_reconstr: 4.194711685180664
2021-07-05 14:58:24 [INFO] __main__: Epoch_loss_border: 47.7625846862793
2021-07-05 14:58:24 [INFO] __main__: Epoch_loss_fct: 4.804056167602539
2021-07-05 14:58:24 [INFO] __main__: Duration: 0:00:11.733668
2021-07-05 14:58:24 [INFO] __main__: Training epoch 33
2021-07-05 14:58:36 [INFO] __main__: Epoch_loss: 4.431351661682129
2021-07-05 14:58:36 [INFO] __main__: Epoch_loss_reconstr: 4.196054458618164
2021-07-05 14:58:36 [INFO] __main__: Epoch_loss_border: 43.04789352416992
2021-07-05 14:58:36 [INFO] __main__: Epoch_loss_fct: 4.011476039886475
2021-07-05 14:58:36 [INFO] __main__: Duration: 0:00:11.785961
2021-07-05 14:58:36 [INFO] __main__: Training epoch 34
2021-07-05 14:58:48 [INFO] __main__: Epoch_loss: 4.450181484222412
2021-07-05 14:58:48 [INFO] __main__: Epoch_loss_reconstr: 4.196482181549072
2021-07-05 14:58:48 [INFO] __main__: Epoch_loss_border: 46.1453857421875
2021-07-05 14:58:48 [INFO] __main__: Epoch_loss_fct: 4.59440279006958
2021-07-05 14:58:48 [INFO] __main__: Duration: 0:00:11.919300
2021-07-05 14:58:48 [INFO] __main__: Training epoch 35
2021-07-05 14:59:00 [INFO] __main__: Epoch_loss: 4.484933853149414
2021-07-05 14:59:00 [INFO] __main__: Epoch_loss_reconstr: 4.203181743621826
2021-07-05 14:59:00 [INFO] __main__: Epoch_loss_border: 46.48997497558594
2021-07-05 14:59:00 [INFO] __main__: Epoch_loss_fct: 9.860416412353516
2021-07-05 14:59:00 [INFO] __main__: Duration: 0:00:12.419224
2021-07-05 14:59:00 [INFO] __main__: Training epoch 36
2021-07-05 14:59:12 [INFO] __main__: Epoch_loss: 4.473878860473633
2021-07-05 14:59:12 [INFO] __main__: Epoch_loss_reconstr: 4.196601867675781
2021-07-05 14:59:12 [INFO] __main__: Epoch_loss_border: 48.255653381347656
2021-07-05 14:59:12 [INFO] __main__: Epoch_loss_fct: 7.199648380279541
2021-07-05 14:59:12 [INFO] __main__: Duration: 0:00:11.774822
2021-07-05 14:59:12 [INFO] __main__: Training epoch 37
2021-07-05 14:59:24 [INFO] __main__: Epoch_loss: 4.445854663848877
2021-07-05 14:59:24 [INFO] __main__: Epoch_loss_reconstr: 4.193743705749512
2021-07-05 14:59:24 [INFO] __main__: Epoch_loss_border: 42.924617767333984
2021-07-05 14:59:24 [INFO] __main__: Epoch_loss_fct: 7.4974541664123535
2021-07-05 14:59:24 [INFO] __main__: Duration: 0:00:11.933870
2021-07-05 14:59:24 [INFO] __main__: Training epoch 38
2021-07-05 14:59:36 [INFO] __main__: Epoch_loss: 4.465017795562744
2021-07-05 14:59:36 [INFO] __main__: Epoch_loss_reconstr: 4.190295696258545
2021-07-05 14:59:36 [INFO] __main__: Epoch_loss_border: 44.6628303527832
2021-07-05 14:59:36 [INFO] __main__: Epoch_loss_fct: 10.281855583190918
2021-07-05 14:59:36 [INFO] __main__: Duration: 0:00:11.839506
2021-07-05 14:59:36 [INFO] __main__: Training epoch 39
2021-07-05 14:59:48 [INFO] __main__: Epoch_loss: 4.453667163848877
2021-07-05 14:59:48 [INFO] __main__: Epoch_loss_reconstr: 4.200289726257324
2021-07-05 14:59:48 [INFO] __main__: Epoch_loss_border: 42.37731170654297
2021-07-05 14:59:48 [INFO] __main__: Epoch_loss_fct: 8.298066139221191
2021-07-05 14:59:48 [INFO] __main__: Duration: 0:00:11.841773
2021-07-05 14:59:48 [INFO] __main__: Training epoch 40
2021-07-05 15:00:00 [INFO] __main__: Epoch_loss: 4.458596229553223
2021-07-05 15:00:00 [INFO] __main__: Epoch_loss_reconstr: 4.198522090911865
2021-07-05 15:00:00 [INFO] __main__: Epoch_loss_border: 45.566314697265625
2021-07-05 15:00:00 [INFO] __main__: Epoch_loss_fct: 6.448441505432129
2021-07-05 15:00:00 [INFO] __main__: Duration: 0:00:11.881023
2021-07-05 15:00:00 [INFO] __main__: Training epoch 41
2021-07-05 15:00:11 [INFO] __main__: Epoch_loss: 4.467257976531982
2021-07-05 15:00:11 [INFO] __main__: Epoch_loss_reconstr: 4.196809768676758
2021-07-05 15:00:11 [INFO] __main__: Epoch_loss_border: 48.297637939453125
2021-07-05 15:00:11 [INFO] __main__: Epoch_loss_fct: 5.791952610015869
2021-07-05 15:00:11 [INFO] __main__: Duration: 0:00:11.702131
2021-07-05 15:00:11 [INFO] __main__: Training epoch 42
2021-07-05 15:00:23 [INFO] __main__: Epoch_loss: 4.423684120178223
2021-07-05 15:00:23 [INFO] __main__: Epoch_loss_reconstr: 4.196691036224365
2021-07-05 15:00:23 [INFO] __main__: Epoch_loss_border: 40.03652572631836
2021-07-05 15:00:23 [INFO] __main__: Epoch_loss_fct: 5.362144947052002
2021-07-05 15:00:23 [INFO] __main__: Duration: 0:00:11.818599
2021-07-05 15:00:23 [INFO] __main__: Training epoch 43
2021-07-05 15:00:36 [INFO] __main__: Epoch_loss: 4.435464859008789
2021-07-05 15:00:36 [INFO] __main__: Epoch_loss_reconstr: 4.196659088134766
2021-07-05 15:00:36 [INFO] __main__: Epoch_loss_border: 42.704837799072266
2021-07-05 15:00:36 [INFO] __main__: Epoch_loss_fct: 5.056491851806641
2021-07-05 15:00:36 [INFO] __main__: Duration: 0:00:12.761664
2021-07-05 15:00:36 [INFO] __main__: Training epoch 44
2021-07-05 15:00:49 [INFO] __main__: Epoch_loss: 4.427635192871094
2021-07-05 15:00:49 [INFO] __main__: Epoch_loss_reconstr: 4.196089744567871
2021-07-05 15:00:49 [INFO] __main__: Epoch_loss_border: 41.56040573120117
2021-07-05 15:00:49 [INFO] __main__: Epoch_loss_fct: 4.748554229736328
2021-07-05 15:00:49 [INFO] __main__: Duration: 0:00:13.026807
2021-07-05 15:00:49 [INFO] __main__: Training epoch 45
2021-07-05 15:01:02 [INFO] __main__: Epoch_loss: 4.442896842956543
2021-07-05 15:01:02 [INFO] __main__: Epoch_loss_reconstr: 4.19487190246582
2021-07-05 15:01:02 [INFO] __main__: Epoch_loss_border: 44.552284240722656
2021-07-05 15:01:02 [INFO] __main__: Epoch_loss_fct: 5.052538871765137
2021-07-05 15:01:02 [INFO] __main__: Duration: 0:00:12.452075
2021-07-05 15:01:02 [INFO] __main__: Training epoch 46
2021-07-05 15:01:14 [INFO] __main__: Epoch_loss: 4.420125961303711
2021-07-05 15:01:14 [INFO] __main__: Epoch_loss_reconstr: 4.191094875335693
2021-07-05 15:01:14 [INFO] __main__: Epoch_loss_border: 39.58576965332031
2021-07-05 15:01:14 [INFO] __main__: Epoch_loss_fct: 6.220432281494141
2021-07-05 15:01:14 [INFO] __main__: Duration: 0:00:12.273773
2021-07-05 15:01:14 [INFO] __main__: Training epoch 47
2021-07-05 15:01:26 [INFO] __main__: Epoch_loss: 4.426977157592773
2021-07-05 15:01:26 [INFO] __main__: Epoch_loss_reconstr: 4.1952595710754395
2021-07-05 15:01:26 [INFO] __main__: Epoch_loss_border: 40.69035720825195
2021-07-05 15:01:26 [INFO] __main__: Epoch_loss_fct: 5.653079986572266
2021-07-05 15:01:26 [INFO] __main__: Duration: 0:00:11.954936
2021-07-05 15:01:26 [INFO] __main__: Training epoch 48
2021-07-05 15:01:38 [INFO] __main__: Epoch_loss: 4.429941654205322
2021-07-05 15:01:38 [INFO] __main__: Epoch_loss_reconstr: 4.196716785430908
2021-07-05 15:01:38 [INFO] __main__: Epoch_loss_border: 41.28897476196289
2021-07-05 15:01:38 [INFO] __main__: Epoch_loss_fct: 5.356027126312256
2021-07-05 15:01:38 [INFO] __main__: Duration: 0:00:12.432965
2021-07-05 15:01:38 [INFO] __main__: Training epoch 49
2021-07-05 15:01:50 [INFO] __main__: Epoch_loss: 4.429678916931152
2021-07-05 15:01:50 [INFO] __main__: Epoch_loss_reconstr: 4.195283889770508
2021-07-05 15:01:50 [INFO] __main__: Epoch_loss_border: 41.88268280029297
2021-07-05 15:01:50 [INFO] __main__: Epoch_loss_fct: 4.996342182159424
2021-07-05 15:01:50 [INFO] __main__: Duration: 0:00:12.099992
