2021-07-12 12:03:25 [DEBUG] src.utils.config: Logger initialized
2021-07-12 12:03:25 [INFO] __main__: Training epoch 0
2021-07-12 12:03:27 [INFO] __main__: Epoch_loss: 6.5425825119018555
2021-07-12 12:03:27 [INFO] __main__: Epoch_loss_reconstr: 4.960628032684326
2021-07-12 12:03:27 [INFO] __main__: Epoch_loss_border: 316.3908996582031
2021-07-12 12:03:27 [INFO] __main__: Epoch_loss_fct: 0
2021-07-12 12:03:27 [INFO] __main__: Duration: 0:00:02.015401
2021-07-12 12:03:27 [INFO] __main__: Training epoch 1
2021-07-12 12:03:29 [INFO] __main__: Epoch_loss: 5.930825710296631
2021-07-12 12:03:29 [INFO] __main__: Epoch_loss_reconstr: 4.4852399826049805
2021-07-12 12:03:29 [INFO] __main__: Epoch_loss_border: 289.1173095703125
2021-07-12 12:03:29 [INFO] __main__: Epoch_loss_fct: 0
2021-07-12 12:03:29 [INFO] __main__: Duration: 0:00:02.038350
2021-07-12 12:03:29 [INFO] __main__: Training epoch 2
2021-07-12 12:03:31 [INFO] __main__: Epoch_loss: 5.859648704528809
2021-07-12 12:03:31 [INFO] __main__: Epoch_loss_reconstr: 4.378734111785889
2021-07-12 12:03:31 [INFO] __main__: Epoch_loss_border: 296.183349609375
2021-07-12 12:03:31 [INFO] __main__: Epoch_loss_fct: 0
2021-07-12 12:03:31 [INFO] __main__: Duration: 0:00:02.032086
2021-07-12 12:03:31 [INFO] __main__: Training epoch 3
2021-07-12 12:03:33 [INFO] __main__: Epoch_loss: 5.572748184204102
2021-07-12 12:03:33 [INFO] __main__: Epoch_loss_reconstr: 4.25149393081665
2021-07-12 12:03:33 [INFO] __main__: Epoch_loss_border: 264.250732421875
2021-07-12 12:03:33 [INFO] __main__: Epoch_loss_fct: 0
2021-07-12 12:03:33 [INFO] __main__: Duration: 0:00:02.032377
2021-07-12 12:03:33 [INFO] __main__: Training epoch 4
2021-07-12 12:03:35 [INFO] __main__: Epoch_loss: 5.351539611816406
2021-07-12 12:03:35 [INFO] __main__: Epoch_loss_reconstr: 4.001008033752441
2021-07-12 12:03:35 [INFO] __main__: Epoch_loss_border: 270.1063232421875
2021-07-12 12:03:35 [INFO] __main__: Epoch_loss_fct: 0
2021-07-12 12:03:35 [INFO] __main__: Duration: 0:00:02.031201
2021-07-12 12:03:35 [INFO] __main__: Training epoch 5
2021-07-12 12:03:37 [INFO] __main__: Epoch_loss: 5.076348781585693
2021-07-12 12:03:37 [INFO] __main__: Epoch_loss_reconstr: 3.7032792568206787
2021-07-12 12:03:37 [INFO] __main__: Epoch_loss_border: 274.61376953125
2021-07-12 12:03:37 [INFO] __main__: Epoch_loss_fct: 0
2021-07-12 12:03:37 [INFO] __main__: Duration: 0:00:02.032461
2021-07-12 12:03:37 [INFO] __main__: Training epoch 6
2021-07-12 12:03:39 [INFO] __main__: Epoch_loss: 4.712264537811279
2021-07-12 12:03:39 [INFO] __main__: Epoch_loss_reconstr: 3.376140832901001
2021-07-12 12:03:39 [INFO] __main__: Epoch_loss_border: 267.2250061035156
2021-07-12 12:03:39 [INFO] __main__: Epoch_loss_fct: 0
2021-07-12 12:03:39 [INFO] __main__: Duration: 0:00:02.033058
2021-07-12 12:03:39 [INFO] __main__: Training epoch 7
2021-07-12 12:03:41 [INFO] __main__: Epoch_loss: 4.485114097595215
2021-07-12 12:03:41 [INFO] __main__: Epoch_loss_reconstr: 3.162907123565674
2021-07-12 12:03:41 [INFO] __main__: Epoch_loss_border: 264.4413146972656
2021-07-12 12:03:41 [INFO] __main__: Epoch_loss_fct: 0
2021-07-12 12:03:41 [INFO] __main__: Duration: 0:00:02.030120
2021-07-12 12:03:41 [INFO] __main__: Training epoch 8
2021-07-12 12:03:43 [INFO] __main__: Epoch_loss: 4.405799865722656
2021-07-12 12:03:43 [INFO] __main__: Epoch_loss_reconstr: 3.094926357269287
2021-07-12 12:03:43 [INFO] __main__: Epoch_loss_border: 262.17474365234375
2021-07-12 12:03:43 [INFO] __main__: Epoch_loss_fct: 0
2021-07-12 12:03:43 [INFO] __main__: Duration: 0:00:02.031405
2021-07-12 12:03:43 [INFO] __main__: Training epoch 9
2021-07-12 12:03:45 [INFO] __main__: Epoch_loss: 4.276329517364502
2021-07-12 12:03:45 [INFO] __main__: Epoch_loss_reconstr: 3.019704580307007
2021-07-12 12:03:45 [INFO] __main__: Epoch_loss_border: 251.32493591308594
2021-07-12 12:03:45 [INFO] __main__: Epoch_loss_fct: 0
2021-07-12 12:03:45 [INFO] __main__: Duration: 0:00:02.031245
2021-07-12 12:03:45 [INFO] __main__: Training epoch 10
2021-07-12 12:03:47 [INFO] __main__: Epoch_loss: 4.27534294128418
2021-07-12 12:03:47 [INFO] __main__: Epoch_loss_reconstr: 2.950803756713867
2021-07-12 12:03:47 [INFO] __main__: Epoch_loss_border: 264.9078674316406
2021-07-12 12:03:47 [INFO] __main__: Epoch_loss_fct: 0
2021-07-12 12:03:47 [INFO] __main__: Duration: 0:00:02.042996
2021-07-12 12:03:47 [INFO] __main__: Training epoch 11
2021-07-12 12:03:49 [INFO] __main__: Epoch_loss: 4.052342414855957
2021-07-12 12:03:49 [INFO] __main__: Epoch_loss_reconstr: 2.828155517578125
2021-07-12 12:03:49 [INFO] __main__: Epoch_loss_border: 244.8372039794922
2021-07-12 12:03:49 [INFO] __main__: Epoch_loss_fct: 0
2021-07-12 12:03:49 [INFO] __main__: Duration: 0:00:02.031096
2021-07-12 12:03:49 [INFO] __main__: Training epoch 12
2021-07-12 12:03:51 [INFO] __main__: Epoch_loss: 4.086199760437012
2021-07-12 12:03:51 [INFO] __main__: Epoch_loss_reconstr: 2.838937997817993
2021-07-12 12:03:51 [INFO] __main__: Epoch_loss_border: 249.45254516601562
2021-07-12 12:03:51 [INFO] __main__: Epoch_loss_fct: 0
2021-07-12 12:03:51 [INFO] __main__: Duration: 0:00:02.043397
2021-07-12 12:03:51 [INFO] __main__: Training epoch 13
2021-07-12 12:03:53 [INFO] __main__: Epoch_loss: 3.983734130859375
2021-07-12 12:03:53 [INFO] __main__: Epoch_loss_reconstr: 2.7249860763549805
2021-07-12 12:03:53 [INFO] __main__: Epoch_loss_border: 251.74952697753906
2021-07-12 12:03:53 [INFO] __main__: Epoch_loss_fct: 0
2021-07-12 12:03:53 [INFO] __main__: Duration: 0:00:02.033900
2021-07-12 12:03:53 [INFO] __main__: Training epoch 14
2021-07-12 12:03:55 [INFO] __main__: Epoch_loss: 3.8926138877868652
2021-07-12 12:03:55 [INFO] __main__: Epoch_loss_reconstr: 2.5841052532196045
2021-07-12 12:03:55 [INFO] __main__: Epoch_loss_border: 261.7018737792969
2021-07-12 12:03:55 [INFO] __main__: Epoch_loss_fct: 0
2021-07-12 12:03:55 [INFO] __main__: Duration: 0:00:02.030841
2021-07-12 12:03:55 [INFO] __main__: Training epoch 15
2021-07-12 12:03:57 [INFO] __main__: Epoch_loss: 3.695950984954834
2021-07-12 12:03:57 [INFO] __main__: Epoch_loss_reconstr: 2.448772668838501
2021-07-12 12:03:57 [INFO] __main__: Epoch_loss_border: 249.4358367919922
2021-07-12 12:03:57 [INFO] __main__: Epoch_loss_fct: 0
2021-07-12 12:03:57 [INFO] __main__: Duration: 0:00:02.030256
2021-07-12 12:03:57 [INFO] __main__: Training epoch 16
2021-07-12 12:03:59 [INFO] __main__: Epoch_loss: 3.397099018096924
2021-07-12 12:03:59 [INFO] __main__: Epoch_loss_reconstr: 2.2694242000579834
2021-07-12 12:03:59 [INFO] __main__: Epoch_loss_border: 225.5349578857422
2021-07-12 12:03:59 [INFO] __main__: Epoch_loss_fct: 0
2021-07-12 12:03:59 [INFO] __main__: Duration: 0:00:02.031174
2021-07-12 12:03:59 [INFO] __main__: Training epoch 17
2021-07-12 12:04:02 [INFO] __main__: Epoch_loss: 3.3908708095550537
2021-07-12 12:04:02 [INFO] __main__: Epoch_loss_reconstr: 2.1533918380737305
2021-07-12 12:04:02 [INFO] __main__: Epoch_loss_border: 247.49595642089844
2021-07-12 12:04:02 [INFO] __main__: Epoch_loss_fct: 0
2021-07-12 12:04:02 [INFO] __main__: Duration: 0:00:02.031130
2021-07-12 12:04:02 [INFO] __main__: Training epoch 18
2021-07-12 12:04:04 [INFO] __main__: Epoch_loss: 3.3471622467041016
2021-07-12 12:04:04 [INFO] __main__: Epoch_loss_reconstr: 2.200507164001465
2021-07-12 12:04:04 [INFO] __main__: Epoch_loss_border: 229.33114624023438
2021-07-12 12:04:04 [INFO] __main__: Epoch_loss_fct: 0
2021-07-12 12:04:04 [INFO] __main__: Duration: 0:00:02.031137
2021-07-12 12:04:04 [INFO] __main__: Training epoch 19
2021-07-12 12:04:06 [INFO] __main__: Epoch_loss: 3.3106892108917236
2021-07-12 12:04:06 [INFO] __main__: Epoch_loss_reconstr: 2.1685922145843506
2021-07-12 12:04:06 [INFO] __main__: Epoch_loss_border: 228.41946411132812
2021-07-12 12:04:06 [INFO] __main__: Epoch_loss_fct: 0
2021-07-12 12:04:06 [INFO] __main__: Duration: 0:00:02.030280
2021-07-12 12:04:06 [INFO] __main__: Training epoch 20
2021-07-12 12:04:08 [INFO] __main__: Epoch_loss: 3.346635103225708
2021-07-12 12:04:08 [INFO] __main__: Epoch_loss_reconstr: 2.122192621231079
2021-07-12 12:04:08 [INFO] __main__: Epoch_loss_border: 244.88845825195312
2021-07-12 12:04:08 [INFO] __main__: Epoch_loss_fct: 0
2021-07-12 12:04:08 [INFO] __main__: Duration: 0:00:02.031055
2021-07-12 12:04:08 [INFO] __main__: Training epoch 21
2021-07-12 12:04:10 [INFO] __main__: Epoch_loss: 3.206392526626587
2021-07-12 12:04:10 [INFO] __main__: Epoch_loss_reconstr: 2.0976831912994385
2021-07-12 12:04:10 [INFO] __main__: Epoch_loss_border: 221.74180603027344
2021-07-12 12:04:10 [INFO] __main__: Epoch_loss_fct: 0
2021-07-12 12:04:10 [INFO] __main__: Duration: 0:00:02.031520
2021-07-12 12:04:10 [INFO] __main__: Training epoch 22
2021-07-12 12:04:12 [INFO] __main__: Epoch_loss: 3.034670352935791
2021-07-12 12:04:12 [INFO] __main__: Epoch_loss_reconstr: 2.034874439239502
2021-07-12 12:04:12 [INFO] __main__: Epoch_loss_border: 199.9591522216797
2021-07-12 12:04:12 [INFO] __main__: Epoch_loss_fct: 0
2021-07-12 12:04:12 [INFO] __main__: Duration: 0:00:02.031532
2021-07-12 12:04:12 [INFO] __main__: Training epoch 23
2021-07-12 12:04:14 [INFO] __main__: Epoch_loss: 2.8984498977661133
2021-07-12 12:04:14 [INFO] __main__: Epoch_loss_reconstr: 1.9268509149551392
2021-07-12 12:04:14 [INFO] __main__: Epoch_loss_border: 194.3197784423828
2021-07-12 12:04:14 [INFO] __main__: Epoch_loss_fct: 0
2021-07-12 12:04:14 [INFO] __main__: Duration: 0:00:02.032400
2021-07-12 12:04:14 [INFO] __main__: Training epoch 24
2021-07-12 12:04:16 [INFO] __main__: Epoch_loss: 2.9659829139709473
2021-07-12 12:04:16 [INFO] __main__: Epoch_loss_reconstr: 1.8777257204055786
2021-07-12 12:04:16 [INFO] __main__: Epoch_loss_border: 217.6515655517578
2021-07-12 12:04:16 [INFO] __main__: Epoch_loss_fct: 0
2021-07-12 12:04:16 [INFO] __main__: Duration: 0:00:02.030032
2021-07-12 12:04:16 [INFO] __main__: Training epoch 25
2021-07-12 12:04:18 [INFO] __main__: Epoch_loss: 2.9819345474243164
2021-07-12 12:04:18 [INFO] __main__: Epoch_loss_reconstr: 1.9430427551269531
2021-07-12 12:04:18 [INFO] __main__: Epoch_loss_border: 207.7783660888672
2021-07-12 12:04:18 [INFO] __main__: Epoch_loss_fct: 0
2021-07-12 12:04:18 [INFO] __main__: Duration: 0:00:02.031143
2021-07-12 12:04:18 [INFO] __main__: Training epoch 26
2021-07-12 12:04:20 [INFO] __main__: Epoch_loss: 2.846437454223633
2021-07-12 12:04:20 [INFO] __main__: Epoch_loss_reconstr: 1.8408443927764893
2021-07-12 12:04:20 [INFO] __main__: Epoch_loss_border: 201.11871337890625
2021-07-12 12:04:20 [INFO] __main__: Epoch_loss_fct: 0
2021-07-12 12:04:20 [INFO] __main__: Duration: 0:00:02.031870
2021-07-12 12:04:20 [INFO] __main__: Training epoch 27
2021-07-12 12:04:22 [INFO] __main__: Epoch_loss: 2.761267900466919
2021-07-12 12:04:22 [INFO] __main__: Epoch_loss_reconstr: 1.7530663013458252
2021-07-12 12:04:22 [INFO] __main__: Epoch_loss_border: 201.640380859375
2021-07-12 12:04:22 [INFO] __main__: Epoch_loss_fct: 0
2021-07-12 12:04:22 [INFO] __main__: Duration: 0:00:02.045561
2021-07-12 12:04:22 [INFO] __main__: Training epoch 28
2021-07-12 12:04:24 [INFO] __main__: Epoch_loss: 2.79255747795105
2021-07-12 12:04:24 [INFO] __main__: Epoch_loss_reconstr: 1.7484530210494995
2021-07-12 12:04:24 [INFO] __main__: Epoch_loss_border: 208.8208770751953
2021-07-12 12:04:24 [INFO] __main__: Epoch_loss_fct: 0
2021-07-12 12:04:24 [INFO] __main__: Duration: 0:00:02.032323
2021-07-12 12:04:24 [INFO] __main__: Training epoch 29
2021-07-12 12:04:26 [INFO] __main__: Epoch_loss: 2.6823065280914307
2021-07-12 12:04:26 [INFO] __main__: Epoch_loss_reconstr: 1.7196866273880005
2021-07-12 12:04:26 [INFO] __main__: Epoch_loss_border: 192.5240478515625
2021-07-12 12:04:26 [INFO] __main__: Epoch_loss_fct: 0
2021-07-12 12:04:26 [INFO] __main__: Duration: 0:00:02.031871
2021-07-12 12:04:26 [INFO] __main__: Training epoch 30
2021-07-12 12:04:28 [INFO] __main__: Epoch_loss: 2.7061245441436768
2021-07-12 12:04:28 [INFO] __main__: Epoch_loss_reconstr: 1.7030208110809326
2021-07-12 12:04:28 [INFO] __main__: Epoch_loss_border: 200.62075805664062
2021-07-12 12:04:28 [INFO] __main__: Epoch_loss_fct: 0
2021-07-12 12:04:28 [INFO] __main__: Duration: 0:00:02.030848
2021-07-12 12:04:28 [INFO] __main__: Training epoch 31
2021-07-12 12:04:30 [INFO] __main__: Epoch_loss: 2.680737018585205
2021-07-12 12:04:30 [INFO] __main__: Epoch_loss_reconstr: 1.6304627656936646
2021-07-12 12:04:30 [INFO] __main__: Epoch_loss_border: 210.05484008789062
2021-07-12 12:04:30 [INFO] __main__: Epoch_loss_fct: 0
2021-07-12 12:04:30 [INFO] __main__: Duration: 0:00:02.032880
2021-07-12 12:04:30 [INFO] __main__: Training epoch 32
2021-07-12 12:04:32 [INFO] __main__: Epoch_loss: 2.7083373069763184
2021-07-12 12:04:32 [INFO] __main__: Epoch_loss_reconstr: 1.698526382446289
2021-07-12 12:04:32 [INFO] __main__: Epoch_loss_border: 201.96231079101562
2021-07-12 12:04:32 [INFO] __main__: Epoch_loss_fct: 0
2021-07-12 12:04:32 [INFO] __main__: Duration: 0:00:02.031494
2021-07-12 12:04:32 [INFO] __main__: Training epoch 33
2021-07-12 12:04:34 [INFO] __main__: Epoch_loss: 2.5924553871154785
2021-07-12 12:04:34 [INFO] __main__: Epoch_loss_reconstr: 1.6092599630355835
2021-07-12 12:04:34 [INFO] __main__: Epoch_loss_border: 196.6390380859375
2021-07-12 12:04:34 [INFO] __main__: Epoch_loss_fct: 0
2021-07-12 12:04:34 [INFO] __main__: Duration: 0:00:02.031872
2021-07-12 12:04:34 [INFO] __main__: Training epoch 34
2021-07-12 12:04:36 [INFO] __main__: Epoch_loss: 2.622021198272705
2021-07-12 12:04:36 [INFO] __main__: Epoch_loss_reconstr: 1.6257606744766235
2021-07-12 12:04:36 [INFO] __main__: Epoch_loss_border: 199.25201416015625
2021-07-12 12:04:36 [INFO] __main__: Epoch_loss_fct: 0
2021-07-12 12:04:36 [INFO] __main__: Duration: 0:00:02.030787
2021-07-12 12:04:36 [INFO] __main__: Training epoch 35
2021-07-12 12:04:38 [INFO] __main__: Epoch_loss: 2.656032085418701
2021-07-12 12:04:38 [INFO] __main__: Epoch_loss_reconstr: 1.6454145908355713
2021-07-12 12:04:38 [INFO] __main__: Epoch_loss_border: 202.12342834472656
2021-07-12 12:04:38 [INFO] __main__: Epoch_loss_fct: 0
2021-07-12 12:04:38 [INFO] __main__: Duration: 0:00:02.031516
2021-07-12 12:04:38 [INFO] __main__: Training epoch 36
2021-07-12 12:04:40 [INFO] __main__: Epoch_loss: 2.5983047485351562
2021-07-12 12:04:40 [INFO] __main__: Epoch_loss_reconstr: 1.594138264656067
2021-07-12 12:04:40 [INFO] __main__: Epoch_loss_border: 200.83338928222656
2021-07-12 12:04:40 [INFO] __main__: Epoch_loss_fct: 0
2021-07-12 12:04:40 [INFO] __main__: Duration: 0:00:02.030418
2021-07-12 12:04:40 [INFO] __main__: Training epoch 37
2021-07-12 12:04:42 [INFO] __main__: Epoch_loss: 2.4847209453582764
2021-07-12 12:04:42 [INFO] __main__: Epoch_loss_reconstr: 1.5619068145751953
2021-07-12 12:04:42 [INFO] __main__: Epoch_loss_border: 184.5628662109375
2021-07-12 12:04:42 [INFO] __main__: Epoch_loss_fct: 0
2021-07-12 12:04:42 [INFO] __main__: Duration: 0:00:02.031113
2021-07-12 12:04:42 [INFO] __main__: Training epoch 38
2021-07-12 12:04:44 [INFO] __main__: Epoch_loss: 2.412101984024048
2021-07-12 12:04:44 [INFO] __main__: Epoch_loss_reconstr: 1.513013243675232
2021-07-12 12:04:44 [INFO] __main__: Epoch_loss_border: 179.817626953125
2021-07-12 12:04:44 [INFO] __main__: Epoch_loss_fct: 0
2021-07-12 12:04:44 [INFO] __main__: Duration: 0:00:02.030480
2021-07-12 12:04:44 [INFO] __main__: Training epoch 39
2021-07-12 12:04:46 [INFO] __main__: Epoch_loss: 2.5493087768554688
2021-07-12 12:04:46 [INFO] __main__: Epoch_loss_reconstr: 1.5305711030960083
2021-07-12 12:04:46 [INFO] __main__: Epoch_loss_border: 203.74754333496094
2021-07-12 12:04:46 [INFO] __main__: Epoch_loss_fct: 0
2021-07-12 12:04:46 [INFO] __main__: Duration: 0:00:02.030419
2021-07-12 12:04:46 [INFO] __main__: Training epoch 40
2021-07-12 12:04:48 [INFO] __main__: Epoch_loss: 2.491701364517212
2021-07-12 12:04:48 [INFO] __main__: Epoch_loss_reconstr: 1.5181941986083984
2021-07-12 12:04:48 [INFO] __main__: Epoch_loss_border: 194.7014617919922
2021-07-12 12:04:48 [INFO] __main__: Epoch_loss_fct: 0
2021-07-12 12:04:48 [INFO] __main__: Duration: 0:00:02.030577
2021-07-12 12:04:48 [INFO] __main__: Training epoch 41
2021-07-12 12:04:50 [INFO] __main__: Epoch_loss: 2.41481614112854
2021-07-12 12:04:50 [INFO] __main__: Epoch_loss_reconstr: 1.4567101001739502
2021-07-12 12:04:50 [INFO] __main__: Epoch_loss_border: 191.6211700439453
2021-07-12 12:04:50 [INFO] __main__: Epoch_loss_fct: 0
2021-07-12 12:04:50 [INFO] __main__: Duration: 0:00:02.033453
2021-07-12 12:04:50 [INFO] __main__: Training epoch 42
2021-07-12 12:04:52 [INFO] __main__: Epoch_loss: 2.406629800796509
2021-07-12 12:04:52 [INFO] __main__: Epoch_loss_reconstr: 1.4571058750152588
2021-07-12 12:04:52 [INFO] __main__: Epoch_loss_border: 189.90484619140625
2021-07-12 12:04:52 [INFO] __main__: Epoch_loss_fct: 0
2021-07-12 12:04:52 [INFO] __main__: Duration: 0:00:02.046220
2021-07-12 12:04:52 [INFO] __main__: Training epoch 43
2021-07-12 12:04:54 [INFO] __main__: Epoch_loss: 2.414381742477417
2021-07-12 12:04:54 [INFO] __main__: Epoch_loss_reconstr: 1.4976468086242676
2021-07-12 12:04:54 [INFO] __main__: Epoch_loss_border: 183.3468475341797
2021-07-12 12:04:54 [INFO] __main__: Epoch_loss_fct: 0
2021-07-12 12:04:54 [INFO] __main__: Duration: 0:00:02.032107
2021-07-12 12:04:54 [INFO] __main__: Training epoch 44
2021-07-12 12:04:56 [INFO] __main__: Epoch_loss: 2.5844008922576904
2021-07-12 12:04:56 [INFO] __main__: Epoch_loss_reconstr: 1.534683346748352
2021-07-12 12:04:56 [INFO] __main__: Epoch_loss_border: 209.94351196289062
2021-07-12 12:04:56 [INFO] __main__: Epoch_loss_fct: 0
2021-07-12 12:04:56 [INFO] __main__: Duration: 0:00:02.030538
2021-07-12 12:04:56 [INFO] __main__: Training epoch 45
2021-07-12 12:04:58 [INFO] __main__: Epoch_loss: 2.4910128116607666
2021-07-12 12:04:58 [INFO] __main__: Epoch_loss_reconstr: 1.5030889511108398
2021-07-12 12:04:58 [INFO] __main__: Epoch_loss_border: 197.58470153808594
2021-07-12 12:04:58 [INFO] __main__: Epoch_loss_fct: 0
2021-07-12 12:04:58 [INFO] __main__: Duration: 0:00:02.030977
2021-07-12 12:04:58 [INFO] __main__: Training epoch 46
2021-07-12 12:05:00 [INFO] __main__: Epoch_loss: 2.447413444519043
2021-07-12 12:05:00 [INFO] __main__: Epoch_loss_reconstr: 1.4644933938980103
2021-07-12 12:05:00 [INFO] __main__: Epoch_loss_border: 196.5839385986328
2021-07-12 12:05:00 [INFO] __main__: Epoch_loss_fct: 0
2021-07-12 12:05:00 [INFO] __main__: Duration: 0:00:02.030481
2021-07-12 12:05:00 [INFO] __main__: Training epoch 47
2021-07-12 12:05:02 [INFO] __main__: Epoch_loss: 2.386469602584839
2021-07-12 12:05:02 [INFO] __main__: Epoch_loss_reconstr: 1.431962251663208
2021-07-12 12:05:02 [INFO] __main__: Epoch_loss_border: 190.9014434814453
2021-07-12 12:05:02 [INFO] __main__: Epoch_loss_fct: 0
2021-07-12 12:05:02 [INFO] __main__: Duration: 0:00:02.031418
2021-07-12 12:05:02 [INFO] __main__: Training epoch 48
2021-07-12 12:05:05 [INFO] __main__: Epoch_loss: 2.47019624710083
2021-07-12 12:05:05 [INFO] __main__: Epoch_loss_reconstr: 1.4671961069107056
2021-07-12 12:05:05 [INFO] __main__: Epoch_loss_border: 200.6000213623047
2021-07-12 12:05:05 [INFO] __main__: Epoch_loss_fct: 0
2021-07-12 12:05:05 [INFO] __main__: Duration: 0:00:02.030851
2021-07-12 12:05:05 [INFO] __main__: Training epoch 49
2021-07-12 12:05:07 [INFO] __main__: Epoch_loss: 2.386371374130249
2021-07-12 12:05:07 [INFO] __main__: Epoch_loss_reconstr: 1.3948009014129639
2021-07-12 12:05:07 [INFO] __main__: Epoch_loss_border: 198.31417846679688
2021-07-12 12:05:07 [INFO] __main__: Epoch_loss_fct: 0
2021-07-12 12:05:07 [INFO] __main__: Duration: 0:00:02.031062
