2021-07-12 12:13:23 [DEBUG] src.utils.config: Logger initialized
2021-07-12 12:13:23 [INFO] __main__: Training epoch 0
2021-07-12 12:13:25 [INFO] __main__: Epoch_loss: 22.154573440551758
2021-07-12 12:13:25 [INFO] __main__: Epoch_loss_reconstr: 5.05565071105957
2021-07-12 12:13:25 [INFO] __main__: Epoch_loss_border: 341.978515625
2021-07-12 12:13:25 [INFO] __main__: Epoch_loss_fct: 0
2021-07-12 12:13:25 [INFO] __main__: Duration: 0:00:02.020710
2021-07-12 12:13:25 [INFO] __main__: Training epoch 1
2021-07-12 12:13:27 [INFO] __main__: Epoch_loss: 20.41530990600586
2021-07-12 12:13:27 [INFO] __main__: Epoch_loss_reconstr: 4.643301963806152
2021-07-12 12:13:27 [INFO] __main__: Epoch_loss_border: 315.440185546875
2021-07-12 12:13:27 [INFO] __main__: Epoch_loss_fct: 0
2021-07-12 12:13:27 [INFO] __main__: Duration: 0:00:02.040422
2021-07-12 12:13:27 [INFO] __main__: Training epoch 2
2021-07-12 12:13:29 [INFO] __main__: Epoch_loss: 20.096172332763672
2021-07-12 12:13:29 [INFO] __main__: Epoch_loss_reconstr: 4.605682849884033
2021-07-12 12:13:29 [INFO] __main__: Epoch_loss_border: 309.8098449707031
2021-07-12 12:13:29 [INFO] __main__: Epoch_loss_fct: 0
2021-07-12 12:13:29 [INFO] __main__: Duration: 0:00:02.033396
2021-07-12 12:13:29 [INFO] __main__: Training epoch 3
2021-07-12 12:13:31 [INFO] __main__: Epoch_loss: 18.265480041503906
2021-07-12 12:13:31 [INFO] __main__: Epoch_loss_reconstr: 4.593958854675293
2021-07-12 12:13:31 [INFO] __main__: Epoch_loss_border: 273.4305114746094
2021-07-12 12:13:31 [INFO] __main__: Epoch_loss_fct: 0
2021-07-12 12:13:31 [INFO] __main__: Duration: 0:00:02.033695
2021-07-12 12:13:31 [INFO] __main__: Training epoch 4
2021-07-12 12:13:33 [INFO] __main__: Epoch_loss: 18.054203033447266
2021-07-12 12:13:33 [INFO] __main__: Epoch_loss_reconstr: 4.5729756355285645
2021-07-12 12:13:33 [INFO] __main__: Epoch_loss_border: 269.6244201660156
2021-07-12 12:13:33 [INFO] __main__: Epoch_loss_fct: 0
2021-07-12 12:13:33 [INFO] __main__: Duration: 0:00:02.043787
2021-07-12 12:13:33 [INFO] __main__: Training epoch 5
2021-07-12 12:13:35 [INFO] __main__: Epoch_loss: 16.78057861328125
2021-07-12 12:13:35 [INFO] __main__: Epoch_loss_reconstr: 4.545270919799805
2021-07-12 12:13:35 [INFO] __main__: Epoch_loss_border: 244.7061767578125
2021-07-12 12:13:35 [INFO] __main__: Epoch_loss_fct: 0
2021-07-12 12:13:35 [INFO] __main__: Duration: 0:00:02.035556
2021-07-12 12:13:35 [INFO] __main__: Training epoch 6
2021-07-12 12:13:37 [INFO] __main__: Epoch_loss: 17.590105056762695
2021-07-12 12:13:37 [INFO] __main__: Epoch_loss_reconstr: 4.503422260284424
2021-07-12 12:13:37 [INFO] __main__: Epoch_loss_border: 261.7337341308594
2021-07-12 12:13:37 [INFO] __main__: Epoch_loss_fct: 0
2021-07-12 12:13:37 [INFO] __main__: Duration: 0:00:02.032012
2021-07-12 12:13:37 [INFO] __main__: Training epoch 7
2021-07-12 12:13:39 [INFO] __main__: Epoch_loss: 17.54315948486328
2021-07-12 12:13:39 [INFO] __main__: Epoch_loss_reconstr: 4.446815013885498
2021-07-12 12:13:39 [INFO] __main__: Epoch_loss_border: 261.9268493652344
2021-07-12 12:13:39 [INFO] __main__: Epoch_loss_fct: 0
2021-07-12 12:13:39 [INFO] __main__: Duration: 0:00:02.031336
2021-07-12 12:13:39 [INFO] __main__: Training epoch 8
2021-07-12 12:13:41 [INFO] __main__: Epoch_loss: 16.852861404418945
2021-07-12 12:13:41 [INFO] __main__: Epoch_loss_reconstr: 4.367258071899414
2021-07-12 12:13:41 [INFO] __main__: Epoch_loss_border: 249.71202087402344
2021-07-12 12:13:41 [INFO] __main__: Epoch_loss_fct: 0
2021-07-12 12:13:41 [INFO] __main__: Duration: 0:00:02.044299
2021-07-12 12:13:41 [INFO] __main__: Training epoch 9
2021-07-12 12:13:43 [INFO] __main__: Epoch_loss: 15.479532241821289
2021-07-12 12:13:43 [INFO] __main__: Epoch_loss_reconstr: 4.2278056144714355
2021-07-12 12:13:43 [INFO] __main__: Epoch_loss_border: 225.0345916748047
2021-07-12 12:13:43 [INFO] __main__: Epoch_loss_fct: 0
2021-07-12 12:13:43 [INFO] __main__: Duration: 0:00:02.038020
2021-07-12 12:13:43 [INFO] __main__: Training epoch 10
2021-07-12 12:13:45 [INFO] __main__: Epoch_loss: 15.205001831054688
2021-07-12 12:13:45 [INFO] __main__: Epoch_loss_reconstr: 4.13248872756958
2021-07-12 12:13:45 [INFO] __main__: Epoch_loss_border: 221.45033264160156
2021-07-12 12:13:45 [INFO] __main__: Epoch_loss_fct: 0
2021-07-12 12:13:45 [INFO] __main__: Duration: 0:00:02.031277
2021-07-12 12:13:45 [INFO] __main__: Training epoch 11
2021-07-12 12:13:47 [INFO] __main__: Epoch_loss: 16.00507926940918
2021-07-12 12:13:47 [INFO] __main__: Epoch_loss_reconstr: 4.015763282775879
2021-07-12 12:13:47 [INFO] __main__: Epoch_loss_border: 239.78631591796875
2021-07-12 12:13:47 [INFO] __main__: Epoch_loss_fct: 0
2021-07-12 12:13:47 [INFO] __main__: Duration: 0:00:02.033791
2021-07-12 12:13:47 [INFO] __main__: Training epoch 12
2021-07-12 12:13:49 [INFO] __main__: Epoch_loss: 16.664718627929688
2021-07-12 12:13:49 [INFO] __main__: Epoch_loss_reconstr: 3.9247641563415527
2021-07-12 12:13:49 [INFO] __main__: Epoch_loss_border: 254.7991180419922
2021-07-12 12:13:49 [INFO] __main__: Epoch_loss_fct: 0
2021-07-12 12:13:49 [INFO] __main__: Duration: 0:00:02.031234
2021-07-12 12:13:49 [INFO] __main__: Training epoch 13
2021-07-12 12:13:51 [INFO] __main__: Epoch_loss: 15.020343780517578
2021-07-12 12:13:51 [INFO] __main__: Epoch_loss_reconstr: 3.8850133419036865
2021-07-12 12:13:51 [INFO] __main__: Epoch_loss_border: 222.70663452148438
2021-07-12 12:13:51 [INFO] __main__: Epoch_loss_fct: 0
2021-07-12 12:13:51 [INFO] __main__: Duration: 0:00:02.032197
2021-07-12 12:13:51 [INFO] __main__: Training epoch 14
2021-07-12 12:13:53 [INFO] __main__: Epoch_loss: 15.541863441467285
2021-07-12 12:13:53 [INFO] __main__: Epoch_loss_reconstr: 3.775689125061035
2021-07-12 12:13:53 [INFO] __main__: Epoch_loss_border: 235.323486328125
2021-07-12 12:13:53 [INFO] __main__: Epoch_loss_fct: 0
2021-07-12 12:13:53 [INFO] __main__: Duration: 0:00:02.034969
2021-07-12 12:13:53 [INFO] __main__: Training epoch 15
2021-07-12 12:13:55 [INFO] __main__: Epoch_loss: 14.323978424072266
2021-07-12 12:13:55 [INFO] __main__: Epoch_loss_reconstr: 3.6519556045532227
2021-07-12 12:13:55 [INFO] __main__: Epoch_loss_border: 213.4404296875
2021-07-12 12:13:55 [INFO] __main__: Epoch_loss_fct: 0
2021-07-12 12:13:55 [INFO] __main__: Duration: 0:00:02.043188
2021-07-12 12:13:55 [INFO] __main__: Training epoch 16
2021-07-12 12:13:57 [INFO] __main__: Epoch_loss: 14.957311630249023
2021-07-12 12:13:57 [INFO] __main__: Epoch_loss_reconstr: 3.649574041366577
2021-07-12 12:13:57 [INFO] __main__: Epoch_loss_border: 226.15476989746094
2021-07-12 12:13:57 [INFO] __main__: Epoch_loss_fct: 0
2021-07-12 12:13:57 [INFO] __main__: Duration: 0:00:02.052252
2021-07-12 12:13:57 [INFO] __main__: Training epoch 17
2021-07-12 12:13:59 [INFO] __main__: Epoch_loss: 15.710393905639648
2021-07-12 12:13:59 [INFO] __main__: Epoch_loss_reconstr: 3.548558235168457
2021-07-12 12:13:59 [INFO] __main__: Epoch_loss_border: 243.23672485351562
2021-07-12 12:13:59 [INFO] __main__: Epoch_loss_fct: 0
2021-07-12 12:13:59 [INFO] __main__: Duration: 0:00:02.038058
2021-07-12 12:13:59 [INFO] __main__: Training epoch 18
2021-07-12 12:14:02 [INFO] __main__: Epoch_loss: 15.018257141113281
2021-07-12 12:14:02 [INFO] __main__: Epoch_loss_reconstr: 3.478550672531128
2021-07-12 12:14:02 [INFO] __main__: Epoch_loss_border: 230.79412841796875
2021-07-12 12:14:02 [INFO] __main__: Epoch_loss_fct: 0
2021-07-12 12:14:02 [INFO] __main__: Duration: 0:00:02.039612
2021-07-12 12:14:02 [INFO] __main__: Training epoch 19
2021-07-12 12:14:04 [INFO] __main__: Epoch_loss: 14.87243938446045
2021-07-12 12:14:04 [INFO] __main__: Epoch_loss_reconstr: 3.5429813861846924
2021-07-12 12:14:04 [INFO] __main__: Epoch_loss_border: 226.58917236328125
2021-07-12 12:14:04 [INFO] __main__: Epoch_loss_fct: 0
2021-07-12 12:14:04 [INFO] __main__: Duration: 0:00:02.040481
2021-07-12 12:14:04 [INFO] __main__: Training epoch 20
2021-07-12 12:14:06 [INFO] __main__: Epoch_loss: 14.59583568572998
2021-07-12 12:14:06 [INFO] __main__: Epoch_loss_reconstr: 3.542649507522583
2021-07-12 12:14:06 [INFO] __main__: Epoch_loss_border: 221.06365966796875
2021-07-12 12:14:06 [INFO] __main__: Epoch_loss_fct: 0
2021-07-12 12:14:06 [INFO] __main__: Duration: 0:00:02.034443
2021-07-12 12:14:06 [INFO] __main__: Training epoch 21
2021-07-12 12:14:08 [INFO] __main__: Epoch_loss: 13.72613525390625
2021-07-12 12:14:08 [INFO] __main__: Epoch_loss_reconstr: 3.49969744682312
2021-07-12 12:14:08 [INFO] __main__: Epoch_loss_border: 204.52880859375
2021-07-12 12:14:08 [INFO] __main__: Epoch_loss_fct: 0
2021-07-12 12:14:08 [INFO] __main__: Duration: 0:00:02.032908
2021-07-12 12:14:08 [INFO] __main__: Training epoch 22
2021-07-12 12:14:10 [INFO] __main__: Epoch_loss: 15.23522663116455
2021-07-12 12:14:10 [INFO] __main__: Epoch_loss_reconstr: 3.3478128910064697
2021-07-12 12:14:10 [INFO] __main__: Epoch_loss_border: 237.74822998046875
2021-07-12 12:14:10 [INFO] __main__: Epoch_loss_fct: 0
2021-07-12 12:14:10 [INFO] __main__: Duration: 0:00:02.032273
2021-07-12 12:14:10 [INFO] __main__: Training epoch 23
2021-07-12 12:14:12 [INFO] __main__: Epoch_loss: 13.855350494384766
2021-07-12 12:14:12 [INFO] __main__: Epoch_loss_reconstr: 3.048044204711914
2021-07-12 12:14:12 [INFO] __main__: Epoch_loss_border: 216.14605712890625
2021-07-12 12:14:12 [INFO] __main__: Epoch_loss_fct: 0
2021-07-12 12:14:12 [INFO] __main__: Duration: 0:00:02.030985
2021-07-12 12:14:12 [INFO] __main__: Training epoch 24
2021-07-12 12:14:14 [INFO] __main__: Epoch_loss: 13.780290603637695
2021-07-12 12:14:14 [INFO] __main__: Epoch_loss_reconstr: 2.9959986209869385
2021-07-12 12:14:14 [INFO] __main__: Epoch_loss_border: 215.68577575683594
2021-07-12 12:14:14 [INFO] __main__: Epoch_loss_fct: 0
2021-07-12 12:14:14 [INFO] __main__: Duration: 0:00:02.032367
2021-07-12 12:14:14 [INFO] __main__: Training epoch 25
2021-07-12 12:14:16 [INFO] __main__: Epoch_loss: 13.519476890563965
2021-07-12 12:14:16 [INFO] __main__: Epoch_loss_reconstr: 2.9686152935028076
2021-07-12 12:14:16 [INFO] __main__: Epoch_loss_border: 211.0172119140625
2021-07-12 12:14:16 [INFO] __main__: Epoch_loss_fct: 0
2021-07-12 12:14:16 [INFO] __main__: Duration: 0:00:02.031372
2021-07-12 12:14:16 [INFO] __main__: Training epoch 26
2021-07-12 12:14:18 [INFO] __main__: Epoch_loss: 12.927227020263672
2021-07-12 12:14:18 [INFO] __main__: Epoch_loss_reconstr: 2.9716062545776367
2021-07-12 12:14:18 [INFO] __main__: Epoch_loss_border: 199.1123809814453
2021-07-12 12:14:18 [INFO] __main__: Epoch_loss_fct: 0
2021-07-12 12:14:18 [INFO] __main__: Duration: 0:00:02.030850
2021-07-12 12:14:18 [INFO] __main__: Training epoch 27
2021-07-12 12:14:20 [INFO] __main__: Epoch_loss: 13.804896354675293
2021-07-12 12:14:20 [INFO] __main__: Epoch_loss_reconstr: 2.9669156074523926
2021-07-12 12:14:20 [INFO] __main__: Epoch_loss_border: 216.75961303710938
2021-07-12 12:14:20 [INFO] __main__: Epoch_loss_fct: 0
2021-07-12 12:14:20 [INFO] __main__: Duration: 0:00:02.031337
2021-07-12 12:14:20 [INFO] __main__: Training epoch 28
2021-07-12 12:14:22 [INFO] __main__: Epoch_loss: 13.177861213684082
2021-07-12 12:14:22 [INFO] __main__: Epoch_loss_reconstr: 2.7494566440582275
2021-07-12 12:14:22 [INFO] __main__: Epoch_loss_border: 208.56809997558594
2021-07-12 12:14:22 [INFO] __main__: Epoch_loss_fct: 0
2021-07-12 12:14:22 [INFO] __main__: Duration: 0:00:02.050191
2021-07-12 12:14:22 [INFO] __main__: Training epoch 29
2021-07-12 12:14:24 [INFO] __main__: Epoch_loss: 12.766816139221191
2021-07-12 12:14:24 [INFO] __main__: Epoch_loss_reconstr: 2.764801263809204
2021-07-12 12:14:24 [INFO] __main__: Epoch_loss_border: 200.04034423828125
2021-07-12 12:14:24 [INFO] __main__: Epoch_loss_fct: 0
2021-07-12 12:14:24 [INFO] __main__: Duration: 0:00:02.032278
2021-07-12 12:14:24 [INFO] __main__: Training epoch 30
2021-07-12 12:14:26 [INFO] __main__: Epoch_loss: 12.926467895507812
2021-07-12 12:14:26 [INFO] __main__: Epoch_loss_reconstr: 2.7817230224609375
2021-07-12 12:14:26 [INFO] __main__: Epoch_loss_border: 202.8949432373047
2021-07-12 12:14:26 [INFO] __main__: Epoch_loss_fct: 0
2021-07-12 12:14:26 [INFO] __main__: Duration: 0:00:02.032203
2021-07-12 12:14:26 [INFO] __main__: Training epoch 31
2021-07-12 12:14:28 [INFO] __main__: Epoch_loss: 13.090892791748047
2021-07-12 12:14:28 [INFO] __main__: Epoch_loss_reconstr: 2.8239986896514893
2021-07-12 12:14:28 [INFO] __main__: Epoch_loss_border: 205.33795166015625
2021-07-12 12:14:28 [INFO] __main__: Epoch_loss_fct: 0
2021-07-12 12:14:28 [INFO] __main__: Duration: 0:00:02.044610
2021-07-12 12:14:28 [INFO] __main__: Training epoch 32
2021-07-12 12:14:30 [INFO] __main__: Epoch_loss: 13.74142837524414
2021-07-12 12:14:30 [INFO] __main__: Epoch_loss_reconstr: 2.933260440826416
2021-07-12 12:14:30 [INFO] __main__: Epoch_loss_border: 216.16334533691406
2021-07-12 12:14:30 [INFO] __main__: Epoch_loss_fct: 0
2021-07-12 12:14:30 [INFO] __main__: Duration: 0:00:02.032535
2021-07-12 12:14:30 [INFO] __main__: Training epoch 33
2021-07-12 12:14:32 [INFO] __main__: Epoch_loss: 13.173914909362793
2021-07-12 12:14:32 [INFO] __main__: Epoch_loss_reconstr: 3.0462427139282227
2021-07-12 12:14:32 [INFO] __main__: Epoch_loss_border: 202.55340576171875
2021-07-12 12:14:32 [INFO] __main__: Epoch_loss_fct: 0
2021-07-12 12:14:32 [INFO] __main__: Duration: 0:00:02.030781
2021-07-12 12:14:32 [INFO] __main__: Training epoch 34
2021-07-12 12:14:34 [INFO] __main__: Epoch_loss: 13.787386894226074
2021-07-12 12:14:34 [INFO] __main__: Epoch_loss_reconstr: 3.0464019775390625
2021-07-12 12:14:34 [INFO] __main__: Epoch_loss_border: 214.8196563720703
2021-07-12 12:14:34 [INFO] __main__: Epoch_loss_fct: 0
2021-07-12 12:14:34 [INFO] __main__: Duration: 0:00:02.031672
2021-07-12 12:14:34 [INFO] __main__: Training epoch 35
2021-07-12 12:14:36 [INFO] __main__: Epoch_loss: 12.560807228088379
2021-07-12 12:14:36 [INFO] __main__: Epoch_loss_reconstr: 3.058481454849243
2021-07-12 12:14:36 [INFO] __main__: Epoch_loss_border: 190.0465087890625
2021-07-12 12:14:36 [INFO] __main__: Epoch_loss_fct: 0
2021-07-12 12:14:36 [INFO] __main__: Duration: 0:00:02.032247
2021-07-12 12:14:36 [INFO] __main__: Training epoch 36
2021-07-12 12:14:38 [INFO] __main__: Epoch_loss: 11.760904312133789
2021-07-12 12:14:38 [INFO] __main__: Epoch_loss_reconstr: 3.0782923698425293
2021-07-12 12:14:38 [INFO] __main__: Epoch_loss_border: 173.65220642089844
2021-07-12 12:14:38 [INFO] __main__: Epoch_loss_fct: 0
2021-07-12 12:14:38 [INFO] __main__: Duration: 0:00:02.033757
2021-07-12 12:14:38 [INFO] __main__: Training epoch 37
2021-07-12 12:14:40 [INFO] __main__: Epoch_loss: 12.982447624206543
2021-07-12 12:14:40 [INFO] __main__: Epoch_loss_reconstr: 3.057781457901001
2021-07-12 12:14:40 [INFO] __main__: Epoch_loss_border: 198.4933624267578
2021-07-12 12:14:40 [INFO] __main__: Epoch_loss_fct: 0
2021-07-12 12:14:40 [INFO] __main__: Duration: 0:00:02.032519
2021-07-12 12:14:40 [INFO] __main__: Training epoch 38
2021-07-12 12:14:42 [INFO] __main__: Epoch_loss: 12.649225234985352
2021-07-12 12:14:42 [INFO] __main__: Epoch_loss_reconstr: 3.0437073707580566
2021-07-12 12:14:42 [INFO] __main__: Epoch_loss_border: 192.11032104492188
2021-07-12 12:14:42 [INFO] __main__: Epoch_loss_fct: 0
2021-07-12 12:14:42 [INFO] __main__: Duration: 0:00:02.032015
2021-07-12 12:14:42 [INFO] __main__: Training epoch 39
2021-07-12 12:14:44 [INFO] __main__: Epoch_loss: 12.624909400939941
2021-07-12 12:14:44 [INFO] __main__: Epoch_loss_reconstr: 3.1823208332061768
2021-07-12 12:14:44 [INFO] __main__: Epoch_loss_border: 188.8517303466797
2021-07-12 12:14:44 [INFO] __main__: Epoch_loss_fct: 0
2021-07-12 12:14:44 [INFO] __main__: Duration: 0:00:02.033226
2021-07-12 12:14:44 [INFO] __main__: Training epoch 40
2021-07-12 12:14:46 [INFO] __main__: Epoch_loss: 12.851177215576172
2021-07-12 12:14:46 [INFO] __main__: Epoch_loss_reconstr: 3.240238904953003
2021-07-12 12:14:46 [INFO] __main__: Epoch_loss_border: 192.21873474121094
2021-07-12 12:14:46 [INFO] __main__: Epoch_loss_fct: 0
2021-07-12 12:14:46 [INFO] __main__: Duration: 0:00:02.033396
2021-07-12 12:14:46 [INFO] __main__: Training epoch 41
2021-07-12 12:14:48 [INFO] __main__: Epoch_loss: 12.559393882751465
2021-07-12 12:14:48 [INFO] __main__: Epoch_loss_reconstr: 3.140523910522461
2021-07-12 12:14:48 [INFO] __main__: Epoch_loss_border: 188.37742614746094
2021-07-12 12:14:48 [INFO] __main__: Epoch_loss_fct: 0
2021-07-12 12:14:48 [INFO] __main__: Duration: 0:00:02.032351
2021-07-12 12:14:48 [INFO] __main__: Training epoch 42
2021-07-12 12:14:50 [INFO] __main__: Epoch_loss: 11.467874526977539
2021-07-12 12:14:50 [INFO] __main__: Epoch_loss_reconstr: 3.09661602973938
2021-07-12 12:14:50 [INFO] __main__: Epoch_loss_border: 167.42510986328125
2021-07-12 12:14:50 [INFO] __main__: Epoch_loss_fct: 0
2021-07-12 12:14:50 [INFO] __main__: Duration: 0:00:02.031777
2021-07-12 12:14:50 [INFO] __main__: Training epoch 43
2021-07-12 12:14:52 [INFO] __main__: Epoch_loss: 12.343149185180664
2021-07-12 12:14:52 [INFO] __main__: Epoch_loss_reconstr: 3.057407855987549
2021-07-12 12:14:52 [INFO] __main__: Epoch_loss_border: 185.7147674560547
2021-07-12 12:14:52 [INFO] __main__: Epoch_loss_fct: 0
2021-07-12 12:14:52 [INFO] __main__: Duration: 0:00:02.031686
2021-07-12 12:14:52 [INFO] __main__: Training epoch 44
2021-07-12 12:14:54 [INFO] __main__: Epoch_loss: 11.833532333374023
2021-07-12 12:14:54 [INFO] __main__: Epoch_loss_reconstr: 2.9860854148864746
2021-07-12 12:14:54 [INFO] __main__: Epoch_loss_border: 176.94894409179688
2021-07-12 12:14:54 [INFO] __main__: Epoch_loss_fct: 0
2021-07-12 12:14:54 [INFO] __main__: Duration: 0:00:02.031300
2021-07-12 12:14:54 [INFO] __main__: Training epoch 45
2021-07-12 12:14:56 [INFO] __main__: Epoch_loss: 12.03549575805664
2021-07-12 12:14:56 [INFO] __main__: Epoch_loss_reconstr: 2.9986443519592285
2021-07-12 12:14:56 [INFO] __main__: Epoch_loss_border: 180.7369842529297
2021-07-12 12:14:56 [INFO] __main__: Epoch_loss_fct: 0
2021-07-12 12:14:56 [INFO] __main__: Duration: 0:00:02.033064
2021-07-12 12:14:56 [INFO] __main__: Training epoch 46
2021-07-12 12:14:58 [INFO] __main__: Epoch_loss: 11.489891052246094
2021-07-12 12:14:58 [INFO] __main__: Epoch_loss_reconstr: 2.958909273147583
2021-07-12 12:14:58 [INFO] __main__: Epoch_loss_border: 170.61965942382812
2021-07-12 12:14:58 [INFO] __main__: Epoch_loss_fct: 0
2021-07-12 12:14:58 [INFO] __main__: Duration: 0:00:02.047323
2021-07-12 12:14:58 [INFO] __main__: Training epoch 47
2021-07-12 12:15:01 [INFO] __main__: Epoch_loss: 12.053519248962402
2021-07-12 12:15:01 [INFO] __main__: Epoch_loss_reconstr: 2.9996206760406494
2021-07-12 12:15:01 [INFO] __main__: Epoch_loss_border: 181.0779571533203
2021-07-12 12:15:01 [INFO] __main__: Epoch_loss_fct: 0
2021-07-12 12:15:01 [INFO] __main__: Duration: 0:00:02.033146
2021-07-12 12:15:01 [INFO] __main__: Training epoch 48
2021-07-12 12:15:03 [INFO] __main__: Epoch_loss: 13.020031929016113
2021-07-12 12:15:03 [INFO] __main__: Epoch_loss_reconstr: 3.0298025608062744
2021-07-12 12:15:03 [INFO] __main__: Epoch_loss_border: 199.80455017089844
2021-07-12 12:15:03 [INFO] __main__: Epoch_loss_fct: 0
2021-07-12 12:15:03 [INFO] __main__: Duration: 0:00:02.031827
2021-07-12 12:15:03 [INFO] __main__: Training epoch 49
2021-07-12 12:15:05 [INFO] __main__: Epoch_loss: 12.944160461425781
2021-07-12 12:15:05 [INFO] __main__: Epoch_loss_reconstr: 3.1794652938842773
2021-07-12 12:15:05 [INFO] __main__: Epoch_loss_border: 195.29393005371094
2021-07-12 12:15:05 [INFO] __main__: Epoch_loss_fct: 0
2021-07-12 12:15:05 [INFO] __main__: Duration: 0:00:02.036066
