2021-07-05 13:55:06 [DEBUG] src.utils.config: Logger initialized
2021-07-05 13:55:06 [INFO] __main__: Training epoch 0
2021-07-05 13:55:10 [INFO] __main__: Epoch_loss: 4.854860782623291
2021-07-05 13:55:10 [INFO] __main__: Epoch_loss_reconstr: 4.854860782623291
2021-07-05 13:55:10 [INFO] __main__: Epoch_loss_border: 0
2021-07-05 13:55:10 [INFO] __main__: Epoch_loss_fct: 0
2021-07-05 13:55:10 [INFO] __main__: Duration: 0:00:03.881370
2021-07-05 13:55:10 [INFO] __main__: Training epoch 1
2021-07-05 13:55:14 [INFO] __main__: Epoch_loss: 3.922574281692505
2021-07-05 13:55:14 [INFO] __main__: Epoch_loss_reconstr: 3.922574281692505
2021-07-05 13:55:14 [INFO] __main__: Epoch_loss_border: 0
2021-07-05 13:55:14 [INFO] __main__: Epoch_loss_fct: 0
2021-07-05 13:55:14 [INFO] __main__: Duration: 0:00:03.591565
2021-07-05 13:55:14 [INFO] __main__: Training epoch 2
2021-07-05 13:55:17 [INFO] __main__: Epoch_loss: 3.4508426189422607
2021-07-05 13:55:17 [INFO] __main__: Epoch_loss_reconstr: 3.4508426189422607
2021-07-05 13:55:17 [INFO] __main__: Epoch_loss_border: 0
2021-07-05 13:55:17 [INFO] __main__: Epoch_loss_fct: 0
2021-07-05 13:55:17 [INFO] __main__: Duration: 0:00:03.596218
2021-07-05 13:55:17 [INFO] __main__: Training epoch 3
2021-07-05 13:55:21 [INFO] __main__: Epoch_loss: 2.8723888397216797
2021-07-05 13:55:21 [INFO] __main__: Epoch_loss_reconstr: 2.8723888397216797
2021-07-05 13:55:21 [INFO] __main__: Epoch_loss_border: 0
2021-07-05 13:55:21 [INFO] __main__: Epoch_loss_fct: 0
2021-07-05 13:55:21 [INFO] __main__: Duration: 0:00:03.571143
2021-07-05 13:55:21 [INFO] __main__: Training epoch 4
2021-07-05 13:55:24 [INFO] __main__: Epoch_loss: 2.1856117248535156
2021-07-05 13:55:24 [INFO] __main__: Epoch_loss_reconstr: 2.1856117248535156
2021-07-05 13:55:24 [INFO] __main__: Epoch_loss_border: 0
2021-07-05 13:55:24 [INFO] __main__: Epoch_loss_fct: 0
2021-07-05 13:55:24 [INFO] __main__: Duration: 0:00:03.606028
2021-07-05 13:55:24 [INFO] __main__: Training epoch 5
2021-07-05 13:55:28 [INFO] __main__: Epoch_loss: 1.6353740692138672
2021-07-05 13:55:28 [INFO] __main__: Epoch_loss_reconstr: 1.6353740692138672
2021-07-05 13:55:28 [INFO] __main__: Epoch_loss_border: 0
2021-07-05 13:55:28 [INFO] __main__: Epoch_loss_fct: 0
2021-07-05 13:55:28 [INFO] __main__: Duration: 0:00:03.520819
2021-07-05 13:55:28 [INFO] __main__: Training epoch 6
2021-07-05 13:55:32 [INFO] __main__: Epoch_loss: 1.2836196422576904
2021-07-05 13:55:32 [INFO] __main__: Epoch_loss_reconstr: 1.2836196422576904
2021-07-05 13:55:32 [INFO] __main__: Epoch_loss_border: 0
2021-07-05 13:55:32 [INFO] __main__: Epoch_loss_fct: 0
2021-07-05 13:55:32 [INFO] __main__: Duration: 0:00:03.531971
2021-07-05 13:55:32 [INFO] __main__: Training epoch 7
2021-07-05 13:55:35 [INFO] __main__: Epoch_loss: 1.0866457223892212
2021-07-05 13:55:35 [INFO] __main__: Epoch_loss_reconstr: 1.0866457223892212
2021-07-05 13:55:35 [INFO] __main__: Epoch_loss_border: 0
2021-07-05 13:55:35 [INFO] __main__: Epoch_loss_fct: 0
2021-07-05 13:55:35 [INFO] __main__: Duration: 0:00:03.521784
2021-07-05 13:55:35 [INFO] __main__: Training epoch 8
2021-07-05 13:55:39 [INFO] __main__: Epoch_loss: 0.9555295705795288
2021-07-05 13:55:39 [INFO] __main__: Epoch_loss_reconstr: 0.9555295705795288
2021-07-05 13:55:39 [INFO] __main__: Epoch_loss_border: 0
2021-07-05 13:55:39 [INFO] __main__: Epoch_loss_fct: 0
2021-07-05 13:55:39 [INFO] __main__: Duration: 0:00:03.536492
2021-07-05 13:55:39 [INFO] __main__: Training epoch 9
2021-07-05 13:55:42 [INFO] __main__: Epoch_loss: 0.7889071106910706
2021-07-05 13:55:42 [INFO] __main__: Epoch_loss_reconstr: 0.7889071106910706
2021-07-05 13:55:42 [INFO] __main__: Epoch_loss_border: 0
2021-07-05 13:55:42 [INFO] __main__: Epoch_loss_fct: 0
2021-07-05 13:55:42 [INFO] __main__: Duration: 0:00:03.586050
2021-07-05 13:55:42 [INFO] __main__: Training epoch 10
2021-07-05 13:55:46 [INFO] __main__: Epoch_loss: 0.6062204837799072
2021-07-05 13:55:46 [INFO] __main__: Epoch_loss_reconstr: 0.6062204837799072
2021-07-05 13:55:46 [INFO] __main__: Epoch_loss_border: 0
2021-07-05 13:55:46 [INFO] __main__: Epoch_loss_fct: 0
2021-07-05 13:55:46 [INFO] __main__: Duration: 0:00:03.524150
2021-07-05 13:55:46 [INFO] __main__: Training epoch 11
2021-07-05 13:55:49 [INFO] __main__: Epoch_loss: 0.4726889431476593
2021-07-05 13:55:49 [INFO] __main__: Epoch_loss_reconstr: 0.4726889431476593
2021-07-05 13:55:49 [INFO] __main__: Epoch_loss_border: 0
2021-07-05 13:55:49 [INFO] __main__: Epoch_loss_fct: 0
2021-07-05 13:55:49 [INFO] __main__: Duration: 0:00:03.519965
2021-07-05 13:55:49 [INFO] __main__: Training epoch 12
2021-07-05 13:55:53 [INFO] __main__: Epoch_loss: 0.37315255403518677
2021-07-05 13:55:53 [INFO] __main__: Epoch_loss_reconstr: 0.37315255403518677
2021-07-05 13:55:53 [INFO] __main__: Epoch_loss_border: 0
2021-07-05 13:55:53 [INFO] __main__: Epoch_loss_fct: 0
2021-07-05 13:55:53 [INFO] __main__: Duration: 0:00:03.514089
2021-07-05 13:55:53 [INFO] __main__: Training epoch 13
2021-07-05 13:55:56 [INFO] __main__: Epoch_loss: 0.29977869987487793
2021-07-05 13:55:56 [INFO] __main__: Epoch_loss_reconstr: 0.29977869987487793
2021-07-05 13:55:56 [INFO] __main__: Epoch_loss_border: 0
2021-07-05 13:55:56 [INFO] __main__: Epoch_loss_fct: 0
2021-07-05 13:55:56 [INFO] __main__: Duration: 0:00:03.510787
2021-07-05 13:55:56 [INFO] __main__: Training epoch 14
2021-07-05 13:56:00 [INFO] __main__: Epoch_loss: 0.2453354448080063
2021-07-05 13:56:00 [INFO] __main__: Epoch_loss_reconstr: 0.2453354448080063
2021-07-05 13:56:00 [INFO] __main__: Epoch_loss_border: 0
2021-07-05 13:56:00 [INFO] __main__: Epoch_loss_fct: 0
2021-07-05 13:56:00 [INFO] __main__: Duration: 0:00:03.510333
2021-07-05 13:56:00 [INFO] __main__: Training epoch 15
2021-07-05 13:56:03 [INFO] __main__: Epoch_loss: 0.20358625054359436
2021-07-05 13:56:03 [INFO] __main__: Epoch_loss_reconstr: 0.20358625054359436
2021-07-05 13:56:03 [INFO] __main__: Epoch_loss_border: 0
2021-07-05 13:56:03 [INFO] __main__: Epoch_loss_fct: 0
2021-07-05 13:56:03 [INFO] __main__: Duration: 0:00:03.503557
2021-07-05 13:56:03 [INFO] __main__: Training epoch 16
2021-07-05 13:56:07 [INFO] __main__: Epoch_loss: 0.1733928769826889
2021-07-05 13:56:07 [INFO] __main__: Epoch_loss_reconstr: 0.1733928769826889
2021-07-05 13:56:07 [INFO] __main__: Epoch_loss_border: 0
2021-07-05 13:56:07 [INFO] __main__: Epoch_loss_fct: 0
2021-07-05 13:56:07 [INFO] __main__: Duration: 0:00:03.503040
2021-07-05 13:56:07 [INFO] __main__: Training epoch 17
2021-07-05 13:56:10 [INFO] __main__: Epoch_loss: 0.15071021020412445
2021-07-05 13:56:10 [INFO] __main__: Epoch_loss_reconstr: 0.15071021020412445
2021-07-05 13:56:10 [INFO] __main__: Epoch_loss_border: 0
2021-07-05 13:56:10 [INFO] __main__: Epoch_loss_fct: 0
2021-07-05 13:56:10 [INFO] __main__: Duration: 0:00:03.531694
2021-07-05 13:56:10 [INFO] __main__: Training epoch 18
2021-07-05 13:56:14 [INFO] __main__: Epoch_loss: 0.13418744504451752
2021-07-05 13:56:14 [INFO] __main__: Epoch_loss_reconstr: 0.13418744504451752
2021-07-05 13:56:14 [INFO] __main__: Epoch_loss_border: 0
2021-07-05 13:56:14 [INFO] __main__: Epoch_loss_fct: 0
2021-07-05 13:56:14 [INFO] __main__: Duration: 0:00:03.288985
2021-07-05 13:56:14 [INFO] __main__: Training epoch 19
2021-07-05 13:56:17 [INFO] __main__: Epoch_loss: 0.12277045845985413
2021-07-05 13:56:17 [INFO] __main__: Epoch_loss_reconstr: 0.12277045845985413
2021-07-05 13:56:17 [INFO] __main__: Epoch_loss_border: 0
2021-07-05 13:56:17 [INFO] __main__: Epoch_loss_fct: 0
2021-07-05 13:56:17 [INFO] __main__: Duration: 0:00:03.286237
2021-07-05 13:56:17 [INFO] __main__: Training epoch 20
2021-07-05 13:56:20 [INFO] __main__: Epoch_loss: 0.11407263576984406
2021-07-05 13:56:20 [INFO] __main__: Epoch_loss_reconstr: 0.11407263576984406
2021-07-05 13:56:20 [INFO] __main__: Epoch_loss_border: 0
2021-07-05 13:56:20 [INFO] __main__: Epoch_loss_fct: 0
2021-07-05 13:56:20 [INFO] __main__: Duration: 0:00:03.285274
2021-07-05 13:56:20 [INFO] __main__: Training epoch 21
2021-07-05 13:56:23 [INFO] __main__: Epoch_loss: 0.10656416416168213
2021-07-05 13:56:23 [INFO] __main__: Epoch_loss_reconstr: 0.10656416416168213
2021-07-05 13:56:23 [INFO] __main__: Epoch_loss_border: 0
2021-07-05 13:56:23 [INFO] __main__: Epoch_loss_fct: 0
2021-07-05 13:56:23 [INFO] __main__: Duration: 0:00:03.286379
2021-07-05 13:56:23 [INFO] __main__: Training epoch 22
2021-07-05 13:56:27 [INFO] __main__: Epoch_loss: 0.09993529319763184
2021-07-05 13:56:27 [INFO] __main__: Epoch_loss_reconstr: 0.09993529319763184
2021-07-05 13:56:27 [INFO] __main__: Epoch_loss_border: 0
2021-07-05 13:56:27 [INFO] __main__: Epoch_loss_fct: 0
2021-07-05 13:56:27 [INFO] __main__: Duration: 0:00:03.296954
2021-07-05 13:56:27 [INFO] __main__: Training epoch 23
2021-07-05 13:56:30 [INFO] __main__: Epoch_loss: 0.09450153261423111
2021-07-05 13:56:30 [INFO] __main__: Epoch_loss_reconstr: 0.09450153261423111
2021-07-05 13:56:30 [INFO] __main__: Epoch_loss_border: 0
2021-07-05 13:56:30 [INFO] __main__: Epoch_loss_fct: 0
2021-07-05 13:56:30 [INFO] __main__: Duration: 0:00:03.289701
2021-07-05 13:56:30 [INFO] __main__: Training epoch 24
2021-07-05 13:56:33 [INFO] __main__: Epoch_loss: 0.08969452977180481
2021-07-05 13:56:33 [INFO] __main__: Epoch_loss_reconstr: 0.08969452977180481
2021-07-05 13:56:33 [INFO] __main__: Epoch_loss_border: 0
2021-07-05 13:56:33 [INFO] __main__: Epoch_loss_fct: 0
2021-07-05 13:56:33 [INFO] __main__: Duration: 0:00:03.286928
2021-07-05 13:56:33 [INFO] __main__: Training epoch 25
2021-07-05 13:56:37 [INFO] __main__: Epoch_loss: 0.08560843020677567
2021-07-05 13:56:37 [INFO] __main__: Epoch_loss_reconstr: 0.08560843020677567
2021-07-05 13:56:37 [INFO] __main__: Epoch_loss_border: 0
2021-07-05 13:56:37 [INFO] __main__: Epoch_loss_fct: 0
2021-07-05 13:56:37 [INFO] __main__: Duration: 0:00:03.288531
2021-07-05 13:56:37 [INFO] __main__: Training epoch 26
2021-07-05 13:56:40 [INFO] __main__: Epoch_loss: 0.08193208277225494
2021-07-05 13:56:40 [INFO] __main__: Epoch_loss_reconstr: 0.08193208277225494
2021-07-05 13:56:40 [INFO] __main__: Epoch_loss_border: 0
2021-07-05 13:56:40 [INFO] __main__: Epoch_loss_fct: 0
2021-07-05 13:56:40 [INFO] __main__: Duration: 0:00:03.288036
2021-07-05 13:56:40 [INFO] __main__: Training epoch 27
2021-07-05 13:56:43 [INFO] __main__: Epoch_loss: 0.07846388220787048
2021-07-05 13:56:43 [INFO] __main__: Epoch_loss_reconstr: 0.07846388220787048
2021-07-05 13:56:43 [INFO] __main__: Epoch_loss_border: 0
2021-07-05 13:56:43 [INFO] __main__: Epoch_loss_fct: 0
2021-07-05 13:56:43 [INFO] __main__: Duration: 0:00:03.321585
2021-07-05 13:56:43 [INFO] __main__: Training epoch 28
2021-07-05 13:56:46 [INFO] __main__: Epoch_loss: 0.07548002153635025
2021-07-05 13:56:46 [INFO] __main__: Epoch_loss_reconstr: 0.07548002153635025
2021-07-05 13:56:46 [INFO] __main__: Epoch_loss_border: 0
2021-07-05 13:56:46 [INFO] __main__: Epoch_loss_fct: 0
2021-07-05 13:56:46 [INFO] __main__: Duration: 0:00:03.285718
2021-07-05 13:56:46 [INFO] __main__: Training epoch 29
2021-07-05 13:56:50 [INFO] __main__: Epoch_loss: 0.07253511995077133
2021-07-05 13:56:50 [INFO] __main__: Epoch_loss_reconstr: 0.07253511995077133
2021-07-05 13:56:50 [INFO] __main__: Epoch_loss_border: 0
2021-07-05 13:56:50 [INFO] __main__: Epoch_loss_fct: 0
2021-07-05 13:56:50 [INFO] __main__: Duration: 0:00:03.289226
2021-07-05 13:56:50 [INFO] __main__: Training epoch 30
2021-07-05 13:56:53 [INFO] __main__: Epoch_loss: 0.06968684494495392
2021-07-05 13:56:53 [INFO] __main__: Epoch_loss_reconstr: 0.06968684494495392
2021-07-05 13:56:53 [INFO] __main__: Epoch_loss_border: 0
2021-07-05 13:56:53 [INFO] __main__: Epoch_loss_fct: 0
2021-07-05 13:56:53 [INFO] __main__: Duration: 0:00:03.287116
2021-07-05 13:56:53 [INFO] __main__: Training epoch 31
2021-07-05 13:56:56 [INFO] __main__: Epoch_loss: 0.06718868017196655
2021-07-05 13:56:56 [INFO] __main__: Epoch_loss_reconstr: 0.06718868017196655
2021-07-05 13:56:56 [INFO] __main__: Epoch_loss_border: 0
2021-07-05 13:56:56 [INFO] __main__: Epoch_loss_fct: 0
2021-07-05 13:56:56 [INFO] __main__: Duration: 0:00:03.287834
2021-07-05 13:56:56 [INFO] __main__: Training epoch 32
2021-07-05 13:57:00 [INFO] __main__: Epoch_loss: 0.06448688358068466
2021-07-05 13:57:00 [INFO] __main__: Epoch_loss_reconstr: 0.06448688358068466
2021-07-05 13:57:00 [INFO] __main__: Epoch_loss_border: 0
2021-07-05 13:57:00 [INFO] __main__: Epoch_loss_fct: 0
2021-07-05 13:57:00 [INFO] __main__: Duration: 0:00:03.289749
2021-07-05 13:57:00 [INFO] __main__: Training epoch 33
2021-07-05 13:57:03 [INFO] __main__: Epoch_loss: 0.061567652970552444
2021-07-05 13:57:03 [INFO] __main__: Epoch_loss_reconstr: 0.061567652970552444
2021-07-05 13:57:03 [INFO] __main__: Epoch_loss_border: 0
2021-07-05 13:57:03 [INFO] __main__: Epoch_loss_fct: 0
2021-07-05 13:57:03 [INFO] __main__: Duration: 0:00:03.288307
2021-07-05 13:57:03 [INFO] __main__: Training epoch 34
2021-07-05 13:57:06 [INFO] __main__: Epoch_loss: 0.05843105539679527
2021-07-05 13:57:06 [INFO] __main__: Epoch_loss_reconstr: 0.05843105539679527
2021-07-05 13:57:06 [INFO] __main__: Epoch_loss_border: 0
2021-07-05 13:57:06 [INFO] __main__: Epoch_loss_fct: 0
2021-07-05 13:57:06 [INFO] __main__: Duration: 0:00:03.296351
2021-07-05 13:57:06 [INFO] __main__: Training epoch 35
2021-07-05 13:57:10 [INFO] __main__: Epoch_loss: 0.055173903703689575
2021-07-05 13:57:10 [INFO] __main__: Epoch_loss_reconstr: 0.055173903703689575
2021-07-05 13:57:10 [INFO] __main__: Epoch_loss_border: 0
2021-07-05 13:57:10 [INFO] __main__: Epoch_loss_fct: 0
2021-07-05 13:57:10 [INFO] __main__: Duration: 0:00:03.289175
2021-07-05 13:57:10 [INFO] __main__: Training epoch 36
2021-07-05 13:57:13 [INFO] __main__: Epoch_loss: 0.05182691663503647
2021-07-05 13:57:13 [INFO] __main__: Epoch_loss_reconstr: 0.05182691663503647
2021-07-05 13:57:13 [INFO] __main__: Epoch_loss_border: 0
2021-07-05 13:57:13 [INFO] __main__: Epoch_loss_fct: 0
2021-07-05 13:57:13 [INFO] __main__: Duration: 0:00:03.321587
2021-07-05 13:57:13 [INFO] __main__: Training epoch 37
2021-07-05 13:57:16 [INFO] __main__: Epoch_loss: 0.04854612052440643
2021-07-05 13:57:16 [INFO] __main__: Epoch_loss_reconstr: 0.04854612052440643
2021-07-05 13:57:16 [INFO] __main__: Epoch_loss_border: 0
2021-07-05 13:57:16 [INFO] __main__: Epoch_loss_fct: 0
2021-07-05 13:57:16 [INFO] __main__: Duration: 0:00:03.286672
2021-07-05 13:57:16 [INFO] __main__: Training epoch 38
2021-07-05 13:57:19 [INFO] __main__: Epoch_loss: 0.04545413702726364
2021-07-05 13:57:19 [INFO] __main__: Epoch_loss_reconstr: 0.04545413702726364
2021-07-05 13:57:19 [INFO] __main__: Epoch_loss_border: 0
2021-07-05 13:57:19 [INFO] __main__: Epoch_loss_fct: 0
2021-07-05 13:57:19 [INFO] __main__: Duration: 0:00:03.286858
2021-07-05 13:57:19 [INFO] __main__: Training epoch 39
2021-07-05 13:57:23 [INFO] __main__: Epoch_loss: 0.04317322000861168
2021-07-05 13:57:23 [INFO] __main__: Epoch_loss_reconstr: 0.04317322000861168
2021-07-05 13:57:23 [INFO] __main__: Epoch_loss_border: 0
2021-07-05 13:57:23 [INFO] __main__: Epoch_loss_fct: 0
2021-07-05 13:57:23 [INFO] __main__: Duration: 0:00:03.288344
2021-07-05 13:57:23 [INFO] __main__: Training epoch 40
2021-07-05 13:57:26 [INFO] __main__: Epoch_loss: 0.04139131307601929
2021-07-05 13:57:26 [INFO] __main__: Epoch_loss_reconstr: 0.04139131307601929
2021-07-05 13:57:26 [INFO] __main__: Epoch_loss_border: 0
2021-07-05 13:57:26 [INFO] __main__: Epoch_loss_fct: 0
2021-07-05 13:57:26 [INFO] __main__: Duration: 0:00:03.287695
2021-07-05 13:57:26 [INFO] __main__: Training epoch 41
2021-07-05 13:57:29 [INFO] __main__: Epoch_loss: 0.03956228122115135
2021-07-05 13:57:29 [INFO] __main__: Epoch_loss_reconstr: 0.03956228122115135
2021-07-05 13:57:29 [INFO] __main__: Epoch_loss_border: 0
2021-07-05 13:57:29 [INFO] __main__: Epoch_loss_fct: 0
2021-07-05 13:57:29 [INFO] __main__: Duration: 0:00:03.286597
2021-07-05 13:57:29 [INFO] __main__: Training epoch 42
2021-07-05 13:57:33 [INFO] __main__: Epoch_loss: 0.03813152387738228
2021-07-05 13:57:33 [INFO] __main__: Epoch_loss_reconstr: 0.03813152387738228
2021-07-05 13:57:33 [INFO] __main__: Epoch_loss_border: 0
2021-07-05 13:57:33 [INFO] __main__: Epoch_loss_fct: 0
2021-07-05 13:57:33 [INFO] __main__: Duration: 0:00:03.310207
2021-07-05 13:57:33 [INFO] __main__: Training epoch 43
2021-07-05 13:57:36 [INFO] __main__: Epoch_loss: 0.03663704916834831
2021-07-05 13:57:36 [INFO] __main__: Epoch_loss_reconstr: 0.03663704916834831
2021-07-05 13:57:36 [INFO] __main__: Epoch_loss_border: 0
2021-07-05 13:57:36 [INFO] __main__: Epoch_loss_fct: 0
2021-07-05 13:57:36 [INFO] __main__: Duration: 0:00:03.294709
2021-07-05 13:57:36 [INFO] __main__: Training epoch 44
2021-07-05 13:57:39 [INFO] __main__: Epoch_loss: 0.035569123923778534
2021-07-05 13:57:39 [INFO] __main__: Epoch_loss_reconstr: 0.035569123923778534
2021-07-05 13:57:39 [INFO] __main__: Epoch_loss_border: 0
2021-07-05 13:57:39 [INFO] __main__: Epoch_loss_fct: 0
2021-07-05 13:57:39 [INFO] __main__: Duration: 0:00:03.294802
2021-07-05 13:57:39 [INFO] __main__: Training epoch 45
2021-07-05 13:57:42 [INFO] __main__: Epoch_loss: 0.034222278743982315
2021-07-05 13:57:42 [INFO] __main__: Epoch_loss_reconstr: 0.034222278743982315
2021-07-05 13:57:42 [INFO] __main__: Epoch_loss_border: 0
2021-07-05 13:57:42 [INFO] __main__: Epoch_loss_fct: 0
2021-07-05 13:57:42 [INFO] __main__: Duration: 0:00:03.333212
2021-07-05 13:57:42 [INFO] __main__: Training epoch 46
2021-07-05 13:57:46 [INFO] __main__: Epoch_loss: 0.033197708427906036
2021-07-05 13:57:46 [INFO] __main__: Epoch_loss_reconstr: 0.033197708427906036
2021-07-05 13:57:46 [INFO] __main__: Epoch_loss_border: 0
2021-07-05 13:57:46 [INFO] __main__: Epoch_loss_fct: 0
2021-07-05 13:57:46 [INFO] __main__: Duration: 0:00:03.286597
2021-07-05 13:57:46 [INFO] __main__: Training epoch 47
2021-07-05 13:57:49 [INFO] __main__: Epoch_loss: 0.03213339298963547
2021-07-05 13:57:49 [INFO] __main__: Epoch_loss_reconstr: 0.03213339298963547
2021-07-05 13:57:49 [INFO] __main__: Epoch_loss_border: 0
2021-07-05 13:57:49 [INFO] __main__: Epoch_loss_fct: 0
2021-07-05 13:57:49 [INFO] __main__: Duration: 0:00:03.288874
2021-07-05 13:57:49 [INFO] __main__: Training epoch 48
2021-07-05 13:57:52 [INFO] __main__: Epoch_loss: 0.03147076070308685
2021-07-05 13:57:52 [INFO] __main__: Epoch_loss_reconstr: 0.03147076070308685
2021-07-05 13:57:52 [INFO] __main__: Epoch_loss_border: 0
2021-07-05 13:57:52 [INFO] __main__: Epoch_loss_fct: 0
2021-07-05 13:57:52 [INFO] __main__: Duration: 0:00:03.288498
2021-07-05 13:57:52 [INFO] __main__: Training epoch 49
2021-07-05 13:57:56 [INFO] __main__: Epoch_loss: 0.030774157494306564
2021-07-05 13:57:56 [INFO] __main__: Epoch_loss_reconstr: 0.030774157494306564
2021-07-05 13:57:56 [INFO] __main__: Epoch_loss_border: 0
2021-07-05 13:57:56 [INFO] __main__: Epoch_loss_fct: 0
2021-07-05 13:57:56 [INFO] __main__: Duration: 0:00:03.285355
