2021-07-05 14:08:12 [DEBUG] src.utils.config: Logger initialized
2021-07-05 14:08:12 [INFO] __main__: Training epoch 0
2021-07-05 14:08:23 [INFO] __main__: Epoch_loss: 5.132483005523682
2021-07-05 14:08:23 [INFO] __main__: Epoch_loss_reconstr: 4.7508625984191895
2021-07-05 14:08:23 [INFO] __main__: Epoch_loss_border: 0
2021-07-05 14:08:23 [INFO] __main__: Epoch_loss_fct: 76.32406616210938
2021-07-05 14:08:23 [INFO] __main__: Duration: 0:00:11.295911
2021-07-05 14:08:23 [INFO] __main__: Training epoch 1
2021-07-05 14:08:34 [INFO] __main__: Epoch_loss: 4.393148422241211
2021-07-05 14:08:34 [INFO] __main__: Epoch_loss_reconstr: 4.158214092254639
2021-07-05 14:08:34 [INFO] __main__: Epoch_loss_border: 0
2021-07-05 14:08:34 [INFO] __main__: Epoch_loss_fct: 46.98695373535156
2021-07-05 14:08:34 [INFO] __main__: Duration: 0:00:11.016637
2021-07-05 14:08:34 [INFO] __main__: Training epoch 2
2021-07-05 14:08:47 [INFO] __main__: Epoch_loss: 4.179463863372803
2021-07-05 14:08:47 [INFO] __main__: Epoch_loss_reconstr: 3.943267345428467
2021-07-05 14:08:47 [INFO] __main__: Epoch_loss_border: 0
2021-07-05 14:08:47 [INFO] __main__: Epoch_loss_fct: 47.23927688598633
2021-07-05 14:08:47 [INFO] __main__: Duration: 0:00:12.348093
2021-07-05 14:08:47 [INFO] __main__: Training epoch 3
2021-07-05 14:08:58 [INFO] __main__: Epoch_loss: 3.9672160148620605
2021-07-05 14:08:58 [INFO] __main__: Epoch_loss_reconstr: 3.6646275520324707
2021-07-05 14:08:58 [INFO] __main__: Epoch_loss_border: 0
2021-07-05 14:08:58 [INFO] __main__: Epoch_loss_fct: 60.51776123046875
2021-07-05 14:08:58 [INFO] __main__: Duration: 0:00:11.746537
2021-07-05 14:08:58 [INFO] __main__: Training epoch 4
2021-07-05 14:09:10 [INFO] __main__: Epoch_loss: 3.8018040657043457
2021-07-05 14:09:10 [INFO] __main__: Epoch_loss_reconstr: 3.382932424545288
2021-07-05 14:09:10 [INFO] __main__: Epoch_loss_border: 0
2021-07-05 14:09:10 [INFO] __main__: Epoch_loss_fct: 83.7740478515625
2021-07-05 14:09:10 [INFO] __main__: Duration: 0:00:11.740386
2021-07-05 14:09:10 [INFO] __main__: Training epoch 5
2021-07-05 14:09:22 [INFO] __main__: Epoch_loss: 3.6592469215393066
2021-07-05 14:09:22 [INFO] __main__: Epoch_loss_reconstr: 3.1226351261138916
2021-07-05 14:09:22 [INFO] __main__: Epoch_loss_border: 0
2021-07-05 14:09:22 [INFO] __main__: Epoch_loss_fct: 107.32225036621094
2021-07-05 14:09:22 [INFO] __main__: Duration: 0:00:11.470630
2021-07-05 14:09:22 [INFO] __main__: Training epoch 6
2021-07-05 14:09:33 [INFO] __main__: Epoch_loss: 3.4834094047546387
2021-07-05 14:09:33 [INFO] __main__: Epoch_loss_reconstr: 2.8936266899108887
2021-07-05 14:09:33 [INFO] __main__: Epoch_loss_border: 0
2021-07-05 14:09:33 [INFO] __main__: Epoch_loss_fct: 117.95655059814453
2021-07-05 14:09:33 [INFO] __main__: Duration: 0:00:11.230245
2021-07-05 14:09:33 [INFO] __main__: Training epoch 7
2021-07-05 14:09:45 [INFO] __main__: Epoch_loss: 3.338876247406006
2021-07-05 14:09:45 [INFO] __main__: Epoch_loss_reconstr: 2.6840031147003174
2021-07-05 14:09:45 [INFO] __main__: Epoch_loss_border: 0
2021-07-05 14:09:45 [INFO] __main__: Epoch_loss_fct: 130.97457885742188
2021-07-05 14:09:45 [INFO] __main__: Duration: 0:00:11.956834
2021-07-05 14:09:45 [INFO] __main__: Training epoch 8
2021-07-05 14:09:56 [INFO] __main__: Epoch_loss: 3.222726345062256
2021-07-05 14:09:56 [INFO] __main__: Epoch_loss_reconstr: 2.495671033859253
2021-07-05 14:09:56 [INFO] __main__: Epoch_loss_border: 0
2021-07-05 14:09:56 [INFO] __main__: Epoch_loss_fct: 145.4111785888672
2021-07-05 14:09:56 [INFO] __main__: Duration: 0:00:11.671313
2021-07-05 14:09:56 [INFO] __main__: Training epoch 9
2021-07-05 14:10:08 [INFO] __main__: Epoch_loss: 3.1314468383789062
2021-07-05 14:10:08 [INFO] __main__: Epoch_loss_reconstr: 2.3822152614593506
2021-07-05 14:10:08 [INFO] __main__: Epoch_loss_border: 0
2021-07-05 14:10:08 [INFO] __main__: Epoch_loss_fct: 149.84637451171875
2021-07-05 14:10:08 [INFO] __main__: Duration: 0:00:11.771920
2021-07-05 14:10:08 [INFO] __main__: Training epoch 10
2021-07-05 14:10:20 [INFO] __main__: Epoch_loss: 3.064314842224121
2021-07-05 14:10:20 [INFO] __main__: Epoch_loss_reconstr: 2.2810707092285156
2021-07-05 14:10:20 [INFO] __main__: Epoch_loss_border: 0
2021-07-05 14:10:20 [INFO] __main__: Epoch_loss_fct: 156.64883422851562
2021-07-05 14:10:20 [INFO] __main__: Duration: 0:00:12.005740
2021-07-05 14:10:20 [INFO] __main__: Training epoch 11
2021-07-05 14:10:33 [INFO] __main__: Epoch_loss: 2.9941649436950684
2021-07-05 14:10:33 [INFO] __main__: Epoch_loss_reconstr: 2.169080972671509
2021-07-05 14:10:33 [INFO] __main__: Epoch_loss_border: 0
2021-07-05 14:10:33 [INFO] __main__: Epoch_loss_fct: 165.01670837402344
2021-07-05 14:10:33 [INFO] __main__: Duration: 0:00:12.396408
2021-07-05 14:10:33 [INFO] __main__: Training epoch 12
2021-07-05 14:10:45 [INFO] __main__: Epoch_loss: 2.9366796016693115
2021-07-05 14:10:45 [INFO] __main__: Epoch_loss_reconstr: 2.0851593017578125
2021-07-05 14:10:45 [INFO] __main__: Epoch_loss_border: 0
2021-07-05 14:10:45 [INFO] __main__: Epoch_loss_fct: 170.30404663085938
2021-07-05 14:10:45 [INFO] __main__: Duration: 0:00:12.429376
2021-07-05 14:10:45 [INFO] __main__: Training epoch 13
2021-07-05 14:10:57 [INFO] __main__: Epoch_loss: 2.8884708881378174
2021-07-05 14:10:57 [INFO] __main__: Epoch_loss_reconstr: 1.9773054122924805
2021-07-05 14:10:57 [INFO] __main__: Epoch_loss_border: 0
2021-07-05 14:10:57 [INFO] __main__: Epoch_loss_fct: 182.23294067382812
2021-07-05 14:10:57 [INFO] __main__: Duration: 0:00:12.350198
2021-07-05 14:10:57 [INFO] __main__: Training epoch 14
2021-07-05 14:11:11 [INFO] __main__: Epoch_loss: 2.8365061283111572
2021-07-05 14:11:11 [INFO] __main__: Epoch_loss_reconstr: 1.8859061002731323
2021-07-05 14:11:11 [INFO] __main__: Epoch_loss_border: 0
2021-07-05 14:11:11 [INFO] __main__: Epoch_loss_fct: 190.1200408935547
2021-07-05 14:11:11 [INFO] __main__: Duration: 0:00:13.562392
2021-07-05 14:11:11 [INFO] __main__: Training epoch 15
2021-07-05 14:11:23 [INFO] __main__: Epoch_loss: 2.7701916694641113
2021-07-05 14:11:23 [INFO] __main__: Epoch_loss_reconstr: 1.8022383451461792
2021-07-05 14:11:23 [INFO] __main__: Epoch_loss_border: 0
2021-07-05 14:11:23 [INFO] __main__: Epoch_loss_fct: 193.59056091308594
2021-07-05 14:11:23 [INFO] __main__: Duration: 0:00:11.530364
2021-07-05 14:11:23 [INFO] __main__: Training epoch 16
2021-07-05 14:11:35 [INFO] __main__: Epoch_loss: 2.7403876781463623
2021-07-05 14:11:35 [INFO] __main__: Epoch_loss_reconstr: 1.7206659317016602
2021-07-05 14:11:35 [INFO] __main__: Epoch_loss_border: 0
2021-07-05 14:11:35 [INFO] __main__: Epoch_loss_fct: 203.9444122314453
2021-07-05 14:11:35 [INFO] __main__: Duration: 0:00:12.267370
2021-07-05 14:11:35 [INFO] __main__: Training epoch 17
2021-07-05 14:11:48 [INFO] __main__: Epoch_loss: 2.696789503097534
2021-07-05 14:11:48 [INFO] __main__: Epoch_loss_reconstr: 1.6526992321014404
2021-07-05 14:11:48 [INFO] __main__: Epoch_loss_border: 0
2021-07-05 14:11:48 [INFO] __main__: Epoch_loss_fct: 208.81793212890625
2021-07-05 14:11:48 [INFO] __main__: Duration: 0:00:12.732347
2021-07-05 14:11:48 [INFO] __main__: Training epoch 18
2021-07-05 14:12:01 [INFO] __main__: Epoch_loss: 2.673252582550049
2021-07-05 14:12:01 [INFO] __main__: Epoch_loss_reconstr: 1.593664526939392
2021-07-05 14:12:01 [INFO] __main__: Epoch_loss_border: 0
2021-07-05 14:12:01 [INFO] __main__: Epoch_loss_fct: 215.9175567626953
2021-07-05 14:12:01 [INFO] __main__: Duration: 0:00:13.087147
2021-07-05 14:12:01 [INFO] __main__: Training epoch 19
2021-07-05 14:12:11 [INFO] __main__: Epoch_loss: 2.6499290466308594
2021-07-05 14:12:11 [INFO] __main__: Epoch_loss_reconstr: 1.5472840070724487
2021-07-05 14:12:11 [INFO] __main__: Epoch_loss_border: 0
2021-07-05 14:12:11 [INFO] __main__: Epoch_loss_fct: 220.52903747558594
2021-07-05 14:12:11 [INFO] __main__: Duration: 0:00:10.877749
2021-07-05 14:12:11 [INFO] __main__: Training epoch 20
2021-07-05 14:12:22 [INFO] __main__: Epoch_loss: 2.6136929988861084
2021-07-05 14:12:22 [INFO] __main__: Epoch_loss_reconstr: 1.5084346532821655
2021-07-05 14:12:22 [INFO] __main__: Epoch_loss_border: 0
2021-07-05 14:12:22 [INFO] __main__: Epoch_loss_fct: 221.05174255371094
2021-07-05 14:12:22 [INFO] __main__: Duration: 0:00:10.924875
2021-07-05 14:12:22 [INFO] __main__: Training epoch 21
2021-07-05 14:12:33 [INFO] __main__: Epoch_loss: 2.5808331966400146
2021-07-05 14:12:33 [INFO] __main__: Epoch_loss_reconstr: 1.4754277467727661
2021-07-05 14:12:33 [INFO] __main__: Epoch_loss_border: 0
2021-07-05 14:12:33 [INFO] __main__: Epoch_loss_fct: 221.08111572265625
2021-07-05 14:12:33 [INFO] __main__: Duration: 0:00:10.918501
2021-07-05 14:12:33 [INFO] __main__: Training epoch 22
2021-07-05 14:12:44 [INFO] __main__: Epoch_loss: 2.5540730953216553
2021-07-05 14:12:44 [INFO] __main__: Epoch_loss_reconstr: 1.4490690231323242
2021-07-05 14:12:44 [INFO] __main__: Epoch_loss_border: 0
2021-07-05 14:12:44 [INFO] __main__: Epoch_loss_fct: 221.00074768066406
2021-07-05 14:12:44 [INFO] __main__: Duration: 0:00:10.919320
2021-07-05 14:12:44 [INFO] __main__: Training epoch 23
2021-07-05 14:12:55 [INFO] __main__: Epoch_loss: 2.539853572845459
2021-07-05 14:12:55 [INFO] __main__: Epoch_loss_reconstr: 1.425382375717163
2021-07-05 14:12:55 [INFO] __main__: Epoch_loss_border: 0
2021-07-05 14:12:55 [INFO] __main__: Epoch_loss_fct: 222.89422607421875
2021-07-05 14:12:55 [INFO] __main__: Duration: 0:00:10.827866
2021-07-05 14:12:55 [INFO] __main__: Training epoch 24
2021-07-05 14:13:07 [INFO] __main__: Epoch_loss: 2.5220539569854736
2021-07-05 14:13:07 [INFO] __main__: Epoch_loss_reconstr: 1.4055814743041992
2021-07-05 14:13:07 [INFO] __main__: Epoch_loss_border: 0
2021-07-05 14:13:07 [INFO] __main__: Epoch_loss_fct: 223.2945098876953
2021-07-05 14:13:07 [INFO] __main__: Duration: 0:00:12.304116
2021-07-05 14:13:07 [INFO] __main__: Training epoch 25
2021-07-05 14:13:20 [INFO] __main__: Epoch_loss: 2.5086312294006348
2021-07-05 14:13:20 [INFO] __main__: Epoch_loss_reconstr: 1.3896355628967285
2021-07-05 14:13:20 [INFO] __main__: Epoch_loss_border: 0
2021-07-05 14:13:20 [INFO] __main__: Epoch_loss_fct: 223.79917907714844
2021-07-05 14:13:20 [INFO] __main__: Duration: 0:00:12.469456
2021-07-05 14:13:20 [INFO] __main__: Training epoch 26
2021-07-05 14:13:32 [INFO] __main__: Epoch_loss: 2.4856302738189697
2021-07-05 14:13:32 [INFO] __main__: Epoch_loss_reconstr: 1.3724780082702637
2021-07-05 14:13:32 [INFO] __main__: Epoch_loss_border: 0
2021-07-05 14:13:32 [INFO] __main__: Epoch_loss_fct: 222.63047790527344
2021-07-05 14:13:32 [INFO] __main__: Duration: 0:00:12.572380
2021-07-05 14:13:32 [INFO] __main__: Training epoch 27
2021-07-05 14:13:45 [INFO] __main__: Epoch_loss: 2.4573888778686523
2021-07-05 14:13:45 [INFO] __main__: Epoch_loss_reconstr: 1.3486775159835815
2021-07-05 14:13:45 [INFO] __main__: Epoch_loss_border: 0
2021-07-05 14:13:45 [INFO] __main__: Epoch_loss_fct: 221.74237060546875
2021-07-05 14:13:45 [INFO] __main__: Duration: 0:00:12.492513
2021-07-05 14:13:45 [INFO] __main__: Training epoch 28
2021-07-05 14:13:57 [INFO] __main__: Epoch_loss: 2.427166223526001
2021-07-05 14:13:57 [INFO] __main__: Epoch_loss_reconstr: 1.323135495185852
2021-07-05 14:13:57 [INFO] __main__: Epoch_loss_border: 0
2021-07-05 14:13:57 [INFO] __main__: Epoch_loss_fct: 220.80616760253906
2021-07-05 14:13:57 [INFO] __main__: Duration: 0:00:11.936898
2021-07-05 14:13:57 [INFO] __main__: Training epoch 29
2021-07-05 14:14:09 [INFO] __main__: Epoch_loss: 2.414527654647827
2021-07-05 14:14:09 [INFO] __main__: Epoch_loss_reconstr: 1.2981823682785034
2021-07-05 14:14:09 [INFO] __main__: Epoch_loss_border: 0
2021-07-05 14:14:09 [INFO] __main__: Epoch_loss_fct: 223.26907348632812
2021-07-05 14:14:09 [INFO] __main__: Duration: 0:00:11.899318
2021-07-05 14:14:09 [INFO] __main__: Training epoch 30
2021-07-05 14:14:21 [INFO] __main__: Epoch_loss: 2.406644105911255
2021-07-05 14:14:21 [INFO] __main__: Epoch_loss_reconstr: 1.2819157838821411
2021-07-05 14:14:21 [INFO] __main__: Epoch_loss_border: 0
2021-07-05 14:14:21 [INFO] __main__: Epoch_loss_fct: 224.94561767578125
2021-07-05 14:14:21 [INFO] __main__: Duration: 0:00:12.061665
2021-07-05 14:14:21 [INFO] __main__: Training epoch 31
2021-07-05 14:14:33 [INFO] __main__: Epoch_loss: 2.396895170211792
2021-07-05 14:14:33 [INFO] __main__: Epoch_loss_reconstr: 1.2567154169082642
2021-07-05 14:14:33 [INFO] __main__: Epoch_loss_border: 0
2021-07-05 14:14:33 [INFO] __main__: Epoch_loss_fct: 228.0359344482422
2021-07-05 14:14:33 [INFO] __main__: Duration: 0:00:11.961901
2021-07-05 14:14:33 [INFO] __main__: Training epoch 32
2021-07-05 14:14:45 [INFO] __main__: Epoch_loss: 2.4048922061920166
2021-07-05 14:14:45 [INFO] __main__: Epoch_loss_reconstr: 1.2399992942810059
2021-07-05 14:14:45 [INFO] __main__: Epoch_loss_border: 0
2021-07-05 14:14:45 [INFO] __main__: Epoch_loss_fct: 232.97854614257812
2021-07-05 14:14:45 [INFO] __main__: Duration: 0:00:11.876695
2021-07-05 14:14:45 [INFO] __main__: Training epoch 33
2021-07-05 14:14:56 [INFO] __main__: Epoch_loss: 2.375279426574707
2021-07-05 14:14:56 [INFO] __main__: Epoch_loss_reconstr: 1.2205774784088135
2021-07-05 14:14:56 [INFO] __main__: Epoch_loss_border: 0
2021-07-05 14:14:56 [INFO] __main__: Epoch_loss_fct: 230.94036865234375
2021-07-05 14:14:56 [INFO] __main__: Duration: 0:00:11.762180
2021-07-05 14:14:56 [INFO] __main__: Training epoch 34
2021-07-05 14:15:10 [INFO] __main__: Epoch_loss: 2.3502955436706543
2021-07-05 14:15:10 [INFO] __main__: Epoch_loss_reconstr: 1.1977499723434448
2021-07-05 14:15:10 [INFO] __main__: Epoch_loss_border: 0
2021-07-05 14:15:10 [INFO] __main__: Epoch_loss_fct: 230.50906372070312
2021-07-05 14:15:10 [INFO] __main__: Duration: 0:00:13.663284
2021-07-05 14:15:10 [INFO] __main__: Training epoch 35
2021-07-05 14:15:23 [INFO] __main__: Epoch_loss: 2.3477554321289062
2021-07-05 14:15:23 [INFO] __main__: Epoch_loss_reconstr: 1.181388020515442
2021-07-05 14:15:23 [INFO] __main__: Epoch_loss_border: 0
2021-07-05 14:15:23 [INFO] __main__: Epoch_loss_fct: 233.27362060546875
2021-07-05 14:15:23 [INFO] __main__: Duration: 0:00:13.332803
2021-07-05 14:15:23 [INFO] __main__: Training epoch 36
2021-07-05 14:15:37 [INFO] __main__: Epoch_loss: 2.3460752964019775
2021-07-05 14:15:37 [INFO] __main__: Epoch_loss_reconstr: 1.168474793434143
2021-07-05 14:15:37 [INFO] __main__: Epoch_loss_border: 0
2021-07-05 14:15:37 [INFO] __main__: Epoch_loss_fct: 235.52005004882812
2021-07-05 14:15:37 [INFO] __main__: Duration: 0:00:13.408398
2021-07-05 14:15:37 [INFO] __main__: Training epoch 37
2021-07-05 14:15:50 [INFO] __main__: Epoch_loss: 2.3288774490356445
2021-07-05 14:15:50 [INFO] __main__: Epoch_loss_reconstr: 1.1579588651657104
2021-07-05 14:15:50 [INFO] __main__: Epoch_loss_border: 0
2021-07-05 14:15:50 [INFO] __main__: Epoch_loss_fct: 234.18377685546875
2021-07-05 14:15:50 [INFO] __main__: Duration: 0:00:13.357539
2021-07-05 14:15:50 [INFO] __main__: Training epoch 38
2021-07-05 14:16:03 [INFO] __main__: Epoch_loss: 2.3093178272247314
2021-07-05 14:16:03 [INFO] __main__: Epoch_loss_reconstr: 1.1412601470947266
2021-07-05 14:16:03 [INFO] __main__: Epoch_loss_border: 0
2021-07-05 14:16:03 [INFO] __main__: Epoch_loss_fct: 233.61154174804688
2021-07-05 14:16:03 [INFO] __main__: Duration: 0:00:13.307592
2021-07-05 14:16:03 [INFO] __main__: Training epoch 39
2021-07-05 14:16:17 [INFO] __main__: Epoch_loss: 2.297698497772217
2021-07-05 14:16:17 [INFO] __main__: Epoch_loss_reconstr: 1.1287848949432373
2021-07-05 14:16:17 [INFO] __main__: Epoch_loss_border: 0
2021-07-05 14:16:17 [INFO] __main__: Epoch_loss_fct: 233.78277587890625
2021-07-05 14:16:17 [INFO] __main__: Duration: 0:00:13.300811
2021-07-05 14:16:17 [INFO] __main__: Training epoch 40
2021-07-05 14:16:30 [INFO] __main__: Epoch_loss: 2.2912521362304688
2021-07-05 14:16:30 [INFO] __main__: Epoch_loss_reconstr: 1.121792197227478
2021-07-05 14:16:30 [INFO] __main__: Epoch_loss_border: 0
2021-07-05 14:16:30 [INFO] __main__: Epoch_loss_fct: 233.8919219970703
2021-07-05 14:16:30 [INFO] __main__: Duration: 0:00:13.420274
2021-07-05 14:16:30 [INFO] __main__: Training epoch 41
2021-07-05 14:16:43 [INFO] __main__: Epoch_loss: 2.281198740005493
2021-07-05 14:16:43 [INFO] __main__: Epoch_loss_reconstr: 1.1094533205032349
2021-07-05 14:16:43 [INFO] __main__: Epoch_loss_border: 0
2021-07-05 14:16:43 [INFO] __main__: Epoch_loss_fct: 234.34913635253906
2021-07-05 14:16:43 [INFO] __main__: Duration: 0:00:13.289809
2021-07-05 14:16:43 [INFO] __main__: Training epoch 42
2021-07-05 14:16:57 [INFO] __main__: Epoch_loss: 2.2794418334960938
2021-07-05 14:16:57 [INFO] __main__: Epoch_loss_reconstr: 1.104976773262024
2021-07-05 14:16:57 [INFO] __main__: Epoch_loss_border: 0
2021-07-05 14:16:57 [INFO] __main__: Epoch_loss_fct: 234.89297485351562
2021-07-05 14:16:57 [INFO] __main__: Duration: 0:00:13.297776
2021-07-05 14:16:57 [INFO] __main__: Training epoch 43
2021-07-05 14:17:10 [INFO] __main__: Epoch_loss: 2.2735323905944824
2021-07-05 14:17:10 [INFO] __main__: Epoch_loss_reconstr: 1.0988872051239014
2021-07-05 14:17:10 [INFO] __main__: Epoch_loss_border: 0
2021-07-05 14:17:10 [INFO] __main__: Epoch_loss_fct: 234.9291534423828
2021-07-05 14:17:10 [INFO] __main__: Duration: 0:00:13.338732
2021-07-05 14:17:10 [INFO] __main__: Training epoch 44
2021-07-05 14:17:23 [INFO] __main__: Epoch_loss: 2.256618022918701
2021-07-05 14:17:23 [INFO] __main__: Epoch_loss_reconstr: 1.0890986919403076
2021-07-05 14:17:23 [INFO] __main__: Epoch_loss_border: 0
2021-07-05 14:17:23 [INFO] __main__: Epoch_loss_fct: 233.50390625
2021-07-05 14:17:23 [INFO] __main__: Duration: 0:00:13.286381
2021-07-05 14:17:23 [INFO] __main__: Training epoch 45
2021-07-05 14:17:37 [INFO] __main__: Epoch_loss: 2.2483553886413574
2021-07-05 14:17:37 [INFO] __main__: Epoch_loss_reconstr: 1.0793085098266602
2021-07-05 14:17:37 [INFO] __main__: Epoch_loss_border: 0
2021-07-05 14:17:37 [INFO] __main__: Epoch_loss_fct: 233.80935668945312
2021-07-05 14:17:37 [INFO] __main__: Duration: 0:00:13.326405
2021-07-05 14:17:37 [INFO] __main__: Training epoch 46
2021-07-05 14:17:50 [INFO] __main__: Epoch_loss: 2.2354257106781006
2021-07-05 14:17:50 [INFO] __main__: Epoch_loss_reconstr: 1.0722038745880127
2021-07-05 14:17:50 [INFO] __main__: Epoch_loss_border: 0
2021-07-05 14:17:50 [INFO] __main__: Epoch_loss_fct: 232.64439392089844
2021-07-05 14:17:50 [INFO] __main__: Duration: 0:00:13.279624
2021-07-05 14:17:50 [INFO] __main__: Training epoch 47
2021-07-05 14:18:03 [INFO] __main__: Epoch_loss: 2.2265706062316895
2021-07-05 14:18:03 [INFO] __main__: Epoch_loss_reconstr: 1.0631277561187744
2021-07-05 14:18:03 [INFO] __main__: Epoch_loss_border: 0
2021-07-05 14:18:03 [INFO] __main__: Epoch_loss_fct: 232.68853759765625
2021-07-05 14:18:03 [INFO] __main__: Duration: 0:00:13.139336
2021-07-05 14:18:03 [INFO] __main__: Training epoch 48
2021-07-05 14:18:14 [INFO] __main__: Epoch_loss: 2.226902961730957
2021-07-05 14:18:14 [INFO] __main__: Epoch_loss_reconstr: 1.0583745241165161
2021-07-05 14:18:14 [INFO] __main__: Epoch_loss_border: 0
2021-07-05 14:18:14 [INFO] __main__: Epoch_loss_fct: 233.7057342529297
2021-07-05 14:18:14 [INFO] __main__: Duration: 0:00:10.823908
2021-07-05 14:18:14 [INFO] __main__: Training epoch 49
2021-07-05 14:18:25 [INFO] __main__: Epoch_loss: 2.2119362354278564
2021-07-05 14:18:25 [INFO] __main__: Epoch_loss_reconstr: 1.0527373552322388
2021-07-05 14:18:25 [INFO] __main__: Epoch_loss_border: 0
2021-07-05 14:18:25 [INFO] __main__: Epoch_loss_fct: 231.83975219726562
2021-07-05 14:18:25 [INFO] __main__: Duration: 0:00:11.133119
