2021-07-12 11:40:30 [DEBUG] src.utils.config: Logger initialized
2021-07-12 11:40:30 [INFO] __main__: Training epoch 0
2021-07-12 11:40:30 [INFO] __main__: Epoch_loss: 5.190545082092285
2021-07-12 11:40:30 [INFO] __main__: Epoch_loss_reconstr: 5.190545082092285
2021-07-12 11:40:30 [INFO] __main__: Epoch_loss_border: 0
2021-07-12 11:40:30 [INFO] __main__: Epoch_loss_fct: 0
2021-07-12 11:40:30 [INFO] __main__: Duration: 0:00:00.134787
2021-07-12 11:40:30 [INFO] __main__: Training epoch 1
2021-07-12 11:40:30 [INFO] __main__: Epoch_loss: 4.246819496154785
2021-07-12 11:40:30 [INFO] __main__: Epoch_loss_reconstr: 4.246819496154785
2021-07-12 11:40:30 [INFO] __main__: Epoch_loss_border: 0
2021-07-12 11:40:30 [INFO] __main__: Epoch_loss_fct: 0
2021-07-12 11:40:30 [INFO] __main__: Duration: 0:00:00.130872
2021-07-12 11:40:30 [INFO] __main__: Training epoch 2
2021-07-12 11:40:31 [INFO] __main__: Epoch_loss: 3.375164270401001
2021-07-12 11:40:31 [INFO] __main__: Epoch_loss_reconstr: 3.375164270401001
2021-07-12 11:40:31 [INFO] __main__: Epoch_loss_border: 0
2021-07-12 11:40:31 [INFO] __main__: Epoch_loss_fct: 0
2021-07-12 11:40:31 [INFO] __main__: Duration: 0:00:00.077770
2021-07-12 11:40:31 [INFO] __main__: Training epoch 3
2021-07-12 11:40:31 [INFO] __main__: Epoch_loss: 3.0198912620544434
2021-07-12 11:40:31 [INFO] __main__: Epoch_loss_reconstr: 3.0198912620544434
2021-07-12 11:40:31 [INFO] __main__: Epoch_loss_border: 0
2021-07-12 11:40:31 [INFO] __main__: Epoch_loss_fct: 0
2021-07-12 11:40:31 [INFO] __main__: Duration: 0:00:00.071489
2021-07-12 11:40:31 [INFO] __main__: Training epoch 4
2021-07-12 11:40:31 [INFO] __main__: Epoch_loss: 2.9074182510375977
2021-07-12 11:40:31 [INFO] __main__: Epoch_loss_reconstr: 2.9074182510375977
2021-07-12 11:40:31 [INFO] __main__: Epoch_loss_border: 0
2021-07-12 11:40:31 [INFO] __main__: Epoch_loss_fct: 0
2021-07-12 11:40:31 [INFO] __main__: Duration: 0:00:00.071781
2021-07-12 11:40:31 [INFO] __main__: Training epoch 5
2021-07-12 11:40:31 [INFO] __main__: Epoch_loss: 2.6349503993988037
2021-07-12 11:40:31 [INFO] __main__: Epoch_loss_reconstr: 2.6349503993988037
2021-07-12 11:40:31 [INFO] __main__: Epoch_loss_border: 0
2021-07-12 11:40:31 [INFO] __main__: Epoch_loss_fct: 0
2021-07-12 11:40:31 [INFO] __main__: Duration: 0:00:00.071483
2021-07-12 11:40:31 [INFO] __main__: Training epoch 6
2021-07-12 11:40:31 [INFO] __main__: Epoch_loss: 2.415354013442993
2021-07-12 11:40:31 [INFO] __main__: Epoch_loss_reconstr: 2.415354013442993
2021-07-12 11:40:31 [INFO] __main__: Epoch_loss_border: 0
2021-07-12 11:40:31 [INFO] __main__: Epoch_loss_fct: 0
2021-07-12 11:40:31 [INFO] __main__: Duration: 0:00:00.071829
2021-07-12 11:40:31 [INFO] __main__: Training epoch 7
2021-07-12 11:40:31 [INFO] __main__: Epoch_loss: 2.3946871757507324
2021-07-12 11:40:31 [INFO] __main__: Epoch_loss_reconstr: 2.3946871757507324
2021-07-12 11:40:31 [INFO] __main__: Epoch_loss_border: 0
2021-07-12 11:40:31 [INFO] __main__: Epoch_loss_fct: 0
2021-07-12 11:40:31 [INFO] __main__: Duration: 0:00:00.071893
2021-07-12 11:40:31 [INFO] __main__: Training epoch 8
2021-07-12 11:40:31 [INFO] __main__: Epoch_loss: 2.20111083984375
2021-07-12 11:40:31 [INFO] __main__: Epoch_loss_reconstr: 2.20111083984375
2021-07-12 11:40:31 [INFO] __main__: Epoch_loss_border: 0
2021-07-12 11:40:31 [INFO] __main__: Epoch_loss_fct: 0
2021-07-12 11:40:31 [INFO] __main__: Duration: 0:00:00.071735
2021-07-12 11:40:31 [INFO] __main__: Training epoch 9
2021-07-12 11:40:31 [INFO] __main__: Epoch_loss: 2.2040457725524902
2021-07-12 11:40:31 [INFO] __main__: Epoch_loss_reconstr: 2.2040457725524902
2021-07-12 11:40:31 [INFO] __main__: Epoch_loss_border: 0
2021-07-12 11:40:31 [INFO] __main__: Epoch_loss_fct: 0
2021-07-12 11:40:31 [INFO] __main__: Duration: 0:00:00.071495
2021-07-12 11:40:31 [INFO] __main__: Training epoch 10
2021-07-12 11:40:31 [INFO] __main__: Epoch_loss: 2.1180148124694824
2021-07-12 11:40:31 [INFO] __main__: Epoch_loss_reconstr: 2.1180148124694824
2021-07-12 11:40:31 [INFO] __main__: Epoch_loss_border: 0
2021-07-12 11:40:31 [INFO] __main__: Epoch_loss_fct: 0
2021-07-12 11:40:31 [INFO] __main__: Duration: 0:00:00.071816
2021-07-12 11:40:31 [INFO] __main__: Training epoch 11
2021-07-12 11:40:31 [INFO] __main__: Epoch_loss: 2.1280951499938965
2021-07-12 11:40:31 [INFO] __main__: Epoch_loss_reconstr: 2.1280951499938965
2021-07-12 11:40:31 [INFO] __main__: Epoch_loss_border: 0
2021-07-12 11:40:31 [INFO] __main__: Epoch_loss_fct: 0
2021-07-12 11:40:31 [INFO] __main__: Duration: 0:00:00.071813
2021-07-12 11:40:31 [INFO] __main__: Training epoch 12
2021-07-12 11:40:31 [INFO] __main__: Epoch_loss: 2.033705234527588
2021-07-12 11:40:31 [INFO] __main__: Epoch_loss_reconstr: 2.033705234527588
2021-07-12 11:40:31 [INFO] __main__: Epoch_loss_border: 0
2021-07-12 11:40:31 [INFO] __main__: Epoch_loss_fct: 0
2021-07-12 11:40:31 [INFO] __main__: Duration: 0:00:00.072080
2021-07-12 11:40:31 [INFO] __main__: Training epoch 13
2021-07-12 11:40:31 [INFO] __main__: Epoch_loss: 2.0300700664520264
2021-07-12 11:40:31 [INFO] __main__: Epoch_loss_reconstr: 2.0300700664520264
2021-07-12 11:40:31 [INFO] __main__: Epoch_loss_border: 0
2021-07-12 11:40:31 [INFO] __main__: Epoch_loss_fct: 0
2021-07-12 11:40:31 [INFO] __main__: Duration: 0:00:00.071899
2021-07-12 11:40:31 [INFO] __main__: Training epoch 14
2021-07-12 11:40:31 [INFO] __main__: Epoch_loss: 2.101844549179077
2021-07-12 11:40:31 [INFO] __main__: Epoch_loss_reconstr: 2.101844549179077
2021-07-12 11:40:31 [INFO] __main__: Epoch_loss_border: 0
2021-07-12 11:40:31 [INFO] __main__: Epoch_loss_fct: 0
2021-07-12 11:40:31 [INFO] __main__: Duration: 0:00:00.071883
2021-07-12 11:40:31 [INFO] __main__: Training epoch 15
2021-07-12 11:40:31 [INFO] __main__: Epoch_loss: 2.009141206741333
2021-07-12 11:40:31 [INFO] __main__: Epoch_loss_reconstr: 2.009141206741333
2021-07-12 11:40:31 [INFO] __main__: Epoch_loss_border: 0
2021-07-12 11:40:31 [INFO] __main__: Epoch_loss_fct: 0
2021-07-12 11:40:31 [INFO] __main__: Duration: 0:00:00.071532
2021-07-12 11:40:31 [INFO] __main__: Training epoch 16
2021-07-12 11:40:32 [INFO] __main__: Epoch_loss: 2.0093400478363037
2021-07-12 11:40:32 [INFO] __main__: Epoch_loss_reconstr: 2.0093400478363037
2021-07-12 11:40:32 [INFO] __main__: Epoch_loss_border: 0
2021-07-12 11:40:32 [INFO] __main__: Epoch_loss_fct: 0
2021-07-12 11:40:32 [INFO] __main__: Duration: 0:00:00.071578
2021-07-12 11:40:32 [INFO] __main__: Training epoch 17
2021-07-12 11:40:32 [INFO] __main__: Epoch_loss: 2.00290846824646
2021-07-12 11:40:32 [INFO] __main__: Epoch_loss_reconstr: 2.00290846824646
2021-07-12 11:40:32 [INFO] __main__: Epoch_loss_border: 0
2021-07-12 11:40:32 [INFO] __main__: Epoch_loss_fct: 0
2021-07-12 11:40:32 [INFO] __main__: Duration: 0:00:00.071951
2021-07-12 11:40:32 [INFO] __main__: Training epoch 18
2021-07-12 11:40:32 [INFO] __main__: Epoch_loss: 2.043311834335327
2021-07-12 11:40:32 [INFO] __main__: Epoch_loss_reconstr: 2.043311834335327
2021-07-12 11:40:32 [INFO] __main__: Epoch_loss_border: 0
2021-07-12 11:40:32 [INFO] __main__: Epoch_loss_fct: 0
2021-07-12 11:40:32 [INFO] __main__: Duration: 0:00:00.072508
2021-07-12 11:40:32 [INFO] __main__: Training epoch 19
2021-07-12 11:40:32 [INFO] __main__: Epoch_loss: 1.9211345911026
2021-07-12 11:40:32 [INFO] __main__: Epoch_loss_reconstr: 1.9211345911026
2021-07-12 11:40:32 [INFO] __main__: Epoch_loss_border: 0
2021-07-12 11:40:32 [INFO] __main__: Epoch_loss_fct: 0
2021-07-12 11:40:32 [INFO] __main__: Duration: 0:00:00.071912
2021-07-12 11:40:32 [INFO] __main__: Training epoch 20
2021-07-12 11:40:32 [INFO] __main__: Epoch_loss: 1.8821566104888916
2021-07-12 11:40:32 [INFO] __main__: Epoch_loss_reconstr: 1.8821566104888916
2021-07-12 11:40:32 [INFO] __main__: Epoch_loss_border: 0
2021-07-12 11:40:32 [INFO] __main__: Epoch_loss_fct: 0
2021-07-12 11:40:32 [INFO] __main__: Duration: 0:00:00.071554
2021-07-12 11:40:32 [INFO] __main__: Training epoch 21
2021-07-12 11:40:32 [INFO] __main__: Epoch_loss: 1.8259769678115845
2021-07-12 11:40:32 [INFO] __main__: Epoch_loss_reconstr: 1.8259769678115845
2021-07-12 11:40:32 [INFO] __main__: Epoch_loss_border: 0
2021-07-12 11:40:32 [INFO] __main__: Epoch_loss_fct: 0
2021-07-12 11:40:32 [INFO] __main__: Duration: 0:00:00.072116
2021-07-12 11:40:32 [INFO] __main__: Training epoch 22
2021-07-12 11:40:32 [INFO] __main__: Epoch_loss: 1.9337924718856812
2021-07-12 11:40:32 [INFO] __main__: Epoch_loss_reconstr: 1.9337924718856812
2021-07-12 11:40:32 [INFO] __main__: Epoch_loss_border: 0
2021-07-12 11:40:32 [INFO] __main__: Epoch_loss_fct: 0
2021-07-12 11:40:32 [INFO] __main__: Duration: 0:00:00.072605
2021-07-12 11:40:32 [INFO] __main__: Training epoch 23
2021-07-12 11:40:32 [INFO] __main__: Epoch_loss: 2.0459489822387695
2021-07-12 11:40:32 [INFO] __main__: Epoch_loss_reconstr: 2.0459489822387695
2021-07-12 11:40:32 [INFO] __main__: Epoch_loss_border: 0
2021-07-12 11:40:32 [INFO] __main__: Epoch_loss_fct: 0
2021-07-12 11:40:32 [INFO] __main__: Duration: 0:00:00.071989
2021-07-12 11:40:32 [INFO] __main__: Training epoch 24
2021-07-12 11:40:32 [INFO] __main__: Epoch_loss: 1.906041145324707
2021-07-12 11:40:32 [INFO] __main__: Epoch_loss_reconstr: 1.906041145324707
2021-07-12 11:40:32 [INFO] __main__: Epoch_loss_border: 0
2021-07-12 11:40:32 [INFO] __main__: Epoch_loss_fct: 0
2021-07-12 11:40:32 [INFO] __main__: Duration: 0:00:00.072008
2021-07-12 11:40:32 [INFO] __main__: Training epoch 25
2021-07-12 11:40:32 [INFO] __main__: Epoch_loss: 1.9381203651428223
2021-07-12 11:40:32 [INFO] __main__: Epoch_loss_reconstr: 1.9381203651428223
2021-07-12 11:40:32 [INFO] __main__: Epoch_loss_border: 0
2021-07-12 11:40:32 [INFO] __main__: Epoch_loss_fct: 0
2021-07-12 11:40:32 [INFO] __main__: Duration: 0:00:00.072045
2021-07-12 11:40:32 [INFO] __main__: Training epoch 26
2021-07-12 11:40:32 [INFO] __main__: Epoch_loss: 1.954342007637024
2021-07-12 11:40:32 [INFO] __main__: Epoch_loss_reconstr: 1.954342007637024
2021-07-12 11:40:32 [INFO] __main__: Epoch_loss_border: 0
2021-07-12 11:40:32 [INFO] __main__: Epoch_loss_fct: 0
2021-07-12 11:40:32 [INFO] __main__: Duration: 0:00:00.075224
2021-07-12 11:40:32 [INFO] __main__: Training epoch 27
2021-07-12 11:40:32 [INFO] __main__: Epoch_loss: 1.8403878211975098
2021-07-12 11:40:32 [INFO] __main__: Epoch_loss_reconstr: 1.8403878211975098
2021-07-12 11:40:32 [INFO] __main__: Epoch_loss_border: 0
2021-07-12 11:40:32 [INFO] __main__: Epoch_loss_fct: 0
2021-07-12 11:40:32 [INFO] __main__: Duration: 0:00:00.075321
2021-07-12 11:40:32 [INFO] __main__: Training epoch 28
2021-07-12 11:40:32 [INFO] __main__: Epoch_loss: 1.9283605813980103
2021-07-12 11:40:32 [INFO] __main__: Epoch_loss_reconstr: 1.9283605813980103
2021-07-12 11:40:32 [INFO] __main__: Epoch_loss_border: 0
2021-07-12 11:40:32 [INFO] __main__: Epoch_loss_fct: 0
2021-07-12 11:40:32 [INFO] __main__: Duration: 0:00:00.072234
2021-07-12 11:40:32 [INFO] __main__: Training epoch 29
2021-07-12 11:40:32 [INFO] __main__: Epoch_loss: 1.937587022781372
2021-07-12 11:40:32 [INFO] __main__: Epoch_loss_reconstr: 1.937587022781372
2021-07-12 11:40:32 [INFO] __main__: Epoch_loss_border: 0
2021-07-12 11:40:32 [INFO] __main__: Epoch_loss_fct: 0
2021-07-12 11:40:32 [INFO] __main__: Duration: 0:00:00.072110
2021-07-12 11:40:32 [INFO] __main__: Training epoch 30
2021-07-12 11:40:33 [INFO] __main__: Epoch_loss: 1.9424748420715332
2021-07-12 11:40:33 [INFO] __main__: Epoch_loss_reconstr: 1.9424748420715332
2021-07-12 11:40:33 [INFO] __main__: Epoch_loss_border: 0
2021-07-12 11:40:33 [INFO] __main__: Epoch_loss_fct: 0
2021-07-12 11:40:33 [INFO] __main__: Duration: 0:00:00.075656
2021-07-12 11:40:33 [INFO] __main__: Training epoch 31
2021-07-12 11:40:33 [INFO] __main__: Epoch_loss: 1.8587875366210938
2021-07-12 11:40:33 [INFO] __main__: Epoch_loss_reconstr: 1.8587875366210938
2021-07-12 11:40:33 [INFO] __main__: Epoch_loss_border: 0
2021-07-12 11:40:33 [INFO] __main__: Epoch_loss_fct: 0
2021-07-12 11:40:33 [INFO] __main__: Duration: 0:00:00.072710
2021-07-12 11:40:33 [INFO] __main__: Training epoch 32
2021-07-12 11:40:33 [INFO] __main__: Epoch_loss: 1.8496756553649902
2021-07-12 11:40:33 [INFO] __main__: Epoch_loss_reconstr: 1.8496756553649902
2021-07-12 11:40:33 [INFO] __main__: Epoch_loss_border: 0
2021-07-12 11:40:33 [INFO] __main__: Epoch_loss_fct: 0
2021-07-12 11:40:33 [INFO] __main__: Duration: 0:00:00.075455
2021-07-12 11:40:33 [INFO] __main__: Training epoch 33
2021-07-12 11:40:33 [INFO] __main__: Epoch_loss: 1.917799949645996
2021-07-12 11:40:33 [INFO] __main__: Epoch_loss_reconstr: 1.917799949645996
2021-07-12 11:40:33 [INFO] __main__: Epoch_loss_border: 0
2021-07-12 11:40:33 [INFO] __main__: Epoch_loss_fct: 0
2021-07-12 11:40:33 [INFO] __main__: Duration: 0:00:00.072043
2021-07-12 11:40:33 [INFO] __main__: Training epoch 34
2021-07-12 11:40:33 [INFO] __main__: Epoch_loss: 1.8653922080993652
2021-07-12 11:40:33 [INFO] __main__: Epoch_loss_reconstr: 1.8653922080993652
2021-07-12 11:40:33 [INFO] __main__: Epoch_loss_border: 0
2021-07-12 11:40:33 [INFO] __main__: Epoch_loss_fct: 0
2021-07-12 11:40:33 [INFO] __main__: Duration: 0:00:00.071859
2021-07-12 11:40:33 [INFO] __main__: Training epoch 35
2021-07-12 11:40:33 [INFO] __main__: Epoch_loss: 1.841573715209961
2021-07-12 11:40:33 [INFO] __main__: Epoch_loss_reconstr: 1.841573715209961
2021-07-12 11:40:33 [INFO] __main__: Epoch_loss_border: 0
2021-07-12 11:40:33 [INFO] __main__: Epoch_loss_fct: 0
2021-07-12 11:40:33 [INFO] __main__: Duration: 0:00:00.075287
2021-07-12 11:40:33 [INFO] __main__: Training epoch 36
2021-07-12 11:40:33 [INFO] __main__: Epoch_loss: 1.8781648874282837
2021-07-12 11:40:33 [INFO] __main__: Epoch_loss_reconstr: 1.8781648874282837
2021-07-12 11:40:33 [INFO] __main__: Epoch_loss_border: 0
2021-07-12 11:40:33 [INFO] __main__: Epoch_loss_fct: 0
2021-07-12 11:40:33 [INFO] __main__: Duration: 0:00:00.071708
2021-07-12 11:40:33 [INFO] __main__: Training epoch 37
2021-07-12 11:40:33 [INFO] __main__: Epoch_loss: 1.8191008567810059
2021-07-12 11:40:33 [INFO] __main__: Epoch_loss_reconstr: 1.8191008567810059
2021-07-12 11:40:33 [INFO] __main__: Epoch_loss_border: 0
2021-07-12 11:40:33 [INFO] __main__: Epoch_loss_fct: 0
2021-07-12 11:40:33 [INFO] __main__: Duration: 0:00:00.071924
2021-07-12 11:40:33 [INFO] __main__: Training epoch 38
2021-07-12 11:40:33 [INFO] __main__: Epoch_loss: 1.7974011898040771
2021-07-12 11:40:33 [INFO] __main__: Epoch_loss_reconstr: 1.7974011898040771
2021-07-12 11:40:33 [INFO] __main__: Epoch_loss_border: 0
2021-07-12 11:40:33 [INFO] __main__: Epoch_loss_fct: 0
2021-07-12 11:40:33 [INFO] __main__: Duration: 0:00:00.071566
2021-07-12 11:40:33 [INFO] __main__: Training epoch 39
2021-07-12 11:40:33 [INFO] __main__: Epoch_loss: 1.9148567914962769
2021-07-12 11:40:33 [INFO] __main__: Epoch_loss_reconstr: 1.9148567914962769
2021-07-12 11:40:33 [INFO] __main__: Epoch_loss_border: 0
2021-07-12 11:40:33 [INFO] __main__: Epoch_loss_fct: 0
2021-07-12 11:40:33 [INFO] __main__: Duration: 0:00:00.071845
2021-07-12 11:40:33 [INFO] __main__: Training epoch 40
2021-07-12 11:40:33 [INFO] __main__: Epoch_loss: 1.8825780153274536
2021-07-12 11:40:33 [INFO] __main__: Epoch_loss_reconstr: 1.8825780153274536
2021-07-12 11:40:33 [INFO] __main__: Epoch_loss_border: 0
2021-07-12 11:40:33 [INFO] __main__: Epoch_loss_fct: 0
2021-07-12 11:40:33 [INFO] __main__: Duration: 0:00:00.071885
2021-07-12 11:40:33 [INFO] __main__: Training epoch 41
2021-07-12 11:40:33 [INFO] __main__: Epoch_loss: 1.8520240783691406
2021-07-12 11:40:33 [INFO] __main__: Epoch_loss_reconstr: 1.8520240783691406
2021-07-12 11:40:33 [INFO] __main__: Epoch_loss_border: 0
2021-07-12 11:40:33 [INFO] __main__: Epoch_loss_fct: 0
2021-07-12 11:40:33 [INFO] __main__: Duration: 0:00:00.071645
2021-07-12 11:40:33 [INFO] __main__: Training epoch 42
2021-07-12 11:40:33 [INFO] __main__: Epoch_loss: 1.8550400733947754
2021-07-12 11:40:33 [INFO] __main__: Epoch_loss_reconstr: 1.8550400733947754
2021-07-12 11:40:33 [INFO] __main__: Epoch_loss_border: 0
2021-07-12 11:40:33 [INFO] __main__: Epoch_loss_fct: 0
2021-07-12 11:40:33 [INFO] __main__: Duration: 0:00:00.072043
2021-07-12 11:40:33 [INFO] __main__: Training epoch 43
2021-07-12 11:40:33 [INFO] __main__: Epoch_loss: 1.7902675867080688
2021-07-12 11:40:33 [INFO] __main__: Epoch_loss_reconstr: 1.7902675867080688
2021-07-12 11:40:33 [INFO] __main__: Epoch_loss_border: 0
2021-07-12 11:40:33 [INFO] __main__: Epoch_loss_fct: 0
2021-07-12 11:40:33 [INFO] __main__: Duration: 0:00:00.073493
2021-07-12 11:40:33 [INFO] __main__: Training epoch 44
2021-07-12 11:40:34 [INFO] __main__: Epoch_loss: 1.8325475454330444
2021-07-12 11:40:34 [INFO] __main__: Epoch_loss_reconstr: 1.8325475454330444
2021-07-12 11:40:34 [INFO] __main__: Epoch_loss_border: 0
2021-07-12 11:40:34 [INFO] __main__: Epoch_loss_fct: 0
2021-07-12 11:40:34 [INFO] __main__: Duration: 0:00:00.071925
2021-07-12 11:40:34 [INFO] __main__: Training epoch 45
2021-07-12 11:40:34 [INFO] __main__: Epoch_loss: 1.916983962059021
2021-07-12 11:40:34 [INFO] __main__: Epoch_loss_reconstr: 1.916983962059021
2021-07-12 11:40:34 [INFO] __main__: Epoch_loss_border: 0
2021-07-12 11:40:34 [INFO] __main__: Epoch_loss_fct: 0
2021-07-12 11:40:34 [INFO] __main__: Duration: 0:00:00.071781
2021-07-12 11:40:34 [INFO] __main__: Training epoch 46
2021-07-12 11:40:34 [INFO] __main__: Epoch_loss: 1.836350917816162
2021-07-12 11:40:34 [INFO] __main__: Epoch_loss_reconstr: 1.836350917816162
2021-07-12 11:40:34 [INFO] __main__: Epoch_loss_border: 0
2021-07-12 11:40:34 [INFO] __main__: Epoch_loss_fct: 0
2021-07-12 11:40:34 [INFO] __main__: Duration: 0:00:00.071743
2021-07-12 11:40:34 [INFO] __main__: Training epoch 47
2021-07-12 11:40:34 [INFO] __main__: Epoch_loss: 1.855669617652893
2021-07-12 11:40:34 [INFO] __main__: Epoch_loss_reconstr: 1.855669617652893
2021-07-12 11:40:34 [INFO] __main__: Epoch_loss_border: 0
2021-07-12 11:40:34 [INFO] __main__: Epoch_loss_fct: 0
2021-07-12 11:40:34 [INFO] __main__: Duration: 0:00:00.072102
2021-07-12 11:40:34 [INFO] __main__: Training epoch 48
2021-07-12 11:40:34 [INFO] __main__: Epoch_loss: 1.8632586002349854
2021-07-12 11:40:34 [INFO] __main__: Epoch_loss_reconstr: 1.8632586002349854
2021-07-12 11:40:34 [INFO] __main__: Epoch_loss_border: 0
2021-07-12 11:40:34 [INFO] __main__: Epoch_loss_fct: 0
2021-07-12 11:40:34 [INFO] __main__: Duration: 0:00:00.071804
2021-07-12 11:40:34 [INFO] __main__: Training epoch 49
2021-07-12 11:40:34 [INFO] __main__: Epoch_loss: 1.8692582845687866
2021-07-12 11:40:34 [INFO] __main__: Epoch_loss_reconstr: 1.8692582845687866
2021-07-12 11:40:34 [INFO] __main__: Epoch_loss_border: 0
2021-07-12 11:40:34 [INFO] __main__: Epoch_loss_fct: 0
2021-07-12 11:40:34 [INFO] __main__: Duration: 0:00:00.071791
