2021-07-12 12:25:20 [DEBUG] src.utils.config: Logger initialized
2021-07-12 12:25:20 [INFO] __main__: Training epoch 0
2021-07-12 12:25:24 [INFO] __main__: Epoch_loss: 5.807081699371338
2021-07-12 12:25:24 [INFO] __main__: Epoch_loss_reconstr: 5.114501953125
2021-07-12 12:25:24 [INFO] __main__: Epoch_loss_border: 0
2021-07-12 12:25:24 [INFO] __main__: Epoch_loss_fct: 69.25782012939453
2021-07-12 12:25:24 [INFO] __main__: Duration: 0:00:03.698564
2021-07-12 12:25:24 [INFO] __main__: Training epoch 1
2021-07-12 12:25:28 [INFO] __main__: Epoch_loss: 4.880043029785156
2021-07-12 12:25:28 [INFO] __main__: Epoch_loss_reconstr: 4.554769515991211
2021-07-12 12:25:28 [INFO] __main__: Epoch_loss_border: 0
2021-07-12 12:25:28 [INFO] __main__: Epoch_loss_fct: 32.527408599853516
2021-07-12 12:25:28 [INFO] __main__: Duration: 0:00:03.736929
2021-07-12 12:25:28 [INFO] __main__: Training epoch 2
2021-07-12 12:25:31 [INFO] __main__: Epoch_loss: 4.3981122970581055
2021-07-12 12:25:31 [INFO] __main__: Epoch_loss_reconstr: 4.015536308288574
2021-07-12 12:25:31 [INFO] __main__: Epoch_loss_border: 0
2021-07-12 12:25:31 [INFO] __main__: Epoch_loss_fct: 38.25761032104492
2021-07-12 12:25:31 [INFO] __main__: Duration: 0:00:03.738020
2021-07-12 12:25:31 [INFO] __main__: Training epoch 3
2021-07-12 12:25:35 [INFO] __main__: Epoch_loss: 3.990432024002075
2021-07-12 12:25:35 [INFO] __main__: Epoch_loss_reconstr: 3.4057061672210693
2021-07-12 12:25:35 [INFO] __main__: Epoch_loss_border: 0
2021-07-12 12:25:35 [INFO] __main__: Epoch_loss_fct: 58.47256851196289
2021-07-12 12:25:35 [INFO] __main__: Duration: 0:00:03.729903
2021-07-12 12:25:35 [INFO] __main__: Training epoch 4
2021-07-12 12:25:39 [INFO] __main__: Epoch_loss: 3.718325614929199
2021-07-12 12:25:39 [INFO] __main__: Epoch_loss_reconstr: 2.9744420051574707
2021-07-12 12:25:39 [INFO] __main__: Epoch_loss_border: 0
2021-07-12 12:25:39 [INFO] __main__: Epoch_loss_fct: 74.38831329345703
2021-07-12 12:25:39 [INFO] __main__: Duration: 0:00:03.731280
2021-07-12 12:25:39 [INFO] __main__: Training epoch 5
2021-07-12 12:25:43 [INFO] __main__: Epoch_loss: 3.482144832611084
2021-07-12 12:25:43 [INFO] __main__: Epoch_loss_reconstr: 2.662325859069824
2021-07-12 12:25:43 [INFO] __main__: Epoch_loss_border: 0
2021-07-12 12:25:43 [INFO] __main__: Epoch_loss_fct: 81.98194885253906
2021-07-12 12:25:43 [INFO] __main__: Duration: 0:00:03.732427
2021-07-12 12:25:43 [INFO] __main__: Training epoch 6
2021-07-12 12:25:46 [INFO] __main__: Epoch_loss: 3.3296303749084473
2021-07-12 12:25:46 [INFO] __main__: Epoch_loss_reconstr: 2.420598268508911
2021-07-12 12:25:46 [INFO] __main__: Epoch_loss_border: 0
2021-07-12 12:25:46 [INFO] __main__: Epoch_loss_fct: 90.90319061279297
2021-07-12 12:25:46 [INFO] __main__: Duration: 0:00:03.729671
2021-07-12 12:25:46 [INFO] __main__: Training epoch 7
2021-07-12 12:25:50 [INFO] __main__: Epoch_loss: 3.229382038116455
2021-07-12 12:25:50 [INFO] __main__: Epoch_loss_reconstr: 2.236192226409912
2021-07-12 12:25:50 [INFO] __main__: Epoch_loss_border: 0
2021-07-12 12:25:50 [INFO] __main__: Epoch_loss_fct: 99.3189697265625
2021-07-12 12:25:50 [INFO] __main__: Duration: 0:00:03.732162
2021-07-12 12:25:50 [INFO] __main__: Training epoch 8
2021-07-12 12:25:54 [INFO] __main__: Epoch_loss: 3.1111507415771484
2021-07-12 12:25:54 [INFO] __main__: Epoch_loss_reconstr: 2.0011775493621826
2021-07-12 12:25:54 [INFO] __main__: Epoch_loss_border: 0
2021-07-12 12:25:54 [INFO] __main__: Epoch_loss_fct: 110.99732208251953
2021-07-12 12:25:54 [INFO] __main__: Duration: 0:00:03.724244
2021-07-12 12:25:54 [INFO] __main__: Training epoch 9
2021-07-12 12:25:58 [INFO] __main__: Epoch_loss: 3.08398175239563
2021-07-12 12:25:58 [INFO] __main__: Epoch_loss_reconstr: 1.700143814086914
2021-07-12 12:25:58 [INFO] __main__: Epoch_loss_border: 0
2021-07-12 12:25:58 [INFO] __main__: Epoch_loss_fct: 138.3837890625
2021-07-12 12:25:58 [INFO] __main__: Duration: 0:00:03.733030
2021-07-12 12:25:58 [INFO] __main__: Training epoch 10
2021-07-12 12:26:01 [INFO] __main__: Epoch_loss: 2.9550223350524902
2021-07-12 12:26:01 [INFO] __main__: Epoch_loss_reconstr: 1.519970417022705
2021-07-12 12:26:01 [INFO] __main__: Epoch_loss_border: 0
2021-07-12 12:26:01 [INFO] __main__: Epoch_loss_fct: 143.5052032470703
2021-07-12 12:26:01 [INFO] __main__: Duration: 0:00:03.737791
2021-07-12 12:26:01 [INFO] __main__: Training epoch 11
2021-07-12 12:26:05 [INFO] __main__: Epoch_loss: 2.8147079944610596
2021-07-12 12:26:05 [INFO] __main__: Epoch_loss_reconstr: 1.4504634141921997
2021-07-12 12:26:05 [INFO] __main__: Epoch_loss_border: 0
2021-07-12 12:26:05 [INFO] __main__: Epoch_loss_fct: 136.42445373535156
2021-07-12 12:26:05 [INFO] __main__: Duration: 0:00:03.733422
2021-07-12 12:26:05 [INFO] __main__: Training epoch 12
2021-07-12 12:26:09 [INFO] __main__: Epoch_loss: 2.725508689880371
2021-07-12 12:26:09 [INFO] __main__: Epoch_loss_reconstr: 1.390700340270996
2021-07-12 12:26:09 [INFO] __main__: Epoch_loss_border: 0
2021-07-12 12:26:09 [INFO] __main__: Epoch_loss_fct: 133.4808807373047
2021-07-12 12:26:09 [INFO] __main__: Duration: 0:00:03.732069
2021-07-12 12:26:09 [INFO] __main__: Training epoch 13
2021-07-12 12:26:13 [INFO] __main__: Epoch_loss: 2.7741353511810303
2021-07-12 12:26:13 [INFO] __main__: Epoch_loss_reconstr: 1.3610166311264038
2021-07-12 12:26:13 [INFO] __main__: Epoch_loss_border: 0
2021-07-12 12:26:13 [INFO] __main__: Epoch_loss_fct: 141.31187438964844
2021-07-12 12:26:13 [INFO] __main__: Duration: 0:00:03.727147
2021-07-12 12:26:13 [INFO] __main__: Training epoch 14
2021-07-12 12:26:16 [INFO] __main__: Epoch_loss: 2.692169189453125
2021-07-12 12:26:16 [INFO] __main__: Epoch_loss_reconstr: 1.3500090837478638
2021-07-12 12:26:16 [INFO] __main__: Epoch_loss_border: 0
2021-07-12 12:26:16 [INFO] __main__: Epoch_loss_fct: 134.21600341796875
2021-07-12 12:26:16 [INFO] __main__: Duration: 0:00:03.728970
2021-07-12 12:26:16 [INFO] __main__: Training epoch 15
2021-07-12 12:26:20 [INFO] __main__: Epoch_loss: 2.713754415512085
2021-07-12 12:26:20 [INFO] __main__: Epoch_loss_reconstr: 1.3191548585891724
2021-07-12 12:26:20 [INFO] __main__: Epoch_loss_border: 0
2021-07-12 12:26:20 [INFO] __main__: Epoch_loss_fct: 139.45994567871094
2021-07-12 12:26:20 [INFO] __main__: Duration: 0:00:03.733695
2021-07-12 12:26:20 [INFO] __main__: Training epoch 16
2021-07-12 12:26:24 [INFO] __main__: Epoch_loss: 2.7052323818206787
2021-07-12 12:26:24 [INFO] __main__: Epoch_loss_reconstr: 1.3112362623214722
2021-07-12 12:26:24 [INFO] __main__: Epoch_loss_border: 0
2021-07-12 12:26:24 [INFO] __main__: Epoch_loss_fct: 139.399658203125
2021-07-12 12:26:24 [INFO] __main__: Duration: 0:00:03.723404
2021-07-12 12:26:24 [INFO] __main__: Training epoch 17
2021-07-12 12:26:27 [INFO] __main__: Epoch_loss: 2.6369476318359375
2021-07-12 12:26:27 [INFO] __main__: Epoch_loss_reconstr: 1.2893683910369873
2021-07-12 12:26:27 [INFO] __main__: Epoch_loss_border: 0
2021-07-12 12:26:27 [INFO] __main__: Epoch_loss_fct: 134.7579803466797
2021-07-12 12:26:27 [INFO] __main__: Duration: 0:00:03.728879
2021-07-12 12:26:27 [INFO] __main__: Training epoch 18
2021-07-12 12:26:31 [INFO] __main__: Epoch_loss: 2.7266387939453125
2021-07-12 12:26:31 [INFO] __main__: Epoch_loss_reconstr: 1.2948040962219238
2021-07-12 12:26:31 [INFO] __main__: Epoch_loss_border: 0
2021-07-12 12:26:31 [INFO] __main__: Epoch_loss_fct: 143.18348693847656
2021-07-12 12:26:31 [INFO] __main__: Duration: 0:00:03.728630
2021-07-12 12:26:31 [INFO] __main__: Training epoch 19
2021-07-12 12:26:35 [INFO] __main__: Epoch_loss: 2.644711494445801
2021-07-12 12:26:35 [INFO] __main__: Epoch_loss_reconstr: 1.2841566801071167
2021-07-12 12:26:35 [INFO] __main__: Epoch_loss_border: 0
2021-07-12 12:26:35 [INFO] __main__: Epoch_loss_fct: 136.05543518066406
2021-07-12 12:26:35 [INFO] __main__: Duration: 0:00:03.744211
2021-07-12 12:26:35 [INFO] __main__: Training epoch 20
2021-07-12 12:26:39 [INFO] __main__: Epoch_loss: 2.612985372543335
2021-07-12 12:26:39 [INFO] __main__: Epoch_loss_reconstr: 1.2499459981918335
2021-07-12 12:26:39 [INFO] __main__: Epoch_loss_border: 0
2021-07-12 12:26:39 [INFO] __main__: Epoch_loss_fct: 136.30393981933594
2021-07-12 12:26:39 [INFO] __main__: Duration: 0:00:03.731452
2021-07-12 12:26:39 [INFO] __main__: Training epoch 21
2021-07-12 12:26:42 [INFO] __main__: Epoch_loss: 2.6069908142089844
2021-07-12 12:26:42 [INFO] __main__: Epoch_loss_reconstr: 1.2504910230636597
2021-07-12 12:26:42 [INFO] __main__: Epoch_loss_border: 0
2021-07-12 12:26:42 [INFO] __main__: Epoch_loss_fct: 135.6499786376953
2021-07-12 12:26:42 [INFO] __main__: Duration: 0:00:03.727452
2021-07-12 12:26:42 [INFO] __main__: Training epoch 22
2021-07-12 12:26:46 [INFO] __main__: Epoch_loss: 2.608556032180786
2021-07-12 12:26:46 [INFO] __main__: Epoch_loss_reconstr: 1.2310386896133423
2021-07-12 12:26:46 [INFO] __main__: Epoch_loss_border: 0
2021-07-12 12:26:46 [INFO] __main__: Epoch_loss_fct: 137.75173950195312
2021-07-12 12:26:46 [INFO] __main__: Duration: 0:00:03.729442
2021-07-12 12:26:46 [INFO] __main__: Training epoch 23
2021-07-12 12:26:50 [INFO] __main__: Epoch_loss: 2.694528579711914
2021-07-12 12:26:50 [INFO] __main__: Epoch_loss_reconstr: 1.2435892820358276
2021-07-12 12:26:50 [INFO] __main__: Epoch_loss_border: 0
2021-07-12 12:26:50 [INFO] __main__: Epoch_loss_fct: 145.09393310546875
2021-07-12 12:26:50 [INFO] __main__: Duration: 0:00:03.726140
2021-07-12 12:26:50 [INFO] __main__: Training epoch 24
2021-07-12 12:26:54 [INFO] __main__: Epoch_loss: 2.7454047203063965
2021-07-12 12:26:54 [INFO] __main__: Epoch_loss_reconstr: 1.2654305696487427
2021-07-12 12:26:54 [INFO] __main__: Epoch_loss_border: 0
2021-07-12 12:26:54 [INFO] __main__: Epoch_loss_fct: 147.99740600585938
2021-07-12 12:26:54 [INFO] __main__: Duration: 0:00:03.741499
2021-07-12 12:26:54 [INFO] __main__: Training epoch 25
2021-07-12 12:26:57 [INFO] __main__: Epoch_loss: 2.737915515899658
2021-07-12 12:26:57 [INFO] __main__: Epoch_loss_reconstr: 1.2749603986740112
2021-07-12 12:26:57 [INFO] __main__: Epoch_loss_border: 0
2021-07-12 12:26:57 [INFO] __main__: Epoch_loss_fct: 146.29556274414062
2021-07-12 12:26:57 [INFO] __main__: Duration: 0:00:03.732488
2021-07-12 12:26:57 [INFO] __main__: Training epoch 26
2021-07-12 12:27:01 [INFO] __main__: Epoch_loss: 2.7026336193084717
2021-07-12 12:27:01 [INFO] __main__: Epoch_loss_reconstr: 1.2657082080841064
2021-07-12 12:27:01 [INFO] __main__: Epoch_loss_border: 0
2021-07-12 12:27:01 [INFO] __main__: Epoch_loss_fct: 143.69256591796875
2021-07-12 12:27:01 [INFO] __main__: Duration: 0:00:03.726864
2021-07-12 12:27:01 [INFO] __main__: Training epoch 27
2021-07-12 12:27:05 [INFO] __main__: Epoch_loss: 2.6600260734558105
2021-07-12 12:27:05 [INFO] __main__: Epoch_loss_reconstr: 1.248834490776062
2021-07-12 12:27:05 [INFO] __main__: Epoch_loss_border: 0
2021-07-12 12:27:05 [INFO] __main__: Epoch_loss_fct: 141.119140625
2021-07-12 12:27:05 [INFO] __main__: Duration: 0:00:03.752970
2021-07-12 12:27:05 [INFO] __main__: Training epoch 28
2021-07-12 12:27:09 [INFO] __main__: Epoch_loss: 2.793618679046631
2021-07-12 12:27:09 [INFO] __main__: Epoch_loss_reconstr: 1.2772886753082275
2021-07-12 12:27:09 [INFO] __main__: Epoch_loss_border: 0
2021-07-12 12:27:09 [INFO] __main__: Epoch_loss_fct: 151.63307189941406
2021-07-12 12:27:09 [INFO] __main__: Duration: 0:00:03.741846
2021-07-12 12:27:09 [INFO] __main__: Training epoch 29
2021-07-12 12:27:12 [INFO] __main__: Epoch_loss: 2.7507059574127197
2021-07-12 12:27:12 [INFO] __main__: Epoch_loss_reconstr: 1.28182053565979
2021-07-12 12:27:12 [INFO] __main__: Epoch_loss_border: 0
2021-07-12 12:27:12 [INFO] __main__: Epoch_loss_fct: 146.88856506347656
2021-07-12 12:27:12 [INFO] __main__: Duration: 0:00:03.731384
2021-07-12 12:27:12 [INFO] __main__: Training epoch 30
2021-07-12 12:27:16 [INFO] __main__: Epoch_loss: 2.715881109237671
2021-07-12 12:27:16 [INFO] __main__: Epoch_loss_reconstr: 1.2823487520217896
2021-07-12 12:27:16 [INFO] __main__: Epoch_loss_border: 0
2021-07-12 12:27:16 [INFO] __main__: Epoch_loss_fct: 143.35317993164062
2021-07-12 12:27:16 [INFO] __main__: Duration: 0:00:03.753058
2021-07-12 12:27:16 [INFO] __main__: Training epoch 31
2021-07-12 12:27:20 [INFO] __main__: Epoch_loss: 2.6359920501708984
2021-07-12 12:27:20 [INFO] __main__: Epoch_loss_reconstr: 1.2510453462600708
2021-07-12 12:27:20 [INFO] __main__: Epoch_loss_border: 0
2021-07-12 12:27:20 [INFO] __main__: Epoch_loss_fct: 138.49465942382812
2021-07-12 12:27:20 [INFO] __main__: Duration: 0:00:03.734329
2021-07-12 12:27:20 [INFO] __main__: Training epoch 32
2021-07-12 12:27:23 [INFO] __main__: Epoch_loss: 2.6936330795288086
2021-07-12 12:27:23 [INFO] __main__: Epoch_loss_reconstr: 1.2497107982635498
2021-07-12 12:27:23 [INFO] __main__: Epoch_loss_border: 0
2021-07-12 12:27:23 [INFO] __main__: Epoch_loss_fct: 144.3922119140625
2021-07-12 12:27:23 [INFO] __main__: Duration: 0:00:03.730783
2021-07-12 12:27:23 [INFO] __main__: Training epoch 33
2021-07-12 12:27:27 [INFO] __main__: Epoch_loss: 2.7609052658081055
2021-07-12 12:27:27 [INFO] __main__: Epoch_loss_reconstr: 1.2784570455551147
2021-07-12 12:27:27 [INFO] __main__: Epoch_loss_border: 0
2021-07-12 12:27:27 [INFO] __main__: Epoch_loss_fct: 148.24481201171875
2021-07-12 12:27:27 [INFO] __main__: Duration: 0:00:03.731139
2021-07-12 12:27:27 [INFO] __main__: Training epoch 34
2021-07-12 12:27:31 [INFO] __main__: Epoch_loss: 2.8038573265075684
2021-07-12 12:27:31 [INFO] __main__: Epoch_loss_reconstr: 1.2723506689071655
2021-07-12 12:27:31 [INFO] __main__: Epoch_loss_border: 0
2021-07-12 12:27:31 [INFO] __main__: Epoch_loss_fct: 153.15072631835938
2021-07-12 12:27:31 [INFO] __main__: Duration: 0:00:03.729535
2021-07-12 12:27:31 [INFO] __main__: Training epoch 35
2021-07-12 12:27:35 [INFO] __main__: Epoch_loss: 2.7416574954986572
2021-07-12 12:27:35 [INFO] __main__: Epoch_loss_reconstr: 1.2694681882858276
2021-07-12 12:27:35 [INFO] __main__: Epoch_loss_border: 0
2021-07-12 12:27:35 [INFO] __main__: Epoch_loss_fct: 147.21893310546875
2021-07-12 12:27:35 [INFO] __main__: Duration: 0:00:03.727094
2021-07-12 12:27:35 [INFO] __main__: Training epoch 36
2021-07-12 12:27:38 [INFO] __main__: Epoch_loss: 2.638561248779297
2021-07-12 12:27:38 [INFO] __main__: Epoch_loss_reconstr: 1.2601845264434814
2021-07-12 12:27:38 [INFO] __main__: Epoch_loss_border: 0
2021-07-12 12:27:38 [INFO] __main__: Epoch_loss_fct: 137.8376922607422
2021-07-12 12:27:38 [INFO] __main__: Duration: 0:00:03.734537
2021-07-12 12:27:38 [INFO] __main__: Training epoch 37
2021-07-12 12:27:42 [INFO] __main__: Epoch_loss: 2.710404396057129
2021-07-12 12:27:42 [INFO] __main__: Epoch_loss_reconstr: 1.2593560218811035
2021-07-12 12:27:42 [INFO] __main__: Epoch_loss_border: 0
2021-07-12 12:27:42 [INFO] __main__: Epoch_loss_fct: 145.10487365722656
2021-07-12 12:27:42 [INFO] __main__: Duration: 0:00:03.728772
2021-07-12 12:27:42 [INFO] __main__: Training epoch 38
2021-07-12 12:27:46 [INFO] __main__: Epoch_loss: 2.7255868911743164
2021-07-12 12:27:46 [INFO] __main__: Epoch_loss_reconstr: 1.2776013612747192
2021-07-12 12:27:46 [INFO] __main__: Epoch_loss_border: 0
2021-07-12 12:27:46 [INFO] __main__: Epoch_loss_fct: 144.7985382080078
2021-07-12 12:27:46 [INFO] __main__: Duration: 0:00:03.737268
2021-07-12 12:27:46 [INFO] __main__: Training epoch 39
2021-07-12 12:27:50 [INFO] __main__: Epoch_loss: 2.732921838760376
2021-07-12 12:27:50 [INFO] __main__: Epoch_loss_reconstr: 1.2894842624664307
2021-07-12 12:27:50 [INFO] __main__: Epoch_loss_border: 0
2021-07-12 12:27:50 [INFO] __main__: Epoch_loss_fct: 144.34373474121094
2021-07-12 12:27:50 [INFO] __main__: Duration: 0:00:03.751538
2021-07-12 12:27:50 [INFO] __main__: Training epoch 40
2021-07-12 12:27:53 [INFO] __main__: Epoch_loss: 2.6818814277648926
2021-07-12 12:27:53 [INFO] __main__: Epoch_loss_reconstr: 1.2665729522705078
2021-07-12 12:27:53 [INFO] __main__: Epoch_loss_border: 0
2021-07-12 12:27:53 [INFO] __main__: Epoch_loss_fct: 141.53086853027344
2021-07-12 12:27:53 [INFO] __main__: Duration: 0:00:03.728387
2021-07-12 12:27:53 [INFO] __main__: Training epoch 41
2021-07-12 12:27:57 [INFO] __main__: Epoch_loss: 2.6328060626983643
2021-07-12 12:27:57 [INFO] __main__: Epoch_loss_reconstr: 1.2521207332611084
2021-07-12 12:27:57 [INFO] __main__: Epoch_loss_border: 0
2021-07-12 12:27:57 [INFO] __main__: Epoch_loss_fct: 138.06842041015625
2021-07-12 12:27:57 [INFO] __main__: Duration: 0:00:03.736301
2021-07-12 12:27:57 [INFO] __main__: Training epoch 42
2021-07-12 12:28:01 [INFO] __main__: Epoch_loss: 2.675985097885132
2021-07-12 12:28:01 [INFO] __main__: Epoch_loss_reconstr: 1.2650402784347534
2021-07-12 12:28:01 [INFO] __main__: Epoch_loss_border: 0
2021-07-12 12:28:01 [INFO] __main__: Epoch_loss_fct: 141.09445190429688
2021-07-12 12:28:01 [INFO] __main__: Duration: 0:00:03.738408
2021-07-12 12:28:01 [INFO] __main__: Training epoch 43
2021-07-12 12:28:05 [INFO] __main__: Epoch_loss: 2.676217555999756
2021-07-12 12:28:05 [INFO] __main__: Epoch_loss_reconstr: 1.2694644927978516
2021-07-12 12:28:05 [INFO] __main__: Epoch_loss_border: 0
2021-07-12 12:28:05 [INFO] __main__: Epoch_loss_fct: 140.67539978027344
2021-07-12 12:28:05 [INFO] __main__: Duration: 0:00:03.734553
2021-07-12 12:28:05 [INFO] __main__: Training epoch 44
2021-07-12 12:28:08 [INFO] __main__: Epoch_loss: 2.6695876121520996
2021-07-12 12:28:08 [INFO] __main__: Epoch_loss_reconstr: 1.2817755937576294
2021-07-12 12:28:08 [INFO] __main__: Epoch_loss_border: 0
2021-07-12 12:28:08 [INFO] __main__: Epoch_loss_fct: 138.78125
2021-07-12 12:28:08 [INFO] __main__: Duration: 0:00:03.741054
2021-07-12 12:28:08 [INFO] __main__: Training epoch 45
2021-07-12 12:28:12 [INFO] __main__: Epoch_loss: 2.6300928592681885
2021-07-12 12:28:12 [INFO] __main__: Epoch_loss_reconstr: 1.2745271921157837
2021-07-12 12:28:12 [INFO] __main__: Epoch_loss_border: 0
2021-07-12 12:28:12 [INFO] __main__: Epoch_loss_fct: 135.55657958984375
2021-07-12 12:28:12 [INFO] __main__: Duration: 0:00:03.732077
2021-07-12 12:28:12 [INFO] __main__: Training epoch 46
2021-07-12 12:28:16 [INFO] __main__: Epoch_loss: 2.594160318374634
2021-07-12 12:28:16 [INFO] __main__: Epoch_loss_reconstr: 1.2594506740570068
2021-07-12 12:28:16 [INFO] __main__: Epoch_loss_border: 0
2021-07-12 12:28:16 [INFO] __main__: Epoch_loss_fct: 133.47097778320312
2021-07-12 12:28:16 [INFO] __main__: Duration: 0:00:03.732527
2021-07-12 12:28:16 [INFO] __main__: Training epoch 47
2021-07-12 12:28:19 [INFO] __main__: Epoch_loss: 2.6643097400665283
2021-07-12 12:28:19 [INFO] __main__: Epoch_loss_reconstr: 1.2652833461761475
2021-07-12 12:28:19 [INFO] __main__: Epoch_loss_border: 0
2021-07-12 12:28:19 [INFO] __main__: Epoch_loss_fct: 139.9026336669922
2021-07-12 12:28:19 [INFO] __main__: Duration: 0:00:03.737068
2021-07-12 12:28:19 [INFO] __main__: Training epoch 48
2021-07-12 12:28:23 [INFO] __main__: Epoch_loss: 2.702389717102051
2021-07-12 12:28:23 [INFO] __main__: Epoch_loss_reconstr: 1.2751259803771973
2021-07-12 12:28:23 [INFO] __main__: Epoch_loss_border: 0
2021-07-12 12:28:23 [INFO] __main__: Epoch_loss_fct: 142.72637939453125
2021-07-12 12:28:23 [INFO] __main__: Duration: 0:00:03.729428
2021-07-12 12:28:23 [INFO] __main__: Training epoch 49
2021-07-12 12:28:27 [INFO] __main__: Epoch_loss: 2.652735471725464
2021-07-12 12:28:27 [INFO] __main__: Epoch_loss_reconstr: 1.2771486043930054
2021-07-12 12:28:27 [INFO] __main__: Epoch_loss_border: 0
2021-07-12 12:28:27 [INFO] __main__: Epoch_loss_fct: 137.5587615966797
2021-07-12 12:28:27 [INFO] __main__: Duration: 0:00:03.730856
