2021-07-12 12:01:37 [DEBUG] src.utils.config: Logger initialized
2021-07-12 12:01:37 [INFO] __main__: Training epoch 0
2021-07-12 12:01:37 [INFO] __main__: Epoch_loss: 5.229088306427002
2021-07-12 12:01:37 [INFO] __main__: Epoch_loss_reconstr: 5.229088306427002
2021-07-12 12:01:37 [INFO] __main__: Epoch_loss_border: 0
2021-07-12 12:01:37 [INFO] __main__: Epoch_loss_fct: 0
2021-07-12 12:01:37 [INFO] __main__: Duration: 0:00:00.083351
2021-07-12 12:01:37 [INFO] __main__: Training epoch 1
2021-07-12 12:01:37 [INFO] __main__: Epoch_loss: 3.9924564361572266
2021-07-12 12:01:37 [INFO] __main__: Epoch_loss_reconstr: 3.9924564361572266
2021-07-12 12:01:37 [INFO] __main__: Epoch_loss_border: 0
2021-07-12 12:01:37 [INFO] __main__: Epoch_loss_fct: 0
2021-07-12 12:01:37 [INFO] __main__: Duration: 0:00:00.082960
2021-07-12 12:01:37 [INFO] __main__: Training epoch 2
2021-07-12 12:01:37 [INFO] __main__: Epoch_loss: 2.8554933071136475
2021-07-12 12:01:37 [INFO] __main__: Epoch_loss_reconstr: 2.8554933071136475
2021-07-12 12:01:37 [INFO] __main__: Epoch_loss_border: 0
2021-07-12 12:01:37 [INFO] __main__: Epoch_loss_fct: 0
2021-07-12 12:01:37 [INFO] __main__: Duration: 0:00:00.082939
2021-07-12 12:01:37 [INFO] __main__: Training epoch 3
2021-07-12 12:01:38 [INFO] __main__: Epoch_loss: 1.9379874467849731
2021-07-12 12:01:38 [INFO] __main__: Epoch_loss_reconstr: 1.9379874467849731
2021-07-12 12:01:38 [INFO] __main__: Epoch_loss_border: 0
2021-07-12 12:01:38 [INFO] __main__: Epoch_loss_fct: 0
2021-07-12 12:01:38 [INFO] __main__: Duration: 0:00:00.083171
2021-07-12 12:01:38 [INFO] __main__: Training epoch 4
2021-07-12 12:01:38 [INFO] __main__: Epoch_loss: 1.6149156093597412
2021-07-12 12:01:38 [INFO] __main__: Epoch_loss_reconstr: 1.6149156093597412
2021-07-12 12:01:38 [INFO] __main__: Epoch_loss_border: 0
2021-07-12 12:01:38 [INFO] __main__: Epoch_loss_fct: 0
2021-07-12 12:01:38 [INFO] __main__: Duration: 0:00:00.083434
2021-07-12 12:01:38 [INFO] __main__: Training epoch 5
2021-07-12 12:01:38 [INFO] __main__: Epoch_loss: 1.3690388202667236
2021-07-12 12:01:38 [INFO] __main__: Epoch_loss_reconstr: 1.3690388202667236
2021-07-12 12:01:38 [INFO] __main__: Epoch_loss_border: 0
2021-07-12 12:01:38 [INFO] __main__: Epoch_loss_fct: 0
2021-07-12 12:01:38 [INFO] __main__: Duration: 0:00:00.082962
2021-07-12 12:01:38 [INFO] __main__: Training epoch 6
2021-07-12 12:01:38 [INFO] __main__: Epoch_loss: 0.9466944932937622
2021-07-12 12:01:38 [INFO] __main__: Epoch_loss_reconstr: 0.9466944932937622
2021-07-12 12:01:38 [INFO] __main__: Epoch_loss_border: 0
2021-07-12 12:01:38 [INFO] __main__: Epoch_loss_fct: 0
2021-07-12 12:01:38 [INFO] __main__: Duration: 0:00:00.089356
2021-07-12 12:01:38 [INFO] __main__: Training epoch 7
2021-07-12 12:01:38 [INFO] __main__: Epoch_loss: 0.8190468549728394
2021-07-12 12:01:38 [INFO] __main__: Epoch_loss_reconstr: 0.8190468549728394
2021-07-12 12:01:38 [INFO] __main__: Epoch_loss_border: 0
2021-07-12 12:01:38 [INFO] __main__: Epoch_loss_fct: 0
2021-07-12 12:01:38 [INFO] __main__: Duration: 0:00:00.087128
2021-07-12 12:01:38 [INFO] __main__: Training epoch 8
2021-07-12 12:01:38 [INFO] __main__: Epoch_loss: 0.7792912721633911
2021-07-12 12:01:38 [INFO] __main__: Epoch_loss_reconstr: 0.7792912721633911
2021-07-12 12:01:38 [INFO] __main__: Epoch_loss_border: 0
2021-07-12 12:01:38 [INFO] __main__: Epoch_loss_fct: 0
2021-07-12 12:01:38 [INFO] __main__: Duration: 0:00:00.087222
2021-07-12 12:01:38 [INFO] __main__: Training epoch 9
2021-07-12 12:01:38 [INFO] __main__: Epoch_loss: 0.752942681312561
2021-07-12 12:01:38 [INFO] __main__: Epoch_loss_reconstr: 0.752942681312561
2021-07-12 12:01:38 [INFO] __main__: Epoch_loss_border: 0
2021-07-12 12:01:38 [INFO] __main__: Epoch_loss_fct: 0
2021-07-12 12:01:38 [INFO] __main__: Duration: 0:00:00.087155
2021-07-12 12:01:38 [INFO] __main__: Training epoch 10
2021-07-12 12:01:38 [INFO] __main__: Epoch_loss: 0.7334254384040833
2021-07-12 12:01:38 [INFO] __main__: Epoch_loss_reconstr: 0.7334254384040833
2021-07-12 12:01:38 [INFO] __main__: Epoch_loss_border: 0
2021-07-12 12:01:38 [INFO] __main__: Epoch_loss_fct: 0
2021-07-12 12:01:38 [INFO] __main__: Duration: 0:00:00.083292
2021-07-12 12:01:38 [INFO] __main__: Training epoch 11
2021-07-12 12:01:38 [INFO] __main__: Epoch_loss: 0.7187333106994629
2021-07-12 12:01:38 [INFO] __main__: Epoch_loss_reconstr: 0.7187333106994629
2021-07-12 12:01:38 [INFO] __main__: Epoch_loss_border: 0
2021-07-12 12:01:38 [INFO] __main__: Epoch_loss_fct: 0
2021-07-12 12:01:38 [INFO] __main__: Duration: 0:00:00.087065
2021-07-12 12:01:38 [INFO] __main__: Training epoch 12
2021-07-12 12:01:38 [INFO] __main__: Epoch_loss: 0.7077636122703552
2021-07-12 12:01:38 [INFO] __main__: Epoch_loss_reconstr: 0.7077636122703552
2021-07-12 12:01:38 [INFO] __main__: Epoch_loss_border: 0
2021-07-12 12:01:38 [INFO] __main__: Epoch_loss_fct: 0
2021-07-12 12:01:38 [INFO] __main__: Duration: 0:00:00.083088
2021-07-12 12:01:38 [INFO] __main__: Training epoch 13
2021-07-12 12:01:38 [INFO] __main__: Epoch_loss: 0.6993451118469238
2021-07-12 12:01:38 [INFO] __main__: Epoch_loss_reconstr: 0.6993451118469238
2021-07-12 12:01:38 [INFO] __main__: Epoch_loss_border: 0
2021-07-12 12:01:38 [INFO] __main__: Epoch_loss_fct: 0
2021-07-12 12:01:38 [INFO] __main__: Duration: 0:00:00.089398
2021-07-12 12:01:38 [INFO] __main__: Training epoch 14
2021-07-12 12:01:38 [INFO] __main__: Epoch_loss: 0.6928865909576416
2021-07-12 12:01:38 [INFO] __main__: Epoch_loss_reconstr: 0.6928865909576416
2021-07-12 12:01:38 [INFO] __main__: Epoch_loss_border: 0
2021-07-12 12:01:38 [INFO] __main__: Epoch_loss_fct: 0
2021-07-12 12:01:38 [INFO] __main__: Duration: 0:00:00.087289
2021-07-12 12:01:38 [INFO] __main__: Training epoch 15
2021-07-12 12:01:39 [INFO] __main__: Epoch_loss: 0.6876850724220276
2021-07-12 12:01:39 [INFO] __main__: Epoch_loss_reconstr: 0.6876850724220276
2021-07-12 12:01:39 [INFO] __main__: Epoch_loss_border: 0
2021-07-12 12:01:39 [INFO] __main__: Epoch_loss_fct: 0
2021-07-12 12:01:39 [INFO] __main__: Duration: 0:00:00.087571
2021-07-12 12:01:39 [INFO] __main__: Training epoch 16
2021-07-12 12:01:39 [INFO] __main__: Epoch_loss: 0.6834093928337097
2021-07-12 12:01:39 [INFO] __main__: Epoch_loss_reconstr: 0.6834093928337097
2021-07-12 12:01:39 [INFO] __main__: Epoch_loss_border: 0
2021-07-12 12:01:39 [INFO] __main__: Epoch_loss_fct: 0
2021-07-12 12:01:39 [INFO] __main__: Duration: 0:00:00.083194
2021-07-12 12:01:39 [INFO] __main__: Training epoch 17
2021-07-12 12:01:39 [INFO] __main__: Epoch_loss: 0.6799001097679138
2021-07-12 12:01:39 [INFO] __main__: Epoch_loss_reconstr: 0.6799001097679138
2021-07-12 12:01:39 [INFO] __main__: Epoch_loss_border: 0
2021-07-12 12:01:39 [INFO] __main__: Epoch_loss_fct: 0
2021-07-12 12:01:39 [INFO] __main__: Duration: 0:00:00.083073
2021-07-12 12:01:39 [INFO] __main__: Training epoch 18
2021-07-12 12:01:39 [INFO] __main__: Epoch_loss: 0.6771027445793152
2021-07-12 12:01:39 [INFO] __main__: Epoch_loss_reconstr: 0.6771027445793152
2021-07-12 12:01:39 [INFO] __main__: Epoch_loss_border: 0
2021-07-12 12:01:39 [INFO] __main__: Epoch_loss_fct: 0
2021-07-12 12:01:39 [INFO] __main__: Duration: 0:00:00.083024
2021-07-12 12:01:39 [INFO] __main__: Training epoch 19
2021-07-12 12:01:39 [INFO] __main__: Epoch_loss: 0.6748732924461365
2021-07-12 12:01:39 [INFO] __main__: Epoch_loss_reconstr: 0.6748732924461365
2021-07-12 12:01:39 [INFO] __main__: Epoch_loss_border: 0
2021-07-12 12:01:39 [INFO] __main__: Epoch_loss_fct: 0
2021-07-12 12:01:39 [INFO] __main__: Duration: 0:00:00.087231
2021-07-12 12:01:39 [INFO] __main__: Training epoch 20
2021-07-12 12:01:39 [INFO] __main__: Epoch_loss: 0.6730079054832458
2021-07-12 12:01:39 [INFO] __main__: Epoch_loss_reconstr: 0.6730079054832458
2021-07-12 12:01:39 [INFO] __main__: Epoch_loss_border: 0
2021-07-12 12:01:39 [INFO] __main__: Epoch_loss_fct: 0
2021-07-12 12:01:39 [INFO] __main__: Duration: 0:00:00.083435
2021-07-12 12:01:39 [INFO] __main__: Training epoch 21
2021-07-12 12:01:39 [INFO] __main__: Epoch_loss: 0.671354353427887
2021-07-12 12:01:39 [INFO] __main__: Epoch_loss_reconstr: 0.671354353427887
2021-07-12 12:01:39 [INFO] __main__: Epoch_loss_border: 0
2021-07-12 12:01:39 [INFO] __main__: Epoch_loss_fct: 0
2021-07-12 12:01:39 [INFO] __main__: Duration: 0:00:00.093435
2021-07-12 12:01:39 [INFO] __main__: Training epoch 22
2021-07-12 12:01:39 [INFO] __main__: Epoch_loss: 0.6699713468551636
2021-07-12 12:01:39 [INFO] __main__: Epoch_loss_reconstr: 0.6699713468551636
2021-07-12 12:01:39 [INFO] __main__: Epoch_loss_border: 0
2021-07-12 12:01:39 [INFO] __main__: Epoch_loss_fct: 0
2021-07-12 12:01:39 [INFO] __main__: Duration: 0:00:00.082988
2021-07-12 12:01:39 [INFO] __main__: Training epoch 23
2021-07-12 12:01:39 [INFO] __main__: Epoch_loss: 0.6687218546867371
2021-07-12 12:01:39 [INFO] __main__: Epoch_loss_reconstr: 0.6687218546867371
2021-07-12 12:01:39 [INFO] __main__: Epoch_loss_border: 0
2021-07-12 12:01:39 [INFO] __main__: Epoch_loss_fct: 0
2021-07-12 12:01:39 [INFO] __main__: Duration: 0:00:00.082928
2021-07-12 12:01:39 [INFO] __main__: Training epoch 24
2021-07-12 12:01:39 [INFO] __main__: Epoch_loss: 0.6675585508346558
2021-07-12 12:01:39 [INFO] __main__: Epoch_loss_reconstr: 0.6675585508346558
2021-07-12 12:01:39 [INFO] __main__: Epoch_loss_border: 0
2021-07-12 12:01:39 [INFO] __main__: Epoch_loss_fct: 0
2021-07-12 12:01:39 [INFO] __main__: Duration: 0:00:00.082800
2021-07-12 12:01:39 [INFO] __main__: Training epoch 25
2021-07-12 12:01:39 [INFO] __main__: Epoch_loss: 0.6664518117904663
2021-07-12 12:01:39 [INFO] __main__: Epoch_loss_reconstr: 0.6664518117904663
2021-07-12 12:01:39 [INFO] __main__: Epoch_loss_border: 0
2021-07-12 12:01:39 [INFO] __main__: Epoch_loss_fct: 0
2021-07-12 12:01:39 [INFO] __main__: Duration: 0:00:00.082834
2021-07-12 12:01:39 [INFO] __main__: Training epoch 26
2021-07-12 12:01:40 [INFO] __main__: Epoch_loss: 0.6654897928237915
2021-07-12 12:01:40 [INFO] __main__: Epoch_loss_reconstr: 0.6654897928237915
2021-07-12 12:01:40 [INFO] __main__: Epoch_loss_border: 0
2021-07-12 12:01:40 [INFO] __main__: Epoch_loss_fct: 0
2021-07-12 12:01:40 [INFO] __main__: Duration: 0:00:00.086985
2021-07-12 12:01:40 [INFO] __main__: Training epoch 27
2021-07-12 12:01:40 [INFO] __main__: Epoch_loss: 0.6646155118942261
2021-07-12 12:01:40 [INFO] __main__: Epoch_loss_reconstr: 0.6646155118942261
2021-07-12 12:01:40 [INFO] __main__: Epoch_loss_border: 0
2021-07-12 12:01:40 [INFO] __main__: Epoch_loss_fct: 0
2021-07-12 12:01:40 [INFO] __main__: Duration: 0:00:00.087319
2021-07-12 12:01:40 [INFO] __main__: Training epoch 28
2021-07-12 12:01:40 [INFO] __main__: Epoch_loss: 0.6638597846031189
2021-07-12 12:01:40 [INFO] __main__: Epoch_loss_reconstr: 0.6638597846031189
2021-07-12 12:01:40 [INFO] __main__: Epoch_loss_border: 0
2021-07-12 12:01:40 [INFO] __main__: Epoch_loss_fct: 0
2021-07-12 12:01:40 [INFO] __main__: Duration: 0:00:00.088164
2021-07-12 12:01:40 [INFO] __main__: Training epoch 29
2021-07-12 12:01:40 [INFO] __main__: Epoch_loss: 0.6631736159324646
2021-07-12 12:01:40 [INFO] __main__: Epoch_loss_reconstr: 0.6631736159324646
2021-07-12 12:01:40 [INFO] __main__: Epoch_loss_border: 0
2021-07-12 12:01:40 [INFO] __main__: Epoch_loss_fct: 0
2021-07-12 12:01:40 [INFO] __main__: Duration: 0:00:00.083359
2021-07-12 12:01:40 [INFO] __main__: Training epoch 30
2021-07-12 12:01:40 [INFO] __main__: Epoch_loss: 0.6624627709388733
2021-07-12 12:01:40 [INFO] __main__: Epoch_loss_reconstr: 0.6624627709388733
2021-07-12 12:01:40 [INFO] __main__: Epoch_loss_border: 0
2021-07-12 12:01:40 [INFO] __main__: Epoch_loss_fct: 0
2021-07-12 12:01:40 [INFO] __main__: Duration: 0:00:00.091758
2021-07-12 12:01:40 [INFO] __main__: Training epoch 31
2021-07-12 12:01:40 [INFO] __main__: Epoch_loss: 0.6618016958236694
2021-07-12 12:01:40 [INFO] __main__: Epoch_loss_reconstr: 0.6618016958236694
2021-07-12 12:01:40 [INFO] __main__: Epoch_loss_border: 0
2021-07-12 12:01:40 [INFO] __main__: Epoch_loss_fct: 0
2021-07-12 12:01:40 [INFO] __main__: Duration: 0:00:00.089354
2021-07-12 12:01:40 [INFO] __main__: Training epoch 32
2021-07-12 12:01:40 [INFO] __main__: Epoch_loss: 0.6611456871032715
2021-07-12 12:01:40 [INFO] __main__: Epoch_loss_reconstr: 0.6611456871032715
2021-07-12 12:01:40 [INFO] __main__: Epoch_loss_border: 0
2021-07-12 12:01:40 [INFO] __main__: Epoch_loss_fct: 0
2021-07-12 12:01:40 [INFO] __main__: Duration: 0:00:00.091910
2021-07-12 12:01:40 [INFO] __main__: Training epoch 33
2021-07-12 12:01:40 [INFO] __main__: Epoch_loss: 0.660696804523468
2021-07-12 12:01:40 [INFO] __main__: Epoch_loss_reconstr: 0.660696804523468
2021-07-12 12:01:40 [INFO] __main__: Epoch_loss_border: 0
2021-07-12 12:01:40 [INFO] __main__: Epoch_loss_fct: 0
2021-07-12 12:01:40 [INFO] __main__: Duration: 0:00:00.087248
2021-07-12 12:01:40 [INFO] __main__: Training epoch 34
2021-07-12 12:01:40 [INFO] __main__: Epoch_loss: 0.6601002812385559
2021-07-12 12:01:40 [INFO] __main__: Epoch_loss_reconstr: 0.6601002812385559
2021-07-12 12:01:40 [INFO] __main__: Epoch_loss_border: 0
2021-07-12 12:01:40 [INFO] __main__: Epoch_loss_fct: 0
2021-07-12 12:01:40 [INFO] __main__: Duration: 0:00:00.082949
2021-07-12 12:01:40 [INFO] __main__: Training epoch 35
2021-07-12 12:01:40 [INFO] __main__: Epoch_loss: 0.6596361994743347
2021-07-12 12:01:40 [INFO] __main__: Epoch_loss_reconstr: 0.6596361994743347
2021-07-12 12:01:40 [INFO] __main__: Epoch_loss_border: 0
2021-07-12 12:01:40 [INFO] __main__: Epoch_loss_fct: 0
2021-07-12 12:01:40 [INFO] __main__: Duration: 0:00:00.087100
2021-07-12 12:01:40 [INFO] __main__: Training epoch 36
2021-07-12 12:01:40 [INFO] __main__: Epoch_loss: 0.6591764688491821
2021-07-12 12:01:40 [INFO] __main__: Epoch_loss_reconstr: 0.6591764688491821
2021-07-12 12:01:40 [INFO] __main__: Epoch_loss_border: 0
2021-07-12 12:01:40 [INFO] __main__: Epoch_loss_fct: 0
2021-07-12 12:01:40 [INFO] __main__: Duration: 0:00:00.083076
2021-07-12 12:01:40 [INFO] __main__: Training epoch 37
2021-07-12 12:01:40 [INFO] __main__: Epoch_loss: 0.6586955785751343
2021-07-12 12:01:40 [INFO] __main__: Epoch_loss_reconstr: 0.6586955785751343
2021-07-12 12:01:40 [INFO] __main__: Epoch_loss_border: 0
2021-07-12 12:01:40 [INFO] __main__: Epoch_loss_fct: 0
2021-07-12 12:01:40 [INFO] __main__: Duration: 0:00:00.087146
2021-07-12 12:01:40 [INFO] __main__: Training epoch 38
2021-07-12 12:01:41 [INFO] __main__: Epoch_loss: 0.6583000421524048
2021-07-12 12:01:41 [INFO] __main__: Epoch_loss_reconstr: 0.6583000421524048
2021-07-12 12:01:41 [INFO] __main__: Epoch_loss_border: 0
2021-07-12 12:01:41 [INFO] __main__: Epoch_loss_fct: 0
2021-07-12 12:01:41 [INFO] __main__: Duration: 0:00:00.086807
2021-07-12 12:01:41 [INFO] __main__: Training epoch 39
2021-07-12 12:01:41 [INFO] __main__: Epoch_loss: 0.6577697396278381
2021-07-12 12:01:41 [INFO] __main__: Epoch_loss_reconstr: 0.6577697396278381
2021-07-12 12:01:41 [INFO] __main__: Epoch_loss_border: 0
2021-07-12 12:01:41 [INFO] __main__: Epoch_loss_fct: 0
2021-07-12 12:01:41 [INFO] __main__: Duration: 0:00:00.083565
2021-07-12 12:01:41 [INFO] __main__: Training epoch 40
2021-07-12 12:01:41 [INFO] __main__: Epoch_loss: 0.6572526097297668
2021-07-12 12:01:41 [INFO] __main__: Epoch_loss_reconstr: 0.6572526097297668
2021-07-12 12:01:41 [INFO] __main__: Epoch_loss_border: 0
2021-07-12 12:01:41 [INFO] __main__: Epoch_loss_fct: 0
2021-07-12 12:01:41 [INFO] __main__: Duration: 0:00:00.083030
2021-07-12 12:01:41 [INFO] __main__: Training epoch 41
2021-07-12 12:01:41 [INFO] __main__: Epoch_loss: 0.656815230846405
2021-07-12 12:01:41 [INFO] __main__: Epoch_loss_reconstr: 0.656815230846405
2021-07-12 12:01:41 [INFO] __main__: Epoch_loss_border: 0
2021-07-12 12:01:41 [INFO] __main__: Epoch_loss_fct: 0
2021-07-12 12:01:41 [INFO] __main__: Duration: 0:00:00.088218
2021-07-12 12:01:41 [INFO] __main__: Training epoch 42
2021-07-12 12:01:41 [INFO] __main__: Epoch_loss: 0.656380295753479
2021-07-12 12:01:41 [INFO] __main__: Epoch_loss_reconstr: 0.656380295753479
2021-07-12 12:01:41 [INFO] __main__: Epoch_loss_border: 0
2021-07-12 12:01:41 [INFO] __main__: Epoch_loss_fct: 0
2021-07-12 12:01:41 [INFO] __main__: Duration: 0:00:00.087193
2021-07-12 12:01:41 [INFO] __main__: Training epoch 43
2021-07-12 12:01:41 [INFO] __main__: Epoch_loss: 0.6558893918991089
2021-07-12 12:01:41 [INFO] __main__: Epoch_loss_reconstr: 0.6558893918991089
2021-07-12 12:01:41 [INFO] __main__: Epoch_loss_border: 0
2021-07-12 12:01:41 [INFO] __main__: Epoch_loss_fct: 0
2021-07-12 12:01:41 [INFO] __main__: Duration: 0:00:00.087287
2021-07-12 12:01:41 [INFO] __main__: Training epoch 44
2021-07-12 12:01:41 [INFO] __main__: Epoch_loss: 0.6554076075553894
2021-07-12 12:01:41 [INFO] __main__: Epoch_loss_reconstr: 0.6554076075553894
2021-07-12 12:01:41 [INFO] __main__: Epoch_loss_border: 0
2021-07-12 12:01:41 [INFO] __main__: Epoch_loss_fct: 0
2021-07-12 12:01:41 [INFO] __main__: Duration: 0:00:00.088717
2021-07-12 12:01:41 [INFO] __main__: Training epoch 45
2021-07-12 12:01:41 [INFO] __main__: Epoch_loss: 0.6549493074417114
2021-07-12 12:01:41 [INFO] __main__: Epoch_loss_reconstr: 0.6549493074417114
2021-07-12 12:01:41 [INFO] __main__: Epoch_loss_border: 0
2021-07-12 12:01:41 [INFO] __main__: Epoch_loss_fct: 0
2021-07-12 12:01:41 [INFO] __main__: Duration: 0:00:00.087264
2021-07-12 12:01:41 [INFO] __main__: Training epoch 46
2021-07-12 12:01:41 [INFO] __main__: Epoch_loss: 0.6545002460479736
2021-07-12 12:01:41 [INFO] __main__: Epoch_loss_reconstr: 0.6545002460479736
2021-07-12 12:01:41 [INFO] __main__: Epoch_loss_border: 0
2021-07-12 12:01:41 [INFO] __main__: Epoch_loss_fct: 0
2021-07-12 12:01:41 [INFO] __main__: Duration: 0:00:00.089337
2021-07-12 12:01:41 [INFO] __main__: Training epoch 47
2021-07-12 12:01:41 [INFO] __main__: Epoch_loss: 0.6539543867111206
2021-07-12 12:01:41 [INFO] __main__: Epoch_loss_reconstr: 0.6539543867111206
2021-07-12 12:01:41 [INFO] __main__: Epoch_loss_border: 0
2021-07-12 12:01:41 [INFO] __main__: Epoch_loss_fct: 0
2021-07-12 12:01:41 [INFO] __main__: Duration: 0:00:00.088402
2021-07-12 12:01:41 [INFO] __main__: Training epoch 48
2021-07-12 12:01:41 [INFO] __main__: Epoch_loss: 0.6535370945930481
2021-07-12 12:01:41 [INFO] __main__: Epoch_loss_reconstr: 0.6535370945930481
2021-07-12 12:01:41 [INFO] __main__: Epoch_loss_border: 0
2021-07-12 12:01:41 [INFO] __main__: Epoch_loss_fct: 0
2021-07-12 12:01:41 [INFO] __main__: Duration: 0:00:00.083038
2021-07-12 12:01:41 [INFO] __main__: Training epoch 49
2021-07-12 12:01:42 [INFO] __main__: Epoch_loss: 0.6530412435531616
2021-07-12 12:01:42 [INFO] __main__: Epoch_loss_reconstr: 0.6530412435531616
2021-07-12 12:01:42 [INFO] __main__: Epoch_loss_border: 0
2021-07-12 12:01:42 [INFO] __main__: Epoch_loss_fct: 0
2021-07-12 12:01:42 [INFO] __main__: Duration: 0:00:00.082911
