2021-07-12 11:40:34 [DEBUG] src.utils.config: Logger initialized
2021-07-12 11:40:34 [INFO] __main__: Training epoch 0
2021-07-12 11:40:37 [INFO] __main__: Epoch_loss: 5.314660549163818
2021-07-12 11:40:37 [INFO] __main__: Epoch_loss_reconstr: 5.00922966003418
2021-07-12 11:40:37 [INFO] __main__: Epoch_loss_border: 0
2021-07-12 11:40:37 [INFO] __main__: Epoch_loss_fct: 61.0865364074707
2021-07-12 11:40:37 [INFO] __main__: Duration: 0:00:02.614016
2021-07-12 11:40:37 [INFO] __main__: Training epoch 1
2021-07-12 11:40:40 [INFO] __main__: Epoch_loss: 4.642115592956543
2021-07-12 11:40:40 [INFO] __main__: Epoch_loss_reconstr: 4.448307514190674
2021-07-12 11:40:40 [INFO] __main__: Epoch_loss_border: 0
2021-07-12 11:40:40 [INFO] __main__: Epoch_loss_fct: 38.761756896972656
2021-07-12 11:40:40 [INFO] __main__: Duration: 0:00:03.231565
2021-07-12 11:40:40 [INFO] __main__: Training epoch 2
2021-07-12 11:40:43 [INFO] __main__: Epoch_loss: 4.0840349197387695
2021-07-12 11:40:43 [INFO] __main__: Epoch_loss_reconstr: 3.6614785194396973
2021-07-12 11:40:43 [INFO] __main__: Epoch_loss_border: 0
2021-07-12 11:40:43 [INFO] __main__: Epoch_loss_fct: 84.51124572753906
2021-07-12 11:40:43 [INFO] __main__: Duration: 0:00:02.749059
2021-07-12 11:40:43 [INFO] __main__: Training epoch 3
2021-07-12 11:40:46 [INFO] __main__: Epoch_loss: 3.4438791275024414
2021-07-12 11:40:46 [INFO] __main__: Epoch_loss_reconstr: 2.7902379035949707
2021-07-12 11:40:46 [INFO] __main__: Epoch_loss_border: 0
2021-07-12 11:40:46 [INFO] __main__: Epoch_loss_fct: 130.72808837890625
2021-07-12 11:40:46 [INFO] __main__: Duration: 0:00:03.783471
2021-07-12 11:40:46 [INFO] __main__: Training epoch 4
2021-07-12 11:40:50 [INFO] __main__: Epoch_loss: 3.0593972206115723
2021-07-12 11:40:50 [INFO] __main__: Epoch_loss_reconstr: 2.246851682662964
2021-07-12 11:40:50 [INFO] __main__: Epoch_loss_border: 0
2021-07-12 11:40:50 [INFO] __main__: Epoch_loss_fct: 162.5092010498047
2021-07-12 11:40:50 [INFO] __main__: Duration: 0:00:03.358554
2021-07-12 11:40:50 [INFO] __main__: Training epoch 5
2021-07-12 11:40:53 [INFO] __main__: Epoch_loss: 2.7419283390045166
2021-07-12 11:40:53 [INFO] __main__: Epoch_loss_reconstr: 1.8660314083099365
2021-07-12 11:40:53 [INFO] __main__: Epoch_loss_border: 0
2021-07-12 11:40:53 [INFO] __main__: Epoch_loss_fct: 175.17938232421875
2021-07-12 11:40:53 [INFO] __main__: Duration: 0:00:02.787110
2021-07-12 11:40:53 [INFO] __main__: Training epoch 6
2021-07-12 11:40:55 [INFO] __main__: Epoch_loss: 2.5585250854492188
2021-07-12 11:40:55 [INFO] __main__: Epoch_loss_reconstr: 1.7042449712753296
2021-07-12 11:40:55 [INFO] __main__: Epoch_loss_border: 0
2021-07-12 11:40:55 [INFO] __main__: Epoch_loss_fct: 170.8558807373047
2021-07-12 11:40:55 [INFO] __main__: Duration: 0:00:02.837864
2021-07-12 11:40:55 [INFO] __main__: Training epoch 7
2021-07-12 11:40:58 [INFO] __main__: Epoch_loss: 2.4209694862365723
2021-07-12 11:40:58 [INFO] __main__: Epoch_loss_reconstr: 1.5787607431411743
2021-07-12 11:40:58 [INFO] __main__: Epoch_loss_border: 0
2021-07-12 11:40:58 [INFO] __main__: Epoch_loss_fct: 168.44171142578125
2021-07-12 11:40:58 [INFO] __main__: Duration: 0:00:02.844615
2021-07-12 11:40:58 [INFO] __main__: Training epoch 8
2021-07-12 11:41:01 [INFO] __main__: Epoch_loss: 2.266960620880127
2021-07-12 11:41:01 [INFO] __main__: Epoch_loss_reconstr: 1.322042465209961
2021-07-12 11:41:01 [INFO] __main__: Epoch_loss_border: 0
2021-07-12 11:41:01 [INFO] __main__: Epoch_loss_fct: 188.98348999023438
2021-07-12 11:41:01 [INFO] __main__: Duration: 0:00:02.845135
2021-07-12 11:41:01 [INFO] __main__: Training epoch 9
2021-07-12 11:41:04 [INFO] __main__: Epoch_loss: 2.026712656021118
2021-07-12 11:41:04 [INFO] __main__: Epoch_loss_reconstr: 1.0766066312789917
2021-07-12 11:41:04 [INFO] __main__: Epoch_loss_border: 0
2021-07-12 11:41:04 [INFO] __main__: Epoch_loss_fct: 190.02122497558594
2021-07-12 11:41:04 [INFO] __main__: Duration: 0:00:02.908956
2021-07-12 11:41:04 [INFO] __main__: Training epoch 10
2021-07-12 11:41:07 [INFO] __main__: Epoch_loss: 1.9373105764389038
2021-07-12 11:41:07 [INFO] __main__: Epoch_loss_reconstr: 1.0064274072647095
2021-07-12 11:41:07 [INFO] __main__: Epoch_loss_border: 0
2021-07-12 11:41:07 [INFO] __main__: Epoch_loss_fct: 186.1766357421875
2021-07-12 11:41:07 [INFO] __main__: Duration: 0:00:02.856444
2021-07-12 11:41:07 [INFO] __main__: Training epoch 11
2021-07-12 11:41:10 [INFO] __main__: Epoch_loss: 1.9693312644958496
2021-07-12 11:41:10 [INFO] __main__: Epoch_loss_reconstr: 0.979769766330719
2021-07-12 11:41:10 [INFO] __main__: Epoch_loss_border: 0
2021-07-12 11:41:10 [INFO] __main__: Epoch_loss_fct: 197.91224670410156
2021-07-12 11:41:10 [INFO] __main__: Duration: 0:00:02.859896
2021-07-12 11:41:10 [INFO] __main__: Training epoch 12
2021-07-12 11:41:13 [INFO] __main__: Epoch_loss: 1.9444913864135742
2021-07-12 11:41:13 [INFO] __main__: Epoch_loss_reconstr: 0.9607093930244446
2021-07-12 11:41:13 [INFO] __main__: Epoch_loss_border: 0
2021-07-12 11:41:13 [INFO] __main__: Epoch_loss_fct: 196.7564239501953
2021-07-12 11:41:13 [INFO] __main__: Duration: 0:00:02.826031
2021-07-12 11:41:13 [INFO] __main__: Training epoch 13
2021-07-12 11:41:15 [INFO] __main__: Epoch_loss: 1.9246220588684082
2021-07-12 11:41:15 [INFO] __main__: Epoch_loss_reconstr: 0.9468685984611511
2021-07-12 11:41:15 [INFO] __main__: Epoch_loss_border: 0
2021-07-12 11:41:15 [INFO] __main__: Epoch_loss_fct: 195.5507354736328
2021-07-12 11:41:15 [INFO] __main__: Duration: 0:00:02.847566
2021-07-12 11:41:15 [INFO] __main__: Training epoch 14
2021-07-12 11:41:18 [INFO] __main__: Epoch_loss: 1.9389293193817139
2021-07-12 11:41:18 [INFO] __main__: Epoch_loss_reconstr: 0.9384209513664246
2021-07-12 11:41:18 [INFO] __main__: Epoch_loss_border: 0
2021-07-12 11:41:18 [INFO] __main__: Epoch_loss_fct: 200.1017608642578
2021-07-12 11:41:18 [INFO] __main__: Duration: 0:00:02.964790
2021-07-12 11:41:18 [INFO] __main__: Training epoch 15
2021-07-12 11:41:21 [INFO] __main__: Epoch_loss: 1.9064298868179321
2021-07-12 11:41:21 [INFO] __main__: Epoch_loss_reconstr: 0.927295982837677
2021-07-12 11:41:21 [INFO] __main__: Epoch_loss_border: 0
2021-07-12 11:41:21 [INFO] __main__: Epoch_loss_fct: 195.8268585205078
2021-07-12 11:41:21 [INFO] __main__: Duration: 0:00:02.959771
2021-07-12 11:41:21 [INFO] __main__: Training epoch 16
2021-07-12 11:41:24 [INFO] __main__: Epoch_loss: 1.9155993461608887
2021-07-12 11:41:24 [INFO] __main__: Epoch_loss_reconstr: 0.9219074249267578
2021-07-12 11:41:24 [INFO] __main__: Epoch_loss_border: 0
2021-07-12 11:41:24 [INFO] __main__: Epoch_loss_fct: 198.73831176757812
2021-07-12 11:41:24 [INFO] __main__: Duration: 0:00:02.923693
2021-07-12 11:41:24 [INFO] __main__: Training epoch 17
2021-07-12 11:41:27 [INFO] __main__: Epoch_loss: 1.896691918373108
2021-07-12 11:41:27 [INFO] __main__: Epoch_loss_reconstr: 0.9193501472473145
2021-07-12 11:41:27 [INFO] __main__: Epoch_loss_border: 0
2021-07-12 11:41:27 [INFO] __main__: Epoch_loss_fct: 195.46836853027344
2021-07-12 11:41:27 [INFO] __main__: Duration: 0:00:02.827483
2021-07-12 11:41:27 [INFO] __main__: Training epoch 18
2021-07-12 11:41:30 [INFO] __main__: Epoch_loss: 1.9031660556793213
2021-07-12 11:41:30 [INFO] __main__: Epoch_loss_reconstr: 0.9141218066215515
2021-07-12 11:41:30 [INFO] __main__: Epoch_loss_border: 0
2021-07-12 11:41:30 [INFO] __main__: Epoch_loss_fct: 197.8087921142578
2021-07-12 11:41:30 [INFO] __main__: Duration: 0:00:02.863448
2021-07-12 11:41:30 [INFO] __main__: Training epoch 19
2021-07-12 11:41:33 [INFO] __main__: Epoch_loss: 1.904114007949829
2021-07-12 11:41:33 [INFO] __main__: Epoch_loss_reconstr: 0.9077128767967224
2021-07-12 11:41:33 [INFO] __main__: Epoch_loss_border: 0
2021-07-12 11:41:33 [INFO] __main__: Epoch_loss_fct: 199.28021240234375
2021-07-12 11:41:33 [INFO] __main__: Duration: 0:00:02.853240
2021-07-12 11:41:33 [INFO] __main__: Training epoch 20
2021-07-12 11:41:36 [INFO] __main__: Epoch_loss: 1.8703882694244385
2021-07-12 11:41:36 [INFO] __main__: Epoch_loss_reconstr: 0.9025269746780396
2021-07-12 11:41:36 [INFO] __main__: Epoch_loss_border: 0
2021-07-12 11:41:36 [INFO] __main__: Epoch_loss_fct: 193.57223510742188
2021-07-12 11:41:36 [INFO] __main__: Duration: 0:00:02.831769
2021-07-12 11:41:36 [INFO] __main__: Training epoch 21
2021-07-12 11:41:39 [INFO] __main__: Epoch_loss: 1.830420732498169
2021-07-12 11:41:39 [INFO] __main__: Epoch_loss_reconstr: 0.8959408402442932
2021-07-12 11:41:39 [INFO] __main__: Epoch_loss_border: 0
2021-07-12 11:41:39 [INFO] __main__: Epoch_loss_fct: 186.89598083496094
2021-07-12 11:41:39 [INFO] __main__: Duration: 0:00:03.729049
2021-07-12 11:41:39 [INFO] __main__: Training epoch 22
2021-07-12 11:41:43 [INFO] __main__: Epoch_loss: 1.8591265678405762
2021-07-12 11:41:43 [INFO] __main__: Epoch_loss_reconstr: 0.8928036093711853
2021-07-12 11:41:43 [INFO] __main__: Epoch_loss_border: 0
2021-07-12 11:41:43 [INFO] __main__: Epoch_loss_fct: 193.26463317871094
2021-07-12 11:41:43 [INFO] __main__: Duration: 0:00:03.725628
2021-07-12 11:41:43 [INFO] __main__: Training epoch 23
2021-07-12 11:41:47 [INFO] __main__: Epoch_loss: 1.8416669368743896
2021-07-12 11:41:47 [INFO] __main__: Epoch_loss_reconstr: 0.8921760320663452
2021-07-12 11:41:47 [INFO] __main__: Epoch_loss_border: 0
2021-07-12 11:41:47 [INFO] __main__: Epoch_loss_fct: 189.89817810058594
2021-07-12 11:41:47 [INFO] __main__: Duration: 0:00:03.730218
2021-07-12 11:41:47 [INFO] __main__: Training epoch 24
2021-07-12 11:41:51 [INFO] __main__: Epoch_loss: 1.8339070081710815
2021-07-12 11:41:51 [INFO] __main__: Epoch_loss_reconstr: 0.8921502828598022
2021-07-12 11:41:51 [INFO] __main__: Epoch_loss_border: 0
2021-07-12 11:41:51 [INFO] __main__: Epoch_loss_fct: 188.35134887695312
2021-07-12 11:41:51 [INFO] __main__: Duration: 0:00:03.731304
2021-07-12 11:41:51 [INFO] __main__: Training epoch 25
2021-07-12 11:41:54 [INFO] __main__: Epoch_loss: 1.832295298576355
2021-07-12 11:41:54 [INFO] __main__: Epoch_loss_reconstr: 0.8887857794761658
2021-07-12 11:41:54 [INFO] __main__: Epoch_loss_border: 0
2021-07-12 11:41:54 [INFO] __main__: Epoch_loss_fct: 188.70187377929688
2021-07-12 11:41:54 [INFO] __main__: Duration: 0:00:03.728717
2021-07-12 11:41:54 [INFO] __main__: Training epoch 26
2021-07-12 11:41:58 [INFO] __main__: Epoch_loss: 1.8436992168426514
2021-07-12 11:41:58 [INFO] __main__: Epoch_loss_reconstr: 0.885309100151062
2021-07-12 11:41:58 [INFO] __main__: Epoch_loss_border: 0
2021-07-12 11:41:58 [INFO] __main__: Epoch_loss_fct: 191.6781463623047
2021-07-12 11:41:58 [INFO] __main__: Duration: 0:00:03.746461
2021-07-12 11:41:58 [INFO] __main__: Training epoch 27
2021-07-12 11:42:02 [INFO] __main__: Epoch_loss: 1.8533930778503418
2021-07-12 11:42:02 [INFO] __main__: Epoch_loss_reconstr: 0.8840579986572266
2021-07-12 11:42:02 [INFO] __main__: Epoch_loss_border: 0
2021-07-12 11:42:02 [INFO] __main__: Epoch_loss_fct: 193.8670654296875
2021-07-12 11:42:02 [INFO] __main__: Duration: 0:00:03.727570
2021-07-12 11:42:02 [INFO] __main__: Training epoch 28
2021-07-12 11:42:06 [INFO] __main__: Epoch_loss: 1.8620531558990479
2021-07-12 11:42:06 [INFO] __main__: Epoch_loss_reconstr: 0.8833103179931641
2021-07-12 11:42:06 [INFO] __main__: Epoch_loss_border: 0
2021-07-12 11:42:06 [INFO] __main__: Epoch_loss_fct: 195.7485809326172
2021-07-12 11:42:06 [INFO] __main__: Duration: 0:00:03.737102
2021-07-12 11:42:06 [INFO] __main__: Training epoch 29
2021-07-12 11:42:09 [INFO] __main__: Epoch_loss: 1.8961819410324097
2021-07-12 11:42:09 [INFO] __main__: Epoch_loss_reconstr: 0.88425612449646
2021-07-12 11:42:09 [INFO] __main__: Epoch_loss_border: 0
2021-07-12 11:42:09 [INFO] __main__: Epoch_loss_fct: 202.3852081298828
2021-07-12 11:42:09 [INFO] __main__: Duration: 0:00:03.734872
2021-07-12 11:42:09 [INFO] __main__: Training epoch 30
2021-07-12 11:42:13 [INFO] __main__: Epoch_loss: 1.9170624017715454
2021-07-12 11:42:13 [INFO] __main__: Epoch_loss_reconstr: 0.8909249901771545
2021-07-12 11:42:13 [INFO] __main__: Epoch_loss_border: 0
2021-07-12 11:42:13 [INFO] __main__: Epoch_loss_fct: 205.22744750976562
2021-07-12 11:42:13 [INFO] __main__: Duration: 0:00:03.733533
2021-07-12 11:42:13 [INFO] __main__: Training epoch 31
2021-07-12 11:42:17 [INFO] __main__: Epoch_loss: 1.9270758628845215
2021-07-12 11:42:17 [INFO] __main__: Epoch_loss_reconstr: 0.8941957950592041
2021-07-12 11:42:17 [INFO] __main__: Epoch_loss_border: 0
2021-07-12 11:42:17 [INFO] __main__: Epoch_loss_fct: 206.5760498046875
2021-07-12 11:42:17 [INFO] __main__: Duration: 0:00:03.743180
2021-07-12 11:42:17 [INFO] __main__: Training epoch 32
2021-07-12 11:42:20 [INFO] __main__: Epoch_loss: 1.8522415161132812
2021-07-12 11:42:20 [INFO] __main__: Epoch_loss_reconstr: 0.8822833299636841
2021-07-12 11:42:20 [INFO] __main__: Epoch_loss_border: 0
2021-07-12 11:42:20 [INFO] __main__: Epoch_loss_fct: 193.9916534423828
2021-07-12 11:42:20 [INFO] __main__: Duration: 0:00:03.732469
2021-07-12 11:42:20 [INFO] __main__: Training epoch 33
2021-07-12 11:42:24 [INFO] __main__: Epoch_loss: 1.9060676097869873
2021-07-12 11:42:24 [INFO] __main__: Epoch_loss_reconstr: 0.8876470327377319
2021-07-12 11:42:24 [INFO] __main__: Epoch_loss_border: 0
2021-07-12 11:42:24 [INFO] __main__: Epoch_loss_fct: 203.68408203125
2021-07-12 11:42:24 [INFO] __main__: Duration: 0:00:03.731470
2021-07-12 11:42:24 [INFO] __main__: Training epoch 34
2021-07-12 11:42:28 [INFO] __main__: Epoch_loss: 1.892738938331604
2021-07-12 11:42:28 [INFO] __main__: Epoch_loss_reconstr: 0.8819941878318787
2021-07-12 11:42:28 [INFO] __main__: Epoch_loss_border: 0
2021-07-12 11:42:28 [INFO] __main__: Epoch_loss_fct: 202.14891052246094
2021-07-12 11:42:28 [INFO] __main__: Duration: 0:00:03.729114
2021-07-12 11:42:28 [INFO] __main__: Training epoch 35
2021-07-12 11:42:32 [INFO] __main__: Epoch_loss: 1.8525508642196655
2021-07-12 11:42:32 [INFO] __main__: Epoch_loss_reconstr: 0.8808718919754028
2021-07-12 11:42:32 [INFO] __main__: Epoch_loss_border: 0
2021-07-12 11:42:32 [INFO] __main__: Epoch_loss_fct: 194.3358154296875
2021-07-12 11:42:32 [INFO] __main__: Duration: 0:00:03.731007
2021-07-12 11:42:32 [INFO] __main__: Training epoch 36
2021-07-12 11:42:35 [INFO] __main__: Epoch_loss: 1.850293517112732
2021-07-12 11:42:35 [INFO] __main__: Epoch_loss_reconstr: 0.8759363889694214
2021-07-12 11:42:35 [INFO] __main__: Epoch_loss_border: 0
2021-07-12 11:42:35 [INFO] __main__: Epoch_loss_fct: 194.87142944335938
2021-07-12 11:42:35 [INFO] __main__: Duration: 0:00:03.731996
2021-07-12 11:42:35 [INFO] __main__: Training epoch 37
2021-07-12 11:42:39 [INFO] __main__: Epoch_loss: 1.8518143892288208
2021-07-12 11:42:39 [INFO] __main__: Epoch_loss_reconstr: 0.8761473298072815
2021-07-12 11:42:39 [INFO] __main__: Epoch_loss_border: 0
2021-07-12 11:42:39 [INFO] __main__: Epoch_loss_fct: 195.13345336914062
2021-07-12 11:42:39 [INFO] __main__: Duration: 0:00:03.732980
2021-07-12 11:42:39 [INFO] __main__: Training epoch 38
2021-07-12 11:42:43 [INFO] __main__: Epoch_loss: 1.8618378639221191
2021-07-12 11:42:43 [INFO] __main__: Epoch_loss_reconstr: 0.8742889761924744
2021-07-12 11:42:43 [INFO] __main__: Epoch_loss_border: 0
2021-07-12 11:42:43 [INFO] __main__: Epoch_loss_fct: 197.5097198486328
2021-07-12 11:42:43 [INFO] __main__: Duration: 0:00:03.733368
2021-07-12 11:42:43 [INFO] __main__: Training epoch 39
2021-07-12 11:42:47 [INFO] __main__: Epoch_loss: 1.7813665866851807
2021-07-12 11:42:47 [INFO] __main__: Epoch_loss_reconstr: 0.8673112392425537
2021-07-12 11:42:47 [INFO] __main__: Epoch_loss_border: 0
2021-07-12 11:42:47 [INFO] __main__: Epoch_loss_fct: 182.81103515625
2021-07-12 11:42:47 [INFO] __main__: Duration: 0:00:03.745490
2021-07-12 11:42:47 [INFO] __main__: Training epoch 40
2021-07-12 11:42:50 [INFO] __main__: Epoch_loss: 1.8339017629623413
2021-07-12 11:42:50 [INFO] __main__: Epoch_loss_reconstr: 0.8710355162620544
2021-07-12 11:42:50 [INFO] __main__: Epoch_loss_border: 0
2021-07-12 11:42:50 [INFO] __main__: Epoch_loss_fct: 192.57333374023438
2021-07-12 11:42:50 [INFO] __main__: Duration: 0:00:03.749827
2021-07-12 11:42:50 [INFO] __main__: Training epoch 41
2021-07-12 11:42:54 [INFO] __main__: Epoch_loss: 1.8189573287963867
2021-07-12 11:42:54 [INFO] __main__: Epoch_loss_reconstr: 0.8787680864334106
2021-07-12 11:42:54 [INFO] __main__: Epoch_loss_border: 0
2021-07-12 11:42:54 [INFO] __main__: Epoch_loss_fct: 188.0378875732422
2021-07-12 11:42:54 [INFO] __main__: Duration: 0:00:03.732499
2021-07-12 11:42:54 [INFO] __main__: Training epoch 42
2021-07-12 11:42:58 [INFO] __main__: Epoch_loss: 1.8074183464050293
2021-07-12 11:42:58 [INFO] __main__: Epoch_loss_reconstr: 0.8734808564186096
2021-07-12 11:42:58 [INFO] __main__: Epoch_loss_border: 0
2021-07-12 11:42:58 [INFO] __main__: Epoch_loss_fct: 186.78750610351562
2021-07-12 11:42:58 [INFO] __main__: Duration: 0:00:03.730514
2021-07-12 11:42:58 [INFO] __main__: Training epoch 43
2021-07-12 11:43:02 [INFO] __main__: Epoch_loss: 1.843784213066101
2021-07-12 11:43:02 [INFO] __main__: Epoch_loss_reconstr: 0.880420446395874
2021-07-12 11:43:02 [INFO] __main__: Epoch_loss_border: 0
2021-07-12 11:43:02 [INFO] __main__: Epoch_loss_fct: 192.67276000976562
2021-07-12 11:43:02 [INFO] __main__: Duration: 0:00:03.731110
2021-07-12 11:43:02 [INFO] __main__: Training epoch 44
2021-07-12 11:43:05 [INFO] __main__: Epoch_loss: 1.826789140701294
2021-07-12 11:43:05 [INFO] __main__: Epoch_loss_reconstr: 0.8804199695587158
2021-07-12 11:43:05 [INFO] __main__: Epoch_loss_border: 0
2021-07-12 11:43:05 [INFO] __main__: Epoch_loss_fct: 189.27391052246094
2021-07-12 11:43:05 [INFO] __main__: Duration: 0:00:03.728545
2021-07-12 11:43:05 [INFO] __main__: Training epoch 45
2021-07-12 11:43:09 [INFO] __main__: Epoch_loss: 1.795121669769287
2021-07-12 11:43:09 [INFO] __main__: Epoch_loss_reconstr: 0.8773749470710754
2021-07-12 11:43:09 [INFO] __main__: Epoch_loss_border: 0
2021-07-12 11:43:09 [INFO] __main__: Epoch_loss_fct: 183.54934692382812
2021-07-12 11:43:09 [INFO] __main__: Duration: 0:00:03.727776
2021-07-12 11:43:09 [INFO] __main__: Training epoch 46
2021-07-12 11:43:13 [INFO] __main__: Epoch_loss: 1.776033878326416
2021-07-12 11:43:13 [INFO] __main__: Epoch_loss_reconstr: 0.8746463656425476
2021-07-12 11:43:13 [INFO] __main__: Epoch_loss_border: 0
2021-07-12 11:43:13 [INFO] __main__: Epoch_loss_fct: 180.2774658203125
2021-07-12 11:43:13 [INFO] __main__: Duration: 0:00:03.731861
2021-07-12 11:43:13 [INFO] __main__: Training epoch 47
2021-07-12 11:43:16 [INFO] __main__: Epoch_loss: 1.7865374088287354
2021-07-12 11:43:16 [INFO] __main__: Epoch_loss_reconstr: 0.8762355446815491
2021-07-12 11:43:16 [INFO] __main__: Epoch_loss_border: 0
2021-07-12 11:43:16 [INFO] __main__: Epoch_loss_fct: 182.0603790283203
2021-07-12 11:43:16 [INFO] __main__: Duration: 0:00:03.730828
2021-07-12 11:43:16 [INFO] __main__: Training epoch 48
2021-07-12 11:43:20 [INFO] __main__: Epoch_loss: 1.785236120223999
2021-07-12 11:43:20 [INFO] __main__: Epoch_loss_reconstr: 0.8706585764884949
2021-07-12 11:43:20 [INFO] __main__: Epoch_loss_border: 0
2021-07-12 11:43:20 [INFO] __main__: Epoch_loss_fct: 182.91549682617188
2021-07-12 11:43:20 [INFO] __main__: Duration: 0:00:03.730194
2021-07-12 11:43:20 [INFO] __main__: Training epoch 49
2021-07-12 11:43:24 [INFO] __main__: Epoch_loss: 1.7758756875991821
2021-07-12 11:43:24 [INFO] __main__: Epoch_loss_reconstr: 0.8740238547325134
2021-07-12 11:43:24 [INFO] __main__: Epoch_loss_border: 0
2021-07-12 11:43:24 [INFO] __main__: Epoch_loss_fct: 180.37034606933594
2021-07-12 11:43:24 [INFO] __main__: Duration: 0:00:03.745931
