2021-07-12 11:51:35 [DEBUG] src.utils.config: Logger initialized
2021-07-12 11:51:35 [INFO] __main__: Training epoch 0
2021-07-12 11:51:45 [INFO] __main__: Epoch_loss: 10.371725082397461
2021-07-12 11:51:45 [INFO] __main__: Epoch_loss_reconstr: 5.6907734870910645
2021-07-12 11:51:45 [INFO] __main__: Epoch_loss_border: 0
2021-07-12 11:51:45 [INFO] __main__: Epoch_loss_fct: 46.80950927734375
2021-07-12 11:51:45 [INFO] __main__: Duration: 0:00:09.889146
2021-07-12 11:51:45 [INFO] __main__: Training epoch 1
2021-07-12 11:51:55 [INFO] __main__: Epoch_loss: 5.546500205993652
2021-07-12 11:51:55 [INFO] __main__: Epoch_loss_reconstr: 4.901010513305664
2021-07-12 11:51:55 [INFO] __main__: Epoch_loss_border: 0
2021-07-12 11:51:55 [INFO] __main__: Epoch_loss_fct: 6.454885959625244
2021-07-12 11:51:55 [INFO] __main__: Duration: 0:00:09.941304
2021-07-12 11:51:55 [INFO] __main__: Training epoch 2
2021-07-12 11:52:05 [INFO] __main__: Epoch_loss: 4.9013543128967285
2021-07-12 11:52:05 [INFO] __main__: Epoch_loss_reconstr: 4.697606563568115
2021-07-12 11:52:05 [INFO] __main__: Epoch_loss_border: 0
2021-07-12 11:52:05 [INFO] __main__: Epoch_loss_fct: 2.0374867916107178
2021-07-12 11:52:05 [INFO] __main__: Duration: 0:00:09.931666
2021-07-12 11:52:05 [INFO] __main__: Training epoch 3
2021-07-12 11:52:15 [INFO] __main__: Epoch_loss: 4.718565940856934
2021-07-12 11:52:15 [INFO] __main__: Epoch_loss_reconstr: 4.644028186798096
2021-07-12 11:52:15 [INFO] __main__: Epoch_loss_border: 0
2021-07-12 11:52:15 [INFO] __main__: Epoch_loss_fct: 0.7453681230545044
2021-07-12 11:52:15 [INFO] __main__: Duration: 0:00:09.936849
2021-07-12 11:52:15 [INFO] __main__: Training epoch 4
2021-07-12 11:52:25 [INFO] __main__: Epoch_loss: 4.656861782073975
2021-07-12 11:52:25 [INFO] __main__: Epoch_loss_reconstr: 4.635354995727539
2021-07-12 11:52:25 [INFO] __main__: Epoch_loss_border: 0
2021-07-12 11:52:25 [INFO] __main__: Epoch_loss_fct: 0.2150605469942093
2021-07-12 11:52:25 [INFO] __main__: Duration: 0:00:09.934589
2021-07-12 11:52:25 [INFO] __main__: Training epoch 5
2021-07-12 11:52:35 [INFO] __main__: Epoch_loss: 4.655177593231201
2021-07-12 11:52:35 [INFO] __main__: Epoch_loss_reconstr: 4.63449239730835
2021-07-12 11:52:35 [INFO] __main__: Epoch_loss_border: 0
2021-07-12 11:52:35 [INFO] __main__: Epoch_loss_fct: 0.20685793459415436
2021-07-12 11:52:35 [INFO] __main__: Duration: 0:00:10.082379
2021-07-12 11:52:35 [INFO] __main__: Training epoch 6
2021-07-12 11:52:45 [INFO] __main__: Epoch_loss: 4.6460185050964355
2021-07-12 11:52:45 [INFO] __main__: Epoch_loss_reconstr: 4.634492874145508
2021-07-12 11:52:45 [INFO] __main__: Epoch_loss_border: 0
2021-07-12 11:52:45 [INFO] __main__: Epoch_loss_fct: 0.1152610257267952
2021-07-12 11:52:45 [INFO] __main__: Duration: 0:00:10.002843
2021-07-12 11:52:45 [INFO] __main__: Training epoch 7
2021-07-12 11:52:55 [INFO] __main__: Epoch_loss: 4.650880813598633
2021-07-12 11:52:55 [INFO] __main__: Epoch_loss_reconstr: 4.634629726409912
2021-07-12 11:52:55 [INFO] __main__: Epoch_loss_border: 0
2021-07-12 11:52:55 [INFO] __main__: Epoch_loss_fct: 0.16251008212566376
2021-07-12 11:52:55 [INFO] __main__: Duration: 0:00:09.942240
2021-07-12 11:52:55 [INFO] __main__: Training epoch 8
2021-07-12 11:53:05 [INFO] __main__: Epoch_loss: 4.659438610076904
2021-07-12 11:53:05 [INFO] __main__: Epoch_loss_reconstr: 4.634756088256836
2021-07-12 11:53:05 [INFO] __main__: Epoch_loss_border: 0
2021-07-12 11:53:05 [INFO] __main__: Epoch_loss_fct: 0.24682359397411346
2021-07-12 11:53:05 [INFO] __main__: Duration: 0:00:09.965099
2021-07-12 11:53:05 [INFO] __main__: Training epoch 9
2021-07-12 11:53:14 [INFO] __main__: Epoch_loss: 4.6429948806762695
2021-07-12 11:53:15 [INFO] __main__: Epoch_loss_reconstr: 4.634868621826172
2021-07-12 11:53:15 [INFO] __main__: Epoch_loss_border: 0
2021-07-12 11:53:15 [INFO] __main__: Epoch_loss_fct: 0.0812617838382721
2021-07-12 11:53:15 [INFO] __main__: Duration: 0:00:09.957935
2021-07-12 11:53:15 [INFO] __main__: Training epoch 10
2021-07-12 11:53:24 [INFO] __main__: Epoch_loss: 4.642086505889893
2021-07-12 11:53:24 [INFO] __main__: Epoch_loss_reconstr: 4.634943962097168
2021-07-12 11:53:24 [INFO] __main__: Epoch_loss_border: 0
2021-07-12 11:53:24 [INFO] __main__: Epoch_loss_fct: 0.07141739875078201
2021-07-12 11:53:24 [INFO] __main__: Duration: 0:00:09.987540
2021-07-12 11:53:24 [INFO] __main__: Training epoch 11
2021-07-12 11:53:34 [INFO] __main__: Epoch_loss: 4.6406331062316895
2021-07-12 11:53:34 [INFO] __main__: Epoch_loss_reconstr: 4.635012149810791
2021-07-12 11:53:34 [INFO] __main__: Epoch_loss_border: 0
2021-07-12 11:53:34 [INFO] __main__: Epoch_loss_fct: 0.05620152875781059
2021-07-12 11:53:34 [INFO] __main__: Duration: 0:00:09.957346
2021-07-12 11:53:34 [INFO] __main__: Training epoch 12
2021-07-12 11:53:44 [INFO] __main__: Epoch_loss: 4.638818264007568
2021-07-12 11:53:44 [INFO] __main__: Epoch_loss_reconstr: 4.635095596313477
2021-07-12 11:53:44 [INFO] __main__: Epoch_loss_border: 0
2021-07-12 11:53:44 [INFO] __main__: Epoch_loss_fct: 0.03722698614001274
2021-07-12 11:53:44 [INFO] __main__: Duration: 0:00:09.942608
2021-07-12 11:53:44 [INFO] __main__: Training epoch 13
2021-07-12 11:53:54 [INFO] __main__: Epoch_loss: 4.6389689445495605
2021-07-12 11:53:54 [INFO] __main__: Epoch_loss_reconstr: 4.635160446166992
2021-07-12 11:53:54 [INFO] __main__: Epoch_loss_border: 0
2021-07-12 11:53:54 [INFO] __main__: Epoch_loss_fct: 0.03808565065264702
2021-07-12 11:53:54 [INFO] __main__: Duration: 0:00:09.946609
2021-07-12 11:53:54 [INFO] __main__: Training epoch 14
2021-07-12 11:54:04 [INFO] __main__: Epoch_loss: 4.638710021972656
2021-07-12 11:54:04 [INFO] __main__: Epoch_loss_reconstr: 4.635230541229248
2021-07-12 11:54:04 [INFO] __main__: Epoch_loss_border: 0
2021-07-12 11:54:04 [INFO] __main__: Epoch_loss_fct: 0.03478075563907623
2021-07-12 11:54:04 [INFO] __main__: Duration: 0:00:09.986456
2021-07-12 11:54:04 [INFO] __main__: Training epoch 15
2021-07-12 11:54:14 [INFO] __main__: Epoch_loss: 4.638856410980225
2021-07-12 11:54:14 [INFO] __main__: Epoch_loss_reconstr: 4.635296821594238
2021-07-12 11:54:14 [INFO] __main__: Epoch_loss_border: 0
2021-07-12 11:54:14 [INFO] __main__: Epoch_loss_fct: 0.03560860455036163
2021-07-12 11:54:14 [INFO] __main__: Duration: 0:00:09.932987
2021-07-12 11:54:14 [INFO] __main__: Training epoch 16
2021-07-12 11:54:24 [INFO] __main__: Epoch_loss: 4.640471935272217
2021-07-12 11:54:24 [INFO] __main__: Epoch_loss_reconstr: 4.635358810424805
2021-07-12 11:54:24 [INFO] __main__: Epoch_loss_border: 0
2021-07-12 11:54:24 [INFO] __main__: Epoch_loss_fct: 0.05113016068935394
2021-07-12 11:54:24 [INFO] __main__: Duration: 0:00:09.779089
2021-07-12 11:54:24 [INFO] __main__: Training epoch 17
2021-07-12 11:54:34 [INFO] __main__: Epoch_loss: 4.638751983642578
2021-07-12 11:54:34 [INFO] __main__: Epoch_loss_reconstr: 4.6353888511657715
2021-07-12 11:54:34 [INFO] __main__: Epoch_loss_border: 0
2021-07-12 11:54:34 [INFO] __main__: Epoch_loss_fct: 0.03362704813480377
2021-07-12 11:54:34 [INFO] __main__: Duration: 0:00:09.945037
2021-07-12 11:54:34 [INFO] __main__: Training epoch 18
2021-07-12 11:54:44 [INFO] __main__: Epoch_loss: 4.639094352722168
2021-07-12 11:54:44 [INFO] __main__: Epoch_loss_reconstr: 4.635435581207275
2021-07-12 11:54:44 [INFO] __main__: Epoch_loss_border: 0
2021-07-12 11:54:44 [INFO] __main__: Epoch_loss_fct: 0.03659346327185631
2021-07-12 11:54:44 [INFO] __main__: Duration: 0:00:09.989066
2021-07-12 11:54:44 [INFO] __main__: Training epoch 19
2021-07-12 11:54:54 [INFO] __main__: Epoch_loss: 4.639028072357178
2021-07-12 11:54:54 [INFO] __main__: Epoch_loss_reconstr: 4.635495185852051
2021-07-12 11:54:54 [INFO] __main__: Epoch_loss_border: 0
2021-07-12 11:54:54 [INFO] __main__: Epoch_loss_fct: 0.03532230854034424
2021-07-12 11:54:54 [INFO] __main__: Duration: 0:00:09.954121
2021-07-12 11:54:54 [INFO] __main__: Training epoch 20
2021-07-12 11:55:03 [INFO] __main__: Epoch_loss: 4.639947891235352
2021-07-12 11:55:03 [INFO] __main__: Epoch_loss_reconstr: 4.635565280914307
2021-07-12 11:55:03 [INFO] __main__: Epoch_loss_border: 0
2021-07-12 11:55:03 [INFO] __main__: Epoch_loss_fct: 0.04382263496518135
2021-07-12 11:55:03 [INFO] __main__: Duration: 0:00:09.574158
2021-07-12 11:55:03 [INFO] __main__: Training epoch 21
2021-07-12 11:55:11 [INFO] __main__: Epoch_loss: 4.64630651473999
2021-07-12 11:55:11 [INFO] __main__: Epoch_loss_reconstr: 4.635640621185303
2021-07-12 11:55:11 [INFO] __main__: Epoch_loss_border: 0
2021-07-12 11:55:11 [INFO] __main__: Epoch_loss_fct: 0.10666169226169586
2021-07-12 11:55:11 [INFO] __main__: Duration: 0:00:07.586078
2021-07-12 11:55:11 [INFO] __main__: Training epoch 22
2021-07-12 11:55:19 [INFO] __main__: Epoch_loss: 4.638890266418457
2021-07-12 11:55:19 [INFO] __main__: Epoch_loss_reconstr: 4.635678291320801
2021-07-12 11:55:19 [INFO] __main__: Epoch_loss_border: 0
2021-07-12 11:55:19 [INFO] __main__: Epoch_loss_fct: 0.0321255698800087
2021-07-12 11:55:19 [INFO] __main__: Duration: 0:00:07.559127
2021-07-12 11:55:19 [INFO] __main__: Training epoch 23
2021-07-12 11:55:26 [INFO] __main__: Epoch_loss: 4.638959884643555
2021-07-12 11:55:26 [INFO] __main__: Epoch_loss_reconstr: 4.635676860809326
2021-07-12 11:55:26 [INFO] __main__: Epoch_loss_border: 0
2021-07-12 11:55:26 [INFO] __main__: Epoch_loss_fct: 0.03282865881919861
2021-07-12 11:55:26 [INFO] __main__: Duration: 0:00:07.626486
2021-07-12 11:55:26 [INFO] __main__: Training epoch 24
2021-07-12 11:55:34 [INFO] __main__: Epoch_loss: 4.638692378997803
2021-07-12 11:55:34 [INFO] __main__: Epoch_loss_reconstr: 4.635641574859619
2021-07-12 11:55:34 [INFO] __main__: Epoch_loss_border: 0
2021-07-12 11:55:34 [INFO] __main__: Epoch_loss_fct: 0.030498214066028595
2021-07-12 11:55:34 [INFO] __main__: Duration: 0:00:07.473546
2021-07-12 11:55:34 [INFO] __main__: Training epoch 25
2021-07-12 11:55:41 [INFO] __main__: Epoch_loss: 4.641315937042236
2021-07-12 11:55:41 [INFO] __main__: Epoch_loss_reconstr: 4.635589122772217
2021-07-12 11:55:41 [INFO] __main__: Epoch_loss_border: 0
2021-07-12 11:55:41 [INFO] __main__: Epoch_loss_fct: 0.05727740377187729
2021-07-12 11:55:41 [INFO] __main__: Duration: 0:00:07.449297
2021-07-12 11:55:41 [INFO] __main__: Training epoch 26
2021-07-12 11:55:49 [INFO] __main__: Epoch_loss: 4.638540744781494
2021-07-12 11:55:49 [INFO] __main__: Epoch_loss_reconstr: 4.635558128356934
2021-07-12 11:55:49 [INFO] __main__: Epoch_loss_border: 0
2021-07-12 11:55:49 [INFO] __main__: Epoch_loss_fct: 0.02982361800968647
2021-07-12 11:55:49 [INFO] __main__: Duration: 0:00:07.514073
2021-07-12 11:55:49 [INFO] __main__: Training epoch 27
2021-07-12 11:55:56 [INFO] __main__: Epoch_loss: 4.638766765594482
2021-07-12 11:55:56 [INFO] __main__: Epoch_loss_reconstr: 4.635863304138184
2021-07-12 11:55:56 [INFO] __main__: Epoch_loss_border: 0
2021-07-12 11:55:56 [INFO] __main__: Epoch_loss_fct: 0.029028140008449554
2021-07-12 11:55:56 [INFO] __main__: Duration: 0:00:07.461023
2021-07-12 11:55:56 [INFO] __main__: Training epoch 28
2021-07-12 11:56:04 [INFO] __main__: Epoch_loss: 4.642062664031982
2021-07-12 11:56:04 [INFO] __main__: Epoch_loss_reconstr: 4.63674259185791
2021-07-12 11:56:04 [INFO] __main__: Epoch_loss_border: 0
2021-07-12 11:56:04 [INFO] __main__: Epoch_loss_fct: 0.05319763347506523
2021-07-12 11:56:04 [INFO] __main__: Duration: 0:00:07.455346
2021-07-12 11:56:04 [INFO] __main__: Training epoch 29
2021-07-12 11:56:11 [INFO] __main__: Epoch_loss: 4.639446258544922
2021-07-12 11:56:11 [INFO] __main__: Epoch_loss_reconstr: 4.637054443359375
2021-07-12 11:56:11 [INFO] __main__: Epoch_loss_border: 0
2021-07-12 11:56:11 [INFO] __main__: Epoch_loss_fct: 0.023920493200421333
2021-07-12 11:56:11 [INFO] __main__: Duration: 0:00:07.537230
2021-07-12 11:56:11 [INFO] __main__: Training epoch 30
2021-07-12 11:56:19 [INFO] __main__: Epoch_loss: 4.639527320861816
2021-07-12 11:56:19 [INFO] __main__: Epoch_loss_reconstr: 4.6370978355407715
2021-07-12 11:56:19 [INFO] __main__: Epoch_loss_border: 0
2021-07-12 11:56:19 [INFO] __main__: Epoch_loss_fct: 0.024297991767525673
2021-07-12 11:56:19 [INFO] __main__: Duration: 0:00:07.503521
2021-07-12 11:56:19 [INFO] __main__: Training epoch 31
2021-07-12 11:56:26 [INFO] __main__: Epoch_loss: 4.639563083648682
2021-07-12 11:56:26 [INFO] __main__: Epoch_loss_reconstr: 4.637083053588867
2021-07-12 11:56:26 [INFO] __main__: Epoch_loss_border: 0
2021-07-12 11:56:26 [INFO] __main__: Epoch_loss_fct: 0.024805696681141853
2021-07-12 11:56:26 [INFO] __main__: Duration: 0:00:07.465894
2021-07-12 11:56:26 [INFO] __main__: Training epoch 32
2021-07-12 11:56:34 [INFO] __main__: Epoch_loss: 4.639416217803955
2021-07-12 11:56:34 [INFO] __main__: Epoch_loss_reconstr: 4.637087345123291
2021-07-12 11:56:34 [INFO] __main__: Epoch_loss_border: 0
2021-07-12 11:56:34 [INFO] __main__: Epoch_loss_fct: 0.023280370980501175
2021-07-12 11:56:34 [INFO] __main__: Duration: 0:00:07.557490
2021-07-12 11:56:34 [INFO] __main__: Training epoch 33
2021-07-12 11:56:41 [INFO] __main__: Epoch_loss: 4.639380931854248
2021-07-12 11:56:41 [INFO] __main__: Epoch_loss_reconstr: 4.6370954513549805
2021-07-12 11:56:41 [INFO] __main__: Epoch_loss_border: 0
2021-07-12 11:56:41 [INFO] __main__: Epoch_loss_fct: 0.022849654778838158
2021-07-12 11:56:41 [INFO] __main__: Duration: 0:00:07.483985
2021-07-12 11:56:41 [INFO] __main__: Training epoch 34
2021-07-12 11:56:49 [INFO] __main__: Epoch_loss: 4.639311790466309
2021-07-12 11:56:49 [INFO] __main__: Epoch_loss_reconstr: 4.637097358703613
2021-07-12 11:56:49 [INFO] __main__: Epoch_loss_border: 0
2021-07-12 11:56:49 [INFO] __main__: Epoch_loss_fct: 0.022150306031107903
2021-07-12 11:56:49 [INFO] __main__: Duration: 0:00:07.480167
2021-07-12 11:56:49 [INFO] __main__: Training epoch 35
2021-07-12 11:56:56 [INFO] __main__: Epoch_loss: 4.642686367034912
2021-07-12 11:56:56 [INFO] __main__: Epoch_loss_reconstr: 4.637134075164795
2021-07-12 11:56:56 [INFO] __main__: Epoch_loss_border: 0
2021-07-12 11:56:56 [INFO] __main__: Epoch_loss_fct: 0.055522993206977844
2021-07-12 11:56:56 [INFO] __main__: Duration: 0:00:07.552483
2021-07-12 11:56:56 [INFO] __main__: Training epoch 36
2021-07-12 11:57:04 [INFO] __main__: Epoch_loss: 4.654121398925781
2021-07-12 11:57:04 [INFO] __main__: Epoch_loss_reconstr: 4.637158393859863
2021-07-12 11:57:04 [INFO] __main__: Epoch_loss_border: 0
2021-07-12 11:57:04 [INFO] __main__: Epoch_loss_fct: 0.16963604092597961
2021-07-12 11:57:04 [INFO] __main__: Duration: 0:00:07.445790
2021-07-12 11:57:04 [INFO] __main__: Training epoch 37
2021-07-12 11:57:11 [INFO] __main__: Epoch_loss: 4.638665199279785
2021-07-12 11:57:11 [INFO] __main__: Epoch_loss_reconstr: 4.6370849609375
2021-07-12 11:57:11 [INFO] __main__: Epoch_loss_border: 0
2021-07-12 11:57:11 [INFO] __main__: Epoch_loss_fct: 0.01578567735850811
2021-07-12 11:57:11 [INFO] __main__: Duration: 0:00:07.444941
2021-07-12 11:57:11 [INFO] __main__: Training epoch 38
2021-07-12 11:57:19 [INFO] __main__: Epoch_loss: 4.63850736618042
2021-07-12 11:57:19 [INFO] __main__: Epoch_loss_reconstr: 4.637170314788818
2021-07-12 11:57:19 [INFO] __main__: Epoch_loss_border: 0
2021-07-12 11:57:19 [INFO] __main__: Epoch_loss_fct: 0.013370472937822342
2021-07-12 11:57:19 [INFO] __main__: Duration: 0:00:07.546057
2021-07-12 11:57:19 [INFO] __main__: Training epoch 39
2021-07-12 11:57:26 [INFO] __main__: Epoch_loss: 4.638360023498535
2021-07-12 11:57:26 [INFO] __main__: Epoch_loss_reconstr: 4.637165069580078
2021-07-12 11:57:26 [INFO] __main__: Epoch_loss_border: 0
2021-07-12 11:57:26 [INFO] __main__: Epoch_loss_fct: 0.011946268379688263
2021-07-12 11:57:26 [INFO] __main__: Duration: 0:00:07.488328
2021-07-12 11:57:26 [INFO] __main__: Training epoch 40
2021-07-12 11:57:34 [INFO] __main__: Epoch_loss: 4.638279914855957
2021-07-12 11:57:34 [INFO] __main__: Epoch_loss_reconstr: 4.637171268463135
2021-07-12 11:57:34 [INFO] __main__: Epoch_loss_border: 0
2021-07-12 11:57:34 [INFO] __main__: Epoch_loss_fct: 0.011102384887635708
2021-07-12 11:57:34 [INFO] __main__: Duration: 0:00:07.482123
2021-07-12 11:57:34 [INFO] __main__: Training epoch 41
2021-07-12 11:57:41 [INFO] __main__: Epoch_loss: 4.638440132141113
2021-07-12 11:57:41 [INFO] __main__: Epoch_loss_reconstr: 4.637168884277344
2021-07-12 11:57:41 [INFO] __main__: Epoch_loss_border: 0
2021-07-12 11:57:41 [INFO] __main__: Epoch_loss_fct: 0.012718478217720985
2021-07-12 11:57:41 [INFO] __main__: Duration: 0:00:07.464477
2021-07-12 11:57:41 [INFO] __main__: Training epoch 42
2021-07-12 11:57:49 [INFO] __main__: Epoch_loss: 4.638206958770752
2021-07-12 11:57:49 [INFO] __main__: Epoch_loss_reconstr: 4.637174129486084
2021-07-12 11:57:49 [INFO] __main__: Epoch_loss_border: 0
2021-07-12 11:57:49 [INFO] __main__: Epoch_loss_fct: 0.010328787378966808
2021-07-12 11:57:49 [INFO] __main__: Duration: 0:00:07.468727
2021-07-12 11:57:49 [INFO] __main__: Training epoch 43
2021-07-12 11:57:56 [INFO] __main__: Epoch_loss: 4.638108730316162
2021-07-12 11:57:56 [INFO] __main__: Epoch_loss_reconstr: 4.637185096740723
2021-07-12 11:57:56 [INFO] __main__: Epoch_loss_border: 0
2021-07-12 11:57:56 [INFO] __main__: Epoch_loss_fct: 0.009237910620868206
2021-07-12 11:57:56 [INFO] __main__: Duration: 0:00:07.661825
2021-07-12 11:57:56 [INFO] __main__: Training epoch 44
2021-07-12 11:58:04 [INFO] __main__: Epoch_loss: 4.638065338134766
2021-07-12 11:58:04 [INFO] __main__: Epoch_loss_reconstr: 4.637192249298096
2021-07-12 11:58:04 [INFO] __main__: Epoch_loss_border: 0
2021-07-12 11:58:04 [INFO] __main__: Epoch_loss_fct: 0.008738847449421883
2021-07-12 11:58:04 [INFO] __main__: Duration: 0:00:07.514469
2021-07-12 11:58:04 [INFO] __main__: Training epoch 45
2021-07-12 11:58:11 [INFO] __main__: Epoch_loss: 4.638062953948975
2021-07-12 11:58:11 [INFO] __main__: Epoch_loss_reconstr: 4.637211322784424
2021-07-12 11:58:11 [INFO] __main__: Epoch_loss_border: 0
2021-07-12 11:58:11 [INFO] __main__: Epoch_loss_fct: 0.008509528823196888
2021-07-12 11:58:11 [INFO] __main__: Duration: 0:00:07.497371
2021-07-12 11:58:11 [INFO] __main__: Training epoch 46
2021-07-12 11:58:19 [INFO] __main__: Epoch_loss: 4.6384053230285645
2021-07-12 11:58:19 [INFO] __main__: Epoch_loss_reconstr: 4.6372785568237305
2021-07-12 11:58:19 [INFO] __main__: Epoch_loss_border: 0
2021-07-12 11:58:19 [INFO] __main__: Epoch_loss_fct: 0.011265009641647339
2021-07-12 11:58:19 [INFO] __main__: Duration: 0:00:07.559326
2021-07-12 11:58:19 [INFO] __main__: Training epoch 47
2021-07-12 11:58:26 [INFO] __main__: Epoch_loss: 4.638003826141357
2021-07-12 11:58:26 [INFO] __main__: Epoch_loss_reconstr: 4.637295246124268
2021-07-12 11:58:26 [INFO] __main__: Epoch_loss_border: 0
2021-07-12 11:58:26 [INFO] __main__: Epoch_loss_fct: 0.007082472089678049
2021-07-12 11:58:26 [INFO] __main__: Duration: 0:00:07.562287
2021-07-12 11:58:26 [INFO] __main__: Training epoch 48
2021-07-12 11:58:34 [INFO] __main__: Epoch_loss: 4.637955188751221
2021-07-12 11:58:34 [INFO] __main__: Epoch_loss_reconstr: 4.63729190826416
2021-07-12 11:58:34 [INFO] __main__: Epoch_loss_border: 0
2021-07-12 11:58:34 [INFO] __main__: Epoch_loss_fct: 0.0066372063010931015
2021-07-12 11:58:34 [INFO] __main__: Duration: 0:00:07.601540
2021-07-12 11:58:34 [INFO] __main__: Training epoch 49
2021-07-12 11:58:41 [INFO] __main__: Epoch_loss: 4.637918949127197
2021-07-12 11:58:41 [INFO] __main__: Epoch_loss_reconstr: 4.637299060821533
2021-07-12 11:58:41 [INFO] __main__: Epoch_loss_border: 0
2021-07-12 11:58:41 [INFO] __main__: Epoch_loss_fct: 0.006213146261870861
2021-07-12 11:58:41 [INFO] __main__: Duration: 0:00:07.463508
