2021-07-12 11:43:24 [DEBUG] src.utils.config: Logger initialized
2021-07-12 11:43:24 [INFO] __main__: Training epoch 0
2021-07-12 11:43:26 [INFO] __main__: Epoch_loss: 9.560994148254395
2021-07-12 11:43:26 [INFO] __main__: Epoch_loss_reconstr: 5.51075553894043
2021-07-12 11:43:26 [INFO] __main__: Epoch_loss_border: 81.00482177734375
2021-07-12 11:43:26 [INFO] __main__: Epoch_loss_fct: 0
2021-07-12 11:43:26 [INFO] __main__: Duration: 0:00:02.024866
2021-07-12 11:43:26 [INFO] __main__: Training epoch 1
2021-07-12 11:43:28 [INFO] __main__: Epoch_loss: 8.274603843688965
2021-07-12 11:43:28 [INFO] __main__: Epoch_loss_reconstr: 4.696400165557861
2021-07-12 11:43:28 [INFO] __main__: Epoch_loss_border: 71.56409454345703
2021-07-12 11:43:28 [INFO] __main__: Epoch_loss_fct: 0
2021-07-12 11:43:28 [INFO] __main__: Duration: 0:00:02.036213
2021-07-12 11:43:28 [INFO] __main__: Training epoch 2
2021-07-12 11:43:30 [INFO] __main__: Epoch_loss: 7.892210960388184
2021-07-12 11:43:30 [INFO] __main__: Epoch_loss_reconstr: 4.5684494972229
2021-07-12 11:43:30 [INFO] __main__: Epoch_loss_border: 66.47523498535156
2021-07-12 11:43:30 [INFO] __main__: Epoch_loss_fct: 0
2021-07-12 11:43:30 [INFO] __main__: Duration: 0:00:02.038813
2021-07-12 11:43:30 [INFO] __main__: Training epoch 3
2021-07-12 11:43:32 [INFO] __main__: Epoch_loss: 7.817142963409424
2021-07-12 11:43:32 [INFO] __main__: Epoch_loss_reconstr: 4.46995210647583
2021-07-12 11:43:32 [INFO] __main__: Epoch_loss_border: 66.9438247680664
2021-07-12 11:43:32 [INFO] __main__: Epoch_loss_fct: 0
2021-07-12 11:43:32 [INFO] __main__: Duration: 0:00:02.035682
2021-07-12 11:43:32 [INFO] __main__: Training epoch 4
2021-07-12 11:43:34 [INFO] __main__: Epoch_loss: 7.438670635223389
2021-07-12 11:43:34 [INFO] __main__: Epoch_loss_reconstr: 4.372389793395996
2021-07-12 11:43:34 [INFO] __main__: Epoch_loss_border: 61.32562255859375
2021-07-12 11:43:34 [INFO] __main__: Epoch_loss_fct: 0
2021-07-12 11:43:34 [INFO] __main__: Duration: 0:00:02.040343
2021-07-12 11:43:34 [INFO] __main__: Training epoch 5
2021-07-12 11:43:36 [INFO] __main__: Epoch_loss: 7.150029182434082
2021-07-12 11:43:36 [INFO] __main__: Epoch_loss_reconstr: 4.278212070465088
2021-07-12 11:43:36 [INFO] __main__: Epoch_loss_border: 57.43636703491211
2021-07-12 11:43:36 [INFO] __main__: Epoch_loss_fct: 0
2021-07-12 11:43:36 [INFO] __main__: Duration: 0:00:02.042024
2021-07-12 11:43:36 [INFO] __main__: Training epoch 6
2021-07-12 11:43:38 [INFO] __main__: Epoch_loss: 7.135406494140625
2021-07-12 11:43:38 [INFO] __main__: Epoch_loss_reconstr: 4.156137466430664
2021-07-12 11:43:38 [INFO] __main__: Epoch_loss_border: 59.58537673950195
2021-07-12 11:43:38 [INFO] __main__: Epoch_loss_fct: 0
2021-07-12 11:43:38 [INFO] __main__: Duration: 0:00:02.033421
2021-07-12 11:43:38 [INFO] __main__: Training epoch 7
2021-07-12 11:43:40 [INFO] __main__: Epoch_loss: 6.967177391052246
2021-07-12 11:43:40 [INFO] __main__: Epoch_loss_reconstr: 4.0134453773498535
2021-07-12 11:43:40 [INFO] __main__: Epoch_loss_border: 59.074642181396484
2021-07-12 11:43:40 [INFO] __main__: Epoch_loss_fct: 0
2021-07-12 11:43:40 [INFO] __main__: Duration: 0:00:02.027129
2021-07-12 11:43:40 [INFO] __main__: Training epoch 8
2021-07-12 11:43:42 [INFO] __main__: Epoch_loss: 6.501463890075684
2021-07-12 11:43:42 [INFO] __main__: Epoch_loss_reconstr: 3.85508394241333
2021-07-12 11:43:42 [INFO] __main__: Epoch_loss_border: 52.927574157714844
2021-07-12 11:43:42 [INFO] __main__: Epoch_loss_fct: 0
2021-07-12 11:43:42 [INFO] __main__: Duration: 0:00:02.040123
2021-07-12 11:43:42 [INFO] __main__: Training epoch 9
2021-07-12 11:43:44 [INFO] __main__: Epoch_loss: 6.48521614074707
2021-07-12 11:43:44 [INFO] __main__: Epoch_loss_reconstr: 3.803788185119629
2021-07-12 11:43:44 [INFO] __main__: Epoch_loss_border: 53.628570556640625
2021-07-12 11:43:44 [INFO] __main__: Epoch_loss_fct: 0
2021-07-12 11:43:44 [INFO] __main__: Duration: 0:00:02.043145
2021-07-12 11:43:44 [INFO] __main__: Training epoch 10
2021-07-12 11:43:47 [INFO] __main__: Epoch_loss: 6.2801361083984375
2021-07-12 11:43:47 [INFO] __main__: Epoch_loss_reconstr: 3.6813113689422607
2021-07-12 11:43:47 [INFO] __main__: Epoch_loss_border: 51.97649383544922
2021-07-12 11:43:47 [INFO] __main__: Epoch_loss_fct: 0
2021-07-12 11:43:47 [INFO] __main__: Duration: 0:00:02.041610
2021-07-12 11:43:47 [INFO] __main__: Training epoch 11
2021-07-12 11:43:48 [INFO] __main__: Epoch_loss: 6.492739677429199
2021-07-12 11:43:48 [INFO] __main__: Epoch_loss_reconstr: 3.629606008529663
2021-07-12 11:43:48 [INFO] __main__: Epoch_loss_border: 57.26268005371094
2021-07-12 11:43:48 [INFO] __main__: Epoch_loss_fct: 0
2021-07-12 11:43:48 [INFO] __main__: Duration: 0:00:01.604993
2021-07-12 11:43:48 [INFO] __main__: Training epoch 12
2021-07-12 11:43:50 [INFO] __main__: Epoch_loss: 6.329370498657227
2021-07-12 11:43:50 [INFO] __main__: Epoch_loss_reconstr: 3.5780396461486816
2021-07-12 11:43:50 [INFO] __main__: Epoch_loss_border: 55.02664566040039
2021-07-12 11:43:50 [INFO] __main__: Epoch_loss_fct: 0
2021-07-12 11:43:50 [INFO] __main__: Duration: 0:00:01.535884
2021-07-12 11:43:50 [INFO] __main__: Training epoch 13
2021-07-12 11:43:51 [INFO] __main__: Epoch_loss: 6.240133285522461
2021-07-12 11:43:51 [INFO] __main__: Epoch_loss_reconstr: 3.5810632705688477
2021-07-12 11:43:51 [INFO] __main__: Epoch_loss_border: 53.1813850402832
2021-07-12 11:43:51 [INFO] __main__: Epoch_loss_fct: 0
2021-07-12 11:43:51 [INFO] __main__: Duration: 0:00:01.528593
2021-07-12 11:43:51 [INFO] __main__: Training epoch 14
2021-07-12 11:43:53 [INFO] __main__: Epoch_loss: 6.457855701446533
2021-07-12 11:43:53 [INFO] __main__: Epoch_loss_reconstr: 3.570924997329712
2021-07-12 11:43:53 [INFO] __main__: Epoch_loss_border: 57.73860549926758
2021-07-12 11:43:53 [INFO] __main__: Epoch_loss_fct: 0
2021-07-12 11:43:53 [INFO] __main__: Duration: 0:00:01.545343
2021-07-12 11:43:53 [INFO] __main__: Training epoch 15
2021-07-12 11:43:55 [INFO] __main__: Epoch_loss: 6.068247318267822
2021-07-12 11:43:55 [INFO] __main__: Epoch_loss_reconstr: 3.568114757537842
2021-07-12 11:43:55 [INFO] __main__: Epoch_loss_border: 50.00263595581055
2021-07-12 11:43:55 [INFO] __main__: Epoch_loss_fct: 0
2021-07-12 11:43:55 [INFO] __main__: Duration: 0:00:02.117754
2021-07-12 11:43:55 [INFO] __main__: Training epoch 16
2021-07-12 11:43:57 [INFO] __main__: Epoch_loss: 6.258790969848633
2021-07-12 11:43:57 [INFO] __main__: Epoch_loss_reconstr: 3.5746514797210693
2021-07-12 11:43:57 [INFO] __main__: Epoch_loss_border: 53.68278121948242
2021-07-12 11:43:57 [INFO] __main__: Epoch_loss_fct: 0
2021-07-12 11:43:57 [INFO] __main__: Duration: 0:00:02.048261
2021-07-12 11:43:57 [INFO] __main__: Training epoch 17
2021-07-12 11:43:59 [INFO] __main__: Epoch_loss: 6.162808895111084
2021-07-12 11:43:59 [INFO] __main__: Epoch_loss_reconstr: 3.5223000049591064
2021-07-12 11:43:59 [INFO] __main__: Epoch_loss_border: 52.8101692199707
2021-07-12 11:43:59 [INFO] __main__: Epoch_loss_fct: 0
2021-07-12 11:43:59 [INFO] __main__: Duration: 0:00:02.038945
2021-07-12 11:43:59 [INFO] __main__: Training epoch 18
2021-07-12 11:44:01 [INFO] __main__: Epoch_loss: 6.200904846191406
2021-07-12 11:44:01 [INFO] __main__: Epoch_loss_reconstr: 3.4612886905670166
2021-07-12 11:44:01 [INFO] __main__: Epoch_loss_border: 54.79233932495117
2021-07-12 11:44:01 [INFO] __main__: Epoch_loss_fct: 0
2021-07-12 11:44:01 [INFO] __main__: Duration: 0:00:02.042804
2021-07-12 11:44:01 [INFO] __main__: Training epoch 19
2021-07-12 11:44:03 [INFO] __main__: Epoch_loss: 5.825231552124023
2021-07-12 11:44:03 [INFO] __main__: Epoch_loss_reconstr: 3.3899083137512207
2021-07-12 11:44:03 [INFO] __main__: Epoch_loss_border: 48.70647430419922
2021-07-12 11:44:03 [INFO] __main__: Epoch_loss_fct: 0
2021-07-12 11:44:03 [INFO] __main__: Duration: 0:00:02.034659
2021-07-12 11:44:03 [INFO] __main__: Training epoch 20
2021-07-12 11:44:05 [INFO] __main__: Epoch_loss: 5.860317230224609
2021-07-12 11:44:05 [INFO] __main__: Epoch_loss_reconstr: 3.4066436290740967
2021-07-12 11:44:05 [INFO] __main__: Epoch_loss_border: 49.073463439941406
2021-07-12 11:44:05 [INFO] __main__: Epoch_loss_fct: 0
2021-07-12 11:44:05 [INFO] __main__: Duration: 0:00:02.027986
2021-07-12 11:44:05 [INFO] __main__: Training epoch 21
2021-07-12 11:44:07 [INFO] __main__: Epoch_loss: 5.881768226623535
2021-07-12 11:44:07 [INFO] __main__: Epoch_loss_reconstr: 3.417837619781494
2021-07-12 11:44:07 [INFO] __main__: Epoch_loss_border: 49.27862548828125
2021-07-12 11:44:07 [INFO] __main__: Epoch_loss_fct: 0
2021-07-12 11:44:07 [INFO] __main__: Duration: 0:00:02.007951
2021-07-12 11:44:07 [INFO] __main__: Training epoch 22
2021-07-12 11:44:09 [INFO] __main__: Epoch_loss: 5.6873674392700195
2021-07-12 11:44:09 [INFO] __main__: Epoch_loss_reconstr: 3.3556106090545654
2021-07-12 11:44:09 [INFO] __main__: Epoch_loss_border: 46.635162353515625
2021-07-12 11:44:09 [INFO] __main__: Epoch_loss_fct: 0
2021-07-12 11:44:09 [INFO] __main__: Duration: 0:00:02.029089
2021-07-12 11:44:09 [INFO] __main__: Training epoch 23
2021-07-12 11:44:11 [INFO] __main__: Epoch_loss: 5.928844928741455
2021-07-12 11:44:11 [INFO] __main__: Epoch_loss_reconstr: 3.2468459606170654
2021-07-12 11:44:11 [INFO] __main__: Epoch_loss_border: 53.639984130859375
2021-07-12 11:44:11 [INFO] __main__: Epoch_loss_fct: 0
2021-07-12 11:44:11 [INFO] __main__: Duration: 0:00:02.036572
2021-07-12 11:44:11 [INFO] __main__: Training epoch 24
2021-07-12 11:44:13 [INFO] __main__: Epoch_loss: 5.638918399810791
2021-07-12 11:44:13 [INFO] __main__: Epoch_loss_reconstr: 3.206174850463867
2021-07-12 11:44:13 [INFO] __main__: Epoch_loss_border: 48.65489196777344
2021-07-12 11:44:13 [INFO] __main__: Epoch_loss_fct: 0
2021-07-12 11:44:13 [INFO] __main__: Duration: 0:00:02.035375
2021-07-12 11:44:13 [INFO] __main__: Training epoch 25
2021-07-12 11:44:15 [INFO] __main__: Epoch_loss: 5.5810017585754395
2021-07-12 11:44:15 [INFO] __main__: Epoch_loss_reconstr: 3.122610330581665
2021-07-12 11:44:15 [INFO] __main__: Epoch_loss_border: 49.167808532714844
2021-07-12 11:44:15 [INFO] __main__: Epoch_loss_fct: 0
2021-07-12 11:44:15 [INFO] __main__: Duration: 0:00:02.034811
2021-07-12 11:44:15 [INFO] __main__: Training epoch 26
2021-07-12 11:44:17 [INFO] __main__: Epoch_loss: 5.658589839935303
2021-07-12 11:44:17 [INFO] __main__: Epoch_loss_reconstr: 2.8999240398406982
2021-07-12 11:44:17 [INFO] __main__: Epoch_loss_border: 55.1733283996582
2021-07-12 11:44:17 [INFO] __main__: Epoch_loss_fct: 0
2021-07-12 11:44:17 [INFO] __main__: Duration: 0:00:02.036379
2021-07-12 11:44:17 [INFO] __main__: Training epoch 27
2021-07-12 11:44:19 [INFO] __main__: Epoch_loss: 5.148446083068848
2021-07-12 11:44:19 [INFO] __main__: Epoch_loss_reconstr: 2.7440648078918457
2021-07-12 11:44:19 [INFO] __main__: Epoch_loss_border: 48.08759307861328
2021-07-12 11:44:19 [INFO] __main__: Epoch_loss_fct: 0
2021-07-12 11:44:19 [INFO] __main__: Duration: 0:00:02.035464
2021-07-12 11:44:19 [INFO] __main__: Training epoch 28
2021-07-12 11:44:21 [INFO] __main__: Epoch_loss: 5.433101177215576
2021-07-12 11:44:21 [INFO] __main__: Epoch_loss_reconstr: 2.77932071685791
2021-07-12 11:44:21 [INFO] __main__: Epoch_loss_border: 53.07562255859375
2021-07-12 11:44:21 [INFO] __main__: Epoch_loss_fct: 0
2021-07-12 11:44:21 [INFO] __main__: Duration: 0:00:02.034671
2021-07-12 11:44:21 [INFO] __main__: Training epoch 29
2021-07-12 11:44:23 [INFO] __main__: Epoch_loss: 5.2343645095825195
2021-07-12 11:44:23 [INFO] __main__: Epoch_loss_reconstr: 2.817409038543701
2021-07-12 11:44:23 [INFO] __main__: Epoch_loss_border: 48.3391227722168
2021-07-12 11:44:23 [INFO] __main__: Epoch_loss_fct: 0
2021-07-12 11:44:23 [INFO] __main__: Duration: 0:00:02.034953
2021-07-12 11:44:23 [INFO] __main__: Training epoch 30
2021-07-12 11:44:25 [INFO] __main__: Epoch_loss: 5.363084316253662
2021-07-12 11:44:25 [INFO] __main__: Epoch_loss_reconstr: 2.8946335315704346
2021-07-12 11:44:25 [INFO] __main__: Epoch_loss_border: 49.36903381347656
2021-07-12 11:44:25 [INFO] __main__: Epoch_loss_fct: 0
2021-07-12 11:44:25 [INFO] __main__: Duration: 0:00:02.045400
2021-07-12 11:44:25 [INFO] __main__: Training epoch 31
2021-07-12 11:44:27 [INFO] __main__: Epoch_loss: 5.459216594696045
2021-07-12 11:44:27 [INFO] __main__: Epoch_loss_reconstr: 2.9670236110687256
2021-07-12 11:44:27 [INFO] __main__: Epoch_loss_border: 49.84384536743164
2021-07-12 11:44:27 [INFO] __main__: Epoch_loss_fct: 0
2021-07-12 11:44:27 [INFO] __main__: Duration: 0:00:02.037351
2021-07-12 11:44:27 [INFO] __main__: Training epoch 32
2021-07-12 11:44:29 [INFO] __main__: Epoch_loss: 5.359928607940674
2021-07-12 11:44:29 [INFO] __main__: Epoch_loss_reconstr: 2.9787862300872803
2021-07-12 11:44:29 [INFO] __main__: Epoch_loss_border: 47.622840881347656
2021-07-12 11:44:29 [INFO] __main__: Epoch_loss_fct: 0
2021-07-12 11:44:29 [INFO] __main__: Duration: 0:00:02.034918
2021-07-12 11:44:29 [INFO] __main__: Training epoch 33
2021-07-12 11:44:31 [INFO] __main__: Epoch_loss: 5.428513526916504
2021-07-12 11:44:31 [INFO] __main__: Epoch_loss_reconstr: 2.9255988597869873
2021-07-12 11:44:31 [INFO] __main__: Epoch_loss_border: 50.058311462402344
2021-07-12 11:44:31 [INFO] __main__: Epoch_loss_fct: 0
2021-07-12 11:44:31 [INFO] __main__: Duration: 0:00:02.034975
2021-07-12 11:44:31 [INFO] __main__: Training epoch 34
2021-07-12 11:44:34 [INFO] __main__: Epoch_loss: 5.304072380065918
2021-07-12 11:44:34 [INFO] __main__: Epoch_loss_reconstr: 2.9279379844665527
2021-07-12 11:44:34 [INFO] __main__: Epoch_loss_border: 47.522682189941406
2021-07-12 11:44:34 [INFO] __main__: Epoch_loss_fct: 0
2021-07-12 11:44:34 [INFO] __main__: Duration: 0:00:02.035786
2021-07-12 11:44:34 [INFO] __main__: Training epoch 35
2021-07-12 11:44:36 [INFO] __main__: Epoch_loss: 5.467283248901367
2021-07-12 11:44:36 [INFO] __main__: Epoch_loss_reconstr: 2.8936288356781006
2021-07-12 11:44:36 [INFO] __main__: Epoch_loss_border: 51.473087310791016
2021-07-12 11:44:36 [INFO] __main__: Epoch_loss_fct: 0
2021-07-12 11:44:36 [INFO] __main__: Duration: 0:00:02.034332
2021-07-12 11:44:36 [INFO] __main__: Training epoch 36
2021-07-12 11:44:38 [INFO] __main__: Epoch_loss: 5.443451881408691
2021-07-12 11:44:38 [INFO] __main__: Epoch_loss_reconstr: 2.904109239578247
2021-07-12 11:44:38 [INFO] __main__: Epoch_loss_border: 50.78683853149414
2021-07-12 11:44:38 [INFO] __main__: Epoch_loss_fct: 0
2021-07-12 11:44:38 [INFO] __main__: Duration: 0:00:02.034576
2021-07-12 11:44:38 [INFO] __main__: Training epoch 37
2021-07-12 11:44:40 [INFO] __main__: Epoch_loss: 5.481601238250732
2021-07-12 11:44:40 [INFO] __main__: Epoch_loss_reconstr: 3.045349597930908
2021-07-12 11:44:40 [INFO] __main__: Epoch_loss_border: 48.72504425048828
2021-07-12 11:44:40 [INFO] __main__: Epoch_loss_fct: 0
2021-07-12 11:44:40 [INFO] __main__: Duration: 0:00:02.033841
2021-07-12 11:44:40 [INFO] __main__: Training epoch 38
2021-07-12 11:44:42 [INFO] __main__: Epoch_loss: 5.294508934020996
2021-07-12 11:44:42 [INFO] __main__: Epoch_loss_reconstr: 3.1331348419189453
2021-07-12 11:44:42 [INFO] __main__: Epoch_loss_border: 43.227474212646484
2021-07-12 11:44:42 [INFO] __main__: Epoch_loss_fct: 0
2021-07-12 11:44:42 [INFO] __main__: Duration: 0:00:02.034623
2021-07-12 11:44:42 [INFO] __main__: Training epoch 39
2021-07-12 11:44:44 [INFO] __main__: Epoch_loss: 5.2699151039123535
2021-07-12 11:44:44 [INFO] __main__: Epoch_loss_reconstr: 3.085874557495117
2021-07-12 11:44:44 [INFO] __main__: Epoch_loss_border: 43.68082046508789
2021-07-12 11:44:44 [INFO] __main__: Epoch_loss_fct: 0
2021-07-12 11:44:44 [INFO] __main__: Duration: 0:00:02.035057
2021-07-12 11:44:44 [INFO] __main__: Training epoch 40
2021-07-12 11:44:46 [INFO] __main__: Epoch_loss: 5.319294452667236
2021-07-12 11:44:46 [INFO] __main__: Epoch_loss_reconstr: 2.9891765117645264
2021-07-12 11:44:46 [INFO] __main__: Epoch_loss_border: 46.602352142333984
2021-07-12 11:44:46 [INFO] __main__: Epoch_loss_fct: 0
2021-07-12 11:44:46 [INFO] __main__: Duration: 0:00:02.034477
2021-07-12 11:44:46 [INFO] __main__: Training epoch 41
2021-07-12 11:44:48 [INFO] __main__: Epoch_loss: 5.377966403961182
2021-07-12 11:44:48 [INFO] __main__: Epoch_loss_reconstr: 2.9891741275787354
2021-07-12 11:44:48 [INFO] __main__: Epoch_loss_border: 47.77584457397461
2021-07-12 11:44:48 [INFO] __main__: Epoch_loss_fct: 0
2021-07-12 11:44:48 [INFO] __main__: Duration: 0:00:02.035826
2021-07-12 11:44:48 [INFO] __main__: Training epoch 42
2021-07-12 11:44:50 [INFO] __main__: Epoch_loss: 5.257619857788086
2021-07-12 11:44:50 [INFO] __main__: Epoch_loss_reconstr: 3.0125410556793213
2021-07-12 11:44:50 [INFO] __main__: Epoch_loss_border: 44.90159225463867
2021-07-12 11:44:50 [INFO] __main__: Epoch_loss_fct: 0
2021-07-12 11:44:50 [INFO] __main__: Duration: 0:00:02.035387
2021-07-12 11:44:50 [INFO] __main__: Training epoch 43
2021-07-12 11:44:52 [INFO] __main__: Epoch_loss: 5.257593631744385
2021-07-12 11:44:52 [INFO] __main__: Epoch_loss_reconstr: 2.9816958904266357
2021-07-12 11:44:52 [INFO] __main__: Epoch_loss_border: 45.51797866821289
2021-07-12 11:44:52 [INFO] __main__: Epoch_loss_fct: 0
2021-07-12 11:44:52 [INFO] __main__: Duration: 0:00:02.035561
2021-07-12 11:44:52 [INFO] __main__: Training epoch 44
2021-07-12 11:44:54 [INFO] __main__: Epoch_loss: 5.325283050537109
2021-07-12 11:44:54 [INFO] __main__: Epoch_loss_reconstr: 2.9117541313171387
2021-07-12 11:44:54 [INFO] __main__: Epoch_loss_border: 48.27056121826172
2021-07-12 11:44:54 [INFO] __main__: Epoch_loss_fct: 0
2021-07-12 11:44:54 [INFO] __main__: Duration: 0:00:02.035989
2021-07-12 11:44:54 [INFO] __main__: Training epoch 45
2021-07-12 11:44:56 [INFO] __main__: Epoch_loss: 5.1509857177734375
2021-07-12 11:44:56 [INFO] __main__: Epoch_loss_reconstr: 2.8414745330810547
2021-07-12 11:44:56 [INFO] __main__: Epoch_loss_border: 46.19020462036133
2021-07-12 11:44:56 [INFO] __main__: Epoch_loss_fct: 0
2021-07-12 11:44:56 [INFO] __main__: Duration: 0:00:02.047279
2021-07-12 11:44:56 [INFO] __main__: Training epoch 46
2021-07-12 11:44:58 [INFO] __main__: Epoch_loss: 5.163980484008789
2021-07-12 11:44:58 [INFO] __main__: Epoch_loss_reconstr: 2.8748066425323486
2021-07-12 11:44:58 [INFO] __main__: Epoch_loss_border: 45.78345489501953
2021-07-12 11:44:58 [INFO] __main__: Epoch_loss_fct: 0
2021-07-12 11:44:58 [INFO] __main__: Duration: 0:00:02.036071
2021-07-12 11:44:58 [INFO] __main__: Training epoch 47
2021-07-12 11:45:00 [INFO] __main__: Epoch_loss: 5.073135852813721
2021-07-12 11:45:00 [INFO] __main__: Epoch_loss_reconstr: 2.9213650226593018
2021-07-12 11:45:00 [INFO] __main__: Epoch_loss_border: 43.03541946411133
2021-07-12 11:45:00 [INFO] __main__: Epoch_loss_fct: 0
2021-07-12 11:45:00 [INFO] __main__: Duration: 0:00:02.034036
2021-07-12 11:45:00 [INFO] __main__: Training epoch 48
2021-07-12 11:45:02 [INFO] __main__: Epoch_loss: 4.952027797698975
2021-07-12 11:45:02 [INFO] __main__: Epoch_loss_reconstr: 2.9995319843292236
2021-07-12 11:45:02 [INFO] __main__: Epoch_loss_border: 39.04993438720703
2021-07-12 11:45:02 [INFO] __main__: Epoch_loss_fct: 0
2021-07-12 11:45:02 [INFO] __main__: Duration: 0:00:02.036172
2021-07-12 11:45:02 [INFO] __main__: Training epoch 49
2021-07-12 11:45:04 [INFO] __main__: Epoch_loss: 5.410684108734131
2021-07-12 11:45:04 [INFO] __main__: Epoch_loss_reconstr: 3.231463670730591
2021-07-12 11:45:04 [INFO] __main__: Epoch_loss_border: 43.58443069458008
2021-07-12 11:45:04 [INFO] __main__: Epoch_loss_fct: 0
2021-07-12 11:45:04 [INFO] __main__: Duration: 0:00:02.034929
