2021-07-12 12:10:13 [DEBUG] src.utils.config: Logger initialized
2021-07-12 12:10:13 [INFO] __main__: Training epoch 0
2021-07-12 12:10:13 [INFO] __main__: Epoch_loss: 5.0297675132751465
2021-07-12 12:10:13 [INFO] __main__: Epoch_loss_reconstr: 5.0297675132751465
2021-07-12 12:10:13 [INFO] __main__: Epoch_loss_border: 0
2021-07-12 12:10:13 [INFO] __main__: Epoch_loss_fct: 0
2021-07-12 12:10:13 [INFO] __main__: Duration: 0:00:00.085469
2021-07-12 12:10:13 [INFO] __main__: Training epoch 1
2021-07-12 12:10:13 [INFO] __main__: Epoch_loss: 4.572555065155029
2021-07-12 12:10:13 [INFO] __main__: Epoch_loss_reconstr: 4.572555065155029
2021-07-12 12:10:13 [INFO] __main__: Epoch_loss_border: 0
2021-07-12 12:10:13 [INFO] __main__: Epoch_loss_fct: 0
2021-07-12 12:10:13 [INFO] __main__: Duration: 0:00:00.085125
2021-07-12 12:10:13 [INFO] __main__: Training epoch 2
2021-07-12 12:10:13 [INFO] __main__: Epoch_loss: 4.348217487335205
2021-07-12 12:10:13 [INFO] __main__: Epoch_loss_reconstr: 4.348217487335205
2021-07-12 12:10:13 [INFO] __main__: Epoch_loss_border: 0
2021-07-12 12:10:13 [INFO] __main__: Epoch_loss_fct: 0
2021-07-12 12:10:13 [INFO] __main__: Duration: 0:00:00.085043
2021-07-12 12:10:13 [INFO] __main__: Training epoch 3
2021-07-12 12:10:13 [INFO] __main__: Epoch_loss: 3.884322166442871
2021-07-12 12:10:13 [INFO] __main__: Epoch_loss_reconstr: 3.884322166442871
2021-07-12 12:10:13 [INFO] __main__: Epoch_loss_border: 0
2021-07-12 12:10:13 [INFO] __main__: Epoch_loss_fct: 0
2021-07-12 12:10:13 [INFO] __main__: Duration: 0:00:00.085340
2021-07-12 12:10:13 [INFO] __main__: Training epoch 4
2021-07-12 12:10:13 [INFO] __main__: Epoch_loss: 3.607564926147461
2021-07-12 12:10:13 [INFO] __main__: Epoch_loss_reconstr: 3.607564926147461
2021-07-12 12:10:13 [INFO] __main__: Epoch_loss_border: 0
2021-07-12 12:10:13 [INFO] __main__: Epoch_loss_fct: 0
2021-07-12 12:10:13 [INFO] __main__: Duration: 0:00:00.085107
2021-07-12 12:10:13 [INFO] __main__: Training epoch 5
2021-07-12 12:10:13 [INFO] __main__: Epoch_loss: 3.5267279148101807
2021-07-12 12:10:13 [INFO] __main__: Epoch_loss_reconstr: 3.5267279148101807
2021-07-12 12:10:13 [INFO] __main__: Epoch_loss_border: 0
2021-07-12 12:10:13 [INFO] __main__: Epoch_loss_fct: 0
2021-07-12 12:10:13 [INFO] __main__: Duration: 0:00:00.085233
2021-07-12 12:10:13 [INFO] __main__: Training epoch 6
2021-07-12 12:10:13 [INFO] __main__: Epoch_loss: 3.4784233570098877
2021-07-12 12:10:13 [INFO] __main__: Epoch_loss_reconstr: 3.4784233570098877
2021-07-12 12:10:13 [INFO] __main__: Epoch_loss_border: 0
2021-07-12 12:10:13 [INFO] __main__: Epoch_loss_fct: 0
2021-07-12 12:10:13 [INFO] __main__: Duration: 0:00:00.085369
2021-07-12 12:10:13 [INFO] __main__: Training epoch 7
2021-07-12 12:10:13 [INFO] __main__: Epoch_loss: 3.3723394870758057
2021-07-12 12:10:13 [INFO] __main__: Epoch_loss_reconstr: 3.3723394870758057
2021-07-12 12:10:13 [INFO] __main__: Epoch_loss_border: 0
2021-07-12 12:10:13 [INFO] __main__: Epoch_loss_fct: 0
2021-07-12 12:10:13 [INFO] __main__: Duration: 0:00:00.089315
2021-07-12 12:10:13 [INFO] __main__: Training epoch 8
2021-07-12 12:10:13 [INFO] __main__: Epoch_loss: 3.050936460494995
2021-07-12 12:10:13 [INFO] __main__: Epoch_loss_reconstr: 3.050936460494995
2021-07-12 12:10:13 [INFO] __main__: Epoch_loss_border: 0
2021-07-12 12:10:13 [INFO] __main__: Epoch_loss_fct: 0
2021-07-12 12:10:13 [INFO] __main__: Duration: 0:00:00.085170
2021-07-12 12:10:13 [INFO] __main__: Training epoch 9
2021-07-12 12:10:13 [INFO] __main__: Epoch_loss: 2.7850608825683594
2021-07-12 12:10:13 [INFO] __main__: Epoch_loss_reconstr: 2.7850608825683594
2021-07-12 12:10:13 [INFO] __main__: Epoch_loss_border: 0
2021-07-12 12:10:13 [INFO] __main__: Epoch_loss_fct: 0
2021-07-12 12:10:13 [INFO] __main__: Duration: 0:00:00.085614
2021-07-12 12:10:13 [INFO] __main__: Training epoch 10
2021-07-12 12:10:14 [INFO] __main__: Epoch_loss: 2.6925244331359863
2021-07-12 12:10:14 [INFO] __main__: Epoch_loss_reconstr: 2.6925244331359863
2021-07-12 12:10:14 [INFO] __main__: Epoch_loss_border: 0
2021-07-12 12:10:14 [INFO] __main__: Epoch_loss_fct: 0
2021-07-12 12:10:14 [INFO] __main__: Duration: 0:00:00.085067
2021-07-12 12:10:14 [INFO] __main__: Training epoch 11
2021-07-12 12:10:14 [INFO] __main__: Epoch_loss: 2.6575534343719482
2021-07-12 12:10:14 [INFO] __main__: Epoch_loss_reconstr: 2.6575534343719482
2021-07-12 12:10:14 [INFO] __main__: Epoch_loss_border: 0
2021-07-12 12:10:14 [INFO] __main__: Epoch_loss_fct: 0
2021-07-12 12:10:14 [INFO] __main__: Duration: 0:00:00.085976
2021-07-12 12:10:14 [INFO] __main__: Training epoch 12
2021-07-12 12:10:14 [INFO] __main__: Epoch_loss: 2.641390562057495
2021-07-12 12:10:14 [INFO] __main__: Epoch_loss_reconstr: 2.641390562057495
2021-07-12 12:10:14 [INFO] __main__: Epoch_loss_border: 0
2021-07-12 12:10:14 [INFO] __main__: Epoch_loss_fct: 0
2021-07-12 12:10:14 [INFO] __main__: Duration: 0:00:00.089513
2021-07-12 12:10:14 [INFO] __main__: Training epoch 13
2021-07-12 12:10:14 [INFO] __main__: Epoch_loss: 2.63293719291687
2021-07-12 12:10:14 [INFO] __main__: Epoch_loss_reconstr: 2.63293719291687
2021-07-12 12:10:14 [INFO] __main__: Epoch_loss_border: 0
2021-07-12 12:10:14 [INFO] __main__: Epoch_loss_fct: 0
2021-07-12 12:10:14 [INFO] __main__: Duration: 0:00:00.085309
2021-07-12 12:10:14 [INFO] __main__: Training epoch 14
2021-07-12 12:10:14 [INFO] __main__: Epoch_loss: 2.627858877182007
2021-07-12 12:10:14 [INFO] __main__: Epoch_loss_reconstr: 2.627858877182007
2021-07-12 12:10:14 [INFO] __main__: Epoch_loss_border: 0
2021-07-12 12:10:14 [INFO] __main__: Epoch_loss_fct: 0
2021-07-12 12:10:14 [INFO] __main__: Duration: 0:00:00.089475
2021-07-12 12:10:14 [INFO] __main__: Training epoch 15
2021-07-12 12:10:14 [INFO] __main__: Epoch_loss: 2.6252665519714355
2021-07-12 12:10:14 [INFO] __main__: Epoch_loss_reconstr: 2.6252665519714355
2021-07-12 12:10:14 [INFO] __main__: Epoch_loss_border: 0
2021-07-12 12:10:14 [INFO] __main__: Epoch_loss_fct: 0
2021-07-12 12:10:14 [INFO] __main__: Duration: 0:00:00.089662
2021-07-12 12:10:14 [INFO] __main__: Training epoch 16
2021-07-12 12:10:14 [INFO] __main__: Epoch_loss: 2.623791456222534
2021-07-12 12:10:14 [INFO] __main__: Epoch_loss_reconstr: 2.623791456222534
2021-07-12 12:10:14 [INFO] __main__: Epoch_loss_border: 0
2021-07-12 12:10:14 [INFO] __main__: Epoch_loss_fct: 0
2021-07-12 12:10:14 [INFO] __main__: Duration: 0:00:00.085147
2021-07-12 12:10:14 [INFO] __main__: Training epoch 17
2021-07-12 12:10:14 [INFO] __main__: Epoch_loss: 2.623082160949707
2021-07-12 12:10:14 [INFO] __main__: Epoch_loss_reconstr: 2.623082160949707
2021-07-12 12:10:14 [INFO] __main__: Epoch_loss_border: 0
2021-07-12 12:10:14 [INFO] __main__: Epoch_loss_fct: 0
2021-07-12 12:10:14 [INFO] __main__: Duration: 0:00:00.085284
2021-07-12 12:10:14 [INFO] __main__: Training epoch 18
2021-07-12 12:10:14 [INFO] __main__: Epoch_loss: 2.622742176055908
2021-07-12 12:10:14 [INFO] __main__: Epoch_loss_reconstr: 2.622742176055908
2021-07-12 12:10:14 [INFO] __main__: Epoch_loss_border: 0
2021-07-12 12:10:14 [INFO] __main__: Epoch_loss_fct: 0
2021-07-12 12:10:14 [INFO] __main__: Duration: 0:00:00.085223
2021-07-12 12:10:14 [INFO] __main__: Training epoch 19
2021-07-12 12:10:14 [INFO] __main__: Epoch_loss: 2.6229193210601807
2021-07-12 12:10:14 [INFO] __main__: Epoch_loss_reconstr: 2.6229193210601807
2021-07-12 12:10:14 [INFO] __main__: Epoch_loss_border: 0
2021-07-12 12:10:14 [INFO] __main__: Epoch_loss_fct: 0
2021-07-12 12:10:14 [INFO] __main__: Duration: 0:00:00.085232
2021-07-12 12:10:14 [INFO] __main__: Training epoch 20
2021-07-12 12:10:14 [INFO] __main__: Epoch_loss: 2.6230571269989014
2021-07-12 12:10:14 [INFO] __main__: Epoch_loss_reconstr: 2.6230571269989014
2021-07-12 12:10:14 [INFO] __main__: Epoch_loss_border: 0
2021-07-12 12:10:14 [INFO] __main__: Epoch_loss_fct: 0
2021-07-12 12:10:14 [INFO] __main__: Duration: 0:00:00.085239
2021-07-12 12:10:14 [INFO] __main__: Training epoch 21
2021-07-12 12:10:14 [INFO] __main__: Epoch_loss: 2.6232857704162598
2021-07-12 12:10:14 [INFO] __main__: Epoch_loss_reconstr: 2.6232857704162598
2021-07-12 12:10:14 [INFO] __main__: Epoch_loss_border: 0
2021-07-12 12:10:14 [INFO] __main__: Epoch_loss_fct: 0
2021-07-12 12:10:14 [INFO] __main__: Duration: 0:00:00.089643
2021-07-12 12:10:14 [INFO] __main__: Training epoch 22
2021-07-12 12:10:15 [INFO] __main__: Epoch_loss: 2.623588800430298
2021-07-12 12:10:15 [INFO] __main__: Epoch_loss_reconstr: 2.623588800430298
2021-07-12 12:10:15 [INFO] __main__: Epoch_loss_border: 0
2021-07-12 12:10:15 [INFO] __main__: Epoch_loss_fct: 0
2021-07-12 12:10:15 [INFO] __main__: Duration: 0:00:00.089607
2021-07-12 12:10:15 [INFO] __main__: Training epoch 23
2021-07-12 12:10:15 [INFO] __main__: Epoch_loss: 2.6241872310638428
2021-07-12 12:10:15 [INFO] __main__: Epoch_loss_reconstr: 2.6241872310638428
2021-07-12 12:10:15 [INFO] __main__: Epoch_loss_border: 0
2021-07-12 12:10:15 [INFO] __main__: Epoch_loss_fct: 0
2021-07-12 12:10:15 [INFO] __main__: Duration: 0:00:00.085107
2021-07-12 12:10:15 [INFO] __main__: Training epoch 24
2021-07-12 12:10:15 [INFO] __main__: Epoch_loss: 2.624580144882202
2021-07-12 12:10:15 [INFO] __main__: Epoch_loss_reconstr: 2.624580144882202
2021-07-12 12:10:15 [INFO] __main__: Epoch_loss_border: 0
2021-07-12 12:10:15 [INFO] __main__: Epoch_loss_fct: 0
2021-07-12 12:10:15 [INFO] __main__: Duration: 0:00:00.085261
2021-07-12 12:10:15 [INFO] __main__: Training epoch 25
2021-07-12 12:10:15 [INFO] __main__: Epoch_loss: 2.6250364780426025
2021-07-12 12:10:15 [INFO] __main__: Epoch_loss_reconstr: 2.6250364780426025
2021-07-12 12:10:15 [INFO] __main__: Epoch_loss_border: 0
2021-07-12 12:10:15 [INFO] __main__: Epoch_loss_fct: 0
2021-07-12 12:10:15 [INFO] __main__: Duration: 0:00:00.085165
2021-07-12 12:10:15 [INFO] __main__: Training epoch 26
2021-07-12 12:10:15 [INFO] __main__: Epoch_loss: 2.6253862380981445
2021-07-12 12:10:15 [INFO] __main__: Epoch_loss_reconstr: 2.6253862380981445
2021-07-12 12:10:15 [INFO] __main__: Epoch_loss_border: 0
2021-07-12 12:10:15 [INFO] __main__: Epoch_loss_fct: 0
2021-07-12 12:10:15 [INFO] __main__: Duration: 0:00:00.085376
2021-07-12 12:10:15 [INFO] __main__: Training epoch 27
2021-07-12 12:10:15 [INFO] __main__: Epoch_loss: 2.625751256942749
2021-07-12 12:10:15 [INFO] __main__: Epoch_loss_reconstr: 2.625751256942749
2021-07-12 12:10:15 [INFO] __main__: Epoch_loss_border: 0
2021-07-12 12:10:15 [INFO] __main__: Epoch_loss_fct: 0
2021-07-12 12:10:15 [INFO] __main__: Duration: 0:00:00.086161
2021-07-12 12:10:15 [INFO] __main__: Training epoch 28
2021-07-12 12:10:15 [INFO] __main__: Epoch_loss: 2.6260294914245605
2021-07-12 12:10:15 [INFO] __main__: Epoch_loss_reconstr: 2.6260294914245605
2021-07-12 12:10:15 [INFO] __main__: Epoch_loss_border: 0
2021-07-12 12:10:15 [INFO] __main__: Epoch_loss_fct: 0
2021-07-12 12:10:15 [INFO] __main__: Duration: 0:00:00.090723
2021-07-12 12:10:15 [INFO] __main__: Training epoch 29
2021-07-12 12:10:15 [INFO] __main__: Epoch_loss: 2.6264545917510986
2021-07-12 12:10:15 [INFO] __main__: Epoch_loss_reconstr: 2.6264545917510986
2021-07-12 12:10:15 [INFO] __main__: Epoch_loss_border: 0
2021-07-12 12:10:15 [INFO] __main__: Epoch_loss_fct: 0
2021-07-12 12:10:15 [INFO] __main__: Duration: 0:00:00.091078
2021-07-12 12:10:15 [INFO] __main__: Training epoch 30
2021-07-12 12:10:15 [INFO] __main__: Epoch_loss: 2.6270337104797363
2021-07-12 12:10:15 [INFO] __main__: Epoch_loss_reconstr: 2.6270337104797363
2021-07-12 12:10:15 [INFO] __main__: Epoch_loss_border: 0
2021-07-12 12:10:15 [INFO] __main__: Epoch_loss_fct: 0
2021-07-12 12:10:15 [INFO] __main__: Duration: 0:00:00.087266
2021-07-12 12:10:15 [INFO] __main__: Training epoch 31
2021-07-12 12:10:15 [INFO] __main__: Epoch_loss: 2.6269888877868652
2021-07-12 12:10:15 [INFO] __main__: Epoch_loss_reconstr: 2.6269888877868652
2021-07-12 12:10:15 [INFO] __main__: Epoch_loss_border: 0
2021-07-12 12:10:15 [INFO] __main__: Epoch_loss_fct: 0
2021-07-12 12:10:15 [INFO] __main__: Duration: 0:00:00.092475
2021-07-12 12:10:15 [INFO] __main__: Training epoch 32
2021-07-12 12:10:15 [INFO] __main__: Epoch_loss: 2.627737283706665
2021-07-12 12:10:15 [INFO] __main__: Epoch_loss_reconstr: 2.627737283706665
2021-07-12 12:10:15 [INFO] __main__: Epoch_loss_border: 0
2021-07-12 12:10:15 [INFO] __main__: Epoch_loss_fct: 0
2021-07-12 12:10:15 [INFO] __main__: Duration: 0:00:00.093124
2021-07-12 12:10:15 [INFO] __main__: Training epoch 33
2021-07-12 12:10:16 [INFO] __main__: Epoch_loss: 2.6278207302093506
2021-07-12 12:10:16 [INFO] __main__: Epoch_loss_reconstr: 2.6278207302093506
2021-07-12 12:10:16 [INFO] __main__: Epoch_loss_border: 0
2021-07-12 12:10:16 [INFO] __main__: Epoch_loss_fct: 0
2021-07-12 12:10:16 [INFO] __main__: Duration: 0:00:00.130947
2021-07-12 12:10:16 [INFO] __main__: Training epoch 34
2021-07-12 12:10:16 [INFO] __main__: Epoch_loss: 2.628169536590576
2021-07-12 12:10:16 [INFO] __main__: Epoch_loss_reconstr: 2.628169536590576
2021-07-12 12:10:16 [INFO] __main__: Epoch_loss_border: 0
2021-07-12 12:10:16 [INFO] __main__: Epoch_loss_fct: 0
2021-07-12 12:10:16 [INFO] __main__: Duration: 0:00:00.078296
2021-07-12 12:10:16 [INFO] __main__: Training epoch 35
2021-07-12 12:10:16 [INFO] __main__: Epoch_loss: 2.6284587383270264
2021-07-12 12:10:16 [INFO] __main__: Epoch_loss_reconstr: 2.6284587383270264
2021-07-12 12:10:16 [INFO] __main__: Epoch_loss_border: 0
2021-07-12 12:10:16 [INFO] __main__: Epoch_loss_fct: 0
2021-07-12 12:10:16 [INFO] __main__: Duration: 0:00:00.074075
2021-07-12 12:10:16 [INFO] __main__: Training epoch 36
2021-07-12 12:10:16 [INFO] __main__: Epoch_loss: 2.628645896911621
2021-07-12 12:10:16 [INFO] __main__: Epoch_loss_reconstr: 2.628645896911621
2021-07-12 12:10:16 [INFO] __main__: Epoch_loss_border: 0
2021-07-12 12:10:16 [INFO] __main__: Epoch_loss_fct: 0
2021-07-12 12:10:16 [INFO] __main__: Duration: 0:00:00.138315
2021-07-12 12:10:16 [INFO] __main__: Training epoch 37
2021-07-12 12:10:16 [INFO] __main__: Epoch_loss: 2.628680467605591
2021-07-12 12:10:16 [INFO] __main__: Epoch_loss_reconstr: 2.628680467605591
2021-07-12 12:10:16 [INFO] __main__: Epoch_loss_border: 0
2021-07-12 12:10:16 [INFO] __main__: Epoch_loss_fct: 0
2021-07-12 12:10:16 [INFO] __main__: Duration: 0:00:00.093811
2021-07-12 12:10:16 [INFO] __main__: Training epoch 38
2021-07-12 12:10:16 [INFO] __main__: Epoch_loss: 2.628810405731201
2021-07-12 12:10:16 [INFO] __main__: Epoch_loss_reconstr: 2.628810405731201
2021-07-12 12:10:16 [INFO] __main__: Epoch_loss_border: 0
2021-07-12 12:10:16 [INFO] __main__: Epoch_loss_fct: 0
2021-07-12 12:10:16 [INFO] __main__: Duration: 0:00:00.093975
2021-07-12 12:10:16 [INFO] __main__: Training epoch 39
2021-07-12 12:10:16 [INFO] __main__: Epoch_loss: 2.6291661262512207
2021-07-12 12:10:16 [INFO] __main__: Epoch_loss_reconstr: 2.6291661262512207
2021-07-12 12:10:16 [INFO] __main__: Epoch_loss_border: 0
2021-07-12 12:10:16 [INFO] __main__: Epoch_loss_fct: 0
2021-07-12 12:10:16 [INFO] __main__: Duration: 0:00:00.093900
2021-07-12 12:10:16 [INFO] __main__: Training epoch 40
2021-07-12 12:10:16 [INFO] __main__: Epoch_loss: 2.629129409790039
2021-07-12 12:10:16 [INFO] __main__: Epoch_loss_reconstr: 2.629129409790039
2021-07-12 12:10:16 [INFO] __main__: Epoch_loss_border: 0
2021-07-12 12:10:16 [INFO] __main__: Epoch_loss_fct: 0
2021-07-12 12:10:16 [INFO] __main__: Duration: 0:00:00.094437
2021-07-12 12:10:16 [INFO] __main__: Training epoch 41
2021-07-12 12:10:16 [INFO] __main__: Epoch_loss: 2.6294350624084473
2021-07-12 12:10:16 [INFO] __main__: Epoch_loss_reconstr: 2.6294350624084473
2021-07-12 12:10:16 [INFO] __main__: Epoch_loss_border: 0
2021-07-12 12:10:16 [INFO] __main__: Epoch_loss_fct: 0
2021-07-12 12:10:16 [INFO] __main__: Duration: 0:00:00.094586
2021-07-12 12:10:16 [INFO] __main__: Training epoch 42
2021-07-12 12:10:16 [INFO] __main__: Epoch_loss: 2.629908561706543
2021-07-12 12:10:16 [INFO] __main__: Epoch_loss_reconstr: 2.629908561706543
2021-07-12 12:10:16 [INFO] __main__: Epoch_loss_border: 0
2021-07-12 12:10:16 [INFO] __main__: Epoch_loss_fct: 0
2021-07-12 12:10:16 [INFO] __main__: Duration: 0:00:00.094981
2021-07-12 12:10:16 [INFO] __main__: Training epoch 43
2021-07-12 12:10:17 [INFO] __main__: Epoch_loss: 2.629925012588501
2021-07-12 12:10:17 [INFO] __main__: Epoch_loss_reconstr: 2.629925012588501
2021-07-12 12:10:17 [INFO] __main__: Epoch_loss_border: 0
2021-07-12 12:10:17 [INFO] __main__: Epoch_loss_fct: 0
2021-07-12 12:10:17 [INFO] __main__: Duration: 0:00:00.094727
2021-07-12 12:10:17 [INFO] __main__: Training epoch 44
2021-07-12 12:10:17 [INFO] __main__: Epoch_loss: 2.6302859783172607
2021-07-12 12:10:17 [INFO] __main__: Epoch_loss_reconstr: 2.6302859783172607
2021-07-12 12:10:17 [INFO] __main__: Epoch_loss_border: 0
2021-07-12 12:10:17 [INFO] __main__: Epoch_loss_fct: 0
2021-07-12 12:10:17 [INFO] __main__: Duration: 0:00:00.095195
2021-07-12 12:10:17 [INFO] __main__: Training epoch 45
2021-07-12 12:10:17 [INFO] __main__: Epoch_loss: 2.6303763389587402
2021-07-12 12:10:17 [INFO] __main__: Epoch_loss_reconstr: 2.6303763389587402
2021-07-12 12:10:17 [INFO] __main__: Epoch_loss_border: 0
2021-07-12 12:10:17 [INFO] __main__: Epoch_loss_fct: 0
2021-07-12 12:10:17 [INFO] __main__: Duration: 0:00:00.099476
2021-07-12 12:10:17 [INFO] __main__: Training epoch 46
2021-07-12 12:10:17 [INFO] __main__: Epoch_loss: 2.6306824684143066
2021-07-12 12:10:17 [INFO] __main__: Epoch_loss_reconstr: 2.6306824684143066
2021-07-12 12:10:17 [INFO] __main__: Epoch_loss_border: 0
2021-07-12 12:10:17 [INFO] __main__: Epoch_loss_fct: 0
2021-07-12 12:10:17 [INFO] __main__: Duration: 0:00:00.093787
2021-07-12 12:10:17 [INFO] __main__: Training epoch 47
2021-07-12 12:10:17 [INFO] __main__: Epoch_loss: 2.630941867828369
2021-07-12 12:10:17 [INFO] __main__: Epoch_loss_reconstr: 2.630941867828369
2021-07-12 12:10:17 [INFO] __main__: Epoch_loss_border: 0
2021-07-12 12:10:17 [INFO] __main__: Epoch_loss_fct: 0
2021-07-12 12:10:17 [INFO] __main__: Duration: 0:00:00.091594
2021-07-12 12:10:17 [INFO] __main__: Training epoch 48
2021-07-12 12:10:17 [INFO] __main__: Epoch_loss: 2.6311123371124268
2021-07-12 12:10:17 [INFO] __main__: Epoch_loss_reconstr: 2.6311123371124268
2021-07-12 12:10:17 [INFO] __main__: Epoch_loss_border: 0
2021-07-12 12:10:17 [INFO] __main__: Epoch_loss_fct: 0
2021-07-12 12:10:17 [INFO] __main__: Duration: 0:00:00.092051
2021-07-12 12:10:17 [INFO] __main__: Training epoch 49
2021-07-12 12:10:17 [INFO] __main__: Epoch_loss: 2.6313209533691406
2021-07-12 12:10:17 [INFO] __main__: Epoch_loss_reconstr: 2.6313209533691406
2021-07-12 12:10:17 [INFO] __main__: Epoch_loss_border: 0
2021-07-12 12:10:17 [INFO] __main__: Epoch_loss_fct: 0
2021-07-12 12:10:17 [INFO] __main__: Duration: 0:00:00.091582
