2021-07-05 14:28:37 [DEBUG] src.utils.config: Logger initialized
2021-07-05 14:28:37 [INFO] __main__: Training epoch 0
2021-07-05 14:28:43 [INFO] __main__: Epoch_loss: 6.691895008087158
2021-07-05 14:28:43 [INFO] __main__: Epoch_loss_reconstr: 4.944150924682617
2021-07-05 14:28:43 [INFO] __main__: Epoch_loss_border: 349.54901123046875
2021-07-05 14:28:43 [INFO] __main__: Epoch_loss_fct: 0
2021-07-05 14:28:43 [INFO] __main__: Duration: 0:00:05.624682
2021-07-05 14:28:43 [INFO] __main__: Training epoch 1
2021-07-05 14:28:48 [INFO] __main__: Epoch_loss: 6.100809097290039
2021-07-05 14:28:48 [INFO] __main__: Epoch_loss_reconstr: 4.343101978302002
2021-07-05 14:28:48 [INFO] __main__: Epoch_loss_border: 351.54144287109375
2021-07-05 14:28:48 [INFO] __main__: Epoch_loss_fct: 0
2021-07-05 14:28:48 [INFO] __main__: Duration: 0:00:05.242425
2021-07-05 14:28:48 [INFO] __main__: Training epoch 2
2021-07-05 14:28:54 [INFO] __main__: Epoch_loss: 5.927577495574951
2021-07-05 14:28:54 [INFO] __main__: Epoch_loss_reconstr: 4.218348979949951
2021-07-05 14:28:54 [INFO] __main__: Epoch_loss_border: 341.8455810546875
2021-07-05 14:28:54 [INFO] __main__: Epoch_loss_fct: 0
2021-07-05 14:28:54 [INFO] __main__: Duration: 0:00:06.289320
2021-07-05 14:28:54 [INFO] __main__: Training epoch 3
2021-07-05 14:29:00 [INFO] __main__: Epoch_loss: 5.889484882354736
2021-07-05 14:29:00 [INFO] __main__: Epoch_loss_reconstr: 4.156200885772705
2021-07-05 14:29:00 [INFO] __main__: Epoch_loss_border: 346.6567077636719
2021-07-05 14:29:00 [INFO] __main__: Epoch_loss_fct: 0
2021-07-05 14:29:00 [INFO] __main__: Duration: 0:00:05.423931
2021-07-05 14:29:00 [INFO] __main__: Training epoch 4
2021-07-05 14:29:06 [INFO] __main__: Epoch_loss: 5.684569358825684
2021-07-05 14:29:06 [INFO] __main__: Epoch_loss_reconstr: 4.111534595489502
2021-07-05 14:29:06 [INFO] __main__: Epoch_loss_border: 314.6070861816406
2021-07-05 14:29:06 [INFO] __main__: Epoch_loss_fct: 0
2021-07-05 14:29:06 [INFO] __main__: Duration: 0:00:06.230824
2021-07-05 14:29:06 [INFO] __main__: Training epoch 5
2021-07-05 14:29:12 [INFO] __main__: Epoch_loss: 5.663622856140137
2021-07-05 14:29:12 [INFO] __main__: Epoch_loss_reconstr: 4.081389427185059
2021-07-05 14:29:12 [INFO] __main__: Epoch_loss_border: 316.4464416503906
2021-07-05 14:29:12 [INFO] __main__: Epoch_loss_fct: 0
2021-07-05 14:29:12 [INFO] __main__: Duration: 0:00:06.187129
2021-07-05 14:29:12 [INFO] __main__: Training epoch 6
2021-07-05 14:29:17 [INFO] __main__: Epoch_loss: 5.609065532684326
2021-07-05 14:29:17 [INFO] __main__: Epoch_loss_reconstr: 4.067627906799316
2021-07-05 14:29:17 [INFO] __main__: Epoch_loss_border: 308.2875061035156
2021-07-05 14:29:17 [INFO] __main__: Epoch_loss_fct: 0
2021-07-05 14:29:17 [INFO] __main__: Duration: 0:00:05.284344
2021-07-05 14:29:17 [INFO] __main__: Training epoch 7
2021-07-05 14:29:23 [INFO] __main__: Epoch_loss: 5.456192493438721
2021-07-05 14:29:23 [INFO] __main__: Epoch_loss_reconstr: 4.0373029708862305
2021-07-05 14:29:23 [INFO] __main__: Epoch_loss_border: 283.7776794433594
2021-07-05 14:29:23 [INFO] __main__: Epoch_loss_fct: 0
2021-07-05 14:29:23 [INFO] __main__: Duration: 0:00:05.246920
2021-07-05 14:29:23 [INFO] __main__: Training epoch 8
2021-07-05 14:29:29 [INFO] __main__: Epoch_loss: 5.421942710876465
2021-07-05 14:29:29 [INFO] __main__: Epoch_loss_reconstr: 3.9264004230499268
2021-07-05 14:29:29 [INFO] __main__: Epoch_loss_border: 299.1083679199219
2021-07-05 14:29:29 [INFO] __main__: Epoch_loss_fct: 0
2021-07-05 14:29:29 [INFO] __main__: Duration: 0:00:06.104247
2021-07-05 14:29:29 [INFO] __main__: Training epoch 9
2021-07-05 14:29:34 [INFO] __main__: Epoch_loss: 5.321323871612549
2021-07-05 14:29:34 [INFO] __main__: Epoch_loss_reconstr: 3.839768409729004
2021-07-05 14:29:34 [INFO] __main__: Epoch_loss_border: 296.3108825683594
2021-07-05 14:29:34 [INFO] __main__: Epoch_loss_fct: 0
2021-07-05 14:29:34 [INFO] __main__: Duration: 0:00:05.241296
2021-07-05 14:29:34 [INFO] __main__: Training epoch 10
2021-07-05 14:29:40 [INFO] __main__: Epoch_loss: 5.10252046585083
2021-07-05 14:29:40 [INFO] __main__: Epoch_loss_reconstr: 3.7449469566345215
2021-07-05 14:29:40 [INFO] __main__: Epoch_loss_border: 271.5146484375
2021-07-05 14:29:40 [INFO] __main__: Epoch_loss_fct: 0
2021-07-05 14:29:40 [INFO] __main__: Duration: 0:00:06.155447
2021-07-05 14:29:40 [INFO] __main__: Training epoch 11
2021-07-05 14:29:46 [INFO] __main__: Epoch_loss: 4.992320537567139
2021-07-05 14:29:46 [INFO] __main__: Epoch_loss_reconstr: 3.6735939979553223
2021-07-05 14:29:46 [INFO] __main__: Epoch_loss_border: 263.74554443359375
2021-07-05 14:29:46 [INFO] __main__: Epoch_loss_fct: 0
2021-07-05 14:29:46 [INFO] __main__: Duration: 0:00:05.855829
2021-07-05 14:29:46 [INFO] __main__: Training epoch 12
2021-07-05 14:29:51 [INFO] __main__: Epoch_loss: 4.927660942077637
2021-07-05 14:29:51 [INFO] __main__: Epoch_loss_reconstr: 3.618100881576538
2021-07-05 14:29:51 [INFO] __main__: Epoch_loss_border: 261.9118957519531
2021-07-05 14:29:51 [INFO] __main__: Epoch_loss_fct: 0
2021-07-05 14:29:51 [INFO] __main__: Duration: 0:00:05.309511
2021-07-05 14:29:51 [INFO] __main__: Training epoch 13
2021-07-05 14:29:56 [INFO] __main__: Epoch_loss: 4.789248466491699
2021-07-05 14:29:56 [INFO] __main__: Epoch_loss_reconstr: 3.558439254760742
2021-07-05 14:29:56 [INFO] __main__: Epoch_loss_border: 246.1620330810547
2021-07-05 14:29:56 [INFO] __main__: Epoch_loss_fct: 0
2021-07-05 14:29:56 [INFO] __main__: Duration: 0:00:05.232917
2021-07-05 14:29:56 [INFO] __main__: Training epoch 14
2021-07-05 14:30:02 [INFO] __main__: Epoch_loss: 4.751925945281982
2021-07-05 14:30:02 [INFO] __main__: Epoch_loss_reconstr: 3.4955315589904785
2021-07-05 14:30:02 [INFO] __main__: Epoch_loss_border: 251.2789764404297
2021-07-05 14:30:02 [INFO] __main__: Epoch_loss_fct: 0
2021-07-05 14:30:02 [INFO] __main__: Duration: 0:00:05.886253
2021-07-05 14:30:02 [INFO] __main__: Training epoch 15
2021-07-05 14:30:08 [INFO] __main__: Epoch_loss: 4.706686496734619
2021-07-05 14:30:08 [INFO] __main__: Epoch_loss_reconstr: 3.397185802459717
2021-07-05 14:30:08 [INFO] __main__: Epoch_loss_border: 261.900390625
2021-07-05 14:30:08 [INFO] __main__: Epoch_loss_fct: 0
2021-07-05 14:30:08 [INFO] __main__: Duration: 0:00:05.231345
2021-07-05 14:30:08 [INFO] __main__: Training epoch 16
2021-07-05 14:30:14 [INFO] __main__: Epoch_loss: 4.682950496673584
2021-07-05 14:30:14 [INFO] __main__: Epoch_loss_reconstr: 3.3774850368499756
2021-07-05 14:30:14 [INFO] __main__: Epoch_loss_border: 261.09307861328125
2021-07-05 14:30:14 [INFO] __main__: Epoch_loss_fct: 0
2021-07-05 14:30:14 [INFO] __main__: Duration: 0:00:06.527799
2021-07-05 14:30:14 [INFO] __main__: Training epoch 17
2021-07-05 14:30:20 [INFO] __main__: Epoch_loss: 4.51318359375
2021-07-05 14:30:20 [INFO] __main__: Epoch_loss_reconstr: 3.3209705352783203
2021-07-05 14:30:20 [INFO] __main__: Epoch_loss_border: 238.44239807128906
2021-07-05 14:30:20 [INFO] __main__: Epoch_loss_fct: 0
2021-07-05 14:30:20 [INFO] __main__: Duration: 0:00:05.433859
2021-07-05 14:30:20 [INFO] __main__: Training epoch 18
2021-07-05 14:30:25 [INFO] __main__: Epoch_loss: 4.478719711303711
2021-07-05 14:30:25 [INFO] __main__: Epoch_loss_reconstr: 3.2880258560180664
2021-07-05 14:30:25 [INFO] __main__: Epoch_loss_border: 238.1387481689453
2021-07-05 14:30:25 [INFO] __main__: Epoch_loss_fct: 0
2021-07-05 14:30:25 [INFO] __main__: Duration: 0:00:05.853689
2021-07-05 14:30:25 [INFO] __main__: Training epoch 19
2021-07-05 14:30:31 [INFO] __main__: Epoch_loss: 4.559056758880615
2021-07-05 14:30:31 [INFO] __main__: Epoch_loss_reconstr: 3.2896416187286377
2021-07-05 14:30:31 [INFO] __main__: Epoch_loss_border: 253.88302612304688
2021-07-05 14:30:31 [INFO] __main__: Epoch_loss_fct: 0
2021-07-05 14:30:31 [INFO] __main__: Duration: 0:00:05.276541
2021-07-05 14:30:31 [INFO] __main__: Training epoch 20
2021-07-05 14:30:36 [INFO] __main__: Epoch_loss: 4.5597686767578125
2021-07-05 14:30:36 [INFO] __main__: Epoch_loss_reconstr: 3.2610251903533936
2021-07-05 14:30:36 [INFO] __main__: Epoch_loss_border: 259.748779296875
2021-07-05 14:30:36 [INFO] __main__: Epoch_loss_fct: 0
2021-07-05 14:30:36 [INFO] __main__: Duration: 0:00:05.558167
2021-07-05 14:30:36 [INFO] __main__: Training epoch 21
2021-07-05 14:30:42 [INFO] __main__: Epoch_loss: 4.628051280975342
2021-07-05 14:30:42 [INFO] __main__: Epoch_loss_reconstr: 3.3218202590942383
2021-07-05 14:30:42 [INFO] __main__: Epoch_loss_border: 261.2460632324219
2021-07-05 14:30:42 [INFO] __main__: Epoch_loss_fct: 0
2021-07-05 14:30:42 [INFO] __main__: Duration: 0:00:05.262670
2021-07-05 14:30:42 [INFO] __main__: Training epoch 22
2021-07-05 14:30:48 [INFO] __main__: Epoch_loss: 4.527822017669678
2021-07-05 14:30:48 [INFO] __main__: Epoch_loss_reconstr: 3.2918953895568848
2021-07-05 14:30:48 [INFO] __main__: Epoch_loss_border: 247.18540954589844
2021-07-05 14:30:48 [INFO] __main__: Epoch_loss_fct: 0
2021-07-05 14:30:48 [INFO] __main__: Duration: 0:00:06.357224
2021-07-05 14:30:48 [INFO] __main__: Training epoch 23
2021-07-05 14:30:54 [INFO] __main__: Epoch_loss: 4.55869722366333
2021-07-05 14:30:54 [INFO] __main__: Epoch_loss_reconstr: 3.3025879859924316
2021-07-05 14:30:54 [INFO] __main__: Epoch_loss_border: 251.2217559814453
2021-07-05 14:30:54 [INFO] __main__: Epoch_loss_fct: 0
2021-07-05 14:30:54 [INFO] __main__: Duration: 0:00:05.951581
2021-07-05 14:30:54 [INFO] __main__: Training epoch 24
2021-07-05 14:30:59 [INFO] __main__: Epoch_loss: 4.642760753631592
2021-07-05 14:30:59 [INFO] __main__: Epoch_loss_reconstr: 3.238661050796509
2021-07-05 14:30:59 [INFO] __main__: Epoch_loss_border: 280.8199768066406
2021-07-05 14:30:59 [INFO] __main__: Epoch_loss_fct: 0
2021-07-05 14:30:59 [INFO] __main__: Duration: 0:00:05.231868
2021-07-05 14:30:59 [INFO] __main__: Training epoch 25
2021-07-05 14:31:04 [INFO] __main__: Epoch_loss: 4.455368518829346
2021-07-05 14:31:04 [INFO] __main__: Epoch_loss_reconstr: 3.191530466079712
2021-07-05 14:31:04 [INFO] __main__: Epoch_loss_border: 252.76759338378906
2021-07-05 14:31:04 [INFO] __main__: Epoch_loss_fct: 0
2021-07-05 14:31:04 [INFO] __main__: Duration: 0:00:05.270464
2021-07-05 14:31:04 [INFO] __main__: Training epoch 26
2021-07-05 14:31:10 [INFO] __main__: Epoch_loss: 4.4157586097717285
2021-07-05 14:31:10 [INFO] __main__: Epoch_loss_reconstr: 3.087538719177246
2021-07-05 14:31:10 [INFO] __main__: Epoch_loss_border: 265.6439208984375
2021-07-05 14:31:10 [INFO] __main__: Epoch_loss_fct: 0
2021-07-05 14:31:10 [INFO] __main__: Duration: 0:00:05.709753
2021-07-05 14:31:10 [INFO] __main__: Training epoch 27
2021-07-05 14:31:15 [INFO] __main__: Epoch_loss: 4.334845066070557
2021-07-05 14:31:15 [INFO] __main__: Epoch_loss_reconstr: 3.0782716274261475
2021-07-05 14:31:15 [INFO] __main__: Epoch_loss_border: 251.31472778320312
2021-07-05 14:31:15 [INFO] __main__: Epoch_loss_fct: 0
2021-07-05 14:31:15 [INFO] __main__: Duration: 0:00:05.306532
2021-07-05 14:31:15 [INFO] __main__: Training epoch 28
2021-07-05 14:31:21 [INFO] __main__: Epoch_loss: 4.297427177429199
2021-07-05 14:31:21 [INFO] __main__: Epoch_loss_reconstr: 3.029973268508911
2021-07-05 14:31:21 [INFO] __main__: Epoch_loss_border: 253.49072265625
2021-07-05 14:31:21 [INFO] __main__: Epoch_loss_fct: 0
2021-07-05 14:31:21 [INFO] __main__: Duration: 0:00:05.243462
2021-07-05 14:31:21 [INFO] __main__: Training epoch 29
2021-07-05 14:31:26 [INFO] __main__: Epoch_loss: 4.371395587921143
2021-07-05 14:31:26 [INFO] __main__: Epoch_loss_reconstr: 3.144862651824951
2021-07-05 14:31:26 [INFO] __main__: Epoch_loss_border: 245.30630493164062
2021-07-05 14:31:26 [INFO] __main__: Epoch_loss_fct: 0
2021-07-05 14:31:26 [INFO] __main__: Duration: 0:00:05.765419
2021-07-05 14:31:26 [INFO] __main__: Training epoch 30
2021-07-05 14:31:32 [INFO] __main__: Epoch_loss: 4.467309474945068
2021-07-05 14:31:32 [INFO] __main__: Epoch_loss_reconstr: 3.1556284427642822
2021-07-05 14:31:32 [INFO] __main__: Epoch_loss_border: 262.3363037109375
2021-07-05 14:31:32 [INFO] __main__: Epoch_loss_fct: 0
2021-07-05 14:31:32 [INFO] __main__: Duration: 0:00:05.229481
2021-07-05 14:31:32 [INFO] __main__: Training epoch 31
2021-07-05 14:31:38 [INFO] __main__: Epoch_loss: 4.4525885581970215
2021-07-05 14:31:38 [INFO] __main__: Epoch_loss_reconstr: 3.1119682788848877
2021-07-05 14:31:38 [INFO] __main__: Epoch_loss_border: 268.12396240234375
2021-07-05 14:31:38 [INFO] __main__: Epoch_loss_fct: 0
2021-07-05 14:31:38 [INFO] __main__: Duration: 0:00:06.207452
2021-07-05 14:31:38 [INFO] __main__: Training epoch 32
2021-07-05 14:31:43 [INFO] __main__: Epoch_loss: 4.329479217529297
2021-07-05 14:31:43 [INFO] __main__: Epoch_loss_reconstr: 3.0878987312316895
2021-07-05 14:31:43 [INFO] __main__: Epoch_loss_border: 248.31622314453125
2021-07-05 14:31:43 [INFO] __main__: Epoch_loss_fct: 0
2021-07-05 14:31:43 [INFO] __main__: Duration: 0:00:05.574422
2021-07-05 14:31:43 [INFO] __main__: Training epoch 33
2021-07-05 14:31:49 [INFO] __main__: Epoch_loss: 4.373976230621338
2021-07-05 14:31:49 [INFO] __main__: Epoch_loss_reconstr: 3.1144073009490967
2021-07-05 14:31:49 [INFO] __main__: Epoch_loss_border: 251.91372680664062
2021-07-05 14:31:49 [INFO] __main__: Epoch_loss_fct: 0
2021-07-05 14:31:49 [INFO] __main__: Duration: 0:00:05.290968
2021-07-05 14:31:49 [INFO] __main__: Training epoch 34
2021-07-05 14:31:55 [INFO] __main__: Epoch_loss: 4.273764610290527
2021-07-05 14:31:55 [INFO] __main__: Epoch_loss_reconstr: 3.102712631225586
2021-07-05 14:31:55 [INFO] __main__: Epoch_loss_border: 234.21054077148438
2021-07-05 14:31:55 [INFO] __main__: Epoch_loss_fct: 0
2021-07-05 14:31:55 [INFO] __main__: Duration: 0:00:06.488467
2021-07-05 14:31:55 [INFO] __main__: Training epoch 35
2021-07-05 14:32:01 [INFO] __main__: Epoch_loss: 4.185793876647949
2021-07-05 14:32:01 [INFO] __main__: Epoch_loss_reconstr: 3.021376371383667
2021-07-05 14:32:01 [INFO] __main__: Epoch_loss_border: 232.88365173339844
2021-07-05 14:32:01 [INFO] __main__: Epoch_loss_fct: 0
2021-07-05 14:32:01 [INFO] __main__: Duration: 0:00:06.166816
2021-07-05 14:32:01 [INFO] __main__: Training epoch 36
2021-07-05 14:32:07 [INFO] __main__: Epoch_loss: 4.157879829406738
2021-07-05 14:32:07 [INFO] __main__: Epoch_loss_reconstr: 2.9480342864990234
2021-07-05 14:32:07 [INFO] __main__: Epoch_loss_border: 241.96900939941406
2021-07-05 14:32:07 [INFO] __main__: Epoch_loss_fct: 0
2021-07-05 14:32:07 [INFO] __main__: Duration: 0:00:06.182699
2021-07-05 14:32:07 [INFO] __main__: Training epoch 37
2021-07-05 14:32:13 [INFO] __main__: Epoch_loss: 4.178808212280273
2021-07-05 14:32:13 [INFO] __main__: Epoch_loss_reconstr: 2.89208722114563
2021-07-05 14:32:13 [INFO] __main__: Epoch_loss_border: 257.3441467285156
2021-07-05 14:32:13 [INFO] __main__: Epoch_loss_fct: 0
2021-07-05 14:32:13 [INFO] __main__: Duration: 0:00:05.374044
2021-07-05 14:32:13 [INFO] __main__: Training epoch 38
2021-07-05 14:32:18 [INFO] __main__: Epoch_loss: 4.102982044219971
2021-07-05 14:32:18 [INFO] __main__: Epoch_loss_reconstr: 2.85385799407959
2021-07-05 14:32:18 [INFO] __main__: Epoch_loss_border: 249.8249969482422
2021-07-05 14:32:18 [INFO] __main__: Epoch_loss_fct: 0
2021-07-05 14:32:18 [INFO] __main__: Duration: 0:00:05.622873
2021-07-05 14:32:18 [INFO] __main__: Training epoch 39
2021-07-05 14:32:24 [INFO] __main__: Epoch_loss: 4.044455528259277
2021-07-05 14:32:24 [INFO] __main__: Epoch_loss_reconstr: 2.861382007598877
2021-07-05 14:32:24 [INFO] __main__: Epoch_loss_border: 236.61474609375
2021-07-05 14:32:24 [INFO] __main__: Epoch_loss_fct: 0
2021-07-05 14:32:24 [INFO] __main__: Duration: 0:00:05.289146
2021-07-05 14:32:24 [INFO] __main__: Training epoch 40
2021-07-05 14:32:29 [INFO] __main__: Epoch_loss: 4.165201663970947
2021-07-05 14:32:29 [INFO] __main__: Epoch_loss_reconstr: 2.9228765964508057
2021-07-05 14:32:29 [INFO] __main__: Epoch_loss_border: 248.465087890625
2021-07-05 14:32:29 [INFO] __main__: Epoch_loss_fct: 0
2021-07-05 14:32:29 [INFO] __main__: Duration: 0:00:05.622125
2021-07-05 14:32:29 [INFO] __main__: Training epoch 41
2021-07-05 14:32:35 [INFO] __main__: Epoch_loss: 3.92962908744812
2021-07-05 14:32:35 [INFO] __main__: Epoch_loss_reconstr: 2.8388404846191406
2021-07-05 14:32:35 [INFO] __main__: Epoch_loss_border: 218.15765380859375
2021-07-05 14:32:35 [INFO] __main__: Epoch_loss_fct: 0
2021-07-05 14:32:35 [INFO] __main__: Duration: 0:00:05.320206
2021-07-05 14:32:35 [INFO] __main__: Training epoch 42
2021-07-05 14:32:41 [INFO] __main__: Epoch_loss: 3.8295536041259766
2021-07-05 14:32:41 [INFO] __main__: Epoch_loss_reconstr: 2.777712821960449
2021-07-05 14:32:41 [INFO] __main__: Epoch_loss_border: 210.36834716796875
2021-07-05 14:32:41 [INFO] __main__: Epoch_loss_fct: 0
2021-07-05 14:32:41 [INFO] __main__: Duration: 0:00:05.813398
2021-07-05 14:32:41 [INFO] __main__: Training epoch 43
2021-07-05 14:32:46 [INFO] __main__: Epoch_loss: 3.847968101501465
2021-07-05 14:32:46 [INFO] __main__: Epoch_loss_reconstr: 2.7284913063049316
2021-07-05 14:32:46 [INFO] __main__: Epoch_loss_border: 223.8954620361328
2021-07-05 14:32:46 [INFO] __main__: Epoch_loss_fct: 0
2021-07-05 14:32:46 [INFO] __main__: Duration: 0:00:05.280029
2021-07-05 14:32:46 [INFO] __main__: Training epoch 44
2021-07-05 14:32:51 [INFO] __main__: Epoch_loss: 3.8089511394500732
2021-07-05 14:32:51 [INFO] __main__: Epoch_loss_reconstr: 2.665245532989502
2021-07-05 14:32:51 [INFO] __main__: Epoch_loss_border: 228.74111938476562
2021-07-05 14:32:51 [INFO] __main__: Epoch_loss_fct: 0
2021-07-05 14:32:51 [INFO] __main__: Duration: 0:00:05.557116
2021-07-05 14:32:51 [INFO] __main__: Training epoch 45
2021-07-05 14:32:57 [INFO] __main__: Epoch_loss: 3.7823891639709473
2021-07-05 14:32:57 [INFO] __main__: Epoch_loss_reconstr: 2.6659557819366455
2021-07-05 14:32:57 [INFO] __main__: Epoch_loss_border: 223.2865753173828
2021-07-05 14:32:57 [INFO] __main__: Epoch_loss_fct: 0
2021-07-05 14:32:57 [INFO] __main__: Duration: 0:00:05.318561
2021-07-05 14:32:57 [INFO] __main__: Training epoch 46
2021-07-05 14:33:02 [INFO] __main__: Epoch_loss: 3.722362756729126
2021-07-05 14:33:02 [INFO] __main__: Epoch_loss_reconstr: 2.6516778469085693
2021-07-05 14:33:02 [INFO] __main__: Epoch_loss_border: 214.13705444335938
2021-07-05 14:33:02 [INFO] __main__: Epoch_loss_fct: 0
2021-07-05 14:33:02 [INFO] __main__: Duration: 0:00:05.614791
2021-07-05 14:33:02 [INFO] __main__: Training epoch 47
2021-07-05 14:33:08 [INFO] __main__: Epoch_loss: 3.8952932357788086
2021-07-05 14:33:08 [INFO] __main__: Epoch_loss_reconstr: 2.7819392681121826
2021-07-05 14:33:08 [INFO] __main__: Epoch_loss_border: 222.67095947265625
2021-07-05 14:33:08 [INFO] __main__: Epoch_loss_fct: 0
2021-07-05 14:33:08 [INFO] __main__: Duration: 0:00:05.278767
2021-07-05 14:33:08 [INFO] __main__: Training epoch 48
2021-07-05 14:33:14 [INFO] __main__: Epoch_loss: 3.7837910652160645
2021-07-05 14:33:14 [INFO] __main__: Epoch_loss_reconstr: 2.751596689224243
2021-07-05 14:33:14 [INFO] __main__: Epoch_loss_border: 206.4387969970703
2021-07-05 14:33:14 [INFO] __main__: Epoch_loss_fct: 0
2021-07-05 14:33:14 [INFO] __main__: Duration: 0:00:06.242553
2021-07-05 14:33:14 [INFO] __main__: Training epoch 49
2021-07-05 14:33:20 [INFO] __main__: Epoch_loss: 3.8466968536376953
2021-07-05 14:33:20 [INFO] __main__: Epoch_loss_reconstr: 2.717862367630005
2021-07-05 14:33:20 [INFO] __main__: Epoch_loss_border: 225.7668914794922
2021-07-05 14:33:20 [INFO] __main__: Epoch_loss_fct: 0
2021-07-05 14:33:20 [INFO] __main__: Duration: 0:00:06.156132
